<?xml version="1.0" encoding="UTF-8"?>
<testsuites name="RunAllTestCasesTestSuite" time="2635.57" tests="43" failures="2" errors="0">
   <testsuite name="RunAllTestCasesTestSuite" tests="43" failures="2" errors="0" time="2635.57" skipped="0" timestamp="2021-07-24 08:10:36" hostname="arul - 192.168.0.106" id="Test Suites/AllTestSuites/RunAllTestCasesTestSuite">
      <properties>
         <property name="deviceName" value=""/>
         <property name="devicePlatform" value=""/>
         <property name="logFolder" value="D:\\NICHE STACK\\SERPWATCH TEAM\\QA Automation\\Katalon\\Dev Server Version 2\\TestAutomationSerpwatchDevVer2\\Reports\\20210724_081024\\AllTestSuites\\RunAllTestCasesTestSuite\\20210724_081024"/>
         <property name="logFiles" value="D:\\NICHE STACK\\SERPWATCH TEAM\\QA Automation\\Katalon\\Dev Server Version 2\\TestAutomationSerpwatchDevVer2\\Reports\\20210724_081024\\AllTestSuites\\RunAllTestCasesTestSuite\\20210724_081024\\execution0.log"/>
         <property name="attachments" value=""/>
         <property name="hostName" value="arul - 192.168.0.106"/>
         <property name="os" value="Windows 10 64bit"/>
         <property name="katalonVersion" value="8.0.5.208"/>
         <property name="browser" value="Firefox 90.0"/>
         <property name="hostAddress" value="192.168.0.106"/>
         <property name="sessionId" value="de41e803-af5d-484d-a694-cfea5d5b2340"/>
         <property name="seleniumVersion" value="3.141.59"/>
         <property name="proxyInformation" value="ProxyInformation { proxyOption=NO_PROXY, proxyServerType=HTTP, username=, password=********, proxyServerAddress=, proxyServerPort=0, executionList=&quot;&quot;, isApplyToDesiredCapabilities=true }"/>
         <property name="platform" value="Windows 10"/>
      </properties>
      <testcase name="Test Cases/RegisterAndLogin/Negative/TS-LGN-24-LoginWithUnregisteredEmailTestCase" time="27.434" classname="Test Cases/RegisterAndLogin/Negative/TS-LGN-24-LoginWithUnregisteredEmailTestCase" status="PASSED">
         <system-out><![CDATA[2021-07-24 08:10:36 - [TEST_CASE][PASSED] - Test Cases/RegisterAndLogin/Negative/TS-LGN-24-LoginWithUnregisteredEmailTestCase: Test Cases/RegisterAndLogin/Negative/TS-LGN-24-LoginWithUnregisteredEmailTestCase

2021-07-24 08:10:37 - [TEST_STEP][PASSED] - com.helper.browserhelper.CustomBrowser.openBrowser(): com.helper.browserhelper.CustomBrowser.openBrowser is PASSED

2021-07-24 08:10:38 - [MESSAGE][INFO] - Starting 'Firefox' driver

2021-07-24 08:10:38 - [MESSAGE][INFO] - Action delay is set to 0 milliseconds

2021-07-24 08:10:55 - [MESSAGE][PASSED] - Browser is opened with url: 'https://dev-v2.serpwatch.io/login'

2021-07-24 08:10:55 - [MESSAGE][PASSED] - Wait for page load successfully

2021-07-24 08:10:55 - [MESSAGE][PASSED] - Current window maximized

2021-07-24 08:10:55 - [MESSAGE][PASSED] - com.helper.browserhelper.CustomBrowser.openBrowser is PASSED

2021-07-24 08:10:55 - [TEST_STEP][PASSED] - setText(findTestObject("LoginPage/input_sign in_email"), "aaa@gmail.com"): Text 'aaa@gmail.com' is set on object 'Object Repository/LoginPage/input_sign in_email'

2021-07-24 08:10:56 - [MESSAGE][PASSED] - Text 'aaa@gmail.com' is set on object 'Object Repository/LoginPage/input_sign in_email'

2021-07-24 08:10:56 - [TEST_STEP][PASSED] - setText(findTestObject("LoginPage/input_sign in_password"), "abc"): Text 'abc' is set on object 'Object Repository/LoginPage/input_sign in_password'

2021-07-24 08:10:57 - [MESSAGE][PASSED] - Text 'abc' is set on object 'Object Repository/LoginPage/input_sign in_password'

2021-07-24 08:10:57 - [TEST_STEP][PASSED] - click(findTestObject("LoginPage/button_login")): Object: 'Object Repository/LoginPage/button_login' is clicked on

2021-07-24 08:11:01 - [MESSAGE][PASSED] - Object: 'Object Repository/LoginPage/button_login' is clicked on

2021-07-24 08:11:01 - [TEST_STEP][PASSED] - waitForPageLoad(Timeout): Wait for page load successfully

2021-07-24 08:11:01 - [MESSAGE][PASSED] - Wait for page load successfully

2021-07-24 08:11:01 - [TEST_STEP][PASSED] - com.helper.browserhelper.CustomBrowser.closeBrowser(): com.helper.browserhelper.CustomBrowser.closeBrowser is PASSED

2021-07-24 08:11:04 - [MESSAGE][PASSED] - Browser is closed

2021-07-24 08:11:04 - [MESSAGE][PASSED] - com.helper.browserhelper.CustomBrowser.closeBrowser is PASSED]]></system-out>
         <system-err><![CDATA[]]></system-err>
      </testcase>
      <testcase name="Test Cases/RegisterAndLogin/Negative/TS-LGN-25-LoginWithWrongPasswordTestCase" time="24.126" classname="Test Cases/RegisterAndLogin/Negative/TS-LGN-25-LoginWithWrongPasswordTestCase" status="PASSED">
         <system-out><![CDATA[2021-07-24 08:11:04 - [TEST_CASE][PASSED] - Test Cases/RegisterAndLogin/Negative/TS-LGN-25-LoginWithWrongPasswordTestCase: Test Cases/RegisterAndLogin/Negative/TS-LGN-25-LoginWithWrongPasswordTestCase

2021-07-24 08:11:04 - [TEST_STEP][PASSED] - com.helper.browserhelper.CustomBrowser.openBrowser(): com.helper.browserhelper.CustomBrowser.openBrowser is PASSED

2021-07-24 08:11:04 - [MESSAGE][INFO] - Starting 'Firefox' driver

2021-07-24 08:11:04 - [MESSAGE][INFO] - Action delay is set to 0 milliseconds

2021-07-24 08:11:19 - [MESSAGE][PASSED] - Browser is opened with url: 'https://dev-v2.serpwatch.io/login'

2021-07-24 08:11:19 - [MESSAGE][PASSED] - Wait for page load successfully

2021-07-24 08:11:19 - [MESSAGE][PASSED] - Current window maximized

2021-07-24 08:11:19 - [MESSAGE][PASSED] - com.helper.browserhelper.CustomBrowser.openBrowser is PASSED

2021-07-24 08:11:19 - [TEST_STEP][PASSED] - setText(findTestObject("LoginPage/input_sign in_email"), LoginUsername): Text 'ayatullah.arul@gmail.com' is set on object 'Object Repository/LoginPage/input_sign in_email'

2021-07-24 08:11:20 - [MESSAGE][PASSED] - Text 'ayatullah.arul@gmail.com' is set on object 'Object Repository/LoginPage/input_sign in_email'

2021-07-24 08:11:20 - [TEST_STEP][PASSED] - setText(findTestObject("LoginPage/input_sign in_password"), "abc"): Text 'abc' is set on object 'Object Repository/LoginPage/input_sign in_password'

2021-07-24 08:11:21 - [MESSAGE][PASSED] - Text 'abc' is set on object 'Object Repository/LoginPage/input_sign in_password'

2021-07-24 08:11:21 - [TEST_STEP][PASSED] - click(findTestObject("LoginPage/button_login")): Object: 'Object Repository/LoginPage/button_login' is clicked on

2021-07-24 08:11:26 - [MESSAGE][PASSED] - Object: 'Object Repository/LoginPage/button_login' is clicked on

2021-07-24 08:11:26 - [TEST_STEP][PASSED] - waitForPageLoad(Timeout): Wait for page load successfully

2021-07-24 08:11:26 - [MESSAGE][PASSED] - Wait for page load successfully

2021-07-24 08:11:26 - [TEST_STEP][PASSED] - com.helper.browserhelper.CustomBrowser.closeBrowser(): com.helper.browserhelper.CustomBrowser.closeBrowser is PASSED

2021-07-24 08:11:28 - [MESSAGE][PASSED] - Browser is closed

2021-07-24 08:11:28 - [MESSAGE][PASSED] - com.helper.browserhelper.CustomBrowser.closeBrowser is PASSED]]></system-out>
         <system-err><![CDATA[]]></system-err>
      </testcase>
      <testcase name="Test Cases/RegisterAndLogin/Positive/TS-LGN-4-LoginThroughTheAppTestCase" time="41.561" classname="Test Cases/RegisterAndLogin/Positive/TS-LGN-4-LoginThroughTheAppTestCase" status="PASSED">
         <system-out><![CDATA[2021-07-24 08:11:28 - [TEST_CASE][PASSED] - Test Cases/RegisterAndLogin/Positive/TS-LGN-4-LoginThroughTheAppTestCase: Test Cases/RegisterAndLogin/Positive/TS-LGN-4-LoginThroughTheAppTestCase

2021-07-24 08:11:28 - [TEST_STEP][PASSED] - openBrowser(LoginUrl): Browser is opened with url: 'https://dev-v2.serpwatch.io/login'

2021-07-24 08:11:28 - [MESSAGE][INFO] - Starting 'Firefox' driver

2021-07-24 08:11:28 - [MESSAGE][INFO] - Action delay is set to 0 milliseconds

2021-07-24 08:11:57 - [MESSAGE][PASSED] - Browser is opened with url: 'https://dev-v2.serpwatch.io/login'

2021-07-24 08:11:57 - [TEST_STEP][PASSED] - waitForPageLoad(Timeout): Wait for page load successfully

2021-07-24 08:11:57 - [MESSAGE][PASSED] - Wait for page load successfully

2021-07-24 08:11:57 - [TEST_STEP][PASSED] - maximizeWindow(): Current window maximized

2021-07-24 08:11:57 - [MESSAGE][PASSED] - Current window maximized

2021-07-24 08:11:57 - [TEST_STEP][PASSED] - waitForPageLoad(Timeout): Wait for page load successfully

2021-07-24 08:11:57 - [MESSAGE][PASSED] - Wait for page load successfully

2021-07-24 08:11:57 - [TEST_STEP][PASSED] - sendKeys(findTestObject("LoginPage/input_sign in_email"), LoginUsername): Keys 'ayatullah.arul@gmail.com' sent to object: 'Object Repository/LoginPage/input_sign in_email'

2021-07-24 08:11:57 - [MESSAGE][PASSED] - Keys 'ayatullah.arul@gmail.com' sent to object: 'Object Repository/LoginPage/input_sign in_email'

2021-07-24 08:11:57 - [TEST_STEP][PASSED] - sendKeys(findTestObject("LoginPage/input_sign in_password"), LoginPassword): Keys 'aaa101' sent to object: 'Object Repository/LoginPage/input_sign in_password'

2021-07-24 08:11:58 - [MESSAGE][PASSED] - Keys 'aaa101' sent to object: 'Object Repository/LoginPage/input_sign in_password'

2021-07-24 08:11:58 - [TEST_STEP][PASSED] - click(findTestObject("LoginPage/button_login")): Object: 'Object Repository/LoginPage/button_login' is clicked on

2021-07-24 08:12:06 - [MESSAGE][PASSED] - Object: 'Object Repository/LoginPage/button_login' is clicked on

2021-07-24 08:12:06 - [TEST_STEP][PASSED] - waitForPageLoad(Timeout): Wait for page load successfully

2021-07-24 08:12:06 - [MESSAGE][PASSED] - Wait for page load successfully

2021-07-24 08:12:06 - [TEST_STEP][PASSED] - closeBrowser(): Browser is closed

2021-07-24 08:12:10 - [MESSAGE][PASSED] - Browser is closed]]></system-out>
         <system-err><![CDATA[]]></system-err>
      </testcase>
      <testcase name="Test Cases/RegisterAndLogin/Negative/TS-LGN-20-RegisterWithEmailFieldEmptyTestCase" time="35.869" classname="Test Cases/RegisterAndLogin/Negative/TS-LGN-20-RegisterWithEmailFieldEmptyTestCase" status="PASSED">
         <system-out><![CDATA[2021-07-24 08:12:10 - [TEST_CASE][PASSED] - Test Cases/RegisterAndLogin/Negative/TS-LGN-20-RegisterWithEmailFieldEmptyTestCase: Test Cases/RegisterAndLogin/Negative/TS-LGN-20-RegisterWithEmailFieldEmptyTestCase

2021-07-24 08:12:10 - [TEST_STEP][PASSED] - com.helper.browserhelper.CustomBrowser.openRegisterPage(): com.helper.browserhelper.CustomBrowser.openRegisterPage is PASSED

2021-07-24 08:12:10 - [MESSAGE][INFO] - Starting 'Firefox' driver

2021-07-24 08:12:10 - [MESSAGE][INFO] - Action delay is set to 0 milliseconds

2021-07-24 08:12:25 - [MESSAGE][PASSED] - Browser is opened with url: 'https://dev-v2.serpwatch.io/login'

2021-07-24 08:12:25 - [MESSAGE][PASSED] - Current window maximized

2021-07-24 08:12:31 - [MESSAGE][PASSED] - Object: 'Object Repository/LoginPage/button_get_started' is clicked on

2021-07-24 08:12:31 - [MESSAGE][PASSED] - com.helper.browserhelper.CustomBrowser.openRegisterPage is PASSED

2021-07-24 08:12:31 - [TEST_STEP][PASSED] - waitForPageLoad(Timeout): Wait for page load successfully

2021-07-24 08:12:31 - [MESSAGE][PASSED] - Wait for page load successfully

2021-07-24 08:12:31 - [TEST_STEP][PASSED] - setText(findTestObject("RegisterPage/input_signup_name"), "aaa"): Text 'aaa' is set on object 'Object Repository/RegisterPage/input_signup_name'

2021-07-24 08:12:33 - [MESSAGE][PASSED] - Text 'aaa' is set on object 'Object Repository/RegisterPage/input_signup_name'

2021-07-24 08:12:33 - [TEST_STEP][PASSED] - setText(findTestObject("RegisterPage/input_signup_email"), ""): Text '' is set on object 'Object Repository/RegisterPage/input_signup_email'

2021-07-24 08:12:36 - [MESSAGE][PASSED] - Text '' is set on object 'Object Repository/RegisterPage/input_signup_email'

2021-07-24 08:12:36 - [TEST_STEP][PASSED] - setText(findTestObject("RegisterPage/input_signup_password"), "aaaaaa"): Text 'aaaaaa' is set on object 'Object Repository/RegisterPage/input_signup_password'

2021-07-24 08:12:36 - [MESSAGE][PASSED] - Text 'aaaaaa' is set on object 'Object Repository/RegisterPage/input_signup_password'

2021-07-24 08:12:36 - [TEST_STEP][PASSED] - setText(findTestObject("RegisterPage/input_signup_password_confirmation"), "aaaaaa"): Text 'aaaaaa' is set on object 'Object Repository/RegisterPage/input_signup_password_confirmation'

2021-07-24 08:12:37 - [MESSAGE][PASSED] - Text 'aaaaaa' is set on object 'Object Repository/RegisterPage/input_signup_password_confirmation'

2021-07-24 08:12:37 - [TEST_STEP][PASSED] - check(findTestObject("RegisterPage/checkbox_agreement")): Object 'Object Repository/RegisterPage/checkbox_agreement' is checked

2021-07-24 08:12:38 - [MESSAGE][PASSED] - Object 'Object Repository/RegisterPage/checkbox_agreement' is checked

2021-07-24 08:12:38 - [TEST_STEP][PASSED] - click(findTestObject("RegisterPage/button_register")): Object: 'Object Repository/RegisterPage/button_register' is clicked on

2021-07-24 08:12:40 - [MESSAGE][PASSED] - Object: 'Object Repository/RegisterPage/button_register' is clicked on

2021-07-24 08:12:40 - [TEST_STEP][PASSED] - waitForPageLoad(Timeout): Wait for page load successfully

2021-07-24 08:12:40 - [MESSAGE][PASSED] - Wait for page load successfully

2021-07-24 08:12:40 - [TEST_STEP][PASSED] - delay(3): Delayed 3 second(s)

2021-07-24 08:12:43 - [MESSAGE][PASSED] - Delayed 3 second(s)

2021-07-24 08:12:43 - [TEST_STEP][PASSED] - com.helper.browserhelper.CustomBrowser.closeBrowser(): com.helper.browserhelper.CustomBrowser.closeBrowser is PASSED

2021-07-24 08:12:45 - [MESSAGE][PASSED] - Browser is closed

2021-07-24 08:12:45 - [MESSAGE][PASSED] - com.helper.browserhelper.CustomBrowser.closeBrowser is PASSED]]></system-out>
         <system-err><![CDATA[]]></system-err>
      </testcase>
      <testcase name="Test Cases/RegisterAndLogin/Negative/TS-LGN-15-RegisterWithInvalidNameFormatTestCase" time="39.304" classname="Test Cases/RegisterAndLogin/Negative/TS-LGN-15-RegisterWithInvalidNameFormatTestCase" status="PASSED">
         <system-out><![CDATA[2021-07-24 08:12:45 - [TEST_CASE][PASSED] - Test Cases/RegisterAndLogin/Negative/TS-LGN-15-RegisterWithInvalidNameFormatTestCase: Test Cases/RegisterAndLogin/Negative/TS-LGN-15-RegisterWithInvalidNameFormatTestCase

2021-07-24 08:12:46 - [TEST_STEP][PASSED] - com.helper.browserhelper.CustomBrowser.openRegisterPage(): com.helper.browserhelper.CustomBrowser.openRegisterPage is PASSED

2021-07-24 08:12:46 - [MESSAGE][INFO] - Starting 'Firefox' driver

2021-07-24 08:12:46 - [MESSAGE][INFO] - Action delay is set to 0 milliseconds

2021-07-24 08:13:02 - [MESSAGE][PASSED] - Browser is opened with url: 'https://dev-v2.serpwatch.io/login'

2021-07-24 08:13:02 - [MESSAGE][PASSED] - Current window maximized

2021-07-24 08:13:09 - [MESSAGE][PASSED] - Object: 'Object Repository/LoginPage/button_get_started' is clicked on

2021-07-24 08:13:09 - [MESSAGE][PASSED] - com.helper.browserhelper.CustomBrowser.openRegisterPage is PASSED

2021-07-24 08:13:09 - [TEST_STEP][PASSED] - waitForPageLoad(Timeout): Wait for page load successfully

2021-07-24 08:13:09 - [MESSAGE][PASSED] - Wait for page load successfully

2021-07-24 08:13:09 - [TEST_STEP][PASSED] - setText(findTestObject("RegisterPage/input_signup_name"), "@#$@#$"): Text '@#$@#$' is set on object 'Object Repository/RegisterPage/input_signup_name'

2021-07-24 08:13:10 - [MESSAGE][PASSED] - Text '@#$@#$' is set on object 'Object Repository/RegisterPage/input_signup_name'

2021-07-24 08:13:10 - [TEST_STEP][PASSED] - setText(findTestObject("RegisterPage/input_signup_email"), "aaa@gmail.com"): Text 'aaa@gmail.com' is set on object 'Object Repository/RegisterPage/input_signup_email'

2021-07-24 08:13:11 - [MESSAGE][PASSED] - Text 'aaa@gmail.com' is set on object 'Object Repository/RegisterPage/input_signup_email'

2021-07-24 08:13:11 - [TEST_STEP][PASSED] - setText(findTestObject("RegisterPage/input_signup_password"), "aaaaaa"): Text 'aaaaaa' is set on object 'Object Repository/RegisterPage/input_signup_password'

2021-07-24 08:13:12 - [MESSAGE][PASSED] - Text 'aaaaaa' is set on object 'Object Repository/RegisterPage/input_signup_password'

2021-07-24 08:13:12 - [TEST_STEP][PASSED] - setText(findTestObject("RegisterPage/input_signup_password_confirmation"), "aaaaaa"): Text 'aaaaaa' is set on object 'Object Repository/RegisterPage/input_signup_password_confirmation'

2021-07-24 08:13:13 - [MESSAGE][PASSED] - Text 'aaaaaa' is set on object 'Object Repository/RegisterPage/input_signup_password_confirmation'

2021-07-24 08:13:13 - [TEST_STEP][PASSED] - check(findTestObject("RegisterPage/checkbox_agreement")): Object 'Object Repository/RegisterPage/checkbox_agreement' is checked

2021-07-24 08:13:14 - [MESSAGE][PASSED] - Object 'Object Repository/RegisterPage/checkbox_agreement' is checked

2021-07-24 08:13:14 - [TEST_STEP][PASSED] - click(findTestObject("RegisterPage/button_register")): Object: 'Object Repository/RegisterPage/button_register' is clicked on

2021-07-24 08:13:19 - [MESSAGE][PASSED] - Object: 'Object Repository/RegisterPage/button_register' is clicked on

2021-07-24 08:13:19 - [TEST_STEP][PASSED] - waitForPageLoad(Timeout): Wait for page load successfully

2021-07-24 08:13:19 - [MESSAGE][PASSED] - Wait for page load successfully

2021-07-24 08:13:19 - [TEST_STEP][PASSED] - delay(3): Delayed 3 second(s)

2021-07-24 08:13:22 - [MESSAGE][PASSED] - Delayed 3 second(s)

2021-07-24 08:13:22 - [TEST_STEP][PASSED] - com.helper.browserhelper.CustomBrowser.closeBrowser(): com.helper.browserhelper.CustomBrowser.closeBrowser is PASSED

2021-07-24 08:13:25 - [MESSAGE][PASSED] - Browser is closed

2021-07-24 08:13:25 - [MESSAGE][PASSED] - com.helper.browserhelper.CustomBrowser.closeBrowser is PASSED]]></system-out>
         <system-err><![CDATA[]]></system-err>
      </testcase>
      <testcase name="Test Cases/RegisterAndLogin/Negative/TS-LGN-19-RegisterWithNameFieldEmptyTestCase" time="43.333" classname="Test Cases/RegisterAndLogin/Negative/TS-LGN-19-RegisterWithNameFieldEmptyTestCase" status="PASSED">
         <system-out><![CDATA[2021-07-24 08:13:25 - [TEST_CASE][PASSED] - Test Cases/RegisterAndLogin/Negative/TS-LGN-19-RegisterWithNameFieldEmptyTestCase: Test Cases/RegisterAndLogin/Negative/TS-LGN-19-RegisterWithNameFieldEmptyTestCase

2021-07-24 08:13:25 - [TEST_STEP][PASSED] - com.helper.browserhelper.CustomBrowser.openRegisterPage(): com.helper.browserhelper.CustomBrowser.openRegisterPage is PASSED

2021-07-24 08:13:25 - [MESSAGE][INFO] - Starting 'Firefox' driver

2021-07-24 08:13:25 - [MESSAGE][INFO] - Action delay is set to 0 milliseconds

2021-07-24 08:13:40 - [MESSAGE][PASSED] - Browser is opened with url: 'https://dev-v2.serpwatch.io/login'

2021-07-24 08:13:40 - [MESSAGE][PASSED] - Current window maximized

2021-07-24 08:13:45 - [MESSAGE][PASSED] - Object: 'Object Repository/LoginPage/button_get_started' is clicked on

2021-07-24 08:13:45 - [MESSAGE][PASSED] - com.helper.browserhelper.CustomBrowser.openRegisterPage is PASSED

2021-07-24 08:13:45 - [TEST_STEP][PASSED] - waitForPageLoad(Timeout): Wait for page load successfully

2021-07-24 08:13:46 - [MESSAGE][PASSED] - Wait for page load successfully

2021-07-24 08:13:46 - [TEST_STEP][PASSED] - setText(findTestObject("RegisterPage/input_signup_name"), ""): Text '' is set on object 'Object Repository/RegisterPage/input_signup_name'

2021-07-24 08:13:51 - [MESSAGE][PASSED] - Text '' is set on object 'Object Repository/RegisterPage/input_signup_name'

2021-07-24 08:13:51 - [TEST_STEP][PASSED] - setText(findTestObject("RegisterPage/input_signup_email"), "aaa@gmail.com"): Text 'aaa@gmail.com' is set on object 'Object Repository/RegisterPage/input_signup_email'

2021-07-24 08:13:57 - [MESSAGE][PASSED] - Text 'aaa@gmail.com' is set on object 'Object Repository/RegisterPage/input_signup_email'

2021-07-24 08:13:57 - [TEST_STEP][PASSED] - setText(findTestObject("RegisterPage/input_signup_password"), "aaaaaa"): Text 'aaaaaa' is set on object 'Object Repository/RegisterPage/input_signup_password'

2021-07-24 08:13:59 - [MESSAGE][PASSED] - Text 'aaaaaa' is set on object 'Object Repository/RegisterPage/input_signup_password'

2021-07-24 08:13:59 - [TEST_STEP][PASSED] - setText(findTestObject("RegisterPage/input_signup_password_confirmation"), "aaaaaa"): Text 'aaaaaa' is set on object 'Object Repository/RegisterPage/input_signup_password_confirmation'

2021-07-24 08:14:00 - [MESSAGE][PASSED] - Text 'aaaaaa' is set on object 'Object Repository/RegisterPage/input_signup_password_confirmation'

2021-07-24 08:14:00 - [TEST_STEP][PASSED] - check(findTestObject("RegisterPage/checkbox_agreement")): Object 'Object Repository/RegisterPage/checkbox_agreement' is checked

2021-07-24 08:14:01 - [MESSAGE][PASSED] - Object 'Object Repository/RegisterPage/checkbox_agreement' is checked

2021-07-24 08:14:01 - [TEST_STEP][PASSED] - click(findTestObject("RegisterPage/button_register")): Object: 'Object Repository/RegisterPage/button_register' is clicked on

2021-07-24 08:14:02 - [MESSAGE][PASSED] - Object: 'Object Repository/RegisterPage/button_register' is clicked on

2021-07-24 08:14:02 - [TEST_STEP][PASSED] - waitForPageLoad(Timeout): Wait for page load successfully

2021-07-24 08:14:02 - [MESSAGE][PASSED] - Wait for page load successfully

2021-07-24 08:14:02 - [TEST_STEP][PASSED] - delay(3): Delayed 3 second(s)

2021-07-24 08:14:05 - [MESSAGE][PASSED] - Delayed 3 second(s)

2021-07-24 08:14:05 - [TEST_STEP][PASSED] - com.helper.browserhelper.CustomBrowser.closeBrowser(): com.helper.browserhelper.CustomBrowser.closeBrowser is PASSED

2021-07-24 08:14:08 - [MESSAGE][PASSED] - Browser is closed

2021-07-24 08:14:08 - [MESSAGE][PASSED] - com.helper.browserhelper.CustomBrowser.closeBrowser is PASSED]]></system-out>
         <system-err><![CDATA[]]></system-err>
      </testcase>
      <testcase name="Test Cases/RegisterAndLogin/Negative/TS-LGN-14-RegisterWithNameUnder3CharactersTestCase" time="40.971" classname="Test Cases/RegisterAndLogin/Negative/TS-LGN-14-RegisterWithNameUnder3CharactersTestCase" status="PASSED">
         <system-out><![CDATA[2021-07-24 08:14:08 - [TEST_CASE][PASSED] - Test Cases/RegisterAndLogin/Negative/TS-LGN-14-RegisterWithNameUnder3CharactersTestCase: Test Cases/RegisterAndLogin/Negative/TS-LGN-14-RegisterWithNameUnder3CharactersTestCase

2021-07-24 08:14:09 - [TEST_STEP][PASSED] - com.helper.browserhelper.CustomBrowser.openRegisterPage(): com.helper.browserhelper.CustomBrowser.openRegisterPage is PASSED

2021-07-24 08:14:09 - [MESSAGE][INFO] - Starting 'Firefox' driver

2021-07-24 08:14:09 - [MESSAGE][INFO] - Action delay is set to 0 milliseconds

2021-07-24 08:14:26 - [MESSAGE][PASSED] - Browser is opened with url: 'https://dev-v2.serpwatch.io/login'

2021-07-24 08:14:26 - [MESSAGE][PASSED] - Current window maximized

2021-07-24 08:14:31 - [MESSAGE][PASSED] - Object: 'Object Repository/LoginPage/button_get_started' is clicked on

2021-07-24 08:14:31 - [MESSAGE][PASSED] - com.helper.browserhelper.CustomBrowser.openRegisterPage is PASSED

2021-07-24 08:14:31 - [TEST_STEP][PASSED] - waitForPageLoad(Timeout): Wait for page load successfully

2021-07-24 08:14:32 - [MESSAGE][PASSED] - Wait for page load successfully

2021-07-24 08:14:32 - [TEST_STEP][PASSED] - setText(findTestObject("RegisterPage/input_signup_name"), "aa"): Text 'aa' is set on object 'Object Repository/RegisterPage/input_signup_name'

2021-07-24 08:14:33 - [MESSAGE][PASSED] - Text 'aa' is set on object 'Object Repository/RegisterPage/input_signup_name'

2021-07-24 08:14:33 - [TEST_STEP][PASSED] - setText(findTestObject("RegisterPage/input_signup_email"), "aaa@gmail.com"): Text 'aaa@gmail.com' is set on object 'Object Repository/RegisterPage/input_signup_email'

2021-07-24 08:14:34 - [MESSAGE][PASSED] - Text 'aaa@gmail.com' is set on object 'Object Repository/RegisterPage/input_signup_email'

2021-07-24 08:14:34 - [TEST_STEP][PASSED] - setText(findTestObject("RegisterPage/input_signup_password"), "aaaaaa"): Text 'aaaaaa' is set on object 'Object Repository/RegisterPage/input_signup_password'

2021-07-24 08:14:35 - [MESSAGE][PASSED] - Text 'aaaaaa' is set on object 'Object Repository/RegisterPage/input_signup_password'

2021-07-24 08:14:35 - [TEST_STEP][PASSED] - setText(findTestObject("RegisterPage/input_signup_password_confirmation"), "aaaaaa"): Text 'aaaaaa' is set on object 'Object Repository/RegisterPage/input_signup_password_confirmation'

2021-07-24 08:14:36 - [MESSAGE][PASSED] - Text 'aaaaaa' is set on object 'Object Repository/RegisterPage/input_signup_password_confirmation'

2021-07-24 08:14:36 - [TEST_STEP][PASSED] - check(findTestObject("RegisterPage/checkbox_agreement")): Object 'Object Repository/RegisterPage/checkbox_agreement' is checked

2021-07-24 08:14:37 - [MESSAGE][PASSED] - Object 'Object Repository/RegisterPage/checkbox_agreement' is checked

2021-07-24 08:14:37 - [TEST_STEP][PASSED] - click(findTestObject("RegisterPage/button_register")): Object: 'Object Repository/RegisterPage/button_register' is clicked on

2021-07-24 08:14:43 - [MESSAGE][PASSED] - Object: 'Object Repository/RegisterPage/button_register' is clicked on

2021-07-24 08:14:43 - [TEST_STEP][PASSED] - waitForPageLoad(Timeout): Wait for page load successfully

2021-07-24 08:14:43 - [MESSAGE][PASSED] - Wait for page load successfully

2021-07-24 08:14:43 - [TEST_STEP][PASSED] - delay(3): Delayed 3 second(s)

2021-07-24 08:14:46 - [MESSAGE][PASSED] - Delayed 3 second(s)

2021-07-24 08:14:46 - [TEST_STEP][PASSED] - com.helper.browserhelper.CustomBrowser.closeBrowser(): com.helper.browserhelper.CustomBrowser.closeBrowser is PASSED

2021-07-24 08:14:49 - [MESSAGE][PASSED] - Browser is closed

2021-07-24 08:14:49 - [MESSAGE][PASSED] - com.helper.browserhelper.CustomBrowser.closeBrowser is PASSED]]></system-out>
         <system-err><![CDATA[]]></system-err>
      </testcase>
      <testcase name="Test Cases/RegisterAndLogin/Negative/TS-LGN-17-RegisterWithNotMatchingPasswordConfirmTestCase" time="44.339" classname="Test Cases/RegisterAndLogin/Negative/TS-LGN-17-RegisterWithNotMatchingPasswordConfirmTestCase" status="PASSED">
         <system-out><![CDATA[2021-07-24 08:14:49 - [TEST_CASE][PASSED] - Test Cases/RegisterAndLogin/Negative/TS-LGN-17-RegisterWithNotMatchingPasswordConfirmTestCase: Test Cases/RegisterAndLogin/Negative/TS-LGN-17-RegisterWithNotMatchingPasswordConfirmTestCase

2021-07-24 08:14:50 - [TEST_STEP][PASSED] - com.helper.browserhelper.CustomBrowser.openRegisterPage(): com.helper.browserhelper.CustomBrowser.openRegisterPage is PASSED

2021-07-24 08:14:50 - [MESSAGE][INFO] - Starting 'Firefox' driver

2021-07-24 08:14:50 - [MESSAGE][INFO] - Action delay is set to 0 milliseconds

2021-07-24 08:15:03 - [MESSAGE][PASSED] - Browser is opened with url: 'https://dev-v2.serpwatch.io/login'

2021-07-24 08:15:03 - [MESSAGE][PASSED] - Current window maximized

2021-07-24 08:15:08 - [MESSAGE][PASSED] - Object: 'Object Repository/LoginPage/button_get_started' is clicked on

2021-07-24 08:15:08 - [MESSAGE][PASSED] - com.helper.browserhelper.CustomBrowser.openRegisterPage is PASSED

2021-07-24 08:15:08 - [TEST_STEP][PASSED] - waitForPageLoad(Timeout): Wait for page load successfully

2021-07-24 08:15:09 - [MESSAGE][PASSED] - Wait for page load successfully

2021-07-24 08:15:09 - [TEST_STEP][PASSED] - setText(findTestObject("RegisterPage/input_signup_name"), "aabbbccc"): Text 'aabbbccc' is set on object 'Object Repository/RegisterPage/input_signup_name'

2021-07-24 08:15:10 - [MESSAGE][PASSED] - Text 'aabbbccc' is set on object 'Object Repository/RegisterPage/input_signup_name'

2021-07-24 08:15:10 - [TEST_STEP][PASSED] - setText(findTestObject("RegisterPage/input_signup_email"), "aaa@gmail.com"): Text 'aaa@gmail.com' is set on object 'Object Repository/RegisterPage/input_signup_email'

2021-07-24 08:15:11 - [MESSAGE][PASSED] - Text 'aaa@gmail.com' is set on object 'Object Repository/RegisterPage/input_signup_email'

2021-07-24 08:15:11 - [TEST_STEP][PASSED] - setText(findTestObject("RegisterPage/input_signup_password"), "aaaaaa"): Text 'aaaaaa' is set on object 'Object Repository/RegisterPage/input_signup_password'

2021-07-24 08:15:12 - [MESSAGE][PASSED] - Text 'aaaaaa' is set on object 'Object Repository/RegisterPage/input_signup_password'

2021-07-24 08:15:12 - [TEST_STEP][PASSED] - setText(findTestObject("RegisterPage/input_signup_password_confirmation"), "aaabbb"): Text 'aaabbb' is set on object 'Object Repository/RegisterPage/input_signup_password_confirmation'

2021-07-24 08:15:13 - [MESSAGE][PASSED] - Text 'aaabbb' is set on object 'Object Repository/RegisterPage/input_signup_password_confirmation'

2021-07-24 08:15:13 - [TEST_STEP][PASSED] - check(findTestObject("RegisterPage/checkbox_agreement")): Object 'Object Repository/RegisterPage/checkbox_agreement' is checked

2021-07-24 08:15:14 - [MESSAGE][PASSED] - Object 'Object Repository/RegisterPage/checkbox_agreement' is checked

2021-07-24 08:15:14 - [TEST_STEP][PASSED] - click(findTestObject("RegisterPage/button_register")): Object: 'Object Repository/RegisterPage/button_register' is clicked on

2021-07-24 08:15:20 - [MESSAGE][PASSED] - Object: 'Object Repository/RegisterPage/button_register' is clicked on

2021-07-24 08:15:20 - [TEST_STEP][PASSED] - waitForPageLoad(Timeout): Wait for page load successfully

2021-07-24 08:15:20 - [MESSAGE][PASSED] - Wait for page load successfully

2021-07-24 08:15:20 - [TEST_STEP][PASSED] - delay(3): Delayed 3 second(s)

2021-07-24 08:15:23 - [MESSAGE][PASSED] - Delayed 3 second(s)

2021-07-24 08:15:23 - [TEST_STEP][PASSED] - com.helper.browserhelper.CustomBrowser.closeBrowser(): com.helper.browserhelper.CustomBrowser.closeBrowser is PASSED

2021-07-24 08:15:33 - [MESSAGE][PASSED] - Browser is closed

2021-07-24 08:15:33 - [MESSAGE][PASSED] - com.helper.browserhelper.CustomBrowser.closeBrowser is PASSED]]></system-out>
         <system-err><![CDATA[]]></system-err>
      </testcase>
      <testcase name="Test Cases/RegisterAndLogin/Negative/TS-LGN-16-RegisterWithoutAcceptingToSTestCase" time="79.49" classname="Test Cases/RegisterAndLogin/Negative/TS-LGN-16-RegisterWithoutAcceptingToSTestCase" status="PASSED">
         <system-out><![CDATA[2021-07-24 08:15:33 - [TEST_CASE][PASSED] - Test Cases/RegisterAndLogin/Negative/TS-LGN-16-RegisterWithoutAcceptingToSTestCase: Test Cases/RegisterAndLogin/Negative/TS-LGN-16-RegisterWithoutAcceptingToSTestCase

2021-07-24 08:15:34 - [TEST_STEP][PASSED] - com.helper.browserhelper.CustomBrowser.openRegisterPage(): com.helper.browserhelper.CustomBrowser.openRegisterPage is PASSED

2021-07-24 08:15:34 - [MESSAGE][INFO] - Starting 'Firefox' driver

2021-07-24 08:15:34 - [MESSAGE][INFO] - Action delay is set to 0 milliseconds

2021-07-24 08:16:36 - [MESSAGE][PASSED] - Browser is opened with url: 'https://dev-v2.serpwatch.io/login'

2021-07-24 08:16:36 - [MESSAGE][PASSED] - Current window maximized

2021-07-24 08:16:41 - [MESSAGE][PASSED] - Object: 'Object Repository/LoginPage/button_get_started' is clicked on

2021-07-24 08:16:41 - [MESSAGE][PASSED] - com.helper.browserhelper.CustomBrowser.openRegisterPage is PASSED

2021-07-24 08:16:41 - [TEST_STEP][PASSED] - waitForPageLoad(Timeout): Wait for page load successfully

2021-07-24 08:16:41 - [MESSAGE][PASSED] - Wait for page load successfully

2021-07-24 08:16:41 - [TEST_STEP][PASSED] - setText(findTestObject("RegisterPage/input_signup_name"), "aabbbccc"): Text 'aabbbccc' is set on object 'Object Repository/RegisterPage/input_signup_name'

2021-07-24 08:16:42 - [MESSAGE][PASSED] - Text 'aabbbccc' is set on object 'Object Repository/RegisterPage/input_signup_name'

2021-07-24 08:16:42 - [TEST_STEP][PASSED] - setText(findTestObject("RegisterPage/input_signup_email"), "aaa@gmail.com"): Text 'aaa@gmail.com' is set on object 'Object Repository/RegisterPage/input_signup_email'

2021-07-24 08:16:43 - [MESSAGE][PASSED] - Text 'aaa@gmail.com' is set on object 'Object Repository/RegisterPage/input_signup_email'

2021-07-24 08:16:43 - [TEST_STEP][PASSED] - setText(findTestObject("RegisterPage/input_signup_password"), "aaaaaa"): Text 'aaaaaa' is set on object 'Object Repository/RegisterPage/input_signup_password'

2021-07-24 08:16:44 - [MESSAGE][PASSED] - Text 'aaaaaa' is set on object 'Object Repository/RegisterPage/input_signup_password'

2021-07-24 08:16:44 - [TEST_STEP][PASSED] - setText(findTestObject("RegisterPage/input_signup_password_confirmation"), "aaaaaa"): Text 'aaaaaa' is set on object 'Object Repository/RegisterPage/input_signup_password_confirmation'

2021-07-24 08:16:45 - [MESSAGE][PASSED] - Text 'aaaaaa' is set on object 'Object Repository/RegisterPage/input_signup_password_confirmation'

2021-07-24 08:16:45 - [TEST_STEP][PASSED] - click(findTestObject("RegisterPage/button_register")): Object: 'Object Repository/RegisterPage/button_register' is clicked on

2021-07-24 08:16:46 - [MESSAGE][PASSED] - Object: 'Object Repository/RegisterPage/button_register' is clicked on

2021-07-24 08:16:46 - [TEST_STEP][PASSED] - waitForPageLoad(Timeout): Wait for page load successfully

2021-07-24 08:16:46 - [MESSAGE][PASSED] - Wait for page load successfully

2021-07-24 08:16:46 - [TEST_STEP][PASSED] - delay(3): Delayed 3 second(s)

2021-07-24 08:16:49 - [MESSAGE][PASSED] - Delayed 3 second(s)

2021-07-24 08:16:49 - [TEST_STEP][PASSED] - com.helper.browserhelper.CustomBrowser.closeBrowser(): com.helper.browserhelper.CustomBrowser.closeBrowser is PASSED

2021-07-24 08:16:53 - [MESSAGE][PASSED] - Browser is closed

2021-07-24 08:16:53 - [MESSAGE][PASSED] - com.helper.browserhelper.CustomBrowser.closeBrowser is PASSED]]></system-out>
         <system-err><![CDATA[]]></system-err>
      </testcase>
      <testcase name="Test Cases/RegisterAndLogin/Negative/TS-LGN-18-RegisterWithoutFillingPasswordConfFieldTestCase" time="44.367" classname="Test Cases/RegisterAndLogin/Negative/TS-LGN-18-RegisterWithoutFillingPasswordConfFieldTestCase" status="PASSED">
         <system-out><![CDATA[2021-07-24 08:16:53 - [TEST_CASE][PASSED] - Test Cases/RegisterAndLogin/Negative/TS-LGN-18-RegisterWithoutFillingPasswordConfFieldTestCase: Test Cases/RegisterAndLogin/Negative/TS-LGN-18-RegisterWithoutFillingPasswordConfFieldTestCase

2021-07-24 08:16:53 - [TEST_STEP][PASSED] - com.helper.browserhelper.CustomBrowser.openRegisterPage(): com.helper.browserhelper.CustomBrowser.openRegisterPage is PASSED

2021-07-24 08:16:53 - [MESSAGE][INFO] - Starting 'Firefox' driver

2021-07-24 08:16:53 - [MESSAGE][INFO] - Action delay is set to 0 milliseconds

2021-07-24 08:17:17 - [MESSAGE][PASSED] - Browser is opened with url: 'https://dev-v2.serpwatch.io/login'

2021-07-24 08:17:17 - [MESSAGE][PASSED] - Current window maximized

2021-07-24 08:17:26 - [MESSAGE][PASSED] - Object: 'Object Repository/LoginPage/button_get_started' is clicked on

2021-07-24 08:17:26 - [MESSAGE][PASSED] - com.helper.browserhelper.CustomBrowser.openRegisterPage is PASSED

2021-07-24 08:17:26 - [TEST_STEP][PASSED] - waitForPageLoad(Timeout): Wait for page load successfully

2021-07-24 08:17:26 - [MESSAGE][PASSED] - Wait for page load successfully

2021-07-24 08:17:26 - [TEST_STEP][PASSED] - setText(findTestObject("RegisterPage/input_signup_name"), "aabbbccc"): Text 'aabbbccc' is set on object 'Object Repository/RegisterPage/input_signup_name'

2021-07-24 08:17:28 - [MESSAGE][PASSED] - Text 'aabbbccc' is set on object 'Object Repository/RegisterPage/input_signup_name'

2021-07-24 08:17:28 - [TEST_STEP][PASSED] - setText(findTestObject("RegisterPage/input_signup_email"), "aaa@gmail.com"): Text 'aaa@gmail.com' is set on object 'Object Repository/RegisterPage/input_signup_email'

2021-07-24 08:17:29 - [MESSAGE][PASSED] - Text 'aaa@gmail.com' is set on object 'Object Repository/RegisterPage/input_signup_email'

2021-07-24 08:17:29 - [TEST_STEP][PASSED] - setText(findTestObject("RegisterPage/input_signup_password"), "aaaaaa"): Text 'aaaaaa' is set on object 'Object Repository/RegisterPage/input_signup_password'

2021-07-24 08:17:30 - [MESSAGE][PASSED] - Text 'aaaaaa' is set on object 'Object Repository/RegisterPage/input_signup_password'

2021-07-24 08:17:30 - [TEST_STEP][PASSED] - check(findTestObject("RegisterPage/checkbox_agreement")): Object 'Object Repository/RegisterPage/checkbox_agreement' is checked

2021-07-24 08:17:30 - [MESSAGE][PASSED] - Object 'Object Repository/RegisterPage/checkbox_agreement' is checked

2021-07-24 08:17:30 - [TEST_STEP][PASSED] - click(findTestObject("RegisterPage/button_register")): Object: 'Object Repository/RegisterPage/button_register' is clicked on

2021-07-24 08:17:31 - [MESSAGE][PASSED] - Object: 'Object Repository/RegisterPage/button_register' is clicked on

2021-07-24 08:17:31 - [TEST_STEP][PASSED] - waitForPageLoad(Timeout): Wait for page load successfully

2021-07-24 08:17:31 - [MESSAGE][PASSED] - Wait for page load successfully

2021-07-24 08:17:31 - [TEST_STEP][PASSED] - delay(3): Delayed 3 second(s)

2021-07-24 08:17:34 - [MESSAGE][PASSED] - Delayed 3 second(s)

2021-07-24 08:17:34 - [TEST_STEP][PASSED] - com.helper.browserhelper.CustomBrowser.closeBrowser(): com.helper.browserhelper.CustomBrowser.closeBrowser is PASSED

2021-07-24 08:17:37 - [MESSAGE][PASSED] - Browser is closed

2021-07-24 08:17:37 - [MESSAGE][PASSED] - com.helper.browserhelper.CustomBrowser.closeBrowser is PASSED]]></system-out>
         <system-err><![CDATA[]]></system-err>
      </testcase>
      <testcase name="Test Cases/RegisterAndLogin/Negative/TS-LGN-21-RegisterWithPasswordFieldEmptyTestCase" time="63.145" classname="Test Cases/RegisterAndLogin/Negative/TS-LGN-21-RegisterWithPasswordFieldEmptyTestCase" status="PASSED">
         <system-out><![CDATA[2021-07-24 08:17:37 - [TEST_CASE][PASSED] - Test Cases/RegisterAndLogin/Negative/TS-LGN-21-RegisterWithPasswordFieldEmptyTestCase: Test Cases/RegisterAndLogin/Negative/TS-LGN-21-RegisterWithPasswordFieldEmptyTestCase

2021-07-24 08:17:38 - [TEST_STEP][PASSED] - com.helper.browserhelper.CustomBrowser.openRegisterPage(): com.helper.browserhelper.CustomBrowser.openRegisterPage is PASSED

2021-07-24 08:17:38 - [MESSAGE][INFO] - Starting 'Firefox' driver

2021-07-24 08:17:38 - [MESSAGE][INFO] - Action delay is set to 0 milliseconds

2021-07-24 08:18:09 - [MESSAGE][PASSED] - Browser is opened with url: 'https://dev-v2.serpwatch.io/login'

2021-07-24 08:18:09 - [MESSAGE][PASSED] - Current window maximized

2021-07-24 08:18:14 - [MESSAGE][PASSED] - Object: 'Object Repository/LoginPage/button_get_started' is clicked on

2021-07-24 08:18:14 - [MESSAGE][PASSED] - com.helper.browserhelper.CustomBrowser.openRegisterPage is PASSED

2021-07-24 08:18:14 - [TEST_STEP][PASSED] - waitForPageLoad(Timeout): Wait for page load successfully

2021-07-24 08:18:15 - [MESSAGE][PASSED] - Wait for page load successfully

2021-07-24 08:18:15 - [TEST_STEP][PASSED] - setText(findTestObject("RegisterPage/input_signup_name"), "aabbbccc"): Text 'aabbbccc' is set on object 'Object Repository/RegisterPage/input_signup_name'

2021-07-24 08:18:17 - [MESSAGE][PASSED] - Text 'aabbbccc' is set on object 'Object Repository/RegisterPage/input_signup_name'

2021-07-24 08:18:17 - [TEST_STEP][PASSED] - setText(findTestObject("RegisterPage/input_signup_email"), "aaa@gmail.com"): Text 'aaa@gmail.com' is set on object 'Object Repository/RegisterPage/input_signup_email'

2021-07-24 08:18:21 - [MESSAGE][PASSED] - Text 'aaa@gmail.com' is set on object 'Object Repository/RegisterPage/input_signup_email'

2021-07-24 08:18:21 - [TEST_STEP][PASSED] - setText(findTestObject("RegisterPage/input_signup_password_confirmation"), "aaaaaa"): Text 'aaaaaa' is set on object 'Object Repository/RegisterPage/input_signup_password_confirmation'

2021-07-24 08:18:23 - [MESSAGE][PASSED] - Text 'aaaaaa' is set on object 'Object Repository/RegisterPage/input_signup_password_confirmation'

2021-07-24 08:18:23 - [TEST_STEP][PASSED] - check(findTestObject("RegisterPage/checkbox_agreement")): Object 'Object Repository/RegisterPage/checkbox_agreement' is checked

2021-07-24 08:18:25 - [MESSAGE][PASSED] - Object 'Object Repository/RegisterPage/checkbox_agreement' is checked

2021-07-24 08:18:25 - [TEST_STEP][PASSED] - click(findTestObject("RegisterPage/button_register")): Object: 'Object Repository/RegisterPage/button_register' is clicked on

2021-07-24 08:18:26 - [MESSAGE][PASSED] - Object: 'Object Repository/RegisterPage/button_register' is clicked on

2021-07-24 08:18:26 - [TEST_STEP][PASSED] - waitForPageLoad(Timeout): Wait for page load successfully

2021-07-24 08:18:26 - [MESSAGE][PASSED] - Wait for page load successfully

2021-07-24 08:18:26 - [TEST_STEP][PASSED] - delay(3): Delayed 3 second(s)

2021-07-24 08:18:29 - [MESSAGE][PASSED] - Delayed 3 second(s)

2021-07-24 08:18:29 - [TEST_STEP][PASSED] - com.helper.browserhelper.CustomBrowser.closeBrowser(): com.helper.browserhelper.CustomBrowser.closeBrowser is PASSED

2021-07-24 08:18:40 - [MESSAGE][PASSED] - Browser is closed

2021-07-24 08:18:40 - [MESSAGE][PASSED] - com.helper.browserhelper.CustomBrowser.closeBrowser is PASSED]]></system-out>
         <system-err><![CDATA[]]></system-err>
      </testcase>
      <testcase name="Test Cases/RegisterAndLogin/Negative/TS-LGN-13-RegisterWithPasswordUnder6CharactersTestCase" time="128.843" classname="Test Cases/RegisterAndLogin/Negative/TS-LGN-13-RegisterWithPasswordUnder6CharactersTestCase" status="PASSED">
         <system-out><![CDATA[2021-07-24 08:18:40 - [TEST_CASE][PASSED] - Test Cases/RegisterAndLogin/Negative/TS-LGN-13-RegisterWithPasswordUnder6CharactersTestCase: Test Cases/RegisterAndLogin/Negative/TS-LGN-13-RegisterWithPasswordUnder6CharactersTestCase

2021-07-24 08:18:41 - [TEST_STEP][PASSED] - com.helper.browserhelper.CustomBrowser.openRegisterPage(): com.helper.browserhelper.CustomBrowser.openRegisterPage is PASSED

2021-07-24 08:18:41 - [MESSAGE][INFO] - Starting 'Firefox' driver

2021-07-24 08:18:41 - [MESSAGE][INFO] - Action delay is set to 0 milliseconds

2021-07-24 08:19:35 - [MESSAGE][PASSED] - Browser is opened with url: 'https://dev-v2.serpwatch.io/login'

2021-07-24 08:19:35 - [MESSAGE][PASSED] - Current window maximized

2021-07-24 08:19:53 - [MESSAGE][PASSED] - Object: 'Object Repository/LoginPage/button_get_started' is clicked on

2021-07-24 08:19:53 - [MESSAGE][PASSED] - com.helper.browserhelper.CustomBrowser.openRegisterPage is PASSED

2021-07-24 08:19:53 - [TEST_STEP][PASSED] - waitForPageLoad(Timeout): Wait for page load successfully

2021-07-24 08:19:53 - [MESSAGE][PASSED] - Wait for page load successfully

2021-07-24 08:19:53 - [TEST_STEP][PASSED] - setText(findTestObject("RegisterPage/input_signup_name"), "aabbbccc"): Text 'aabbbccc' is set on object 'Object Repository/RegisterPage/input_signup_name'

2021-07-24 08:19:55 - [MESSAGE][PASSED] - Text 'aabbbccc' is set on object 'Object Repository/RegisterPage/input_signup_name'

2021-07-24 08:19:55 - [TEST_STEP][PASSED] - setText(findTestObject("RegisterPage/input_signup_email"), "aaa@gmail.com"): Text 'aaa@gmail.com' is set on object 'Object Repository/RegisterPage/input_signup_email'

2021-07-24 08:20:05 - [MESSAGE][PASSED] - Text 'aaa@gmail.com' is set on object 'Object Repository/RegisterPage/input_signup_email'

2021-07-24 08:20:05 - [TEST_STEP][PASSED] - setText(findTestObject("RegisterPage/input_signup_password"), "aaa"): Text 'aaa' is set on object 'Object Repository/RegisterPage/input_signup_password'

2021-07-24 08:20:06 - [MESSAGE][PASSED] - Text 'aaa' is set on object 'Object Repository/RegisterPage/input_signup_password'

2021-07-24 08:20:06 - [TEST_STEP][PASSED] - setText(findTestObject("RegisterPage/input_signup_password_confirmation"), "aaa"): Text 'aaa' is set on object 'Object Repository/RegisterPage/input_signup_password_confirmation'

2021-07-24 08:20:07 - [MESSAGE][PASSED] - Text 'aaa' is set on object 'Object Repository/RegisterPage/input_signup_password_confirmation'

2021-07-24 08:20:07 - [TEST_STEP][PASSED] - check(findTestObject("RegisterPage/checkbox_agreement")): Object 'Object Repository/RegisterPage/checkbox_agreement' is checked

2021-07-24 08:20:07 - [MESSAGE][PASSED] - Object 'Object Repository/RegisterPage/checkbox_agreement' is checked

2021-07-24 08:20:07 - [TEST_STEP][PASSED] - click(findTestObject("RegisterPage/button_register")): Object: 'Object Repository/RegisterPage/button_register' is clicked on

2021-07-24 08:20:23 - [MESSAGE][PASSED] - Object: 'Object Repository/RegisterPage/button_register' is clicked on

2021-07-24 08:20:23 - [TEST_STEP][PASSED] - waitForPageLoad(Timeout): Wait for page load successfully

2021-07-24 08:20:23 - [MESSAGE][PASSED] - Wait for page load successfully

2021-07-24 08:20:23 - [TEST_STEP][PASSED] - delay(3): Delayed 3 second(s)

2021-07-24 08:20:26 - [MESSAGE][PASSED] - Delayed 3 second(s)

2021-07-24 08:20:26 - [TEST_STEP][PASSED] - com.helper.browserhelper.CustomBrowser.closeBrowser(): com.helper.browserhelper.CustomBrowser.closeBrowser is PASSED

2021-07-24 08:20:49 - [MESSAGE][PASSED] - Browser is closed

2021-07-24 08:20:49 - [MESSAGE][PASSED] - com.helper.browserhelper.CustomBrowser.closeBrowser is PASSED]]></system-out>
         <system-err><![CDATA[]]></system-err>
      </testcase>
      <testcase name="Test Cases/RegisterAndLogin/Negative/TS-LGN-12-RegisterWithWrongEmailFormatTestCase" time="65.866" classname="Test Cases/RegisterAndLogin/Negative/TS-LGN-12-RegisterWithWrongEmailFormatTestCase" status="FAILED">
         <failure type="FAILED" message="Test Cases/RegisterAndLogin/Negative/TS-LGN-12-RegisterWithWrongEmailFormatTestCase FAILED.
Reason:
com.kms.katalon.core.exception.StepFailedException: Unable to open browser with url: 'https://dev-v2.serpwatch.io/login'
	at com.kms.katalon.core.webui.keyword.internal.WebUIKeywordMain.stepFailed(WebUIKeywordMain.groovy:64)
	at com.kms.katalon.core.webui.keyword.internal.WebUIKeywordMain.runKeyword(WebUIKeywordMain.groovy:26)
	at com.kms.katalon.core.webui.keyword.builtin.OpenBrowserKeyword.openBrowser(OpenBrowserKeyword.groovy:81)
	at com.kms.katalon.core.webui.keyword.builtin.OpenBrowserKeyword.execute(OpenBrowserKeyword.groovy:67)
	at com.kms.katalon.core.keyword.internal.KeywordExecutor.executeKeywordForPlatform(KeywordExecutor.groovy:73)
	at com.kms.katalon.core.webui.keyword.WebUiBuiltInKeywords.openBrowser(WebUiBuiltInKeywords.groovy:64)
	at com.kms.katalon.core.webui.keyword.WebUiBuiltInKeywords$openBrowser.call(Unknown Source)
	at com.helper.browserhelper.CustomBrowser.openRegisterPage(CustomBrowser.groovy:35)
	at com.helper.browserhelper.CustomBrowser.invokeMethod(CustomBrowser.groovy)
	at com.kms.katalon.core.main.CustomKeywordDelegatingMetaClass.invokeStaticMethod(CustomKeywordDelegatingMetaClass.java:50)
	at TS-LGN-12-RegisterWithWrongEmailFormatTestCase.run(TS-LGN-12-RegisterWithWrongEmailFormatTestCase:20)
	at com.kms.katalon.core.main.ScriptEngine.run(ScriptEngine.java:194)
	at com.kms.katalon.core.main.ScriptEngine.runScriptAsRawText(ScriptEngine.java:119)
	at com.kms.katalon.core.main.TestCaseExecutor.runScript(TestCaseExecutor.java:369)
	at com.kms.katalon.core.main.TestCaseExecutor.doExecute(TestCaseExecutor.java:360)
	at com.kms.katalon.core.main.TestCaseExecutor.processExecutionPhase(TestCaseExecutor.java:339)
	at com.kms.katalon.core.main.TestCaseExecutor.accessMainPhase(TestCaseExecutor.java:331)
	at com.kms.katalon.core.main.TestCaseExecutor.execute(TestCaseExecutor.java:248)
	at com.kms.katalon.core.main.TestSuiteExecutor.accessTestCaseMainPhase(TestSuiteExecutor.java:191)
	at com.kms.katalon.core.main.TestSuiteExecutor.accessTestSuiteMainPhase(TestSuiteExecutor.java:140)
	at com.kms.katalon.core.main.TestSuiteExecutor.execute(TestSuiteExecutor.java:89)
	at com.kms.katalon.core.main.TestCaseMain.startTestSuite(TestCaseMain.java:185)
	at com.kms.katalon.core.main.TestCaseMain$startTestSuite$0.call(Unknown Source)
	at TempTestSuite1627089024543.run(TempTestSuite1627089024543.groovy:39)
Caused by: org.openqa.selenium.WebDriverException: connection refused
Build info: version: '3.141.59', revision: 'e82be7d358', time: '2018-11-14T08:25:53'
System info: host: 'DESKTOP-UGHKVCC', ip: '192.168.0.106', os.name: 'Windows 10', os.arch: 'amd64', os.version: '10.0', java.version: '1.8.0_282'
Driver info: driver.version: CGeckoDriver
remote stacktrace: 
	at org.openqa.selenium.remote.W3CHandshakeResponse.lambda$errorHandler$0(W3CHandshakeResponse.java:62)
	at org.openqa.selenium.remote.HandshakeResponse.lambda$getResponseFunction$0(HandshakeResponse.java:30)
	at org.openqa.selenium.remote.ProtocolHandshake.lambda$createSession$0(ProtocolHandshake.java:126)
	at org.openqa.selenium.remote.ProtocolHandshake.createSession(ProtocolHandshake.java:128)
	at org.openqa.selenium.remote.ProtocolHandshake.createSession(ProtocolHandshake.java:74)
	at org.openqa.selenium.remote.HttpCommandExecutor.execute(HttpCommandExecutor.java:136)
	at org.openqa.selenium.remote.service.DriverCommandExecutor.execute(DriverCommandExecutor.java:83)
	at org.openqa.selenium.remote.RemoteWebDriver.execute(RemoteWebDriver.java:552)
	at com.kms.katalon.selenium.driver.CFirefoxDriver.execute(CFirefoxDriver.java:27)
	at org.openqa.selenium.remote.RemoteWebDriver.startSession(RemoteWebDriver.java:213)
	at org.openqa.selenium.remote.RemoteWebDriver.&lt;init>(RemoteWebDriver.java:131)
	at org.openqa.selenium.firefox.FirefoxDriver.&lt;init>(FirefoxDriver.java:147)
	at com.kms.katalon.selenium.driver.CFirefoxDriver.&lt;init>(CFirefoxDriver.java:21)
	at com.kms.katalon.core.webui.driver.firefox.CGeckoDriver.&lt;init>(CGeckoDriver.java:12)
	at com.kms.katalon.core.webui.driver.firefox.CGeckoDriver.from(CGeckoDriver.java:17)
	at com.kms.katalon.core.webui.driver.DriverFactory.createNewFirefoxDriver(DriverFactory.java:677)
	at com.kms.katalon.core.webui.driver.DriverFactory.startNewBrowser(DriverFactory.java:349)
	at com.kms.katalon.core.webui.driver.DriverFactory.openWebDriver(DriverFactory.java:245)
	at com.kms.katalon.core.webui.keyword.builtin.OpenBrowserKeyword$_openBrowser_closure1.doCall(OpenBrowserKeyword.groovy:74)
	at com.kms.katalon.core.webui.keyword.builtin.OpenBrowserKeyword$_openBrowser_closure1.call(OpenBrowserKeyword.groovy)
	at com.kms.katalon.core.webui.keyword.internal.WebUIKeywordMain.runKeyword(WebUIKeywordMain.groovy:20)
	... 22 more
"/>
         <system-out><![CDATA[2021-07-24 08:20:49 - [TEST_CASE][FAILED] - Test Cases/RegisterAndLogin/Negative/TS-LGN-12-RegisterWithWrongEmailFormatTestCase: Test Cases/RegisterAndLogin/Negative/TS-LGN-12-RegisterWithWrongEmailFormatTestCase FAILED.
Reason:
com.kms.katalon.core.exception.StepFailedException: Unable to open browser with url: 'https://dev-v2.serpwatch.io/login'
	at com.kms.katalon.core.webui.keyword.internal.WebUIKeywordMain.stepFailed(WebUIKeywordMain.groovy:64)
	at com.kms.katalon.core.webui.keyword.internal.WebUIKeywordMain.runKeyword(WebUIKeywordMain.groovy:26)
	at com.kms.katalon.core.webui.keyword.builtin.OpenBrowserKeyword.openBrowser(OpenBrowserKeyword.groovy:81)
	at com.kms.katalon.core.webui.keyword.builtin.OpenBrowserKeyword.execute(OpenBrowserKeyword.groovy:67)
	at com.kms.katalon.core.keyword.internal.KeywordExecutor.executeKeywordForPlatform(KeywordExecutor.groovy:73)
	at com.kms.katalon.core.webui.keyword.WebUiBuiltInKeywords.openBrowser(WebUiBuiltInKeywords.groovy:64)
	at com.kms.katalon.core.webui.keyword.WebUiBuiltInKeywords$openBrowser.call(Unknown Source)
	at com.helper.browserhelper.CustomBrowser.openRegisterPage(CustomBrowser.groovy:35)
	at com.helper.browserhelper.CustomBrowser.invokeMethod(CustomBrowser.groovy)
	at com.kms.katalon.core.main.CustomKeywordDelegatingMetaClass.invokeStaticMethod(CustomKeywordDelegatingMetaClass.java:50)
	at TS-LGN-12-RegisterWithWrongEmailFormatTestCase.run(TS-LGN-12-RegisterWithWrongEmailFormatTestCase:20)
	at com.kms.katalon.core.main.ScriptEngine.run(ScriptEngine.java:194)
	at com.kms.katalon.core.main.ScriptEngine.runScriptAsRawText(ScriptEngine.java:119)
	at com.kms.katalon.core.main.TestCaseExecutor.runScript(TestCaseExecutor.java:369)
	at com.kms.katalon.core.main.TestCaseExecutor.doExecute(TestCaseExecutor.java:360)
	at com.kms.katalon.core.main.TestCaseExecutor.processExecutionPhase(TestCaseExecutor.java:339)
	at com.kms.katalon.core.main.TestCaseExecutor.accessMainPhase(TestCaseExecutor.java:331)
	at com.kms.katalon.core.main.TestCaseExecutor.execute(TestCaseExecutor.java:248)
	at com.kms.katalon.core.main.TestSuiteExecutor.accessTestCaseMainPhase(TestSuiteExecutor.java:191)
	at com.kms.katalon.core.main.TestSuiteExecutor.accessTestSuiteMainPhase(TestSuiteExecutor.java:140)
	at com.kms.katalon.core.main.TestSuiteExecutor.execute(TestSuiteExecutor.java:89)
	at com.kms.katalon.core.main.TestCaseMain.startTestSuite(TestCaseMain.java:185)
	at com.kms.katalon.core.main.TestCaseMain$startTestSuite$0.call(Unknown Source)
	at TempTestSuite1627089024543.run(TempTestSuite1627089024543.groovy:39)
Caused by: org.openqa.selenium.WebDriverException: connection refused
Build info: version: '3.141.59', revision: 'e82be7d358', time: '2018-11-14T08:25:53'
System info: host: 'DESKTOP-UGHKVCC', ip: '192.168.0.106', os.name: 'Windows 10', os.arch: 'amd64', os.version: '10.0', java.version: '1.8.0_282'
Driver info: driver.version: CGeckoDriver
remote stacktrace: 
	at org.openqa.selenium.remote.W3CHandshakeResponse.lambda$errorHandler$0(W3CHandshakeResponse.java:62)
	at org.openqa.selenium.remote.HandshakeResponse.lambda$getResponseFunction$0(HandshakeResponse.java:30)
	at org.openqa.selenium.remote.ProtocolHandshake.lambda$createSession$0(ProtocolHandshake.java:126)
	at org.openqa.selenium.remote.ProtocolHandshake.createSession(ProtocolHandshake.java:128)
	at org.openqa.selenium.remote.ProtocolHandshake.createSession(ProtocolHandshake.java:74)
	at org.openqa.selenium.remote.HttpCommandExecutor.execute(HttpCommandExecutor.java:136)
	at org.openqa.selenium.remote.service.DriverCommandExecutor.execute(DriverCommandExecutor.java:83)
	at org.openqa.selenium.remote.RemoteWebDriver.execute(RemoteWebDriver.java:552)
	at com.kms.katalon.selenium.driver.CFirefoxDriver.execute(CFirefoxDriver.java:27)
	at org.openqa.selenium.remote.RemoteWebDriver.startSession(RemoteWebDriver.java:213)
	at org.openqa.selenium.remote.RemoteWebDriver.<init>(RemoteWebDriver.java:131)
	at org.openqa.selenium.firefox.FirefoxDriver.<init>(FirefoxDriver.java:147)
	at com.kms.katalon.selenium.driver.CFirefoxDriver.<init>(CFirefoxDriver.java:21)
	at com.kms.katalon.core.webui.driver.firefox.CGeckoDriver.<init>(CGeckoDriver.java:12)
	at com.kms.katalon.core.webui.driver.firefox.CGeckoDriver.from(CGeckoDriver.java:17)
	at com.kms.katalon.core.webui.driver.DriverFactory.createNewFirefoxDriver(DriverFactory.java:677)
	at com.kms.katalon.core.webui.driver.DriverFactory.startNewBrowser(DriverFactory.java:349)
	at com.kms.katalon.core.webui.driver.DriverFactory.openWebDriver(DriverFactory.java:245)
	at com.kms.katalon.core.webui.keyword.builtin.OpenBrowserKeyword$_openBrowser_closure1.doCall(OpenBrowserKeyword.groovy:74)
	at com.kms.katalon.core.webui.keyword.builtin.OpenBrowserKeyword$_openBrowser_closure1.call(OpenBrowserKeyword.groovy)
	at com.kms.katalon.core.webui.keyword.internal.WebUIKeywordMain.runKeyword(WebUIKeywordMain.groovy:20)
	... 22 more


2021-07-24 08:20:50 - [TEST_STEP][FAILED] - com.helper.browserhelper.CustomBrowser.openRegisterPage(): Unable to open browser with url: 'https://dev-v2.serpwatch.io/login'

2021-07-24 08:20:50 - [MESSAGE][INFO] - Starting 'Firefox' driver

2021-07-24 08:20:50 - [MESSAGE][INFO] - Action delay is set to 0 milliseconds

2021-07-24 08:21:55 - [MESSAGE][FAILED] - Unable to open browser with url: 'https://dev-v2.serpwatch.io/login' (Root cause: com.kms.katalon.core.exception.StepFailedException: Unable to open browser with url: 'https://dev-v2.serpwatch.io/login'
	at com.kms.katalon.core.webui.keyword.internal.WebUIKeywordMain.stepFailed(WebUIKeywordMain.groovy:64)
	at com.kms.katalon.core.webui.keyword.internal.WebUIKeywordMain.runKeyword(WebUIKeywordMain.groovy:26)
	at com.kms.katalon.core.webui.keyword.builtin.OpenBrowserKeyword.openBrowser(OpenBrowserKeyword.groovy:81)
	at com.kms.katalon.core.webui.keyword.builtin.OpenBrowserKeyword.execute(OpenBrowserKeyword.groovy:67)
	at com.kms.katalon.core.keyword.internal.KeywordExecutor.executeKeywordForPlatform(KeywordExecutor.groovy:73)
	at com.kms.katalon.core.webui.keyword.WebUiBuiltInKeywords.openBrowser(WebUiBuiltInKeywords.groovy:64)
	at com.kms.katalon.core.webui.keyword.WebUiBuiltInKeywords$openBrowser.call(Unknown Source)
	at com.helper.browserhelper.CustomBrowser.openRegisterPage(CustomBrowser.groovy:35)
	at com.helper.browserhelper.CustomBrowser.invokeMethod(CustomBrowser.groovy)
	at com.kms.katalon.core.main.CustomKeywordDelegatingMetaClass.invokeStaticMethod(CustomKeywordDelegatingMetaClass.java:50)
	at TS-LGN-12-RegisterWithWrongEmailFormatTestCase.run(TS-LGN-12-RegisterWithWrongEmailFormatTestCase:20)
	at com.kms.katalon.core.main.ScriptEngine.run(ScriptEngine.java:194)
	at com.kms.katalon.core.main.ScriptEngine.runScriptAsRawText(ScriptEngine.java:119)
	at com.kms.katalon.core.main.TestCaseExecutor.runScript(TestCaseExecutor.java:369)
	at com.kms.katalon.core.main.TestCaseExecutor.doExecute(TestCaseExecutor.java:360)
	at com.kms.katalon.core.main.TestCaseExecutor.processExecutionPhase(TestCaseExecutor.java:339)
	at com.kms.katalon.core.main.TestCaseExecutor.accessMainPhase(TestCaseExecutor.java:331)
	at com.kms.katalon.core.main.TestCaseExecutor.execute(TestCaseExecutor.java:248)
	at com.kms.katalon.core.main.TestSuiteExecutor.accessTestCaseMainPhase(TestSuiteExecutor.java:191)
	at com.kms.katalon.core.main.TestSuiteExecutor.accessTestSuiteMainPhase(TestSuiteExecutor.java:140)
	at com.kms.katalon.core.main.TestSuiteExecutor.execute(TestSuiteExecutor.java:89)
	at com.kms.katalon.core.main.TestCaseMain.startTestSuite(TestCaseMain.java:185)
	at com.kms.katalon.core.main.TestCaseMain$startTestSuite$0.call(Unknown Source)
	at TempTestSuite1627089024543.run(TempTestSuite1627089024543.groovy:39)
Caused by: org.openqa.selenium.WebDriverException: connection refused
Build info: version: '3.141.59', revision: 'e82be7d358', time: '2018-11-14T08:25:53'
System info: host: 'DESKTOP-UGHKVCC', ip: '192.168.0.106', os.name: 'Windows 10', os.arch: 'amd64', os.version: '10.0', java.version: '1.8.0_282'
Driver info: driver.version: CGeckoDriver
remote stacktrace: 
	at org.openqa.selenium.remote.W3CHandshakeResponse.lambda$errorHandler$0(W3CHandshakeResponse.java:62)
	at org.openqa.selenium.remote.HandshakeResponse.lambda$getResponseFunction$0(HandshakeResponse.java:30)
	at org.openqa.selenium.remote.ProtocolHandshake.lambda$createSession$0(ProtocolHandshake.java:126)
	at org.openqa.selenium.remote.ProtocolHandshake.createSession(ProtocolHandshake.java:128)
	at org.openqa.selenium.remote.ProtocolHandshake.createSession(ProtocolHandshake.java:74)
	at org.openqa.selenium.remote.HttpCommandExecutor.execute(HttpCommandExecutor.java:136)
	at org.openqa.selenium.remote.service.DriverCommandExecutor.execute(DriverCommandExecutor.java:83)
	at org.openqa.selenium.remote.RemoteWebDriver.execute(RemoteWebDriver.java:552)
	at com.kms.katalon.selenium.driver.CFirefoxDriver.execute(CFirefoxDriver.java:27)
	at org.openqa.selenium.remote.RemoteWebDriver.startSession(RemoteWebDriver.java:213)
	at org.openqa.selenium.remote.RemoteWebDriver.<init>(RemoteWebDriver.java:131)
	at org.openqa.selenium.firefox.FirefoxDriver.<init>(FirefoxDriver.java:147)
	at com.kms.katalon.selenium.driver.CFirefoxDriver.<init>(CFirefoxDriver.java:21)
	at com.kms.katalon.core.webui.driver.firefox.CGeckoDriver.<init>(CGeckoDriver.java:12)
	at com.kms.katalon.core.webui.driver.firefox.CGeckoDriver.from(CGeckoDriver.java:17)
	at com.kms.katalon.core.webui.driver.DriverFactory.createNewFirefoxDriver(DriverFactory.java:677)
	at com.kms.katalon.core.webui.driver.DriverFactory.startNewBrowser(DriverFactory.java:349)
	at com.kms.katalon.core.webui.driver.DriverFactory.openWebDriver(DriverFactory.java:245)
	at com.kms.katalon.core.webui.keyword.builtin.OpenBrowserKeyword$_openBrowser_closure1.doCall(OpenBrowserKeyword.groovy:74)
	at com.kms.katalon.core.webui.keyword.builtin.OpenBrowserKeyword$_openBrowser_closure1.call(OpenBrowserKeyword.groovy)
	at com.kms.katalon.core.webui.keyword.internal.WebUIKeywordMain.runKeyword(WebUIKeywordMain.groovy:20)
	at com.kms.katalon.core.webui.keyword.builtin.OpenBrowserKeyword.openBrowser(OpenBrowserKeyword.groovy:81)
	at com.kms.katalon.core.webui.keyword.builtin.OpenBrowserKeyword.execute(OpenBrowserKeyword.groovy:67)
	at com.kms.katalon.core.keyword.internal.KeywordExecutor.executeKeywordForPlatform(KeywordExecutor.groovy:73)
	at com.kms.katalon.core.webui.keyword.WebUiBuiltInKeywords.openBrowser(WebUiBuiltInKeywords.groovy:64)
	at com.kms.katalon.core.webui.keyword.WebUiBuiltInKeywords$openBrowser.call(Unknown Source)
	at com.helper.browserhelper.CustomBrowser.openRegisterPage(CustomBrowser.groovy:35)
	at com.helper.browserhelper.CustomBrowser.invokeMethod(CustomBrowser.groovy)
	at com.kms.katalon.core.main.CustomKeywordDelegatingMetaClass.invokeStaticMethod(CustomKeywordDelegatingMetaClass.java:50)
	at Script1626773017943.run(Script1626773017943.groovy:20)
	... 13 more
)

2021-07-24 08:21:55 - [MESSAGE][FAILED] - Unable to open browser with url: 'https://dev-v2.serpwatch.io/login']]></system-out>
         <system-err><![CDATA[2021-07-24 08:20:49 - [TEST_CASE][FAILED] - Test Cases/RegisterAndLogin/Negative/TS-LGN-12-RegisterWithWrongEmailFormatTestCase: Test Cases/RegisterAndLogin/Negative/TS-LGN-12-RegisterWithWrongEmailFormatTestCase FAILED.
Reason:
com.kms.katalon.core.exception.StepFailedException: Unable to open browser with url: 'https://dev-v2.serpwatch.io/login'
	at com.kms.katalon.core.webui.keyword.internal.WebUIKeywordMain.stepFailed(WebUIKeywordMain.groovy:64)
	at com.kms.katalon.core.webui.keyword.internal.WebUIKeywordMain.runKeyword(WebUIKeywordMain.groovy:26)
	at com.kms.katalon.core.webui.keyword.builtin.OpenBrowserKeyword.openBrowser(OpenBrowserKeyword.groovy:81)
	at com.kms.katalon.core.webui.keyword.builtin.OpenBrowserKeyword.execute(OpenBrowserKeyword.groovy:67)
	at com.kms.katalon.core.keyword.internal.KeywordExecutor.executeKeywordForPlatform(KeywordExecutor.groovy:73)
	at com.kms.katalon.core.webui.keyword.WebUiBuiltInKeywords.openBrowser(WebUiBuiltInKeywords.groovy:64)
	at com.kms.katalon.core.webui.keyword.WebUiBuiltInKeywords$openBrowser.call(Unknown Source)
	at com.helper.browserhelper.CustomBrowser.openRegisterPage(CustomBrowser.groovy:35)
	at com.helper.browserhelper.CustomBrowser.invokeMethod(CustomBrowser.groovy)
	at com.kms.katalon.core.main.CustomKeywordDelegatingMetaClass.invokeStaticMethod(CustomKeywordDelegatingMetaClass.java:50)
	at TS-LGN-12-RegisterWithWrongEmailFormatTestCase.run(TS-LGN-12-RegisterWithWrongEmailFormatTestCase:20)
	at com.kms.katalon.core.main.ScriptEngine.run(ScriptEngine.java:194)
	at com.kms.katalon.core.main.ScriptEngine.runScriptAsRawText(ScriptEngine.java:119)
	at com.kms.katalon.core.main.TestCaseExecutor.runScript(TestCaseExecutor.java:369)
	at com.kms.katalon.core.main.TestCaseExecutor.doExecute(TestCaseExecutor.java:360)
	at com.kms.katalon.core.main.TestCaseExecutor.processExecutionPhase(TestCaseExecutor.java:339)
	at com.kms.katalon.core.main.TestCaseExecutor.accessMainPhase(TestCaseExecutor.java:331)
	at com.kms.katalon.core.main.TestCaseExecutor.execute(TestCaseExecutor.java:248)
	at com.kms.katalon.core.main.TestSuiteExecutor.accessTestCaseMainPhase(TestSuiteExecutor.java:191)
	at com.kms.katalon.core.main.TestSuiteExecutor.accessTestSuiteMainPhase(TestSuiteExecutor.java:140)
	at com.kms.katalon.core.main.TestSuiteExecutor.execute(TestSuiteExecutor.java:89)
	at com.kms.katalon.core.main.TestCaseMain.startTestSuite(TestCaseMain.java:185)
	at com.kms.katalon.core.main.TestCaseMain$startTestSuite$0.call(Unknown Source)
	at TempTestSuite1627089024543.run(TempTestSuite1627089024543.groovy:39)
Caused by: org.openqa.selenium.WebDriverException: connection refused
Build info: version: '3.141.59', revision: 'e82be7d358', time: '2018-11-14T08:25:53'
System info: host: 'DESKTOP-UGHKVCC', ip: '192.168.0.106', os.name: 'Windows 10', os.arch: 'amd64', os.version: '10.0', java.version: '1.8.0_282'
Driver info: driver.version: CGeckoDriver
remote stacktrace: 
	at org.openqa.selenium.remote.W3CHandshakeResponse.lambda$errorHandler$0(W3CHandshakeResponse.java:62)
	at org.openqa.selenium.remote.HandshakeResponse.lambda$getResponseFunction$0(HandshakeResponse.java:30)
	at org.openqa.selenium.remote.ProtocolHandshake.lambda$createSession$0(ProtocolHandshake.java:126)
	at org.openqa.selenium.remote.ProtocolHandshake.createSession(ProtocolHandshake.java:128)
	at org.openqa.selenium.remote.ProtocolHandshake.createSession(ProtocolHandshake.java:74)
	at org.openqa.selenium.remote.HttpCommandExecutor.execute(HttpCommandExecutor.java:136)
	at org.openqa.selenium.remote.service.DriverCommandExecutor.execute(DriverCommandExecutor.java:83)
	at org.openqa.selenium.remote.RemoteWebDriver.execute(RemoteWebDriver.java:552)
	at com.kms.katalon.selenium.driver.CFirefoxDriver.execute(CFirefoxDriver.java:27)
	at org.openqa.selenium.remote.RemoteWebDriver.startSession(RemoteWebDriver.java:213)
	at org.openqa.selenium.remote.RemoteWebDriver.<init>(RemoteWebDriver.java:131)
	at org.openqa.selenium.firefox.FirefoxDriver.<init>(FirefoxDriver.java:147)
	at com.kms.katalon.selenium.driver.CFirefoxDriver.<init>(CFirefoxDriver.java:21)
	at com.kms.katalon.core.webui.driver.firefox.CGeckoDriver.<init>(CGeckoDriver.java:12)
	at com.kms.katalon.core.webui.driver.firefox.CGeckoDriver.from(CGeckoDriver.java:17)
	at com.kms.katalon.core.webui.driver.DriverFactory.createNewFirefoxDriver(DriverFactory.java:677)
	at com.kms.katalon.core.webui.driver.DriverFactory.startNewBrowser(DriverFactory.java:349)
	at com.kms.katalon.core.webui.driver.DriverFactory.openWebDriver(DriverFactory.java:245)
	at com.kms.katalon.core.webui.keyword.builtin.OpenBrowserKeyword$_openBrowser_closure1.doCall(OpenBrowserKeyword.groovy:74)
	at com.kms.katalon.core.webui.keyword.builtin.OpenBrowserKeyword$_openBrowser_closure1.call(OpenBrowserKeyword.groovy)
	at com.kms.katalon.core.webui.keyword.internal.WebUIKeywordMain.runKeyword(WebUIKeywordMain.groovy:20)
	... 22 more]]></system-err>
      </testcase>
      <testcase name="Test Cases/Create Project/Negative/TS-CPR-27-CreateProjectAndClickAddCompetitorButDoNotFillFieldTestCase" time="159.415" classname="Test Cases/Create Project/Negative/TS-CPR-27-CreateProjectAndClickAddCompetitorButDoNotFillFieldTestCase" status="PASSED">
         <system-out><![CDATA[2021-07-24 08:21:55 - [TEST_CASE][PASSED] - Test Cases/Create Project/Negative/TS-CPR-27-CreateProjectAndClickAddCompetitorButDoNotFillFieldTestCase: Test Cases/Create Project/Negative/TS-CPR-27-CreateProjectAndClickAddCompetitorButDoNotFillFieldTestCase

2021-07-24 08:21:56 - [TEST_STEP][PASSED] - com.helper.browserhelper.CustomBrowser.login(): com.helper.browserhelper.CustomBrowser.login is PASSED

2021-07-24 08:21:56 - [MESSAGE][INFO] - Starting 'Firefox' driver

2021-07-24 08:21:56 - [MESSAGE][INFO] - Action delay is set to 0 milliseconds

2021-07-24 08:23:02 - [MESSAGE][PASSED] - Browser is opened with url: 'https://dev-v2.serpwatch.io/login'

2021-07-24 08:23:02 - [MESSAGE][PASSED] - Wait for page load successfully

2021-07-24 08:23:02 - [MESSAGE][PASSED] - Current window maximized

2021-07-24 08:23:02 - [MESSAGE][PASSED] - Wait for page load successfully

2021-07-24 08:23:02 - [MESSAGE][PASSED] - Keys 'ayatullah.arul@gmail.com' sent to object: 'Object Repository/LoginPage/input_sign in_email'

2021-07-24 08:23:03 - [MESSAGE][PASSED] - Keys 'aaa101' sent to object: 'Object Repository/LoginPage/input_sign in_password'

2021-07-24 08:23:14 - [MESSAGE][PASSED] - Object: 'Object Repository/LoginPage/button_login' is clicked on

2021-07-24 08:23:14 - [MESSAGE][PASSED] - Wait for page load successfully

2021-07-24 08:23:14 - [MESSAGE][PASSED] - com.helper.browserhelper.CustomBrowser.login is PASSED

2021-07-24 08:23:14 - [TEST_STEP][PASSED] - click(findTestObject("CreateNewProject/button_add_project")): Object: 'Object Repository/CreateNewProject/button_add_project' is clicked on

2021-07-24 08:23:15 - [MESSAGE][PASSED] - Object: 'Object Repository/CreateNewProject/button_add_project' is clicked on

2021-07-24 08:23:15 - [TEST_STEP][PASSED] - waitForElementVisible(findTestObject("CreateNewProject/popup_frame_choose_ project_type_domain_or_youtube"), Timeout): Object 'Object Repository/CreateNewProject/popup_frame_choose_ project_type_domain_or_youtube' is visible

2021-07-24 08:23:16 - [MESSAGE][PASSED] - Object 'Object Repository/CreateNewProject/popup_frame_choose_ project_type_domain_or_youtube' is visible

2021-07-24 08:23:16 - [TEST_STEP][PASSED] - click(findTestObject("CreateNewProject/button_domain")): Object: 'Object Repository/CreateNewProject/button_domain' is clicked on

2021-07-24 08:23:16 - [MESSAGE][PASSED] - Object: 'Object Repository/CreateNewProject/button_domain' is clicked on

2021-07-24 08:23:16 - [TEST_STEP][PASSED] - waitForElementPresent(findTestObject("CreateNewProject/FormPage_1/input_project_name"), Timeout): Object 'Object Repository/CreateNewProject/FormPage_1/input_project_name' is present

2021-07-24 08:23:20 - [MESSAGE][PASSED] - Object 'Object Repository/CreateNewProject/FormPage_1/input_project_name' is present

2021-07-24 08:23:20 - [TEST_STEP][PASSED] - setText(findTestObject("CreateNewProject/FormPage_1/input_project_name"), ProjectNameText): Text 'Sample Project' is set on object 'Object Repository/CreateNewProject/FormPage_1/input_project_name'

2021-07-24 08:23:28 - [MESSAGE][PASSED] - Text 'Sample Project' is set on object 'Object Repository/CreateNewProject/FormPage_1/input_project_name'

2021-07-24 08:23:28 - [TEST_STEP][PASSED] - setText(findTestObject("CreateNewProject/FormPage_1/input_domain_name"), DomainText1): Text 'goal.com' is set on object 'Object Repository/CreateNewProject/FormPage_1/input_domain_name'

2021-07-24 08:23:30 - [MESSAGE][PASSED] - Text 'goal.com' is set on object 'Object Repository/CreateNewProject/FormPage_1/input_domain_name'

2021-07-24 08:23:30 - [TEST_STEP][PASSED] - click(findTestObject("CreateNewProject/FormPage_1/button_add_competitor")): Object: 'Object Repository/CreateNewProject/FormPage_1/button_add_competitor' is clicked on

2021-07-24 08:23:33 - [MESSAGE][PASSED] - Object: 'Object Repository/CreateNewProject/FormPage_1/button_add_competitor' is clicked on

2021-07-24 08:23:33 - [TEST_STEP][PASSED] - setText(findTestObject("CreateNewProject/FormPage_1/input_add_your_keyword"), AddYourKeywordText): Text 'player' is set on object 'Object Repository/CreateNewProject/FormPage_1/input_add_your_keyword'

2021-07-24 08:23:34 - [MESSAGE][PASSED] - Text 'player' is set on object 'Object Repository/CreateNewProject/FormPage_1/input_add_your_keyword'

2021-07-24 08:23:34 - [TEST_STEP][PASSED] - click(findTestObject("CreateNewProject/FormPage_1/button_next")): Object: 'Object Repository/CreateNewProject/FormPage_1/button_next' is clicked on

2021-07-24 08:23:36 - [MESSAGE][PASSED] - Object: 'Object Repository/CreateNewProject/FormPage_1/button_next' is clicked on

2021-07-24 08:23:36 - [TEST_STEP][PASSED] - waitForPageLoad(Timeout): Wait for page load successfully

2021-07-24 08:23:36 - [MESSAGE][PASSED] - Wait for page load successfully

2021-07-24 08:23:36 - [TEST_STEP][PASSED] - focus(findTestObject("CreateNewProject/FormPage_1/input_domain_competitors")): Object: 'Object Repository/CreateNewProject/FormPage_1/input_domain_competitors' is focused

2021-07-24 08:23:37 - [MESSAGE][PASSED] - Object: 'Object Repository/CreateNewProject/FormPage_1/input_domain_competitors' is focused

2021-07-24 08:23:37 - [TEST_STEP][PASSED] - delay(3): Delayed 3 second(s)

2021-07-24 08:23:40 - [MESSAGE][PASSED] - Delayed 3 second(s)

2021-07-24 08:23:40 - [TEST_STEP][PASSED] - com.helper.browserhelper.CustomBrowser.closeBrowser(): com.helper.browserhelper.CustomBrowser.closeBrowser is PASSED

2021-07-24 08:24:35 - [MESSAGE][PASSED] - Browser is closed

2021-07-24 08:24:35 - [MESSAGE][PASSED] - com.helper.browserhelper.CustomBrowser.closeBrowser is PASSED]]></system-out>
         <system-err><![CDATA[]]></system-err>
      </testcase>
      <testcase name="Test Cases/Create Project/Negative/TS-CPR-33-CreateProjectThatIsGoingOverTheChecksLimitOfTheUsersPlanTestCase" time="64.721" classname="Test Cases/Create Project/Negative/TS-CPR-33-CreateProjectThatIsGoingOverTheChecksLimitOfTheUsersPlanTestCase" status="FAILED">
         <failure type="FAILED" message="Test Cases/Create Project/Negative/TS-CPR-33-CreateProjectThatIsGoingOverTheChecksLimitOfTheUsersPlanTestCase FAILED.
Reason:
com.kms.katalon.core.exception.StepFailedException: Unable to open browser with url: 'https://dev-v2.serpwatch.io/login'
	at com.kms.katalon.core.webui.keyword.internal.WebUIKeywordMain.stepFailed(WebUIKeywordMain.groovy:64)
	at com.kms.katalon.core.webui.keyword.internal.WebUIKeywordMain.runKeyword(WebUIKeywordMain.groovy:26)
	at com.kms.katalon.core.webui.keyword.builtin.OpenBrowserKeyword.openBrowser(OpenBrowserKeyword.groovy:81)
	at com.kms.katalon.core.webui.keyword.builtin.OpenBrowserKeyword.execute(OpenBrowserKeyword.groovy:67)
	at com.kms.katalon.core.keyword.internal.KeywordExecutor.executeKeywordForPlatform(KeywordExecutor.groovy:73)
	at com.kms.katalon.core.webui.keyword.WebUiBuiltInKeywords.openBrowser(WebUiBuiltInKeywords.groovy:64)
	at com.kms.katalon.core.webui.keyword.WebUiBuiltInKeywords$openBrowser.call(Unknown Source)
	at com.helper.browserhelper.CustomBrowser.openBrowser(CustomBrowser.groovy:28)
	at com.helper.browserhelper.CustomBrowser.login(CustomBrowser.groovy:42)
	at com.helper.browserhelper.CustomBrowser.invokeMethod(CustomBrowser.groovy)
	at com.kms.katalon.core.main.CustomKeywordDelegatingMetaClass.invokeStaticMethod(CustomKeywordDelegatingMetaClass.java:50)
	at TS-CPR-33-CreateProjectThatIsGoingOverTheChecksLimitOfTheUsersPlanTestCase.run(TS-CPR-33-CreateProjectThatIsGoingOverTheChecksLimitOfTheUsersPlanTestCase:20)
	at com.kms.katalon.core.main.ScriptEngine.run(ScriptEngine.java:194)
	at com.kms.katalon.core.main.ScriptEngine.runScriptAsRawText(ScriptEngine.java:119)
	at com.kms.katalon.core.main.TestCaseExecutor.runScript(TestCaseExecutor.java:369)
	at com.kms.katalon.core.main.TestCaseExecutor.doExecute(TestCaseExecutor.java:360)
	at com.kms.katalon.core.main.TestCaseExecutor.processExecutionPhase(TestCaseExecutor.java:339)
	at com.kms.katalon.core.main.TestCaseExecutor.accessMainPhase(TestCaseExecutor.java:331)
	at com.kms.katalon.core.main.TestCaseExecutor.execute(TestCaseExecutor.java:248)
	at com.kms.katalon.core.main.TestSuiteExecutor.accessTestCaseMainPhase(TestSuiteExecutor.java:191)
	at com.kms.katalon.core.main.TestSuiteExecutor.accessTestSuiteMainPhase(TestSuiteExecutor.java:140)
	at com.kms.katalon.core.main.TestSuiteExecutor.execute(TestSuiteExecutor.java:89)
	at com.kms.katalon.core.main.TestCaseMain.startTestSuite(TestCaseMain.java:185)
	at com.kms.katalon.core.main.TestCaseMain$startTestSuite$0.call(Unknown Source)
	at TempTestSuite1627089024543.run(TempTestSuite1627089024543.groovy:39)
Caused by: org.openqa.selenium.WebDriverException: connection refused
Build info: version: '3.141.59', revision: 'e82be7d358', time: '2018-11-14T08:25:53'
System info: host: 'DESKTOP-UGHKVCC', ip: '192.168.0.106', os.name: 'Windows 10', os.arch: 'amd64', os.version: '10.0', java.version: '1.8.0_282'
Driver info: driver.version: CGeckoDriver
remote stacktrace: 
	at org.openqa.selenium.remote.W3CHandshakeResponse.lambda$errorHandler$0(W3CHandshakeResponse.java:62)
	at org.openqa.selenium.remote.HandshakeResponse.lambda$getResponseFunction$0(HandshakeResponse.java:30)
	at org.openqa.selenium.remote.ProtocolHandshake.lambda$createSession$0(ProtocolHandshake.java:126)
	at org.openqa.selenium.remote.ProtocolHandshake.createSession(ProtocolHandshake.java:128)
	at org.openqa.selenium.remote.ProtocolHandshake.createSession(ProtocolHandshake.java:74)
	at org.openqa.selenium.remote.HttpCommandExecutor.execute(HttpCommandExecutor.java:136)
	at org.openqa.selenium.remote.service.DriverCommandExecutor.execute(DriverCommandExecutor.java:83)
	at org.openqa.selenium.remote.RemoteWebDriver.execute(RemoteWebDriver.java:552)
	at com.kms.katalon.selenium.driver.CFirefoxDriver.execute(CFirefoxDriver.java:27)
	at org.openqa.selenium.remote.RemoteWebDriver.startSession(RemoteWebDriver.java:213)
	at org.openqa.selenium.remote.RemoteWebDriver.&lt;init>(RemoteWebDriver.java:131)
	at org.openqa.selenium.firefox.FirefoxDriver.&lt;init>(FirefoxDriver.java:147)
	at com.kms.katalon.selenium.driver.CFirefoxDriver.&lt;init>(CFirefoxDriver.java:21)
	at com.kms.katalon.core.webui.driver.firefox.CGeckoDriver.&lt;init>(CGeckoDriver.java:12)
	at com.kms.katalon.core.webui.driver.firefox.CGeckoDriver.from(CGeckoDriver.java:17)
	at com.kms.katalon.core.webui.driver.DriverFactory.createNewFirefoxDriver(DriverFactory.java:677)
	at com.kms.katalon.core.webui.driver.DriverFactory.startNewBrowser(DriverFactory.java:349)
	at com.kms.katalon.core.webui.driver.DriverFactory.openWebDriver(DriverFactory.java:245)
	at com.kms.katalon.core.webui.keyword.builtin.OpenBrowserKeyword$_openBrowser_closure1.doCall(OpenBrowserKeyword.groovy:74)
	at com.kms.katalon.core.webui.keyword.builtin.OpenBrowserKeyword$_openBrowser_closure1.call(OpenBrowserKeyword.groovy)
	at com.kms.katalon.core.webui.keyword.internal.WebUIKeywordMain.runKeyword(WebUIKeywordMain.groovy:20)
	... 23 more
"/>
         <system-out><![CDATA[2021-07-24 08:24:35 - [TEST_CASE][FAILED] - Test Cases/Create Project/Negative/TS-CPR-33-CreateProjectThatIsGoingOverTheChecksLimitOfTheUsersPlanTestCase: Test Cases/Create Project/Negative/TS-CPR-33-CreateProjectThatIsGoingOverTheChecksLimitOfTheUsersPlanTestCase FAILED.
Reason:
com.kms.katalon.core.exception.StepFailedException: Unable to open browser with url: 'https://dev-v2.serpwatch.io/login'
	at com.kms.katalon.core.webui.keyword.internal.WebUIKeywordMain.stepFailed(WebUIKeywordMain.groovy:64)
	at com.kms.katalon.core.webui.keyword.internal.WebUIKeywordMain.runKeyword(WebUIKeywordMain.groovy:26)
	at com.kms.katalon.core.webui.keyword.builtin.OpenBrowserKeyword.openBrowser(OpenBrowserKeyword.groovy:81)
	at com.kms.katalon.core.webui.keyword.builtin.OpenBrowserKeyword.execute(OpenBrowserKeyword.groovy:67)
	at com.kms.katalon.core.keyword.internal.KeywordExecutor.executeKeywordForPlatform(KeywordExecutor.groovy:73)
	at com.kms.katalon.core.webui.keyword.WebUiBuiltInKeywords.openBrowser(WebUiBuiltInKeywords.groovy:64)
	at com.kms.katalon.core.webui.keyword.WebUiBuiltInKeywords$openBrowser.call(Unknown Source)
	at com.helper.browserhelper.CustomBrowser.openBrowser(CustomBrowser.groovy:28)
	at com.helper.browserhelper.CustomBrowser.login(CustomBrowser.groovy:42)
	at com.helper.browserhelper.CustomBrowser.invokeMethod(CustomBrowser.groovy)
	at com.kms.katalon.core.main.CustomKeywordDelegatingMetaClass.invokeStaticMethod(CustomKeywordDelegatingMetaClass.java:50)
	at TS-CPR-33-CreateProjectThatIsGoingOverTheChecksLimitOfTheUsersPlanTestCase.run(TS-CPR-33-CreateProjectThatIsGoingOverTheChecksLimitOfTheUsersPlanTestCase:20)
	at com.kms.katalon.core.main.ScriptEngine.run(ScriptEngine.java:194)
	at com.kms.katalon.core.main.ScriptEngine.runScriptAsRawText(ScriptEngine.java:119)
	at com.kms.katalon.core.main.TestCaseExecutor.runScript(TestCaseExecutor.java:369)
	at com.kms.katalon.core.main.TestCaseExecutor.doExecute(TestCaseExecutor.java:360)
	at com.kms.katalon.core.main.TestCaseExecutor.processExecutionPhase(TestCaseExecutor.java:339)
	at com.kms.katalon.core.main.TestCaseExecutor.accessMainPhase(TestCaseExecutor.java:331)
	at com.kms.katalon.core.main.TestCaseExecutor.execute(TestCaseExecutor.java:248)
	at com.kms.katalon.core.main.TestSuiteExecutor.accessTestCaseMainPhase(TestSuiteExecutor.java:191)
	at com.kms.katalon.core.main.TestSuiteExecutor.accessTestSuiteMainPhase(TestSuiteExecutor.java:140)
	at com.kms.katalon.core.main.TestSuiteExecutor.execute(TestSuiteExecutor.java:89)
	at com.kms.katalon.core.main.TestCaseMain.startTestSuite(TestCaseMain.java:185)
	at com.kms.katalon.core.main.TestCaseMain$startTestSuite$0.call(Unknown Source)
	at TempTestSuite1627089024543.run(TempTestSuite1627089024543.groovy:39)
Caused by: org.openqa.selenium.WebDriverException: connection refused
Build info: version: '3.141.59', revision: 'e82be7d358', time: '2018-11-14T08:25:53'
System info: host: 'DESKTOP-UGHKVCC', ip: '192.168.0.106', os.name: 'Windows 10', os.arch: 'amd64', os.version: '10.0', java.version: '1.8.0_282'
Driver info: driver.version: CGeckoDriver
remote stacktrace: 
	at org.openqa.selenium.remote.W3CHandshakeResponse.lambda$errorHandler$0(W3CHandshakeResponse.java:62)
	at org.openqa.selenium.remote.HandshakeResponse.lambda$getResponseFunction$0(HandshakeResponse.java:30)
	at org.openqa.selenium.remote.ProtocolHandshake.lambda$createSession$0(ProtocolHandshake.java:126)
	at org.openqa.selenium.remote.ProtocolHandshake.createSession(ProtocolHandshake.java:128)
	at org.openqa.selenium.remote.ProtocolHandshake.createSession(ProtocolHandshake.java:74)
	at org.openqa.selenium.remote.HttpCommandExecutor.execute(HttpCommandExecutor.java:136)
	at org.openqa.selenium.remote.service.DriverCommandExecutor.execute(DriverCommandExecutor.java:83)
	at org.openqa.selenium.remote.RemoteWebDriver.execute(RemoteWebDriver.java:552)
	at com.kms.katalon.selenium.driver.CFirefoxDriver.execute(CFirefoxDriver.java:27)
	at org.openqa.selenium.remote.RemoteWebDriver.startSession(RemoteWebDriver.java:213)
	at org.openqa.selenium.remote.RemoteWebDriver.<init>(RemoteWebDriver.java:131)
	at org.openqa.selenium.firefox.FirefoxDriver.<init>(FirefoxDriver.java:147)
	at com.kms.katalon.selenium.driver.CFirefoxDriver.<init>(CFirefoxDriver.java:21)
	at com.kms.katalon.core.webui.driver.firefox.CGeckoDriver.<init>(CGeckoDriver.java:12)
	at com.kms.katalon.core.webui.driver.firefox.CGeckoDriver.from(CGeckoDriver.java:17)
	at com.kms.katalon.core.webui.driver.DriverFactory.createNewFirefoxDriver(DriverFactory.java:677)
	at com.kms.katalon.core.webui.driver.DriverFactory.startNewBrowser(DriverFactory.java:349)
	at com.kms.katalon.core.webui.driver.DriverFactory.openWebDriver(DriverFactory.java:245)
	at com.kms.katalon.core.webui.keyword.builtin.OpenBrowserKeyword$_openBrowser_closure1.doCall(OpenBrowserKeyword.groovy:74)
	at com.kms.katalon.core.webui.keyword.builtin.OpenBrowserKeyword$_openBrowser_closure1.call(OpenBrowserKeyword.groovy)
	at com.kms.katalon.core.webui.keyword.internal.WebUIKeywordMain.runKeyword(WebUIKeywordMain.groovy:20)
	... 23 more


2021-07-24 08:24:35 - [TEST_STEP][FAILED] - com.helper.browserhelper.CustomBrowser.login(): Unable to open browser with url: 'https://dev-v2.serpwatch.io/login'

2021-07-24 08:24:35 - [MESSAGE][INFO] - Starting 'Firefox' driver

2021-07-24 08:24:35 - [MESSAGE][INFO] - Action delay is set to 0 milliseconds

2021-07-24 08:25:39 - [MESSAGE][FAILED] - Unable to open browser with url: 'https://dev-v2.serpwatch.io/login' (Root cause: com.kms.katalon.core.exception.StepFailedException: Unable to open browser with url: 'https://dev-v2.serpwatch.io/login'
	at com.kms.katalon.core.webui.keyword.internal.WebUIKeywordMain.stepFailed(WebUIKeywordMain.groovy:64)
	at com.kms.katalon.core.webui.keyword.internal.WebUIKeywordMain.runKeyword(WebUIKeywordMain.groovy:26)
	at com.kms.katalon.core.webui.keyword.builtin.OpenBrowserKeyword.openBrowser(OpenBrowserKeyword.groovy:81)
	at com.kms.katalon.core.webui.keyword.builtin.OpenBrowserKeyword.execute(OpenBrowserKeyword.groovy:67)
	at com.kms.katalon.core.keyword.internal.KeywordExecutor.executeKeywordForPlatform(KeywordExecutor.groovy:73)
	at com.kms.katalon.core.webui.keyword.WebUiBuiltInKeywords.openBrowser(WebUiBuiltInKeywords.groovy:64)
	at com.kms.katalon.core.webui.keyword.WebUiBuiltInKeywords$openBrowser.call(Unknown Source)
	at com.helper.browserhelper.CustomBrowser.openBrowser(CustomBrowser.groovy:28)
	at com.helper.browserhelper.CustomBrowser.login(CustomBrowser.groovy:42)
	at com.helper.browserhelper.CustomBrowser.invokeMethod(CustomBrowser.groovy)
	at com.kms.katalon.core.main.CustomKeywordDelegatingMetaClass.invokeStaticMethod(CustomKeywordDelegatingMetaClass.java:50)
	at TS-CPR-33-CreateProjectThatIsGoingOverTheChecksLimitOfTheUsersPlanTestCase.run(TS-CPR-33-CreateProjectThatIsGoingOverTheChecksLimitOfTheUsersPlanTestCase:20)
	at com.kms.katalon.core.main.ScriptEngine.run(ScriptEngine.java:194)
	at com.kms.katalon.core.main.ScriptEngine.runScriptAsRawText(ScriptEngine.java:119)
	at com.kms.katalon.core.main.TestCaseExecutor.runScript(TestCaseExecutor.java:369)
	at com.kms.katalon.core.main.TestCaseExecutor.doExecute(TestCaseExecutor.java:360)
	at com.kms.katalon.core.main.TestCaseExecutor.processExecutionPhase(TestCaseExecutor.java:339)
	at com.kms.katalon.core.main.TestCaseExecutor.accessMainPhase(TestCaseExecutor.java:331)
	at com.kms.katalon.core.main.TestCaseExecutor.execute(TestCaseExecutor.java:248)
	at com.kms.katalon.core.main.TestSuiteExecutor.accessTestCaseMainPhase(TestSuiteExecutor.java:191)
	at com.kms.katalon.core.main.TestSuiteExecutor.accessTestSuiteMainPhase(TestSuiteExecutor.java:140)
	at com.kms.katalon.core.main.TestSuiteExecutor.execute(TestSuiteExecutor.java:89)
	at com.kms.katalon.core.main.TestCaseMain.startTestSuite(TestCaseMain.java:185)
	at com.kms.katalon.core.main.TestCaseMain$startTestSuite$0.call(Unknown Source)
	at TempTestSuite1627089024543.run(TempTestSuite1627089024543.groovy:39)
Caused by: org.openqa.selenium.WebDriverException: connection refused
Build info: version: '3.141.59', revision: 'e82be7d358', time: '2018-11-14T08:25:53'
System info: host: 'DESKTOP-UGHKVCC', ip: '192.168.0.106', os.name: 'Windows 10', os.arch: 'amd64', os.version: '10.0', java.version: '1.8.0_282'
Driver info: driver.version: CGeckoDriver
remote stacktrace: 
	at org.openqa.selenium.remote.W3CHandshakeResponse.lambda$errorHandler$0(W3CHandshakeResponse.java:62)
	at org.openqa.selenium.remote.HandshakeResponse.lambda$getResponseFunction$0(HandshakeResponse.java:30)
	at org.openqa.selenium.remote.ProtocolHandshake.lambda$createSession$0(ProtocolHandshake.java:126)
	at org.openqa.selenium.remote.ProtocolHandshake.createSession(ProtocolHandshake.java:128)
	at org.openqa.selenium.remote.ProtocolHandshake.createSession(ProtocolHandshake.java:74)
	at org.openqa.selenium.remote.HttpCommandExecutor.execute(HttpCommandExecutor.java:136)
	at org.openqa.selenium.remote.service.DriverCommandExecutor.execute(DriverCommandExecutor.java:83)
	at org.openqa.selenium.remote.RemoteWebDriver.execute(RemoteWebDriver.java:552)
	at com.kms.katalon.selenium.driver.CFirefoxDriver.execute(CFirefoxDriver.java:27)
	at org.openqa.selenium.remote.RemoteWebDriver.startSession(RemoteWebDriver.java:213)
	at org.openqa.selenium.remote.RemoteWebDriver.<init>(RemoteWebDriver.java:131)
	at org.openqa.selenium.firefox.FirefoxDriver.<init>(FirefoxDriver.java:147)
	at com.kms.katalon.selenium.driver.CFirefoxDriver.<init>(CFirefoxDriver.java:21)
	at com.kms.katalon.core.webui.driver.firefox.CGeckoDriver.<init>(CGeckoDriver.java:12)
	at com.kms.katalon.core.webui.driver.firefox.CGeckoDriver.from(CGeckoDriver.java:17)
	at com.kms.katalon.core.webui.driver.DriverFactory.createNewFirefoxDriver(DriverFactory.java:677)
	at com.kms.katalon.core.webui.driver.DriverFactory.startNewBrowser(DriverFactory.java:349)
	at com.kms.katalon.core.webui.driver.DriverFactory.openWebDriver(DriverFactory.java:245)
	at com.kms.katalon.core.webui.keyword.builtin.OpenBrowserKeyword$_openBrowser_closure1.doCall(OpenBrowserKeyword.groovy:74)
	at com.kms.katalon.core.webui.keyword.builtin.OpenBrowserKeyword$_openBrowser_closure1.call(OpenBrowserKeyword.groovy)
	at com.kms.katalon.core.webui.keyword.internal.WebUIKeywordMain.runKeyword(WebUIKeywordMain.groovy:20)
	at com.kms.katalon.core.webui.keyword.builtin.OpenBrowserKeyword.openBrowser(OpenBrowserKeyword.groovy:81)
	at com.kms.katalon.core.webui.keyword.builtin.OpenBrowserKeyword.execute(OpenBrowserKeyword.groovy:67)
	at com.kms.katalon.core.keyword.internal.KeywordExecutor.executeKeywordForPlatform(KeywordExecutor.groovy:73)
	at com.kms.katalon.core.webui.keyword.WebUiBuiltInKeywords.openBrowser(WebUiBuiltInKeywords.groovy:64)
	at com.kms.katalon.core.webui.keyword.WebUiBuiltInKeywords$openBrowser.call(Unknown Source)
	at com.helper.browserhelper.CustomBrowser.openBrowser(CustomBrowser.groovy:28)
	at com.helper.browserhelper.CustomBrowser.login(CustomBrowser.groovy:42)
	at com.helper.browserhelper.CustomBrowser.invokeMethod(CustomBrowser.groovy)
	at com.kms.katalon.core.main.CustomKeywordDelegatingMetaClass.invokeStaticMethod(CustomKeywordDelegatingMetaClass.java:50)
	at Script1626774203574.run(Script1626774203574.groovy:20)
	... 13 more
)

2021-07-24 08:25:39 - [MESSAGE][FAILED] - Unable to open browser with url: 'https://dev-v2.serpwatch.io/login']]></system-out>
         <system-err><![CDATA[2021-07-24 08:24:35 - [TEST_CASE][FAILED] - Test Cases/Create Project/Negative/TS-CPR-33-CreateProjectThatIsGoingOverTheChecksLimitOfTheUsersPlanTestCase: Test Cases/Create Project/Negative/TS-CPR-33-CreateProjectThatIsGoingOverTheChecksLimitOfTheUsersPlanTestCase FAILED.
Reason:
com.kms.katalon.core.exception.StepFailedException: Unable to open browser with url: 'https://dev-v2.serpwatch.io/login'
	at com.kms.katalon.core.webui.keyword.internal.WebUIKeywordMain.stepFailed(WebUIKeywordMain.groovy:64)
	at com.kms.katalon.core.webui.keyword.internal.WebUIKeywordMain.runKeyword(WebUIKeywordMain.groovy:26)
	at com.kms.katalon.core.webui.keyword.builtin.OpenBrowserKeyword.openBrowser(OpenBrowserKeyword.groovy:81)
	at com.kms.katalon.core.webui.keyword.builtin.OpenBrowserKeyword.execute(OpenBrowserKeyword.groovy:67)
	at com.kms.katalon.core.keyword.internal.KeywordExecutor.executeKeywordForPlatform(KeywordExecutor.groovy:73)
	at com.kms.katalon.core.webui.keyword.WebUiBuiltInKeywords.openBrowser(WebUiBuiltInKeywords.groovy:64)
	at com.kms.katalon.core.webui.keyword.WebUiBuiltInKeywords$openBrowser.call(Unknown Source)
	at com.helper.browserhelper.CustomBrowser.openBrowser(CustomBrowser.groovy:28)
	at com.helper.browserhelper.CustomBrowser.login(CustomBrowser.groovy:42)
	at com.helper.browserhelper.CustomBrowser.invokeMethod(CustomBrowser.groovy)
	at com.kms.katalon.core.main.CustomKeywordDelegatingMetaClass.invokeStaticMethod(CustomKeywordDelegatingMetaClass.java:50)
	at TS-CPR-33-CreateProjectThatIsGoingOverTheChecksLimitOfTheUsersPlanTestCase.run(TS-CPR-33-CreateProjectThatIsGoingOverTheChecksLimitOfTheUsersPlanTestCase:20)
	at com.kms.katalon.core.main.ScriptEngine.run(ScriptEngine.java:194)
	at com.kms.katalon.core.main.ScriptEngine.runScriptAsRawText(ScriptEngine.java:119)
	at com.kms.katalon.core.main.TestCaseExecutor.runScript(TestCaseExecutor.java:369)
	at com.kms.katalon.core.main.TestCaseExecutor.doExecute(TestCaseExecutor.java:360)
	at com.kms.katalon.core.main.TestCaseExecutor.processExecutionPhase(TestCaseExecutor.java:339)
	at com.kms.katalon.core.main.TestCaseExecutor.accessMainPhase(TestCaseExecutor.java:331)
	at com.kms.katalon.core.main.TestCaseExecutor.execute(TestCaseExecutor.java:248)
	at com.kms.katalon.core.main.TestSuiteExecutor.accessTestCaseMainPhase(TestSuiteExecutor.java:191)
	at com.kms.katalon.core.main.TestSuiteExecutor.accessTestSuiteMainPhase(TestSuiteExecutor.java:140)
	at com.kms.katalon.core.main.TestSuiteExecutor.execute(TestSuiteExecutor.java:89)
	at com.kms.katalon.core.main.TestCaseMain.startTestSuite(TestCaseMain.java:185)
	at com.kms.katalon.core.main.TestCaseMain$startTestSuite$0.call(Unknown Source)
	at TempTestSuite1627089024543.run(TempTestSuite1627089024543.groovy:39)
Caused by: org.openqa.selenium.WebDriverException: connection refused
Build info: version: '3.141.59', revision: 'e82be7d358', time: '2018-11-14T08:25:53'
System info: host: 'DESKTOP-UGHKVCC', ip: '192.168.0.106', os.name: 'Windows 10', os.arch: 'amd64', os.version: '10.0', java.version: '1.8.0_282'
Driver info: driver.version: CGeckoDriver
remote stacktrace: 
	at org.openqa.selenium.remote.W3CHandshakeResponse.lambda$errorHandler$0(W3CHandshakeResponse.java:62)
	at org.openqa.selenium.remote.HandshakeResponse.lambda$getResponseFunction$0(HandshakeResponse.java:30)
	at org.openqa.selenium.remote.ProtocolHandshake.lambda$createSession$0(ProtocolHandshake.java:126)
	at org.openqa.selenium.remote.ProtocolHandshake.createSession(ProtocolHandshake.java:128)
	at org.openqa.selenium.remote.ProtocolHandshake.createSession(ProtocolHandshake.java:74)
	at org.openqa.selenium.remote.HttpCommandExecutor.execute(HttpCommandExecutor.java:136)
	at org.openqa.selenium.remote.service.DriverCommandExecutor.execute(DriverCommandExecutor.java:83)
	at org.openqa.selenium.remote.RemoteWebDriver.execute(RemoteWebDriver.java:552)
	at com.kms.katalon.selenium.driver.CFirefoxDriver.execute(CFirefoxDriver.java:27)
	at org.openqa.selenium.remote.RemoteWebDriver.startSession(RemoteWebDriver.java:213)
	at org.openqa.selenium.remote.RemoteWebDriver.<init>(RemoteWebDriver.java:131)
	at org.openqa.selenium.firefox.FirefoxDriver.<init>(FirefoxDriver.java:147)
	at com.kms.katalon.selenium.driver.CFirefoxDriver.<init>(CFirefoxDriver.java:21)
	at com.kms.katalon.core.webui.driver.firefox.CGeckoDriver.<init>(CGeckoDriver.java:12)
	at com.kms.katalon.core.webui.driver.firefox.CGeckoDriver.from(CGeckoDriver.java:17)
	at com.kms.katalon.core.webui.driver.DriverFactory.createNewFirefoxDriver(DriverFactory.java:677)
	at com.kms.katalon.core.webui.driver.DriverFactory.startNewBrowser(DriverFactory.java:349)
	at com.kms.katalon.core.webui.driver.DriverFactory.openWebDriver(DriverFactory.java:245)
	at com.kms.katalon.core.webui.keyword.builtin.OpenBrowserKeyword$_openBrowser_closure1.doCall(OpenBrowserKeyword.groovy:74)
	at com.kms.katalon.core.webui.keyword.builtin.OpenBrowserKeyword$_openBrowser_closure1.call(OpenBrowserKeyword.groovy)
	at com.kms.katalon.core.webui.keyword.internal.WebUIKeywordMain.runKeyword(WebUIKeywordMain.groovy:20)
	... 23 more]]></system-err>
      </testcase>
      <testcase name="Test Cases/Create Project/Negative/TS-CPR-30-CreateProjectUsingInvalidDomainFormatInDomainFieldTestCase" time="112.955" classname="Test Cases/Create Project/Negative/TS-CPR-30-CreateProjectUsingInvalidDomainFormatInDomainFieldTestCase" status="PASSED">
         <system-out><![CDATA[2021-07-24 08:25:39 - [TEST_CASE][PASSED] - Test Cases/Create Project/Negative/TS-CPR-30-CreateProjectUsingInvalidDomainFormatInDomainFieldTestCase: Test Cases/Create Project/Negative/TS-CPR-30-CreateProjectUsingInvalidDomainFormatInDomainFieldTestCase

2021-07-24 08:25:40 - [TEST_STEP][PASSED] - com.helper.browserhelper.CustomBrowser.login(): com.helper.browserhelper.CustomBrowser.login is PASSED

2021-07-24 08:25:40 - [MESSAGE][INFO] - Starting 'Firefox' driver

2021-07-24 08:25:40 - [MESSAGE][INFO] - Action delay is set to 0 milliseconds

2021-07-24 08:26:32 - [MESSAGE][PASSED] - Browser is opened with url: 'https://dev-v2.serpwatch.io/login'

2021-07-24 08:26:32 - [MESSAGE][PASSED] - Wait for page load successfully

2021-07-24 08:26:32 - [MESSAGE][PASSED] - Current window maximized

2021-07-24 08:26:32 - [MESSAGE][PASSED] - Wait for page load successfully

2021-07-24 08:26:33 - [MESSAGE][PASSED] - Keys 'ayatullah.arul@gmail.com' sent to object: 'Object Repository/LoginPage/input_sign in_email'

2021-07-24 08:26:33 - [MESSAGE][PASSED] - Keys 'aaa101' sent to object: 'Object Repository/LoginPage/input_sign in_password'

2021-07-24 08:26:57 - [MESSAGE][PASSED] - Object: 'Object Repository/LoginPage/button_login' is clicked on

2021-07-24 08:26:59 - [MESSAGE][PASSED] - Wait for page load successfully

2021-07-24 08:26:59 - [MESSAGE][PASSED] - com.helper.browserhelper.CustomBrowser.login is PASSED

2021-07-24 08:26:59 - [TEST_STEP][PASSED] - click(findTestObject("CreateNewProject/button_add_project")): Object: 'Object Repository/CreateNewProject/button_add_project' is clicked on

2021-07-24 08:27:06 - [MESSAGE][PASSED] - Object: 'Object Repository/CreateNewProject/button_add_project' is clicked on

2021-07-24 08:27:06 - [TEST_STEP][PASSED] - waitForElementVisible(findTestObject("CreateNewProject/popup_frame_choose_ project_type_domain_or_youtube"), Timeout): Object 'Object Repository/CreateNewProject/popup_frame_choose_ project_type_domain_or_youtube' is visible

2021-07-24 08:27:08 - [MESSAGE][PASSED] - Object 'Object Repository/CreateNewProject/popup_frame_choose_ project_type_domain_or_youtube' is visible

2021-07-24 08:27:08 - [TEST_STEP][PASSED] - click(findTestObject("CreateNewProject/button_domain")): Object: 'Object Repository/CreateNewProject/button_domain' is clicked on

2021-07-24 08:27:09 - [MESSAGE][PASSED] - Object: 'Object Repository/CreateNewProject/button_domain' is clicked on

2021-07-24 08:27:09 - [TEST_STEP][PASSED] - waitForElementPresent(findTestObject("CreateNewProject/popup_window_creating_project"), Timeout): Object 'Object Repository/CreateNewProject/popup_window_creating_project' is present

2021-07-24 08:27:14 - [MESSAGE][PASSED] - Object 'Object Repository/CreateNewProject/popup_window_creating_project' is present

2021-07-24 08:27:14 - [TEST_STEP][PASSED] - setText(findTestObject("CreateNewProject/FormPage_1/input_project_name"), ProjectNameText): Text 'Sample Project' is set on object 'Object Repository/CreateNewProject/FormPage_1/input_project_name'

2021-07-24 08:27:23 - [MESSAGE][PASSED] - Text 'Sample Project' is set on object 'Object Repository/CreateNewProject/FormPage_1/input_project_name'

2021-07-24 08:27:23 - [TEST_STEP][PASSED] - setText(findTestObject("CreateNewProject/FormPage_1/input_domain_name"), "2341sf"): Text '2341sf' is set on object 'Object Repository/CreateNewProject/FormPage_1/input_domain_name'

2021-07-24 08:27:24 - [MESSAGE][PASSED] - Text '2341sf' is set on object 'Object Repository/CreateNewProject/FormPage_1/input_domain_name'

2021-07-24 08:27:24 - [TEST_STEP][PASSED] - waitForElementVisible(findTestObject("CreateNewProject/FormPage_1/input_add_your_keyword"), Timeout): Object 'Object Repository/CreateNewProject/FormPage_1/input_add_your_keyword' is visible

2021-07-24 08:27:25 - [MESSAGE][PASSED] - Object 'Object Repository/CreateNewProject/FormPage_1/input_add_your_keyword' is visible

2021-07-24 08:27:25 - [TEST_STEP][PASSED] - setText(findTestObject("CreateNewProject/FormPage_1/input_add_your_keyword"), AddYourKeywordText): Text 'player' is set on object 'Object Repository/CreateNewProject/FormPage_1/input_add_your_keyword'

2021-07-24 08:27:26 - [MESSAGE][PASSED] - Text 'player' is set on object 'Object Repository/CreateNewProject/FormPage_1/input_add_your_keyword'

2021-07-24 08:27:26 - [TEST_STEP][PASSED] - click(findTestObject("CreateNewProject/FormPage_1/button_next")): Object: 'Object Repository/CreateNewProject/FormPage_1/button_next' is clicked on

2021-07-24 08:27:27 - [MESSAGE][PASSED] - Object: 'Object Repository/CreateNewProject/FormPage_1/button_next' is clicked on

2021-07-24 08:27:27 - [TEST_STEP][PASSED] - focus(findTestObject("CreateNewProject/FormPage_1/input_domain_name")): Object: 'Object Repository/CreateNewProject/FormPage_1/input_domain_name' is focused

2021-07-24 08:27:27 - [MESSAGE][PASSED] - Object: 'Object Repository/CreateNewProject/FormPage_1/input_domain_name' is focused

2021-07-24 08:27:27 - [TEST_STEP][PASSED] - delay(3): Delayed 3 second(s)

2021-07-24 08:27:30 - [MESSAGE][PASSED] - Delayed 3 second(s)

2021-07-24 08:27:30 - [TEST_STEP][PASSED] - com.helper.browserhelper.CustomBrowser.closeBrowser(): com.helper.browserhelper.CustomBrowser.closeBrowser is PASSED

2021-07-24 08:27:32 - [MESSAGE][PASSED] - Browser is closed

2021-07-24 08:27:32 - [MESSAGE][PASSED] - com.helper.browserhelper.CustomBrowser.closeBrowser is PASSED]]></system-out>
         <system-err><![CDATA[]]></system-err>
      </testcase>
      <testcase name="Test Cases/Create Project/Negative/TS-CPR-31-CreateProjectWithKeywordLessThan2CharactersTestCase" time="48.504" classname="Test Cases/Create Project/Negative/TS-CPR-31-CreateProjectWithKeywordLessThan2CharactersTestCase" status="PASSED">
         <system-out><![CDATA[2021-07-24 08:27:32 - [TEST_CASE][PASSED] - Test Cases/Create Project/Negative/TS-CPR-31-CreateProjectWithKeywordLessThan2CharactersTestCase: Test Cases/Create Project/Negative/TS-CPR-31-CreateProjectWithKeywordLessThan2CharactersTestCase

2021-07-24 08:27:33 - [TEST_STEP][PASSED] - com.helper.browserhelper.CustomBrowser.login(): com.helper.browserhelper.CustomBrowser.login is PASSED

2021-07-24 08:27:33 - [MESSAGE][INFO] - Starting 'Firefox' driver

2021-07-24 08:27:33 - [MESSAGE][INFO] - Action delay is set to 0 milliseconds

2021-07-24 08:27:50 - [MESSAGE][PASSED] - Browser is opened with url: 'https://dev-v2.serpwatch.io/login'

2021-07-24 08:27:50 - [MESSAGE][PASSED] - Wait for page load successfully

2021-07-24 08:27:50 - [MESSAGE][PASSED] - Current window maximized

2021-07-24 08:27:50 - [MESSAGE][PASSED] - Wait for page load successfully

2021-07-24 08:27:50 - [MESSAGE][PASSED] - Keys 'ayatullah.arul@gmail.com' sent to object: 'Object Repository/LoginPage/input_sign in_email'

2021-07-24 08:27:51 - [MESSAGE][PASSED] - Keys 'aaa101' sent to object: 'Object Repository/LoginPage/input_sign in_password'

2021-07-24 08:27:58 - [MESSAGE][PASSED] - Object: 'Object Repository/LoginPage/button_login' is clicked on

2021-07-24 08:27:58 - [MESSAGE][PASSED] - Wait for page load successfully

2021-07-24 08:27:58 - [MESSAGE][PASSED] - com.helper.browserhelper.CustomBrowser.login is PASSED

2021-07-24 08:27:58 - [TEST_STEP][PASSED] - click(findTestObject("CreateNewProject/button_add_project")): Object: 'Object Repository/CreateNewProject/button_add_project' is clicked on

2021-07-24 08:27:59 - [MESSAGE][PASSED] - Object: 'Object Repository/CreateNewProject/button_add_project' is clicked on

2021-07-24 08:27:59 - [TEST_STEP][PASSED] - waitForElementVisible(findTestObject("CreateNewProject/popup_frame_choose_ project_type_domain_or_youtube"), Timeout): Object 'Object Repository/CreateNewProject/popup_frame_choose_ project_type_domain_or_youtube' is visible

2021-07-24 08:28:00 - [MESSAGE][PASSED] - Object 'Object Repository/CreateNewProject/popup_frame_choose_ project_type_domain_or_youtube' is visible

2021-07-24 08:28:00 - [TEST_STEP][PASSED] - click(findTestObject("CreateNewProject/button_domain")): Object: 'Object Repository/CreateNewProject/button_domain' is clicked on

2021-07-24 08:28:01 - [MESSAGE][PASSED] - Object: 'Object Repository/CreateNewProject/button_domain' is clicked on

2021-07-24 08:28:01 - [TEST_STEP][PASSED] - waitForElementPresent(findTestObject("CreateNewProject/popup_window_creating_project"), Timeout): Object 'Object Repository/CreateNewProject/popup_window_creating_project' is present

2021-07-24 08:28:04 - [MESSAGE][PASSED] - Object 'Object Repository/CreateNewProject/popup_window_creating_project' is present

2021-07-24 08:28:04 - [TEST_STEP][PASSED] - setText(findTestObject("CreateNewProject/FormPage_1/input_domain_name"), DomainText1): Text 'goal.com' is set on object 'Object Repository/CreateNewProject/FormPage_1/input_domain_name'

2021-07-24 08:28:12 - [MESSAGE][PASSED] - Text 'goal.com' is set on object 'Object Repository/CreateNewProject/FormPage_1/input_domain_name'

2021-07-24 08:28:12 - [TEST_STEP][PASSED] - waitForElementVisible(findTestObject("CreateNewProject/FormPage_1/input_add_your_keyword"), Timeout): Object 'Object Repository/CreateNewProject/FormPage_1/input_add_your_keyword' is visible

2021-07-24 08:28:13 - [MESSAGE][PASSED] - Object 'Object Repository/CreateNewProject/FormPage_1/input_add_your_keyword' is visible

2021-07-24 08:28:13 - [TEST_STEP][PASSED] - setText(findTestObject("CreateNewProject/FormPage_1/input_add_your_keyword"), "q"): Text 'q' is set on object 'Object Repository/CreateNewProject/FormPage_1/input_add_your_keyword'

2021-07-24 08:28:13 - [MESSAGE][PASSED] - Text 'q' is set on object 'Object Repository/CreateNewProject/FormPage_1/input_add_your_keyword'

2021-07-24 08:28:13 - [TEST_STEP][PASSED] - click(findTestObject("CreateNewProject/FormPage_1/button_next")): Object: 'Object Repository/CreateNewProject/FormPage_1/button_next' is clicked on

2021-07-24 08:28:14 - [MESSAGE][PASSED] - Object: 'Object Repository/CreateNewProject/FormPage_1/button_next' is clicked on

2021-07-24 08:28:14 - [TEST_STEP][PASSED] - focus(findTestObject("CreateNewProject/FormPage_1/input_add_your_keyword")): Object: 'Object Repository/CreateNewProject/FormPage_1/input_add_your_keyword' is focused

2021-07-24 08:28:15 - [MESSAGE][PASSED] - Object: 'Object Repository/CreateNewProject/FormPage_1/input_add_your_keyword' is focused

2021-07-24 08:28:15 - [TEST_STEP][PASSED] - delay(3): Delayed 3 second(s)

2021-07-24 08:28:18 - [MESSAGE][PASSED] - Delayed 3 second(s)

2021-07-24 08:28:18 - [TEST_STEP][PASSED] - com.helper.browserhelper.CustomBrowser.closeBrowser(): com.helper.browserhelper.CustomBrowser.closeBrowser is PASSED

2021-07-24 08:28:21 - [MESSAGE][PASSED] - Browser is closed

2021-07-24 08:28:21 - [MESSAGE][PASSED] - com.helper.browserhelper.CustomBrowser.closeBrowser is PASSED]]></system-out>
         <system-err><![CDATA[]]></system-err>
      </testcase>
      <testcase name="Test Cases/Create Project/Negative/TS-CPR-29-CreateProjectWithNameFieldWithLessThan2CharactersTestCase" time="51.705" classname="Test Cases/Create Project/Negative/TS-CPR-29-CreateProjectWithNameFieldWithLessThan2CharactersTestCase" status="PASSED">
         <system-out><![CDATA[2021-07-24 08:28:21 - [TEST_CASE][PASSED] - Test Cases/Create Project/Negative/TS-CPR-29-CreateProjectWithNameFieldWithLessThan2CharactersTestCase: Test Cases/Create Project/Negative/TS-CPR-29-CreateProjectWithNameFieldWithLessThan2CharactersTestCase

2021-07-24 08:28:21 - [TEST_STEP][PASSED] - com.helper.browserhelper.CustomBrowser.login(): com.helper.browserhelper.CustomBrowser.login is PASSED

2021-07-24 08:28:21 - [MESSAGE][INFO] - Starting 'Firefox' driver

2021-07-24 08:28:21 - [MESSAGE][INFO] - Action delay is set to 0 milliseconds

2021-07-24 08:28:40 - [MESSAGE][PASSED] - Browser is opened with url: 'https://dev-v2.serpwatch.io/login'

2021-07-24 08:28:40 - [MESSAGE][PASSED] - Wait for page load successfully

2021-07-24 08:28:40 - [MESSAGE][PASSED] - Current window maximized

2021-07-24 08:28:40 - [MESSAGE][PASSED] - Wait for page load successfully

2021-07-24 08:28:40 - [MESSAGE][PASSED] - Keys 'ayatullah.arul@gmail.com' sent to object: 'Object Repository/LoginPage/input_sign in_email'

2021-07-24 08:28:40 - [MESSAGE][PASSED] - Keys 'aaa101' sent to object: 'Object Repository/LoginPage/input_sign in_password'

2021-07-24 08:28:48 - [MESSAGE][PASSED] - Object: 'Object Repository/LoginPage/button_login' is clicked on

2021-07-24 08:28:48 - [MESSAGE][PASSED] - Wait for page load successfully

2021-07-24 08:28:48 - [MESSAGE][PASSED] - com.helper.browserhelper.CustomBrowser.login is PASSED

2021-07-24 08:28:48 - [TEST_STEP][PASSED] - click(findTestObject("CreateNewProject/button_add_project")): Object: 'Object Repository/CreateNewProject/button_add_project' is clicked on

2021-07-24 08:28:50 - [MESSAGE][PASSED] - Object: 'Object Repository/CreateNewProject/button_add_project' is clicked on

2021-07-24 08:28:50 - [TEST_STEP][PASSED] - waitForElementVisible(findTestObject("CreateNewProject/popup_frame_choose_ project_type_domain_or_youtube"), Timeout): Object 'Object Repository/CreateNewProject/popup_frame_choose_ project_type_domain_or_youtube' is visible

2021-07-24 08:28:50 - [MESSAGE][PASSED] - Object 'Object Repository/CreateNewProject/popup_frame_choose_ project_type_domain_or_youtube' is visible

2021-07-24 08:28:50 - [TEST_STEP][PASSED] - click(findTestObject("CreateNewProject/button_domain")): Object: 'Object Repository/CreateNewProject/button_domain' is clicked on

2021-07-24 08:28:51 - [MESSAGE][PASSED] - Object: 'Object Repository/CreateNewProject/button_domain' is clicked on

2021-07-24 08:28:51 - [TEST_STEP][PASSED] - waitForElementPresent(findTestObject("CreateNewProject/FormPage_1/input_project_name"), Timeout): Object 'Object Repository/CreateNewProject/FormPage_1/input_project_name' is present

2021-07-24 08:29:02 - [MESSAGE][PASSED] - Object 'Object Repository/CreateNewProject/FormPage_1/input_project_name' is present

2021-07-24 08:29:02 - [TEST_STEP][PASSED] - setText(findTestObject("CreateNewProject/FormPage_1/input_project_name"), "S"): Text 'S' is set on object 'Object Repository/CreateNewProject/FormPage_1/input_project_name'

2021-07-24 08:29:03 - [MESSAGE][PASSED] - Text 'S' is set on object 'Object Repository/CreateNewProject/FormPage_1/input_project_name'

2021-07-24 08:29:03 - [TEST_STEP][PASSED] - setText(findTestObject("CreateNewProject/FormPage_1/input_domain_name"), DomainText1): Text 'goal.com' is set on object 'Object Repository/CreateNewProject/FormPage_1/input_domain_name'

2021-07-24 08:29:04 - [MESSAGE][PASSED] - Text 'goal.com' is set on object 'Object Repository/CreateNewProject/FormPage_1/input_domain_name'

2021-07-24 08:29:04 - [TEST_STEP][PASSED] - setText(findTestObject("CreateNewProject/FormPage_1/input_add_your_keyword"), AddYourKeywordText): Text 'player' is set on object 'Object Repository/CreateNewProject/FormPage_1/input_add_your_keyword'

2021-07-24 08:29:04 - [MESSAGE][PASSED] - Text 'player' is set on object 'Object Repository/CreateNewProject/FormPage_1/input_add_your_keyword'

2021-07-24 08:29:04 - [TEST_STEP][PASSED] - click(findTestObject("CreateNewProject/FormPage_1/button_next")): Object: 'Object Repository/CreateNewProject/FormPage_1/button_next' is clicked on

2021-07-24 08:29:05 - [MESSAGE][PASSED] - Object: 'Object Repository/CreateNewProject/FormPage_1/button_next' is clicked on

2021-07-24 08:29:05 - [TEST_STEP][PASSED] - waitForPageLoad(Timeout): Wait for page load successfully

2021-07-24 08:29:05 - [MESSAGE][PASSED] - Wait for page load successfully

2021-07-24 08:29:05 - [TEST_STEP][PASSED] - focus(findTestObject("CreateNewProject/FormPage_1/input_project_name")): Object: 'Object Repository/CreateNewProject/FormPage_1/input_project_name' is focused

2021-07-24 08:29:07 - [MESSAGE][PASSED] - Object: 'Object Repository/CreateNewProject/FormPage_1/input_project_name' is focused

2021-07-24 08:29:07 - [TEST_STEP][PASSED] - delay(3): Delayed 3 second(s)

2021-07-24 08:29:10 - [MESSAGE][PASSED] - Delayed 3 second(s)

2021-07-24 08:29:10 - [TEST_STEP][PASSED] - com.helper.browserhelper.CustomBrowser.closeBrowser(): com.helper.browserhelper.CustomBrowser.closeBrowser is PASSED

2021-07-24 08:29:13 - [MESSAGE][PASSED] - Browser is closed

2021-07-24 08:29:13 - [MESSAGE][PASSED] - com.helper.browserhelper.CustomBrowser.closeBrowser is PASSED]]></system-out>
         <system-err><![CDATA[]]></system-err>
      </testcase>
      <testcase name="Test Cases/Create Project/Negative/TS-CPR-28-CreateProjectWithoutAnyEnginesOrDevicesSelectedTestCase" time="42.321" classname="Test Cases/Create Project/Negative/TS-CPR-28-CreateProjectWithoutAnyEnginesOrDevicesSelectedTestCase" status="PASSED">
         <system-out><![CDATA[2021-07-24 08:29:13 - [TEST_CASE][PASSED] - Test Cases/Create Project/Negative/TS-CPR-28-CreateProjectWithoutAnyEnginesOrDevicesSelectedTestCase: Test Cases/Create Project/Negative/TS-CPR-28-CreateProjectWithoutAnyEnginesOrDevicesSelectedTestCase

2021-07-24 08:29:13 - [TEST_STEP][PASSED] - com.helper.browserhelper.CustomBrowser.login(): com.helper.browserhelper.CustomBrowser.login is PASSED

2021-07-24 08:29:13 - [MESSAGE][INFO] - Starting 'Firefox' driver

2021-07-24 08:29:13 - [MESSAGE][INFO] - Action delay is set to 0 milliseconds

2021-07-24 08:29:28 - [MESSAGE][PASSED] - Browser is opened with url: 'https://dev-v2.serpwatch.io/login'

2021-07-24 08:29:28 - [MESSAGE][PASSED] - Wait for page load successfully

2021-07-24 08:29:28 - [MESSAGE][PASSED] - Current window maximized

2021-07-24 08:29:28 - [MESSAGE][PASSED] - Wait for page load successfully

2021-07-24 08:29:28 - [MESSAGE][PASSED] - Keys 'ayatullah.arul@gmail.com' sent to object: 'Object Repository/LoginPage/input_sign in_email'

2021-07-24 08:29:29 - [MESSAGE][PASSED] - Keys 'aaa101' sent to object: 'Object Repository/LoginPage/input_sign in_password'

2021-07-24 08:29:35 - [MESSAGE][PASSED] - Object: 'Object Repository/LoginPage/button_login' is clicked on

2021-07-24 08:29:35 - [MESSAGE][PASSED] - Wait for page load successfully

2021-07-24 08:29:35 - [MESSAGE][PASSED] - com.helper.browserhelper.CustomBrowser.login is PASSED

2021-07-24 08:29:35 - [TEST_STEP][PASSED] - click(findTestObject("CreateNewProject/button_add_project")): Object: 'Object Repository/CreateNewProject/button_add_project' is clicked on

2021-07-24 08:29:37 - [MESSAGE][PASSED] - Object: 'Object Repository/CreateNewProject/button_add_project' is clicked on

2021-07-24 08:29:37 - [TEST_STEP][PASSED] - waitForElementVisible(findTestObject("CreateNewProject/popup_frame_choose_ project_type_domain_or_youtube"), Timeout): Object 'Object Repository/CreateNewProject/popup_frame_choose_ project_type_domain_or_youtube' is visible

2021-07-24 08:29:37 - [MESSAGE][PASSED] - Object 'Object Repository/CreateNewProject/popup_frame_choose_ project_type_domain_or_youtube' is visible

2021-07-24 08:29:37 - [TEST_STEP][PASSED] - click(findTestObject("CreateNewProject/button_domain")): Object: 'Object Repository/CreateNewProject/button_domain' is clicked on

2021-07-24 08:29:38 - [MESSAGE][PASSED] - Object: 'Object Repository/CreateNewProject/button_domain' is clicked on

2021-07-24 08:29:38 - [TEST_STEP][PASSED] - waitForElementPresent(findTestObject("CreateNewProject/popup_window_creating_project"), Timeout): Object 'Object Repository/CreateNewProject/popup_window_creating_project' is present

2021-07-24 08:29:41 - [MESSAGE][PASSED] - Object 'Object Repository/CreateNewProject/popup_window_creating_project' is present

2021-07-24 08:29:41 - [TEST_STEP][PASSED] - setText(findTestObject("CreateNewProject/FormPage_1/input_project_name"), ProjectNameText): Text 'Sample Project' is set on object 'Object Repository/CreateNewProject/FormPage_1/input_project_name'

2021-07-24 08:29:49 - [MESSAGE][PASSED] - Text 'Sample Project' is set on object 'Object Repository/CreateNewProject/FormPage_1/input_project_name'

2021-07-24 08:29:49 - [TEST_STEP][PASSED] - setText(findTestObject("CreateNewProject/FormPage_1/input_domain_name"), DomainText1): Text 'goal.com' is set on object 'Object Repository/CreateNewProject/FormPage_1/input_domain_name'

2021-07-24 08:29:50 - [MESSAGE][PASSED] - Text 'goal.com' is set on object 'Object Repository/CreateNewProject/FormPage_1/input_domain_name'

2021-07-24 08:29:50 - [TEST_STEP][PASSED] - waitForElementVisible(findTestObject("CreateNewProject/FormPage_1/input_add_your_keyword"), Timeout): Object 'Object Repository/CreateNewProject/FormPage_1/input_add_your_keyword' is visible

2021-07-24 08:29:50 - [MESSAGE][PASSED] - Object 'Object Repository/CreateNewProject/FormPage_1/input_add_your_keyword' is visible

2021-07-24 08:29:50 - [TEST_STEP][PASSED] - setText(findTestObject("CreateNewProject/FormPage_1/input_add_your_keyword"), AddYourKeywordText): Text 'player' is set on object 'Object Repository/CreateNewProject/FormPage_1/input_add_your_keyword'

2021-07-24 08:29:51 - [MESSAGE][PASSED] - Text 'player' is set on object 'Object Repository/CreateNewProject/FormPage_1/input_add_your_keyword'

2021-07-24 08:29:51 - [TEST_STEP][PASSED] - click(findTestObject("CreateNewProject/FormPage_1/button_next")): Object: 'Object Repository/CreateNewProject/FormPage_1/button_next' is clicked on

2021-07-24 08:29:52 - [MESSAGE][PASSED] - Object: 'Object Repository/CreateNewProject/FormPage_1/button_next' is clicked on

2021-07-24 08:29:52 - [TEST_STEP][PASSED] - uncheck(findTestObject("CreateNewProject/FormPage_2/checkbox_engine_google_desktop")): Object 'Object Repository/CreateNewProject/FormPage_2/checkbox_engine_google_desktop' is un-checked

2021-07-24 08:29:54 - [MESSAGE][PASSED] - Object 'Object Repository/CreateNewProject/FormPage_2/checkbox_engine_google_desktop' is un-checked

2021-07-24 08:29:54 - [TEST_STEP][PASSED] - uncheck(findTestObject("CreateNewProject/FormPage_2/checkbox_engine_google_mobile")): Object 'Object Repository/CreateNewProject/FormPage_2/checkbox_engine_google_mobile' is un-checked

2021-07-24 08:29:55 - [MESSAGE][PASSED] - Object 'Object Repository/CreateNewProject/FormPage_2/checkbox_engine_google_mobile' is un-checked

2021-07-24 08:29:55 - [TEST_STEP][PASSED] - waitForPageLoad(Timeout): Wait for page load successfully

2021-07-24 08:29:55 - [MESSAGE][PASSED] - Wait for page load successfully]]></system-out>
         <system-err><![CDATA[]]></system-err>
      </testcase>
      <testcase name="Test Cases/Create Project/Negative/TS-CPR-26-CreateProjectWithoutEnteringAnyKeywordsTestCase" time="50.634" classname="Test Cases/Create Project/Negative/TS-CPR-26-CreateProjectWithoutEnteringAnyKeywordsTestCase" status="PASSED">
         <system-out><![CDATA[2021-07-24 08:29:55 - [TEST_CASE][PASSED] - Test Cases/Create Project/Negative/TS-CPR-26-CreateProjectWithoutEnteringAnyKeywordsTestCase: Test Cases/Create Project/Negative/TS-CPR-26-CreateProjectWithoutEnteringAnyKeywordsTestCase

2021-07-24 08:29:55 - [TEST_STEP][PASSED] - com.helper.browserhelper.CustomBrowser.login(): com.helper.browserhelper.CustomBrowser.login is PASSED

2021-07-24 08:29:55 - [MESSAGE][WARNING] - A browser is already opened. Closing browser and opening a new one

2021-07-24 08:29:59 - [MESSAGE][INFO] - Starting 'Firefox' driver

2021-07-24 08:29:59 - [MESSAGE][INFO] - Action delay is set to 0 milliseconds

2021-07-24 08:30:16 - [MESSAGE][PASSED] - Browser is opened with url: 'https://dev-v2.serpwatch.io/login'

2021-07-24 08:30:16 - [MESSAGE][PASSED] - Wait for page load successfully

2021-07-24 08:30:16 - [MESSAGE][PASSED] - Current window maximized

2021-07-24 08:30:16 - [MESSAGE][PASSED] - Wait for page load successfully

2021-07-24 08:30:17 - [MESSAGE][PASSED] - Keys 'ayatullah.arul@gmail.com' sent to object: 'Object Repository/LoginPage/input_sign in_email'

2021-07-24 08:30:17 - [MESSAGE][PASSED] - Keys 'aaa101' sent to object: 'Object Repository/LoginPage/input_sign in_password'

2021-07-24 08:30:27 - [MESSAGE][PASSED] - Object: 'Object Repository/LoginPage/button_login' is clicked on

2021-07-24 08:30:27 - [MESSAGE][PASSED] - Wait for page load successfully

2021-07-24 08:30:27 - [MESSAGE][PASSED] - com.helper.browserhelper.CustomBrowser.login is PASSED

2021-07-24 08:30:27 - [TEST_STEP][PASSED] - click(findTestObject("CreateNewProject/button_add_project")): Object: 'Object Repository/CreateNewProject/button_add_project' is clicked on

2021-07-24 08:30:28 - [MESSAGE][PASSED] - Object: 'Object Repository/CreateNewProject/button_add_project' is clicked on

2021-07-24 08:30:28 - [TEST_STEP][PASSED] - waitForElementVisible(findTestObject("CreateNewProject/popup_frame_choose_ project_type_domain_or_youtube"), Timeout): Object 'Object Repository/CreateNewProject/popup_frame_choose_ project_type_domain_or_youtube' is visible

2021-07-24 08:30:29 - [MESSAGE][PASSED] - Object 'Object Repository/CreateNewProject/popup_frame_choose_ project_type_domain_or_youtube' is visible

2021-07-24 08:30:29 - [TEST_STEP][PASSED] - click(findTestObject("CreateNewProject/button_domain")): Object: 'Object Repository/CreateNewProject/button_domain' is clicked on

2021-07-24 08:30:29 - [MESSAGE][PASSED] - Object: 'Object Repository/CreateNewProject/button_domain' is clicked on

2021-07-24 08:30:29 - [TEST_STEP][PASSED] - waitForElementPresent(findTestObject("CreateNewProject/FormPage_1/button_next"), Timeout): Object 'Object Repository/CreateNewProject/FormPage_1/button_next' is present

2021-07-24 08:30:32 - [MESSAGE][PASSED] - Object 'Object Repository/CreateNewProject/FormPage_1/button_next' is present

2021-07-24 08:30:32 - [TEST_STEP][PASSED] - click(findTestObject("CreateNewProject/FormPage_1/button_next")): Object: 'Object Repository/CreateNewProject/FormPage_1/button_next' is clicked on

2021-07-24 08:30:40 - [MESSAGE][PASSED] - Object: 'Object Repository/CreateNewProject/FormPage_1/button_next' is clicked on

2021-07-24 08:30:40 - [TEST_STEP][PASSED] - waitForPageLoad(Timeout): Wait for page load successfully

2021-07-24 08:30:40 - [MESSAGE][PASSED] - Wait for page load successfully

2021-07-24 08:30:40 - [TEST_STEP][PASSED] - focus(findTestObject("CreateNewProject/FormPage_1/input_domain_name")): Object: 'Object Repository/CreateNewProject/FormPage_1/input_domain_name' is focused

2021-07-24 08:30:41 - [MESSAGE][PASSED] - Object: 'Object Repository/CreateNewProject/FormPage_1/input_domain_name' is focused

2021-07-24 08:30:41 - [TEST_STEP][PASSED] - delay(3): Delayed 3 second(s)

2021-07-24 08:30:44 - [MESSAGE][PASSED] - Delayed 3 second(s)

2021-07-24 08:30:44 - [TEST_STEP][PASSED] - com.helper.browserhelper.CustomBrowser.closeBrowser(): com.helper.browserhelper.CustomBrowser.closeBrowser is PASSED

2021-07-24 08:30:46 - [MESSAGE][PASSED] - Browser is closed

2021-07-24 08:30:46 - [MESSAGE][PASSED] - com.helper.browserhelper.CustomBrowser.closeBrowser is PASSED]]></system-out>
         <system-err><![CDATA[]]></system-err>
      </testcase>
      <testcase name="Test Cases/Create Project/Negative/TS-CPR-25-CreateProjectWithoutFillingDomainFieldTestCase" time="48.289" classname="Test Cases/Create Project/Negative/TS-CPR-25-CreateProjectWithoutFillingDomainFieldTestCase" status="PASSED">
         <system-out><![CDATA[2021-07-24 08:30:46 - [TEST_CASE][PASSED] - Test Cases/Create Project/Negative/TS-CPR-25-CreateProjectWithoutFillingDomainFieldTestCase: Test Cases/Create Project/Negative/TS-CPR-25-CreateProjectWithoutFillingDomainFieldTestCase

2021-07-24 08:30:46 - [TEST_STEP][PASSED] - com.helper.browserhelper.CustomBrowser.login(): com.helper.browserhelper.CustomBrowser.login is PASSED

2021-07-24 08:30:46 - [MESSAGE][INFO] - Starting 'Firefox' driver

2021-07-24 08:30:46 - [MESSAGE][INFO] - Action delay is set to 0 milliseconds

2021-07-24 08:31:00 - [MESSAGE][PASSED] - Browser is opened with url: 'https://dev-v2.serpwatch.io/login'

2021-07-24 08:31:00 - [MESSAGE][PASSED] - Wait for page load successfully

2021-07-24 08:31:00 - [MESSAGE][PASSED] - Current window maximized

2021-07-24 08:31:01 - [MESSAGE][PASSED] - Wait for page load successfully

2021-07-24 08:31:01 - [MESSAGE][PASSED] - Keys 'ayatullah.arul@gmail.com' sent to object: 'Object Repository/LoginPage/input_sign in_email'

2021-07-24 08:31:01 - [MESSAGE][PASSED] - Keys 'aaa101' sent to object: 'Object Repository/LoginPage/input_sign in_password'

2021-07-24 08:31:09 - [MESSAGE][PASSED] - Object: 'Object Repository/LoginPage/button_login' is clicked on

2021-07-24 08:31:09 - [MESSAGE][PASSED] - Wait for page load successfully

2021-07-24 08:31:09 - [MESSAGE][PASSED] - com.helper.browserhelper.CustomBrowser.login is PASSED

2021-07-24 08:31:09 - [TEST_STEP][PASSED] - click(findTestObject("CreateNewProject/button_add_project")): Object: 'Object Repository/CreateNewProject/button_add_project' is clicked on

2021-07-24 08:31:11 - [MESSAGE][PASSED] - Object: 'Object Repository/CreateNewProject/button_add_project' is clicked on

2021-07-24 08:31:11 - [TEST_STEP][PASSED] - waitForElementVisible(findTestObject("CreateNewProject/popup_frame_choose_ project_type_domain_or_youtube"), Timeout): Object 'Object Repository/CreateNewProject/popup_frame_choose_ project_type_domain_or_youtube' is visible

2021-07-24 08:31:11 - [MESSAGE][PASSED] - Object 'Object Repository/CreateNewProject/popup_frame_choose_ project_type_domain_or_youtube' is visible

2021-07-24 08:31:11 - [TEST_STEP][PASSED] - click(findTestObject("CreateNewProject/button_domain")): Object: 'Object Repository/CreateNewProject/button_domain' is clicked on

2021-07-24 08:31:12 - [MESSAGE][PASSED] - Object: 'Object Repository/CreateNewProject/button_domain' is clicked on

2021-07-24 08:31:12 - [TEST_STEP][PASSED] - waitForElementPresent(findTestObject("CreateNewProject/FormPage_1/input_domain_name"), Timeout): Object 'Object Repository/CreateNewProject/FormPage_1/input_domain_name' is present

2021-07-24 08:31:14 - [MESSAGE][PASSED] - Object 'Object Repository/CreateNewProject/FormPage_1/input_domain_name' is present

2021-07-24 08:31:14 - [TEST_STEP][PASSED] - setText(findTestObject("CreateNewProject/FormPage_1/input_project_name"), ProjectNameText): Text 'Sample Project' is set on object 'Object Repository/CreateNewProject/FormPage_1/input_project_name'

2021-07-24 08:31:24 - [MESSAGE][PASSED] - Text 'Sample Project' is set on object 'Object Repository/CreateNewProject/FormPage_1/input_project_name'

2021-07-24 08:31:24 - [TEST_STEP][PASSED] - setText(findTestObject("CreateNewProject/FormPage_1/input_domain_name"), ""): Text '' is set on object 'Object Repository/CreateNewProject/FormPage_1/input_domain_name'

2021-07-24 08:31:25 - [MESSAGE][PASSED] - Text '' is set on object 'Object Repository/CreateNewProject/FormPage_1/input_domain_name'

2021-07-24 08:31:25 - [TEST_STEP][PASSED] - setText(findTestObject("CreateNewProject/FormPage_1/input_add_your_keyword"), AddYourKeywordText): Text 'player' is set on object 'Object Repository/CreateNewProject/FormPage_1/input_add_your_keyword'

2021-07-24 08:31:26 - [MESSAGE][PASSED] - Text 'player' is set on object 'Object Repository/CreateNewProject/FormPage_1/input_add_your_keyword'

2021-07-24 08:31:26 - [TEST_STEP][PASSED] - click(findTestObject("CreateNewProject/FormPage_1/button_next")): Object: 'Object Repository/CreateNewProject/FormPage_1/button_next' is clicked on

2021-07-24 08:31:27 - [MESSAGE][PASSED] - Object: 'Object Repository/CreateNewProject/FormPage_1/button_next' is clicked on

2021-07-24 08:31:27 - [TEST_STEP][PASSED] - waitForPageLoad(Timeout): Wait for page load successfully

2021-07-24 08:31:27 - [MESSAGE][PASSED] - Wait for page load successfully

2021-07-24 08:31:27 - [TEST_STEP][PASSED] - focus(findTestObject("CreateNewProject/FormPage_1/input_domain_name")): Object: 'Object Repository/CreateNewProject/FormPage_1/input_domain_name' is focused

2021-07-24 08:31:28 - [MESSAGE][PASSED] - Object: 'Object Repository/CreateNewProject/FormPage_1/input_domain_name' is focused

2021-07-24 08:31:28 - [TEST_STEP][PASSED] - delay(3): Delayed 3 second(s)

2021-07-24 08:31:31 - [MESSAGE][PASSED] - Delayed 3 second(s)

2021-07-24 08:31:31 - [TEST_STEP][PASSED] - com.helper.browserhelper.CustomBrowser.closeBrowser(): com.helper.browserhelper.CustomBrowser.closeBrowser is PASSED

2021-07-24 08:31:34 - [MESSAGE][PASSED] - Browser is closed

2021-07-24 08:31:34 - [MESSAGE][PASSED] - com.helper.browserhelper.CustomBrowser.closeBrowser is PASSED]]></system-out>
         <system-err><![CDATA[]]></system-err>
      </testcase>
      <testcase name="Test Cases/Create Project/Negative/TS-CPR-24-CreateProjectWithoutFillingNameFieldTestCase" time="70.578" classname="Test Cases/Create Project/Negative/TS-CPR-24-CreateProjectWithoutFillingNameFieldTestCase" status="PASSED">
         <system-out><![CDATA[2021-07-24 08:31:34 - [TEST_CASE][PASSED] - Test Cases/Create Project/Negative/TS-CPR-24-CreateProjectWithoutFillingNameFieldTestCase: Test Cases/Create Project/Negative/TS-CPR-24-CreateProjectWithoutFillingNameFieldTestCase

2021-07-24 08:31:34 - [TEST_STEP][PASSED] - com.helper.browserhelper.CustomBrowser.login(): com.helper.browserhelper.CustomBrowser.login is PASSED

2021-07-24 08:31:34 - [MESSAGE][INFO] - Starting 'Firefox' driver

2021-07-24 08:31:34 - [MESSAGE][INFO] - Action delay is set to 0 milliseconds

2021-07-24 08:31:49 - [MESSAGE][PASSED] - Browser is opened with url: 'https://dev-v2.serpwatch.io/login'

2021-07-24 08:31:49 - [MESSAGE][PASSED] - Wait for page load successfully

2021-07-24 08:31:49 - [MESSAGE][PASSED] - Current window maximized

2021-07-24 08:31:49 - [MESSAGE][PASSED] - Wait for page load successfully

2021-07-24 08:31:49 - [MESSAGE][PASSED] - Keys 'ayatullah.arul@gmail.com' sent to object: 'Object Repository/LoginPage/input_sign in_email'

2021-07-24 08:31:50 - [MESSAGE][PASSED] - Keys 'aaa101' sent to object: 'Object Repository/LoginPage/input_sign in_password'

2021-07-24 08:31:59 - [MESSAGE][PASSED] - Object: 'Object Repository/LoginPage/button_login' is clicked on

2021-07-24 08:31:59 - [MESSAGE][PASSED] - Wait for page load successfully

2021-07-24 08:31:59 - [MESSAGE][PASSED] - com.helper.browserhelper.CustomBrowser.login is PASSED

2021-07-24 08:31:59 - [TEST_STEP][PASSED] - click(findTestObject("CreateNewProject/button_add_project")): Object: 'Object Repository/CreateNewProject/button_add_project' is clicked on

2021-07-24 08:32:21 - [MESSAGE][PASSED] - Object: 'Object Repository/CreateNewProject/button_add_project' is clicked on

2021-07-24 08:32:21 - [TEST_STEP][PASSED] - waitForElementVisible(findTestObject("CreateNewProject/popup_frame_choose_ project_type_domain_or_youtube"), Timeout): Object 'Object Repository/CreateNewProject/popup_frame_choose_ project_type_domain_or_youtube' is visible

2021-07-24 08:32:21 - [MESSAGE][PASSED] - Object 'Object Repository/CreateNewProject/popup_frame_choose_ project_type_domain_or_youtube' is visible

2021-07-24 08:32:21 - [TEST_STEP][PASSED] - click(findTestObject("CreateNewProject/button_domain")): Object: 'Object Repository/CreateNewProject/button_domain' is clicked on

2021-07-24 08:32:22 - [MESSAGE][PASSED] - Object: 'Object Repository/CreateNewProject/button_domain' is clicked on

2021-07-24 08:32:22 - [TEST_STEP][PASSED] - waitForElementPresent(findTestObject("CreateNewProject/FormPage_1/input_domain_name"), Timeout): Object 'Object Repository/CreateNewProject/FormPage_1/input_domain_name' is present

2021-07-24 08:32:24 - [MESSAGE][PASSED] - Object 'Object Repository/CreateNewProject/FormPage_1/input_domain_name' is present

2021-07-24 08:32:24 - [TEST_STEP][PASSED] - setText(findTestObject("CreateNewProject/FormPage_1/input_domain_name"), DomainText1): Text 'goal.com' is set on object 'Object Repository/CreateNewProject/FormPage_1/input_domain_name'

2021-07-24 08:32:36 - [MESSAGE][PASSED] - Text 'goal.com' is set on object 'Object Repository/CreateNewProject/FormPage_1/input_domain_name'

2021-07-24 08:32:36 - [TEST_STEP][PASSED] - setText(findTestObject("CreateNewProject/FormPage_1/input_add_your_keyword"), AddYourKeywordText): Text 'player' is set on object 'Object Repository/CreateNewProject/FormPage_1/input_add_your_keyword'

2021-07-24 08:32:37 - [MESSAGE][PASSED] - Text 'player' is set on object 'Object Repository/CreateNewProject/FormPage_1/input_add_your_keyword'

2021-07-24 08:32:37 - [TEST_STEP][PASSED] - click(findTestObject("CreateNewProject/FormPage_1/button_next")): Object: 'Object Repository/CreateNewProject/FormPage_1/button_next' is clicked on

2021-07-24 08:32:38 - [MESSAGE][PASSED] - Object: 'Object Repository/CreateNewProject/FormPage_1/button_next' is clicked on

2021-07-24 08:32:38 - [TEST_STEP][PASSED] - waitForPageLoad(Timeout): Wait for page load successfully

2021-07-24 08:32:38 - [MESSAGE][PASSED] - Wait for page load successfully

2021-07-24 08:32:38 - [TEST_STEP][PASSED] - focus(findTestObject("CreateNewProject/FormPage_1/input_project_name")): Object: 'Object Repository/CreateNewProject/FormPage_1/input_project_name' is focused

2021-07-24 08:32:38 - [MESSAGE][PASSED] - Object: 'Object Repository/CreateNewProject/FormPage_1/input_project_name' is focused

2021-07-24 08:32:38 - [TEST_STEP][PASSED] - delay(3): Delayed 3 second(s)

2021-07-24 08:32:41 - [MESSAGE][PASSED] - Delayed 3 second(s)

2021-07-24 08:32:41 - [TEST_STEP][PASSED] - com.helper.browserhelper.CustomBrowser.closeBrowser(): com.helper.browserhelper.CustomBrowser.closeBrowser is PASSED

2021-07-24 08:32:45 - [MESSAGE][PASSED] - Browser is closed

2021-07-24 08:32:45 - [MESSAGE][PASSED] - com.helper.browserhelper.CustomBrowser.closeBrowser is PASSED]]></system-out>
         <system-err><![CDATA[]]></system-err>
      </testcase>
      <testcase name="Test Cases/Create Project/Negative/TS-CPR-32-UploadCsvWithoutSelectingAnyKeywordsTestCase" time="58.372" classname="Test Cases/Create Project/Negative/TS-CPR-32-UploadCsvWithoutSelectingAnyKeywordsTestCase" status="PASSED">
         <system-out><![CDATA[2021-07-24 08:32:45 - [TEST_CASE][PASSED] - Test Cases/Create Project/Negative/TS-CPR-32-UploadCsvWithoutSelectingAnyKeywordsTestCase: Test Cases/Create Project/Negative/TS-CPR-32-UploadCsvWithoutSelectingAnyKeywordsTestCase

2021-07-24 08:32:45 - [TEST_STEP][PASSED] - com.helper.browserhelper.CustomBrowser.login(): com.helper.browserhelper.CustomBrowser.login is PASSED

2021-07-24 08:32:45 - [MESSAGE][INFO] - Starting 'Firefox' driver

2021-07-24 08:32:45 - [MESSAGE][INFO] - Action delay is set to 0 milliseconds

2021-07-24 08:33:03 - [MESSAGE][PASSED] - Browser is opened with url: 'https://dev-v2.serpwatch.io/login'

2021-07-24 08:33:03 - [MESSAGE][PASSED] - Wait for page load successfully

2021-07-24 08:33:03 - [MESSAGE][PASSED] - Current window maximized

2021-07-24 08:33:03 - [MESSAGE][PASSED] - Wait for page load successfully

2021-07-24 08:33:03 - [MESSAGE][PASSED] - Keys 'ayatullah.arul@gmail.com' sent to object: 'Object Repository/LoginPage/input_sign in_email'

2021-07-24 08:33:04 - [MESSAGE][PASSED] - Keys 'aaa101' sent to object: 'Object Repository/LoginPage/input_sign in_password'

2021-07-24 08:33:13 - [MESSAGE][PASSED] - Object: 'Object Repository/LoginPage/button_login' is clicked on

2021-07-24 08:33:13 - [MESSAGE][PASSED] - Wait for page load successfully

2021-07-24 08:33:13 - [MESSAGE][PASSED] - com.helper.browserhelper.CustomBrowser.login is PASSED

2021-07-24 08:33:13 - [TEST_STEP][PASSED] - click(findTestObject("CreateNewProject/button_add_project")): Object: 'Object Repository/CreateNewProject/button_add_project' is clicked on

2021-07-24 08:33:22 - [MESSAGE][PASSED] - Object: 'Object Repository/CreateNewProject/button_add_project' is clicked on

2021-07-24 08:33:22 - [TEST_STEP][PASSED] - waitForElementVisible(findTestObject("CreateNewProject/popup_frame_choose_ project_type_domain_or_youtube"), Timeout): Object 'Object Repository/CreateNewProject/popup_frame_choose_ project_type_domain_or_youtube' is visible

2021-07-24 08:33:23 - [MESSAGE][PASSED] - Object 'Object Repository/CreateNewProject/popup_frame_choose_ project_type_domain_or_youtube' is visible

2021-07-24 08:33:23 - [TEST_STEP][PASSED] - click(findTestObject("CreateNewProject/button_domain")): Object: 'Object Repository/CreateNewProject/button_domain' is clicked on

2021-07-24 08:33:24 - [MESSAGE][PASSED] - Object: 'Object Repository/CreateNewProject/button_domain' is clicked on

2021-07-24 08:33:24 - [TEST_STEP][PASSED] - waitForElementPresent(findTestObject("CreateNewProject/popup_window_creating_project"), Timeout): Object 'Object Repository/CreateNewProject/popup_window_creating_project' is present

2021-07-24 08:33:26 - [MESSAGE][PASSED] - Object 'Object Repository/CreateNewProject/popup_window_creating_project' is present

2021-07-24 08:33:26 - [TEST_STEP][PASSED] - setText(findTestObject("CreateNewProject/FormPage_1/input_domain_name"), "detik.com"): Text 'detik.com' is set on object 'Object Repository/CreateNewProject/FormPage_1/input_domain_name'

2021-07-24 08:33:34 - [MESSAGE][PASSED] - Text 'detik.com' is set on object 'Object Repository/CreateNewProject/FormPage_1/input_domain_name'

2021-07-24 08:33:34 - [TEST_STEP][PASSED] - waitForElementVisible(findTestObject("CreateNewProject/FormPage_1/input_add_your_keyword"), Timeout): Object 'Object Repository/CreateNewProject/FormPage_1/input_add_your_keyword' is visible

2021-07-24 08:33:34 - [MESSAGE][PASSED] - Object 'Object Repository/CreateNewProject/FormPage_1/input_add_your_keyword' is visible

2021-07-24 08:33:34 - [TEST_STEP][PASSED] - setText(findTestObject("CreateNewProject/FormPage_1/input_add_your_keyword"), "politik"): Text 'politik' is set on object 'Object Repository/CreateNewProject/FormPage_1/input_add_your_keyword'

2021-07-24 08:33:35 - [MESSAGE][PASSED] - Text 'politik' is set on object 'Object Repository/CreateNewProject/FormPage_1/input_add_your_keyword'

2021-07-24 08:33:35 - [TEST_STEP][PASSED] - setText(findTestObject("CreateNewProject/FormPage_1/input_keyword_suggestions"), "partai"): Text 'partai' is set on object 'Object Repository/CreateNewProject/FormPage_1/input_keyword_suggestions'

2021-07-24 08:33:36 - [MESSAGE][PASSED] - Text 'partai' is set on object 'Object Repository/CreateNewProject/FormPage_1/input_keyword_suggestions'

2021-07-24 08:33:36 - [TEST_STEP][PASSED] - click(findTestObject("CreateNewProject/FormPage_1/button_next")): Object: 'Object Repository/CreateNewProject/FormPage_1/button_next' is clicked on

2021-07-24 08:33:37 - [MESSAGE][PASSED] - Object: 'Object Repository/CreateNewProject/FormPage_1/button_next' is clicked on

2021-07-24 08:33:37 - [TEST_STEP][PASSED] - delay(3): Delayed 3 second(s)

2021-07-24 08:33:40 - [MESSAGE][PASSED] - Delayed 3 second(s)

2021-07-24 08:33:40 - [TEST_STEP][PASSED] - com.helper.browserhelper.CustomBrowser.closeBrowser(): com.helper.browserhelper.CustomBrowser.closeBrowser is PASSED

2021-07-24 08:33:43 - [MESSAGE][PASSED] - Browser is closed

2021-07-24 08:33:43 - [MESSAGE][PASSED] - com.helper.browserhelper.CustomBrowser.closeBrowser is PASSED]]></system-out>
         <system-err><![CDATA[]]></system-err>
      </testcase>
      <testcase name="Test Cases/Edit Project/Negative/TS-EPR-28-RemoveAllKeywordsFromTheProjectTestCase" time="57.835" classname="Test Cases/Edit Project/Negative/TS-EPR-28-RemoveAllKeywordsFromTheProjectTestCase" status="PASSED">
         <system-out><![CDATA[2021-07-24 08:33:43 - [TEST_CASE][PASSED] - Test Cases/Edit Project/Negative/TS-EPR-28-RemoveAllKeywordsFromTheProjectTestCase: Test Cases/Edit Project/Negative/TS-EPR-28-RemoveAllKeywordsFromTheProjectTestCase

2021-07-24 08:33:43 - [TEST_STEP][PASSED] - com.helper.browserhelper.CustomBrowser.login(): com.helper.browserhelper.CustomBrowser.login is PASSED

2021-07-24 08:33:43 - [MESSAGE][INFO] - Starting 'Firefox' driver

2021-07-24 08:33:43 - [MESSAGE][INFO] - Action delay is set to 0 milliseconds

2021-07-24 08:34:03 - [MESSAGE][PASSED] - Browser is opened with url: 'https://dev-v2.serpwatch.io/login'

2021-07-24 08:34:03 - [MESSAGE][PASSED] - Wait for page load successfully

2021-07-24 08:34:03 - [MESSAGE][PASSED] - Current window maximized

2021-07-24 08:34:03 - [MESSAGE][PASSED] - Wait for page load successfully

2021-07-24 08:34:03 - [MESSAGE][PASSED] - Keys 'ayatullah.arul@gmail.com' sent to object: 'Object Repository/LoginPage/input_sign in_email'

2021-07-24 08:34:04 - [MESSAGE][PASSED] - Keys 'aaa101' sent to object: 'Object Repository/LoginPage/input_sign in_password'

2021-07-24 08:34:11 - [MESSAGE][PASSED] - Object: 'Object Repository/LoginPage/button_login' is clicked on

2021-07-24 08:34:12 - [MESSAGE][PASSED] - Wait for page load successfully

2021-07-24 08:34:12 - [MESSAGE][PASSED] - com.helper.browserhelper.CustomBrowser.login is PASSED

2021-07-24 08:34:12 - [TEST_STEP][PASSED] - click(findTestObject("CreateNewProject/button_add_project")): Object: 'Object Repository/CreateNewProject/button_add_project' is clicked on

2021-07-24 08:34:13 - [MESSAGE][PASSED] - Object: 'Object Repository/CreateNewProject/button_add_project' is clicked on

2021-07-24 08:34:13 - [TEST_STEP][PASSED] - waitForElementVisible(findTestObject("CreateNewProject/popup_frame_choose_ project_type_domain_or_youtube"), Timeout): Object 'Object Repository/CreateNewProject/popup_frame_choose_ project_type_domain_or_youtube' is visible

2021-07-24 08:34:14 - [MESSAGE][PASSED] - Object 'Object Repository/CreateNewProject/popup_frame_choose_ project_type_domain_or_youtube' is visible

2021-07-24 08:34:14 - [TEST_STEP][PASSED] - click(findTestObject("CreateNewProject/button_domain")): Object: 'Object Repository/CreateNewProject/button_domain' is clicked on

2021-07-24 08:34:15 - [MESSAGE][PASSED] - Object: 'Object Repository/CreateNewProject/button_domain' is clicked on

2021-07-24 08:34:15 - [TEST_STEP][PASSED] - waitForElementPresent(findTestObject("CreateNewProject/popup_window_creating_project"), Timeout): Object 'Object Repository/CreateNewProject/popup_window_creating_project' is present

2021-07-24 08:34:17 - [MESSAGE][PASSED] - Object 'Object Repository/CreateNewProject/popup_window_creating_project' is present

2021-07-24 08:34:17 - [TEST_STEP][PASSED] - setText(findTestObject("CreateNewProject/FormPage_1/input_domain_name"), "detik.com"): Text 'detik.com' is set on object 'Object Repository/CreateNewProject/FormPage_1/input_domain_name'

2021-07-24 08:34:26 - [MESSAGE][PASSED] - Text 'detik.com' is set on object 'Object Repository/CreateNewProject/FormPage_1/input_domain_name'

2021-07-24 08:34:26 - [TEST_STEP][PASSED] - waitForElementVisible(findTestObject("CreateNewProject/FormPage_1/input_add_your_keyword"), Timeout): Object 'Object Repository/CreateNewProject/FormPage_1/input_add_your_keyword' is visible

2021-07-24 08:34:26 - [MESSAGE][PASSED] - Object 'Object Repository/CreateNewProject/FormPage_1/input_add_your_keyword' is visible

2021-07-24 08:34:26 - [TEST_STEP][PASSED] - setText(findTestObject("CreateNewProject/FormPage_1/input_add_your_keyword"), "politik"): Text 'politik' is set on object 'Object Repository/CreateNewProject/FormPage_1/input_add_your_keyword'

2021-07-24 08:34:27 - [MESSAGE][PASSED] - Text 'politik' is set on object 'Object Repository/CreateNewProject/FormPage_1/input_add_your_keyword'

2021-07-24 08:34:27 - [TEST_STEP][PASSED] - setText(findTestObject("CreateNewProject/FormPage_1/input_keyword_suggestions"), "partai"): Text 'partai' is set on object 'Object Repository/CreateNewProject/FormPage_1/input_keyword_suggestions'

2021-07-24 08:34:28 - [MESSAGE][PASSED] - Text 'partai' is set on object 'Object Repository/CreateNewProject/FormPage_1/input_keyword_suggestions'

2021-07-24 08:34:28 - [TEST_STEP][PASSED] - click(findTestObject("CreateNewProject/FormPage_1/button_next")): Object: 'Object Repository/CreateNewProject/FormPage_1/button_next' is clicked on

2021-07-24 08:34:28 - [MESSAGE][PASSED] - Object: 'Object Repository/CreateNewProject/FormPage_1/button_next' is clicked on

2021-07-24 08:34:28 - [TEST_STEP][PASSED] - delay(10): Delayed 10 second(s)

2021-07-24 08:34:38 - [MESSAGE][PASSED] - Delayed 10 second(s)

2021-07-24 08:34:38 - [TEST_STEP][PASSED] - com.helper.browserhelper.CustomBrowser.closeBrowser(): com.helper.browserhelper.CustomBrowser.closeBrowser is PASSED

2021-07-24 08:34:41 - [MESSAGE][PASSED] - Browser is closed

2021-07-24 08:34:41 - [MESSAGE][PASSED] - com.helper.browserhelper.CustomBrowser.closeBrowser is PASSED]]></system-out>
         <system-err><![CDATA[]]></system-err>
      </testcase>
      <testcase name="Test Cases/Edit Project/Negative/TS-EPR-29-AddKeywordContainingLessThan2CharactersTestCase" time="71.211" classname="Test Cases/Edit Project/Negative/TS-EPR-29-AddKeywordContainingLessThan2CharactersTestCase" status="PASSED">
         <system-out><![CDATA[2021-07-24 08:34:41 - [TEST_CASE][PASSED] - Test Cases/Edit Project/Negative/TS-EPR-29-AddKeywordContainingLessThan2CharactersTestCase: Test Cases/Edit Project/Negative/TS-EPR-29-AddKeywordContainingLessThan2CharactersTestCase

2021-07-24 08:34:41 - [TEST_STEP][PASSED] - com.helper.browserhelper.CustomBrowser.login(): com.helper.browserhelper.CustomBrowser.login is PASSED

2021-07-24 08:34:41 - [MESSAGE][INFO] - Starting 'Firefox' driver

2021-07-24 08:34:41 - [MESSAGE][INFO] - Action delay is set to 0 milliseconds

2021-07-24 08:34:57 - [MESSAGE][PASSED] - Browser is opened with url: 'https://dev-v2.serpwatch.io/login'

2021-07-24 08:34:57 - [MESSAGE][PASSED] - Wait for page load successfully

2021-07-24 08:34:57 - [MESSAGE][PASSED] - Current window maximized

2021-07-24 08:34:57 - [MESSAGE][PASSED] - Wait for page load successfully

2021-07-24 08:34:58 - [MESSAGE][PASSED] - Keys 'ayatullah.arul@gmail.com' sent to object: 'Object Repository/LoginPage/input_sign in_email'

2021-07-24 08:34:58 - [MESSAGE][PASSED] - Keys 'aaa101' sent to object: 'Object Repository/LoginPage/input_sign in_password'

2021-07-24 08:35:06 - [MESSAGE][PASSED] - Object: 'Object Repository/LoginPage/button_login' is clicked on

2021-07-24 08:35:06 - [MESSAGE][PASSED] - Wait for page load successfully

2021-07-24 08:35:06 - [MESSAGE][PASSED] - com.helper.browserhelper.CustomBrowser.login is PASSED

2021-07-24 08:35:06 - [TEST_STEP][PASSED] - click(findTestObject("CreateNewProject/button_add_project")): Object: 'Object Repository/CreateNewProject/button_add_project' is clicked on

2021-07-24 08:35:25 - [MESSAGE][PASSED] - Object: 'Object Repository/CreateNewProject/button_add_project' is clicked on

2021-07-24 08:35:25 - [TEST_STEP][PASSED] - waitForElementVisible(findTestObject("CreateNewProject/popup_frame_choose_ project_type_domain_or_youtube"), Timeout): Object 'Object Repository/CreateNewProject/popup_frame_choose_ project_type_domain_or_youtube' is visible

2021-07-24 08:35:26 - [MESSAGE][PASSED] - Object 'Object Repository/CreateNewProject/popup_frame_choose_ project_type_domain_or_youtube' is visible

2021-07-24 08:35:26 - [TEST_STEP][PASSED] - click(findTestObject("CreateNewProject/button_domain")): Object: 'Object Repository/CreateNewProject/button_domain' is clicked on

2021-07-24 08:35:26 - [MESSAGE][PASSED] - Object: 'Object Repository/CreateNewProject/button_domain' is clicked on

2021-07-24 08:35:26 - [TEST_STEP][PASSED] - waitForElementPresent(findTestObject("CreateNewProject/popup_window_creating_project"), Timeout): Object 'Object Repository/CreateNewProject/popup_window_creating_project' is present

2021-07-24 08:35:29 - [MESSAGE][PASSED] - Object 'Object Repository/CreateNewProject/popup_window_creating_project' is present

2021-07-24 08:35:29 - [TEST_STEP][PASSED] - setText(findTestObject("CreateNewProject/FormPage_1/input_domain_name"), "detik.com"): Text 'detik.com' is set on object 'Object Repository/CreateNewProject/FormPage_1/input_domain_name'

2021-07-24 08:35:37 - [MESSAGE][PASSED] - Text 'detik.com' is set on object 'Object Repository/CreateNewProject/FormPage_1/input_domain_name'

2021-07-24 08:35:37 - [TEST_STEP][PASSED] - waitForElementVisible(findTestObject("CreateNewProject/FormPage_1/input_add_your_keyword"), Timeout): Object 'Object Repository/CreateNewProject/FormPage_1/input_add_your_keyword' is visible

2021-07-24 08:35:37 - [MESSAGE][PASSED] - Object 'Object Repository/CreateNewProject/FormPage_1/input_add_your_keyword' is visible

2021-07-24 08:35:37 - [TEST_STEP][PASSED] - setText(findTestObject("CreateNewProject/FormPage_1/input_add_your_keyword"), "politik"): Text 'politik' is set on object 'Object Repository/CreateNewProject/FormPage_1/input_add_your_keyword'

2021-07-24 08:35:38 - [MESSAGE][PASSED] - Text 'politik' is set on object 'Object Repository/CreateNewProject/FormPage_1/input_add_your_keyword'

2021-07-24 08:35:38 - [TEST_STEP][PASSED] - setText(findTestObject("CreateNewProject/FormPage_1/input_keyword_suggestions"), "partai"): Text 'partai' is set on object 'Object Repository/CreateNewProject/FormPage_1/input_keyword_suggestions'

2021-07-24 08:35:39 - [MESSAGE][PASSED] - Text 'partai' is set on object 'Object Repository/CreateNewProject/FormPage_1/input_keyword_suggestions'

2021-07-24 08:35:39 - [TEST_STEP][PASSED] - click(findTestObject("CreateNewProject/FormPage_1/button_next")): Object: 'Object Repository/CreateNewProject/FormPage_1/button_next' is clicked on

2021-07-24 08:35:40 - [MESSAGE][PASSED] - Object: 'Object Repository/CreateNewProject/FormPage_1/button_next' is clicked on

2021-07-24 08:35:40 - [TEST_STEP][PASSED] - delay(10): Delayed 10 second(s)

2021-07-24 08:35:50 - [MESSAGE][PASSED] - Delayed 10 second(s)

2021-07-24 08:35:50 - [TEST_STEP][PASSED] - com.helper.browserhelper.CustomBrowser.closeBrowser(): com.helper.browserhelper.CustomBrowser.closeBrowser is PASSED

2021-07-24 08:35:52 - [MESSAGE][PASSED] - Browser is closed

2021-07-24 08:35:52 - [MESSAGE][PASSED] - com.helper.browserhelper.CustomBrowser.closeBrowser is PASSED]]></system-out>
         <system-err><![CDATA[]]></system-err>
      </testcase>
      <testcase name="Test Cases/Edit Project/Negative/TS-EPR-30-ChangeProjectNameToLessThan2CharactersLongTestCase" time="57.288" classname="Test Cases/Edit Project/Negative/TS-EPR-30-ChangeProjectNameToLessThan2CharactersLongTestCase" status="PASSED">
         <system-out><![CDATA[2021-07-24 08:35:52 - [TEST_CASE][PASSED] - Test Cases/Edit Project/Negative/TS-EPR-30-ChangeProjectNameToLessThan2CharactersLongTestCase: Test Cases/Edit Project/Negative/TS-EPR-30-ChangeProjectNameToLessThan2CharactersLongTestCase

2021-07-24 08:35:53 - [TEST_STEP][PASSED] - com.helper.browserhelper.CustomBrowser.login(): com.helper.browserhelper.CustomBrowser.login is PASSED

2021-07-24 08:35:53 - [MESSAGE][INFO] - Starting 'Firefox' driver

2021-07-24 08:35:53 - [MESSAGE][INFO] - Action delay is set to 0 milliseconds

2021-07-24 08:36:08 - [MESSAGE][PASSED] - Browser is opened with url: 'https://dev-v2.serpwatch.io/login'

2021-07-24 08:36:08 - [MESSAGE][PASSED] - Wait for page load successfully

2021-07-24 08:36:08 - [MESSAGE][PASSED] - Current window maximized

2021-07-24 08:36:08 - [MESSAGE][PASSED] - Wait for page load successfully

2021-07-24 08:36:09 - [MESSAGE][PASSED] - Keys 'ayatullah.arul@gmail.com' sent to object: 'Object Repository/LoginPage/input_sign in_email'

2021-07-24 08:36:09 - [MESSAGE][PASSED] - Keys 'aaa101' sent to object: 'Object Repository/LoginPage/input_sign in_password'

2021-07-24 08:36:20 - [MESSAGE][PASSED] - Object: 'Object Repository/LoginPage/button_login' is clicked on

2021-07-24 08:36:20 - [MESSAGE][PASSED] - Wait for page load successfully

2021-07-24 08:36:20 - [MESSAGE][PASSED] - com.helper.browserhelper.CustomBrowser.login is PASSED

2021-07-24 08:36:20 - [TEST_STEP][PASSED] - click(findTestObject("CreateNewProject/button_add_project")): Object: 'Object Repository/CreateNewProject/button_add_project' is clicked on

2021-07-24 08:36:22 - [MESSAGE][PASSED] - Object: 'Object Repository/CreateNewProject/button_add_project' is clicked on

2021-07-24 08:36:22 - [TEST_STEP][PASSED] - waitForElementVisible(findTestObject("CreateNewProject/popup_frame_choose_ project_type_domain_or_youtube"), Timeout): Object 'Object Repository/CreateNewProject/popup_frame_choose_ project_type_domain_or_youtube' is visible

2021-07-24 08:36:23 - [MESSAGE][PASSED] - Object 'Object Repository/CreateNewProject/popup_frame_choose_ project_type_domain_or_youtube' is visible

2021-07-24 08:36:23 - [TEST_STEP][PASSED] - click(findTestObject("CreateNewProject/button_domain")): Object: 'Object Repository/CreateNewProject/button_domain' is clicked on

2021-07-24 08:36:23 - [MESSAGE][PASSED] - Object: 'Object Repository/CreateNewProject/button_domain' is clicked on

2021-07-24 08:36:23 - [TEST_STEP][PASSED] - waitForElementPresent(findTestObject("CreateNewProject/popup_window_creating_project"), Timeout): Object 'Object Repository/CreateNewProject/popup_window_creating_project' is present

2021-07-24 08:36:26 - [MESSAGE][PASSED] - Object 'Object Repository/CreateNewProject/popup_window_creating_project' is present

2021-07-24 08:36:26 - [TEST_STEP][PASSED] - setText(findTestObject("CreateNewProject/FormPage_1/input_domain_name"), "detik.com"): Text 'detik.com' is set on object 'Object Repository/CreateNewProject/FormPage_1/input_domain_name'

2021-07-24 08:36:34 - [MESSAGE][PASSED] - Text 'detik.com' is set on object 'Object Repository/CreateNewProject/FormPage_1/input_domain_name'

2021-07-24 08:36:34 - [TEST_STEP][PASSED] - waitForElementVisible(findTestObject("CreateNewProject/FormPage_1/input_add_your_keyword"), Timeout): Object 'Object Repository/CreateNewProject/FormPage_1/input_add_your_keyword' is visible

2021-07-24 08:36:34 - [MESSAGE][PASSED] - Object 'Object Repository/CreateNewProject/FormPage_1/input_add_your_keyword' is visible

2021-07-24 08:36:34 - [TEST_STEP][PASSED] - setText(findTestObject("CreateNewProject/FormPage_1/input_add_your_keyword"), "politik"): Text 'politik' is set on object 'Object Repository/CreateNewProject/FormPage_1/input_add_your_keyword'

2021-07-24 08:36:35 - [MESSAGE][PASSED] - Text 'politik' is set on object 'Object Repository/CreateNewProject/FormPage_1/input_add_your_keyword'

2021-07-24 08:36:35 - [TEST_STEP][PASSED] - setText(findTestObject("CreateNewProject/FormPage_1/input_keyword_suggestions"), "partai"): Text 'partai' is set on object 'Object Repository/CreateNewProject/FormPage_1/input_keyword_suggestions'

2021-07-24 08:36:36 - [MESSAGE][PASSED] - Text 'partai' is set on object 'Object Repository/CreateNewProject/FormPage_1/input_keyword_suggestions'

2021-07-24 08:36:36 - [TEST_STEP][PASSED] - click(findTestObject("CreateNewProject/FormPage_1/button_next")): Object: 'Object Repository/CreateNewProject/FormPage_1/button_next' is clicked on

2021-07-24 08:36:37 - [MESSAGE][PASSED] - Object: 'Object Repository/CreateNewProject/FormPage_1/button_next' is clicked on

2021-07-24 08:36:37 - [TEST_STEP][PASSED] - delay(10): Delayed 10 second(s)

2021-07-24 08:36:47 - [MESSAGE][PASSED] - Delayed 10 second(s)

2021-07-24 08:36:47 - [TEST_STEP][PASSED] - com.helper.browserhelper.CustomBrowser.closeBrowser(): com.helper.browserhelper.CustomBrowser.closeBrowser is PASSED

2021-07-24 08:36:49 - [MESSAGE][PASSED] - Browser is closed

2021-07-24 08:36:49 - [MESSAGE][PASSED] - com.helper.browserhelper.CustomBrowser.closeBrowser is PASSED]]></system-out>
         <system-err><![CDATA[]]></system-err>
      </testcase>
      <testcase name="Test Cases/Edit Project/Negative/TS-EPR-31-DeleteProjectNameTestCase" time="53.266" classname="Test Cases/Edit Project/Negative/TS-EPR-31-DeleteProjectNameTestCase" status="PASSED">
         <system-out><![CDATA[2021-07-24 08:36:49 - [TEST_CASE][PASSED] - Test Cases/Edit Project/Negative/TS-EPR-31-DeleteProjectNameTestCase: Test Cases/Edit Project/Negative/TS-EPR-31-DeleteProjectNameTestCase

2021-07-24 08:36:50 - [TEST_STEP][PASSED] - com.helper.browserhelper.CustomBrowser.login(): com.helper.browserhelper.CustomBrowser.login is PASSED

2021-07-24 08:36:50 - [MESSAGE][INFO] - Starting 'Firefox' driver

2021-07-24 08:36:50 - [MESSAGE][INFO] - Action delay is set to 0 milliseconds

2021-07-24 08:37:03 - [MESSAGE][PASSED] - Browser is opened with url: 'https://dev-v2.serpwatch.io/login'

2021-07-24 08:37:03 - [MESSAGE][PASSED] - Wait for page load successfully

2021-07-24 08:37:03 - [MESSAGE][PASSED] - Current window maximized

2021-07-24 08:37:03 - [MESSAGE][PASSED] - Wait for page load successfully

2021-07-24 08:37:04 - [MESSAGE][PASSED] - Keys 'ayatullah.arul@gmail.com' sent to object: 'Object Repository/LoginPage/input_sign in_email'

2021-07-24 08:37:04 - [MESSAGE][PASSED] - Keys 'aaa101' sent to object: 'Object Repository/LoginPage/input_sign in_password'

2021-07-24 08:37:13 - [MESSAGE][PASSED] - Object: 'Object Repository/LoginPage/button_login' is clicked on

2021-07-24 08:37:13 - [MESSAGE][PASSED] - Wait for page load successfully

2021-07-24 08:37:13 - [MESSAGE][PASSED] - com.helper.browserhelper.CustomBrowser.login is PASSED

2021-07-24 08:37:13 - [TEST_STEP][PASSED] - click(findTestObject("CreateNewProject/button_add_project")): Object: 'Object Repository/CreateNewProject/button_add_project' is clicked on

2021-07-24 08:37:14 - [MESSAGE][PASSED] - Object: 'Object Repository/CreateNewProject/button_add_project' is clicked on

2021-07-24 08:37:14 - [TEST_STEP][PASSED] - waitForElementVisible(findTestObject("CreateNewProject/popup_frame_choose_ project_type_domain_or_youtube"), Timeout): Object 'Object Repository/CreateNewProject/popup_frame_choose_ project_type_domain_or_youtube' is visible

2021-07-24 08:37:14 - [MESSAGE][PASSED] - Object 'Object Repository/CreateNewProject/popup_frame_choose_ project_type_domain_or_youtube' is visible

2021-07-24 08:37:14 - [TEST_STEP][PASSED] - click(findTestObject("CreateNewProject/button_domain")): Object: 'Object Repository/CreateNewProject/button_domain' is clicked on

2021-07-24 08:37:15 - [MESSAGE][PASSED] - Object: 'Object Repository/CreateNewProject/button_domain' is clicked on

2021-07-24 08:37:15 - [TEST_STEP][PASSED] - waitForElementPresent(findTestObject("CreateNewProject/popup_window_creating_project"), Timeout): Object 'Object Repository/CreateNewProject/popup_window_creating_project' is present

2021-07-24 08:37:18 - [MESSAGE][PASSED] - Object 'Object Repository/CreateNewProject/popup_window_creating_project' is present

2021-07-24 08:37:18 - [TEST_STEP][PASSED] - setText(findTestObject("CreateNewProject/FormPage_1/input_domain_name"), "detik.com"): Text 'detik.com' is set on object 'Object Repository/CreateNewProject/FormPage_1/input_domain_name'

2021-07-24 08:37:27 - [MESSAGE][PASSED] - Text 'detik.com' is set on object 'Object Repository/CreateNewProject/FormPage_1/input_domain_name'

2021-07-24 08:37:27 - [TEST_STEP][PASSED] - waitForElementVisible(findTestObject("CreateNewProject/FormPage_1/input_add_your_keyword"), Timeout): Object 'Object Repository/CreateNewProject/FormPage_1/input_add_your_keyword' is visible

2021-07-24 08:37:27 - [MESSAGE][PASSED] - Object 'Object Repository/CreateNewProject/FormPage_1/input_add_your_keyword' is visible

2021-07-24 08:37:27 - [TEST_STEP][PASSED] - setText(findTestObject("CreateNewProject/FormPage_1/input_add_your_keyword"), "politik"): Text 'politik' is set on object 'Object Repository/CreateNewProject/FormPage_1/input_add_your_keyword'

2021-07-24 08:37:28 - [MESSAGE][PASSED] - Text 'politik' is set on object 'Object Repository/CreateNewProject/FormPage_1/input_add_your_keyword'

2021-07-24 08:37:28 - [TEST_STEP][PASSED] - setText(findTestObject("CreateNewProject/FormPage_1/input_keyword_suggestions"), "partai"): Text 'partai' is set on object 'Object Repository/CreateNewProject/FormPage_1/input_keyword_suggestions'

2021-07-24 08:37:29 - [MESSAGE][PASSED] - Text 'partai' is set on object 'Object Repository/CreateNewProject/FormPage_1/input_keyword_suggestions'

2021-07-24 08:37:29 - [TEST_STEP][PASSED] - click(findTestObject("CreateNewProject/FormPage_1/button_next")): Object: 'Object Repository/CreateNewProject/FormPage_1/button_next' is clicked on

2021-07-24 08:37:30 - [MESSAGE][PASSED] - Object: 'Object Repository/CreateNewProject/FormPage_1/button_next' is clicked on

2021-07-24 08:37:30 - [TEST_STEP][PASSED] - delay(10): Delayed 10 second(s)

2021-07-24 08:37:40 - [MESSAGE][PASSED] - Delayed 10 second(s)

2021-07-24 08:37:40 - [TEST_STEP][PASSED] - com.helper.browserhelper.CustomBrowser.closeBrowser(): com.helper.browserhelper.CustomBrowser.closeBrowser is PASSED

2021-07-24 08:37:43 - [MESSAGE][PASSED] - Browser is closed

2021-07-24 08:37:43 - [MESSAGE][PASSED] - com.helper.browserhelper.CustomBrowser.closeBrowser is PASSED]]></system-out>
         <system-err><![CDATA[]]></system-err>
      </testcase>
      <testcase name="Test Cases/Edit Project/Negative/TS-EPR-32-RemoveDomainNameFromTheDomainFieldTestCase" time="54.44" classname="Test Cases/Edit Project/Negative/TS-EPR-32-RemoveDomainNameFromTheDomainFieldTestCase" status="PASSED">
         <system-out><![CDATA[2021-07-24 08:37:43 - [TEST_CASE][PASSED] - Test Cases/Edit Project/Negative/TS-EPR-32-RemoveDomainNameFromTheDomainFieldTestCase: Test Cases/Edit Project/Negative/TS-EPR-32-RemoveDomainNameFromTheDomainFieldTestCase

2021-07-24 08:37:43 - [TEST_STEP][PASSED] - com.helper.browserhelper.CustomBrowser.login(): com.helper.browserhelper.CustomBrowser.login is PASSED

2021-07-24 08:37:43 - [MESSAGE][INFO] - Starting 'Firefox' driver

2021-07-24 08:37:43 - [MESSAGE][INFO] - Action delay is set to 0 milliseconds

2021-07-24 08:37:57 - [MESSAGE][PASSED] - Browser is opened with url: 'https://dev-v2.serpwatch.io/login'

2021-07-24 08:37:58 - [MESSAGE][PASSED] - Wait for page load successfully

2021-07-24 08:37:58 - [MESSAGE][PASSED] - Current window maximized

2021-07-24 08:37:58 - [MESSAGE][PASSED] - Wait for page load successfully

2021-07-24 08:37:58 - [MESSAGE][PASSED] - Keys 'ayatullah.arul@gmail.com' sent to object: 'Object Repository/LoginPage/input_sign in_email'

2021-07-24 08:37:58 - [MESSAGE][PASSED] - Keys 'aaa101' sent to object: 'Object Repository/LoginPage/input_sign in_password'

2021-07-24 08:38:06 - [MESSAGE][PASSED] - Object: 'Object Repository/LoginPage/button_login' is clicked on

2021-07-24 08:38:06 - [MESSAGE][PASSED] - Wait for page load successfully

2021-07-24 08:38:06 - [MESSAGE][PASSED] - com.helper.browserhelper.CustomBrowser.login is PASSED

2021-07-24 08:38:06 - [TEST_STEP][PASSED] - click(findTestObject("CreateNewProject/button_add_project")): Object: 'Object Repository/CreateNewProject/button_add_project' is clicked on

2021-07-24 08:38:08 - [MESSAGE][PASSED] - Object: 'Object Repository/CreateNewProject/button_add_project' is clicked on

2021-07-24 08:38:08 - [TEST_STEP][PASSED] - waitForElementVisible(findTestObject("CreateNewProject/popup_frame_choose_ project_type_domain_or_youtube"), Timeout): Object 'Object Repository/CreateNewProject/popup_frame_choose_ project_type_domain_or_youtube' is visible

2021-07-24 08:38:08 - [MESSAGE][PASSED] - Object 'Object Repository/CreateNewProject/popup_frame_choose_ project_type_domain_or_youtube' is visible

2021-07-24 08:38:08 - [TEST_STEP][PASSED] - click(findTestObject("CreateNewProject/button_domain")): Object: 'Object Repository/CreateNewProject/button_domain' is clicked on

2021-07-24 08:38:09 - [MESSAGE][PASSED] - Object: 'Object Repository/CreateNewProject/button_domain' is clicked on

2021-07-24 08:38:09 - [TEST_STEP][PASSED] - waitForElementPresent(findTestObject("CreateNewProject/popup_window_creating_project"), Timeout): Object 'Object Repository/CreateNewProject/popup_window_creating_project' is present

2021-07-24 08:38:13 - [MESSAGE][PASSED] - Object 'Object Repository/CreateNewProject/popup_window_creating_project' is present

2021-07-24 08:38:13 - [TEST_STEP][PASSED] - setText(findTestObject("CreateNewProject/FormPage_1/input_domain_name"), "detik.com"): Text 'detik.com' is set on object 'Object Repository/CreateNewProject/FormPage_1/input_domain_name'

2021-07-24 08:38:21 - [MESSAGE][PASSED] - Text 'detik.com' is set on object 'Object Repository/CreateNewProject/FormPage_1/input_domain_name'

2021-07-24 08:38:21 - [TEST_STEP][PASSED] - waitForElementVisible(findTestObject("CreateNewProject/FormPage_1/input_add_your_keyword"), Timeout): Object 'Object Repository/CreateNewProject/FormPage_1/input_add_your_keyword' is visible

2021-07-24 08:38:21 - [MESSAGE][PASSED] - Object 'Object Repository/CreateNewProject/FormPage_1/input_add_your_keyword' is visible

2021-07-24 08:38:21 - [TEST_STEP][PASSED] - setText(findTestObject("CreateNewProject/FormPage_1/input_add_your_keyword"), "politik"): Text 'politik' is set on object 'Object Repository/CreateNewProject/FormPage_1/input_add_your_keyword'

2021-07-24 08:38:22 - [MESSAGE][PASSED] - Text 'politik' is set on object 'Object Repository/CreateNewProject/FormPage_1/input_add_your_keyword'

2021-07-24 08:38:22 - [TEST_STEP][PASSED] - setText(findTestObject("CreateNewProject/FormPage_1/input_keyword_suggestions"), "partai"): Text 'partai' is set on object 'Object Repository/CreateNewProject/FormPage_1/input_keyword_suggestions'

2021-07-24 08:38:23 - [MESSAGE][PASSED] - Text 'partai' is set on object 'Object Repository/CreateNewProject/FormPage_1/input_keyword_suggestions'

2021-07-24 08:38:23 - [TEST_STEP][PASSED] - click(findTestObject("CreateNewProject/FormPage_1/button_next")): Object: 'Object Repository/CreateNewProject/FormPage_1/button_next' is clicked on

2021-07-24 08:38:24 - [MESSAGE][PASSED] - Object: 'Object Repository/CreateNewProject/FormPage_1/button_next' is clicked on

2021-07-24 08:38:24 - [TEST_STEP][PASSED] - delay(10): Delayed 10 second(s)

2021-07-24 08:38:34 - [MESSAGE][PASSED] - Delayed 10 second(s)

2021-07-24 08:38:34 - [TEST_STEP][PASSED] - com.helper.browserhelper.CustomBrowser.closeBrowser(): com.helper.browserhelper.CustomBrowser.closeBrowser is PASSED

2021-07-24 08:38:37 - [MESSAGE][PASSED] - Browser is closed

2021-07-24 08:38:37 - [MESSAGE][PASSED] - com.helper.browserhelper.CustomBrowser.closeBrowser is PASSED]]></system-out>
         <system-err><![CDATA[]]></system-err>
      </testcase>
      <testcase name="Test Cases/Edit Project/Negative/TS-EPR-33-ChangeDomainNameToAnInvalidFormatTestCase" time="56.422" classname="Test Cases/Edit Project/Negative/TS-EPR-33-ChangeDomainNameToAnInvalidFormatTestCase" status="PASSED">
         <system-out><![CDATA[2021-07-24 08:38:37 - [TEST_CASE][PASSED] - Test Cases/Edit Project/Negative/TS-EPR-33-ChangeDomainNameToAnInvalidFormatTestCase: Test Cases/Edit Project/Negative/TS-EPR-33-ChangeDomainNameToAnInvalidFormatTestCase

2021-07-24 08:38:38 - [TEST_STEP][PASSED] - com.helper.browserhelper.CustomBrowser.login(): com.helper.browserhelper.CustomBrowser.login is PASSED

2021-07-24 08:38:38 - [MESSAGE][INFO] - Starting 'Firefox' driver

2021-07-24 08:38:38 - [MESSAGE][INFO] - Action delay is set to 0 milliseconds

2021-07-24 08:38:52 - [MESSAGE][PASSED] - Browser is opened with url: 'https://dev-v2.serpwatch.io/login'

2021-07-24 08:38:52 - [MESSAGE][PASSED] - Wait for page load successfully

2021-07-24 08:38:52 - [MESSAGE][PASSED] - Current window maximized

2021-07-24 08:38:52 - [MESSAGE][PASSED] - Wait for page load successfully

2021-07-24 08:38:53 - [MESSAGE][PASSED] - Keys 'ayatullah.arul@gmail.com' sent to object: 'Object Repository/LoginPage/input_sign in_email'

2021-07-24 08:38:53 - [MESSAGE][PASSED] - Keys 'aaa101' sent to object: 'Object Repository/LoginPage/input_sign in_password'

2021-07-24 08:39:04 - [MESSAGE][PASSED] - Object: 'Object Repository/LoginPage/button_login' is clicked on

2021-07-24 08:39:04 - [MESSAGE][PASSED] - Wait for page load successfully

2021-07-24 08:39:04 - [MESSAGE][PASSED] - com.helper.browserhelper.CustomBrowser.login is PASSED

2021-07-24 08:39:04 - [TEST_STEP][PASSED] - click(findTestObject("CreateNewProject/button_add_project")): Object: 'Object Repository/CreateNewProject/button_add_project' is clicked on

2021-07-24 08:39:06 - [MESSAGE][PASSED] - Object: 'Object Repository/CreateNewProject/button_add_project' is clicked on

2021-07-24 08:39:06 - [TEST_STEP][PASSED] - waitForElementVisible(findTestObject("CreateNewProject/popup_frame_choose_ project_type_domain_or_youtube"), Timeout): Object 'Object Repository/CreateNewProject/popup_frame_choose_ project_type_domain_or_youtube' is visible

2021-07-24 08:39:07 - [MESSAGE][PASSED] - Object 'Object Repository/CreateNewProject/popup_frame_choose_ project_type_domain_or_youtube' is visible

2021-07-24 08:39:07 - [TEST_STEP][PASSED] - click(findTestObject("CreateNewProject/button_domain")): Object: 'Object Repository/CreateNewProject/button_domain' is clicked on

2021-07-24 08:39:07 - [MESSAGE][PASSED] - Object: 'Object Repository/CreateNewProject/button_domain' is clicked on

2021-07-24 08:39:07 - [TEST_STEP][PASSED] - waitForElementPresent(findTestObject("CreateNewProject/popup_window_creating_project"), Timeout): Object 'Object Repository/CreateNewProject/popup_window_creating_project' is present

2021-07-24 08:39:09 - [MESSAGE][PASSED] - Object 'Object Repository/CreateNewProject/popup_window_creating_project' is present

2021-07-24 08:39:09 - [TEST_STEP][PASSED] - setText(findTestObject("CreateNewProject/FormPage_1/input_domain_name"), "detik.com"): Text 'detik.com' is set on object 'Object Repository/CreateNewProject/FormPage_1/input_domain_name'

2021-07-24 08:39:18 - [MESSAGE][PASSED] - Text 'detik.com' is set on object 'Object Repository/CreateNewProject/FormPage_1/input_domain_name'

2021-07-24 08:39:18 - [TEST_STEP][PASSED] - waitForElementVisible(findTestObject("CreateNewProject/FormPage_1/input_add_your_keyword"), Timeout): Object 'Object Repository/CreateNewProject/FormPage_1/input_add_your_keyword' is visible

2021-07-24 08:39:19 - [MESSAGE][PASSED] - Object 'Object Repository/CreateNewProject/FormPage_1/input_add_your_keyword' is visible

2021-07-24 08:39:19 - [TEST_STEP][PASSED] - setText(findTestObject("CreateNewProject/FormPage_1/input_add_your_keyword"), "politik"): Text 'politik' is set on object 'Object Repository/CreateNewProject/FormPage_1/input_add_your_keyword'

2021-07-24 08:39:19 - [MESSAGE][PASSED] - Text 'politik' is set on object 'Object Repository/CreateNewProject/FormPage_1/input_add_your_keyword'

2021-07-24 08:39:19 - [TEST_STEP][PASSED] - setText(findTestObject("CreateNewProject/FormPage_1/input_keyword_suggestions"), "partai"): Text 'partai' is set on object 'Object Repository/CreateNewProject/FormPage_1/input_keyword_suggestions'

2021-07-24 08:39:20 - [MESSAGE][PASSED] - Text 'partai' is set on object 'Object Repository/CreateNewProject/FormPage_1/input_keyword_suggestions'

2021-07-24 08:39:20 - [TEST_STEP][PASSED] - click(findTestObject("CreateNewProject/FormPage_1/button_next")): Object: 'Object Repository/CreateNewProject/FormPage_1/button_next' is clicked on

2021-07-24 08:39:21 - [MESSAGE][PASSED] - Object: 'Object Repository/CreateNewProject/FormPage_1/button_next' is clicked on

2021-07-24 08:39:21 - [TEST_STEP][PASSED] - delay(10): Delayed 10 second(s)

2021-07-24 08:39:31 - [MESSAGE][PASSED] - Delayed 10 second(s)

2021-07-24 08:39:31 - [TEST_STEP][PASSED] - com.helper.browserhelper.CustomBrowser.closeBrowser(): com.helper.browserhelper.CustomBrowser.closeBrowser is PASSED

2021-07-24 08:39:34 - [MESSAGE][PASSED] - Browser is closed

2021-07-24 08:39:34 - [MESSAGE][PASSED] - com.helper.browserhelper.CustomBrowser.closeBrowser is PASSED]]></system-out>
         <system-err><![CDATA[]]></system-err>
      </testcase>
      <testcase name="Test Cases/Edit Project/Negative/TS-EPR-34-ClickAddCompetitorButLeaveTheFieldEmptyTestCase" time="88.12" classname="Test Cases/Edit Project/Negative/TS-EPR-34-ClickAddCompetitorButLeaveTheFieldEmptyTestCase" status="PASSED">
         <system-out><![CDATA[2021-07-24 08:39:34 - [TEST_CASE][PASSED] - Test Cases/Edit Project/Negative/TS-EPR-34-ClickAddCompetitorButLeaveTheFieldEmptyTestCase: Test Cases/Edit Project/Negative/TS-EPR-34-ClickAddCompetitorButLeaveTheFieldEmptyTestCase

2021-07-24 08:39:34 - [TEST_STEP][PASSED] - com.helper.browserhelper.CustomBrowser.login(): com.helper.browserhelper.CustomBrowser.login is PASSED

2021-07-24 08:39:34 - [MESSAGE][INFO] - Starting 'Firefox' driver

2021-07-24 08:39:34 - [MESSAGE][INFO] - Action delay is set to 0 milliseconds

2021-07-24 08:39:48 - [MESSAGE][PASSED] - Browser is opened with url: 'https://dev-v2.serpwatch.io/login'

2021-07-24 08:39:48 - [MESSAGE][PASSED] - Wait for page load successfully

2021-07-24 08:39:48 - [MESSAGE][PASSED] - Current window maximized

2021-07-24 08:39:48 - [MESSAGE][PASSED] - Wait for page load successfully

2021-07-24 08:39:49 - [MESSAGE][PASSED] - Keys 'ayatullah.arul@gmail.com' sent to object: 'Object Repository/LoginPage/input_sign in_email'

2021-07-24 08:39:49 - [MESSAGE][PASSED] - Keys 'aaa101' sent to object: 'Object Repository/LoginPage/input_sign in_password'

2021-07-24 08:39:59 - [MESSAGE][PASSED] - Object: 'Object Repository/LoginPage/button_login' is clicked on

2021-07-24 08:39:59 - [MESSAGE][PASSED] - Wait for page load successfully

2021-07-24 08:39:59 - [MESSAGE][PASSED] - com.helper.browserhelper.CustomBrowser.login is PASSED

2021-07-24 08:39:59 - [TEST_STEP][PASSED] - click(findTestObject("CreateNewProject/button_add_project")): Object: 'Object Repository/CreateNewProject/button_add_project' is clicked on

2021-07-24 08:40:24 - [MESSAGE][PASSED] - Object: 'Object Repository/CreateNewProject/button_add_project' is clicked on

2021-07-24 08:40:24 - [TEST_STEP][PASSED] - waitForElementVisible(findTestObject("CreateNewProject/popup_frame_choose_ project_type_domain_or_youtube"), Timeout): Object 'Object Repository/CreateNewProject/popup_frame_choose_ project_type_domain_or_youtube' is visible

2021-07-24 08:40:24 - [MESSAGE][PASSED] - Object 'Object Repository/CreateNewProject/popup_frame_choose_ project_type_domain_or_youtube' is visible

2021-07-24 08:40:24 - [TEST_STEP][PASSED] - click(findTestObject("CreateNewProject/button_domain")): Object: 'Object Repository/CreateNewProject/button_domain' is clicked on

2021-07-24 08:40:25 - [MESSAGE][PASSED] - Object: 'Object Repository/CreateNewProject/button_domain' is clicked on

2021-07-24 08:40:25 - [TEST_STEP][PASSED] - waitForElementPresent(findTestObject("CreateNewProject/popup_window_creating_project"), Timeout): Object 'Object Repository/CreateNewProject/popup_window_creating_project' is present

2021-07-24 08:40:30 - [MESSAGE][PASSED] - Object 'Object Repository/CreateNewProject/popup_window_creating_project' is present

2021-07-24 08:40:30 - [TEST_STEP][PASSED] - setText(findTestObject("CreateNewProject/FormPage_1/input_domain_name"), "detik.com"): Text 'detik.com' is set on object 'Object Repository/CreateNewProject/FormPage_1/input_domain_name'

2021-07-24 08:40:42 - [MESSAGE][PASSED] - Text 'detik.com' is set on object 'Object Repository/CreateNewProject/FormPage_1/input_domain_name'

2021-07-24 08:40:42 - [TEST_STEP][PASSED] - waitForElementVisible(findTestObject("CreateNewProject/FormPage_1/input_add_your_keyword"), Timeout): Object 'Object Repository/CreateNewProject/FormPage_1/input_add_your_keyword' is visible

2021-07-24 08:40:43 - [MESSAGE][PASSED] - Object 'Object Repository/CreateNewProject/FormPage_1/input_add_your_keyword' is visible

2021-07-24 08:40:43 - [TEST_STEP][PASSED] - setText(findTestObject("CreateNewProject/FormPage_1/input_add_your_keyword"), "politik"): Text 'politik' is set on object 'Object Repository/CreateNewProject/FormPage_1/input_add_your_keyword'

2021-07-24 08:40:45 - [MESSAGE][PASSED] - Text 'politik' is set on object 'Object Repository/CreateNewProject/FormPage_1/input_add_your_keyword'

2021-07-24 08:40:45 - [TEST_STEP][PASSED] - setText(findTestObject("CreateNewProject/FormPage_1/input_keyword_suggestions"), "partai"): Text 'partai' is set on object 'Object Repository/CreateNewProject/FormPage_1/input_keyword_suggestions'

2021-07-24 08:40:48 - [MESSAGE][PASSED] - Text 'partai' is set on object 'Object Repository/CreateNewProject/FormPage_1/input_keyword_suggestions'

2021-07-24 08:40:48 - [TEST_STEP][PASSED] - click(findTestObject("CreateNewProject/FormPage_1/button_next")): Object: 'Object Repository/CreateNewProject/FormPage_1/button_next' is clicked on

2021-07-24 08:40:49 - [MESSAGE][PASSED] - Object: 'Object Repository/CreateNewProject/FormPage_1/button_next' is clicked on

2021-07-24 08:40:49 - [TEST_STEP][PASSED] - delay(10): Delayed 10 second(s)

2021-07-24 08:40:59 - [MESSAGE][PASSED] - Delayed 10 second(s)

2021-07-24 08:40:59 - [TEST_STEP][PASSED] - com.helper.browserhelper.CustomBrowser.closeBrowser(): com.helper.browserhelper.CustomBrowser.closeBrowser is PASSED

2021-07-24 08:41:02 - [MESSAGE][PASSED] - Browser is closed

2021-07-24 08:41:02 - [MESSAGE][PASSED] - com.helper.browserhelper.CustomBrowser.closeBrowser is PASSED]]></system-out>
         <system-err><![CDATA[]]></system-err>
      </testcase>
      <testcase name="Test Cases/Edit Project/Negative/TS-EPR-35-DeselectAllEnginesOrDevicesFromExistingCombosTestCase" time="57.246" classname="Test Cases/Edit Project/Negative/TS-EPR-35-DeselectAllEnginesOrDevicesFromExistingCombosTestCase" status="PASSED">
         <system-out><![CDATA[2021-07-24 08:41:02 - [TEST_CASE][PASSED] - Test Cases/Edit Project/Negative/TS-EPR-35-DeselectAllEnginesOrDevicesFromExistingCombosTestCase: Test Cases/Edit Project/Negative/TS-EPR-35-DeselectAllEnginesOrDevicesFromExistingCombosTestCase

2021-07-24 08:41:02 - [TEST_STEP][PASSED] - com.helper.browserhelper.CustomBrowser.login(): com.helper.browserhelper.CustomBrowser.login is PASSED

2021-07-24 08:41:02 - [MESSAGE][INFO] - Starting 'Firefox' driver

2021-07-24 08:41:02 - [MESSAGE][INFO] - Action delay is set to 0 milliseconds

2021-07-24 08:41:22 - [MESSAGE][PASSED] - Browser is opened with url: 'https://dev-v2.serpwatch.io/login'

2021-07-24 08:41:22 - [MESSAGE][PASSED] - Wait for page load successfully

2021-07-24 08:41:22 - [MESSAGE][PASSED] - Current window maximized

2021-07-24 08:41:22 - [MESSAGE][PASSED] - Wait for page load successfully

2021-07-24 08:41:23 - [MESSAGE][PASSED] - Keys 'ayatullah.arul@gmail.com' sent to object: 'Object Repository/LoginPage/input_sign in_email'

2021-07-24 08:41:23 - [MESSAGE][PASSED] - Keys 'aaa101' sent to object: 'Object Repository/LoginPage/input_sign in_password'

2021-07-24 08:41:31 - [MESSAGE][PASSED] - Object: 'Object Repository/LoginPage/button_login' is clicked on

2021-07-24 08:41:31 - [MESSAGE][PASSED] - Wait for page load successfully

2021-07-24 08:41:31 - [MESSAGE][PASSED] - com.helper.browserhelper.CustomBrowser.login is PASSED

2021-07-24 08:41:31 - [TEST_STEP][PASSED] - click(findTestObject("CreateNewProject/button_add_project")): Object: 'Object Repository/CreateNewProject/button_add_project' is clicked on

2021-07-24 08:41:32 - [MESSAGE][PASSED] - Object: 'Object Repository/CreateNewProject/button_add_project' is clicked on

2021-07-24 08:41:32 - [TEST_STEP][PASSED] - waitForElementVisible(findTestObject("CreateNewProject/popup_frame_choose_ project_type_domain_or_youtube"), Timeout): Object 'Object Repository/CreateNewProject/popup_frame_choose_ project_type_domain_or_youtube' is visible

2021-07-24 08:41:33 - [MESSAGE][PASSED] - Object 'Object Repository/CreateNewProject/popup_frame_choose_ project_type_domain_or_youtube' is visible

2021-07-24 08:41:33 - [TEST_STEP][PASSED] - click(findTestObject("CreateNewProject/button_domain")): Object: 'Object Repository/CreateNewProject/button_domain' is clicked on

2021-07-24 08:41:34 - [MESSAGE][PASSED] - Object: 'Object Repository/CreateNewProject/button_domain' is clicked on

2021-07-24 08:41:34 - [TEST_STEP][PASSED] - waitForElementPresent(findTestObject("CreateNewProject/popup_window_creating_project"), Timeout): Object 'Object Repository/CreateNewProject/popup_window_creating_project' is present

2021-07-24 08:41:36 - [MESSAGE][PASSED] - Object 'Object Repository/CreateNewProject/popup_window_creating_project' is present

2021-07-24 08:41:36 - [TEST_STEP][PASSED] - setText(findTestObject("CreateNewProject/FormPage_1/input_domain_name"), "detik.com"): Text 'detik.com' is set on object 'Object Repository/CreateNewProject/FormPage_1/input_domain_name'

2021-07-24 08:41:44 - [MESSAGE][PASSED] - Text 'detik.com' is set on object 'Object Repository/CreateNewProject/FormPage_1/input_domain_name'

2021-07-24 08:41:44 - [TEST_STEP][PASSED] - waitForElementVisible(findTestObject("CreateNewProject/FormPage_1/input_add_your_keyword"), Timeout): Object 'Object Repository/CreateNewProject/FormPage_1/input_add_your_keyword' is visible

2021-07-24 08:41:44 - [MESSAGE][PASSED] - Object 'Object Repository/CreateNewProject/FormPage_1/input_add_your_keyword' is visible

2021-07-24 08:41:44 - [TEST_STEP][PASSED] - setText(findTestObject("CreateNewProject/FormPage_1/input_add_your_keyword"), "politik"): Text 'politik' is set on object 'Object Repository/CreateNewProject/FormPage_1/input_add_your_keyword'

2021-07-24 08:41:45 - [MESSAGE][PASSED] - Text 'politik' is set on object 'Object Repository/CreateNewProject/FormPage_1/input_add_your_keyword'

2021-07-24 08:41:45 - [TEST_STEP][PASSED] - setText(findTestObject("CreateNewProject/FormPage_1/input_keyword_suggestions"), "partai"): Text 'partai' is set on object 'Object Repository/CreateNewProject/FormPage_1/input_keyword_suggestions'

2021-07-24 08:41:46 - [MESSAGE][PASSED] - Text 'partai' is set on object 'Object Repository/CreateNewProject/FormPage_1/input_keyword_suggestions'

2021-07-24 08:41:46 - [TEST_STEP][PASSED] - click(findTestObject("CreateNewProject/FormPage_1/button_next")): Object: 'Object Repository/CreateNewProject/FormPage_1/button_next' is clicked on

2021-07-24 08:41:47 - [MESSAGE][PASSED] - Object: 'Object Repository/CreateNewProject/FormPage_1/button_next' is clicked on

2021-07-24 08:41:47 - [TEST_STEP][PASSED] - delay(10): Delayed 10 second(s)

2021-07-24 08:41:57 - [MESSAGE][PASSED] - Delayed 10 second(s)

2021-07-24 08:41:57 - [TEST_STEP][PASSED] - com.helper.browserhelper.CustomBrowser.closeBrowser(): com.helper.browserhelper.CustomBrowser.closeBrowser is PASSED

2021-07-24 08:41:59 - [MESSAGE][PASSED] - Browser is closed

2021-07-24 08:41:59 - [MESSAGE][PASSED] - com.helper.browserhelper.CustomBrowser.closeBrowser is PASSED]]></system-out>
         <system-err><![CDATA[]]></system-err>
      </testcase>
      <testcase name="Test Cases/Edit Project/Negative/TS-EPR-36-UploadCsvWithoutSelectingAnyKeywordsFromItTestCase" time="83.854" classname="Test Cases/Edit Project/Negative/TS-EPR-36-UploadCsvWithoutSelectingAnyKeywordsFromItTestCase" status="PASSED">
         <system-out><![CDATA[2021-07-24 08:41:59 - [TEST_CASE][PASSED] - Test Cases/Edit Project/Negative/TS-EPR-36-UploadCsvWithoutSelectingAnyKeywordsFromItTestCase: Test Cases/Edit Project/Negative/TS-EPR-36-UploadCsvWithoutSelectingAnyKeywordsFromItTestCase

2021-07-24 08:42:00 - [TEST_STEP][PASSED] - com.helper.browserhelper.CustomBrowser.login(): com.helper.browserhelper.CustomBrowser.login is PASSED

2021-07-24 08:42:00 - [MESSAGE][INFO] - Starting 'Firefox' driver

2021-07-24 08:42:00 - [MESSAGE][INFO] - Action delay is set to 0 milliseconds

2021-07-24 08:42:16 - [MESSAGE][PASSED] - Browser is opened with url: 'https://dev-v2.serpwatch.io/login'

2021-07-24 08:42:16 - [MESSAGE][PASSED] - Wait for page load successfully

2021-07-24 08:42:16 - [MESSAGE][PASSED] - Current window maximized

2021-07-24 08:42:16 - [MESSAGE][PASSED] - Wait for page load successfully

2021-07-24 08:42:16 - [MESSAGE][PASSED] - Keys 'ayatullah.arul@gmail.com' sent to object: 'Object Repository/LoginPage/input_sign in_email'

2021-07-24 08:42:17 - [MESSAGE][PASSED] - Keys 'aaa101' sent to object: 'Object Repository/LoginPage/input_sign in_password'

2021-07-24 08:42:24 - [MESSAGE][PASSED] - Object: 'Object Repository/LoginPage/button_login' is clicked on

2021-07-24 08:42:24 - [MESSAGE][PASSED] - Wait for page load successfully

2021-07-24 08:42:24 - [MESSAGE][PASSED] - com.helper.browserhelper.CustomBrowser.login is PASSED

2021-07-24 08:42:24 - [TEST_STEP][PASSED] - click(findTestObject("CreateNewProject/button_add_project")): Object: 'Object Repository/CreateNewProject/button_add_project' is clicked on

2021-07-24 08:42:49 - [MESSAGE][PASSED] - Object: 'Object Repository/CreateNewProject/button_add_project' is clicked on

2021-07-24 08:42:49 - [TEST_STEP][PASSED] - waitForElementVisible(findTestObject("CreateNewProject/popup_frame_choose_ project_type_domain_or_youtube"), Timeout): Object 'Object Repository/CreateNewProject/popup_frame_choose_ project_type_domain_or_youtube' is visible

2021-07-24 08:42:50 - [MESSAGE][PASSED] - Object 'Object Repository/CreateNewProject/popup_frame_choose_ project_type_domain_or_youtube' is visible

2021-07-24 08:42:50 - [TEST_STEP][PASSED] - click(findTestObject("CreateNewProject/button_domain")): Object: 'Object Repository/CreateNewProject/button_domain' is clicked on

2021-07-24 08:42:51 - [MESSAGE][PASSED] - Object: 'Object Repository/CreateNewProject/button_domain' is clicked on

2021-07-24 08:42:51 - [TEST_STEP][PASSED] - waitForElementPresent(findTestObject("CreateNewProject/popup_window_creating_project"), Timeout): Object 'Object Repository/CreateNewProject/popup_window_creating_project' is present

2021-07-24 08:42:54 - [MESSAGE][PASSED] - Object 'Object Repository/CreateNewProject/popup_window_creating_project' is present

2021-07-24 08:42:54 - [TEST_STEP][PASSED] - setText(findTestObject("CreateNewProject/FormPage_1/input_domain_name"), "detik.com"): Text 'detik.com' is set on object 'Object Repository/CreateNewProject/FormPage_1/input_domain_name'

2021-07-24 08:43:08 - [MESSAGE][PASSED] - Text 'detik.com' is set on object 'Object Repository/CreateNewProject/FormPage_1/input_domain_name'

2021-07-24 08:43:08 - [TEST_STEP][PASSED] - waitForElementVisible(findTestObject("CreateNewProject/FormPage_1/input_add_your_keyword"), Timeout): Object 'Object Repository/CreateNewProject/FormPage_1/input_add_your_keyword' is visible

2021-07-24 08:43:08 - [MESSAGE][PASSED] - Object 'Object Repository/CreateNewProject/FormPage_1/input_add_your_keyword' is visible

2021-07-24 08:43:08 - [TEST_STEP][PASSED] - setText(findTestObject("CreateNewProject/FormPage_1/input_add_your_keyword"), "politik"): Text 'politik' is set on object 'Object Repository/CreateNewProject/FormPage_1/input_add_your_keyword'

2021-07-24 08:43:09 - [MESSAGE][PASSED] - Text 'politik' is set on object 'Object Repository/CreateNewProject/FormPage_1/input_add_your_keyword'

2021-07-24 08:43:09 - [TEST_STEP][PASSED] - setText(findTestObject("CreateNewProject/FormPage_1/input_keyword_suggestions"), "partai"): Text 'partai' is set on object 'Object Repository/CreateNewProject/FormPage_1/input_keyword_suggestions'

2021-07-24 08:43:10 - [MESSAGE][PASSED] - Text 'partai' is set on object 'Object Repository/CreateNewProject/FormPage_1/input_keyword_suggestions'

2021-07-24 08:43:10 - [TEST_STEP][PASSED] - click(findTestObject("CreateNewProject/FormPage_1/button_next")): Object: 'Object Repository/CreateNewProject/FormPage_1/button_next' is clicked on

2021-07-24 08:43:10 - [MESSAGE][PASSED] - Object: 'Object Repository/CreateNewProject/FormPage_1/button_next' is clicked on

2021-07-24 08:43:10 - [TEST_STEP][PASSED] - delay(10): Delayed 10 second(s)

2021-07-24 08:43:20 - [MESSAGE][PASSED] - Delayed 10 second(s)

2021-07-24 08:43:20 - [TEST_STEP][PASSED] - com.helper.browserhelper.CustomBrowser.closeBrowser(): com.helper.browserhelper.CustomBrowser.closeBrowser is PASSED

2021-07-24 08:43:23 - [MESSAGE][PASSED] - Browser is closed

2021-07-24 08:43:23 - [MESSAGE][PASSED] - com.helper.browserhelper.CustomBrowser.closeBrowser is PASSED]]></system-out>
         <system-err><![CDATA[]]></system-err>
      </testcase>
      <testcase name="Test Cases/Edit Project/Negative/TS-EPR-37-IncreaseUsageAboveChecksLimitOfTheUserTestCase" time="69.209" classname="Test Cases/Edit Project/Negative/TS-EPR-37-IncreaseUsageAboveChecksLimitOfTheUserTestCase" status="PASSED">
         <system-out><![CDATA[2021-07-24 08:43:23 - [TEST_CASE][PASSED] - Test Cases/Edit Project/Negative/TS-EPR-37-IncreaseUsageAboveChecksLimitOfTheUserTestCase: Test Cases/Edit Project/Negative/TS-EPR-37-IncreaseUsageAboveChecksLimitOfTheUserTestCase

2021-07-24 08:43:23 - [TEST_STEP][PASSED] - com.helper.browserhelper.CustomBrowser.login(): com.helper.browserhelper.CustomBrowser.login is PASSED

2021-07-24 08:43:23 - [MESSAGE][INFO] - Starting 'Firefox' driver

2021-07-24 08:43:23 - [MESSAGE][INFO] - Action delay is set to 0 milliseconds

2021-07-24 08:43:45 - [MESSAGE][PASSED] - Browser is opened with url: 'https://dev-v2.serpwatch.io/login'

2021-07-24 08:43:45 - [MESSAGE][PASSED] - Wait for page load successfully

2021-07-24 08:43:45 - [MESSAGE][PASSED] - Current window maximized

2021-07-24 08:43:45 - [MESSAGE][PASSED] - Wait for page load successfully

2021-07-24 08:43:45 - [MESSAGE][PASSED] - Keys 'ayatullah.arul@gmail.com' sent to object: 'Object Repository/LoginPage/input_sign in_email'

2021-07-24 08:43:46 - [MESSAGE][PASSED] - Keys 'aaa101' sent to object: 'Object Repository/LoginPage/input_sign in_password'

2021-07-24 08:43:54 - [MESSAGE][PASSED] - Object: 'Object Repository/LoginPage/button_login' is clicked on

2021-07-24 08:43:55 - [MESSAGE][PASSED] - Wait for page load successfully

2021-07-24 08:43:55 - [MESSAGE][PASSED] - com.helper.browserhelper.CustomBrowser.login is PASSED

2021-07-24 08:43:55 - [TEST_STEP][PASSED] - click(findTestObject("CreateNewProject/button_add_project")): Object: 'Object Repository/CreateNewProject/button_add_project' is clicked on

2021-07-24 08:43:56 - [MESSAGE][PASSED] - Object: 'Object Repository/CreateNewProject/button_add_project' is clicked on

2021-07-24 08:43:56 - [TEST_STEP][PASSED] - waitForElementVisible(findTestObject("CreateNewProject/popup_frame_choose_ project_type_domain_or_youtube"), Timeout): Object 'Object Repository/CreateNewProject/popup_frame_choose_ project_type_domain_or_youtube' is visible

2021-07-24 08:43:57 - [MESSAGE][PASSED] - Object 'Object Repository/CreateNewProject/popup_frame_choose_ project_type_domain_or_youtube' is visible

2021-07-24 08:43:57 - [TEST_STEP][PASSED] - click(findTestObject("CreateNewProject/button_domain")): Object: 'Object Repository/CreateNewProject/button_domain' is clicked on

2021-07-24 08:43:58 - [MESSAGE][PASSED] - Object: 'Object Repository/CreateNewProject/button_domain' is clicked on

2021-07-24 08:43:58 - [TEST_STEP][PASSED] - waitForElementPresent(findTestObject("CreateNewProject/popup_window_creating_project"), Timeout): Object 'Object Repository/CreateNewProject/popup_window_creating_project' is present

2021-07-24 08:44:01 - [MESSAGE][PASSED] - Object 'Object Repository/CreateNewProject/popup_window_creating_project' is present

2021-07-24 08:44:01 - [TEST_STEP][PASSED] - setText(findTestObject("CreateNewProject/FormPage_1/input_domain_name"), "detik.com"): Text 'detik.com' is set on object 'Object Repository/CreateNewProject/FormPage_1/input_domain_name'

2021-07-24 08:44:18 - [MESSAGE][PASSED] - Text 'detik.com' is set on object 'Object Repository/CreateNewProject/FormPage_1/input_domain_name'

2021-07-24 08:44:18 - [TEST_STEP][PASSED] - waitForElementVisible(findTestObject("CreateNewProject/FormPage_1/input_add_your_keyword"), Timeout): Object 'Object Repository/CreateNewProject/FormPage_1/input_add_your_keyword' is visible

2021-07-24 08:44:18 - [MESSAGE][PASSED] - Object 'Object Repository/CreateNewProject/FormPage_1/input_add_your_keyword' is visible

2021-07-24 08:44:18 - [TEST_STEP][PASSED] - setText(findTestObject("CreateNewProject/FormPage_1/input_add_your_keyword"), "politik"): Text 'politik' is set on object 'Object Repository/CreateNewProject/FormPage_1/input_add_your_keyword'

2021-07-24 08:44:19 - [MESSAGE][PASSED] - Text 'politik' is set on object 'Object Repository/CreateNewProject/FormPage_1/input_add_your_keyword'

2021-07-24 08:44:19 - [TEST_STEP][PASSED] - setText(findTestObject("CreateNewProject/FormPage_1/input_keyword_suggestions"), "partai"): Text 'partai' is set on object 'Object Repository/CreateNewProject/FormPage_1/input_keyword_suggestions'

2021-07-24 08:44:20 - [MESSAGE][PASSED] - Text 'partai' is set on object 'Object Repository/CreateNewProject/FormPage_1/input_keyword_suggestions'

2021-07-24 08:44:20 - [TEST_STEP][PASSED] - click(findTestObject("CreateNewProject/FormPage_1/button_next")): Object: 'Object Repository/CreateNewProject/FormPage_1/button_next' is clicked on

2021-07-24 08:44:20 - [MESSAGE][PASSED] - Object: 'Object Repository/CreateNewProject/FormPage_1/button_next' is clicked on

2021-07-24 08:44:20 - [TEST_STEP][PASSED] - delay(10): Delayed 10 second(s)

2021-07-24 08:44:30 - [MESSAGE][PASSED] - Delayed 10 second(s)

2021-07-24 08:44:30 - [TEST_STEP][PASSED] - com.helper.browserhelper.CustomBrowser.closeBrowser(): com.helper.browserhelper.CustomBrowser.closeBrowser is PASSED

2021-07-24 08:44:32 - [MESSAGE][PASSED] - Browser is closed

2021-07-24 08:44:32 - [MESSAGE][PASSED] - com.helper.browserhelper.CustomBrowser.closeBrowser is PASSED]]></system-out>
         <system-err><![CDATA[]]></system-err>
      </testcase>
      <testcase name="Test Cases/Create Project/Negative/TS-CPR-24-CreateProjectWithoutFillingNameFieldTestCase" time="51.388" classname="Test Cases/Create Project/Negative/TS-CPR-24-CreateProjectWithoutFillingNameFieldTestCase" status="PASSED">
         <system-out><![CDATA[2021-07-24 08:44:32 - [TEST_CASE][PASSED] - Test Cases/Create Project/Negative/TS-CPR-24-CreateProjectWithoutFillingNameFieldTestCase: Test Cases/Create Project/Negative/TS-CPR-24-CreateProjectWithoutFillingNameFieldTestCase

2021-07-24 08:44:32 - [TEST_STEP][PASSED] - com.helper.browserhelper.CustomBrowser.login(): com.helper.browserhelper.CustomBrowser.login is PASSED

2021-07-24 08:44:32 - [MESSAGE][INFO] - Starting 'Firefox' driver

2021-07-24 08:44:32 - [MESSAGE][INFO] - Action delay is set to 0 milliseconds

2021-07-24 08:44:48 - [MESSAGE][PASSED] - Browser is opened with url: 'https://dev-v2.serpwatch.io/login'

2021-07-24 08:44:48 - [MESSAGE][PASSED] - Wait for page load successfully

2021-07-24 08:44:48 - [MESSAGE][PASSED] - Current window maximized

2021-07-24 08:44:48 - [MESSAGE][PASSED] - Wait for page load successfully

2021-07-24 08:44:48 - [MESSAGE][PASSED] - Keys 'ayatullah.arul@gmail.com' sent to object: 'Object Repository/LoginPage/input_sign in_email'

2021-07-24 08:44:48 - [MESSAGE][PASSED] - Keys 'aaa101' sent to object: 'Object Repository/LoginPage/input_sign in_password'

2021-07-24 08:44:59 - [MESSAGE][PASSED] - Object: 'Object Repository/LoginPage/button_login' is clicked on

2021-07-24 08:44:59 - [MESSAGE][PASSED] - Wait for page load successfully

2021-07-24 08:44:59 - [MESSAGE][PASSED] - com.helper.browserhelper.CustomBrowser.login is PASSED

2021-07-24 08:44:59 - [TEST_STEP][PASSED] - click(findTestObject("CreateNewProject/button_add_project")): Object: 'Object Repository/CreateNewProject/button_add_project' is clicked on

2021-07-24 08:45:00 - [MESSAGE][PASSED] - Object: 'Object Repository/CreateNewProject/button_add_project' is clicked on

2021-07-24 08:45:00 - [TEST_STEP][PASSED] - waitForElementVisible(findTestObject("CreateNewProject/popup_frame_choose_ project_type_domain_or_youtube"), Timeout): Object 'Object Repository/CreateNewProject/popup_frame_choose_ project_type_domain_or_youtube' is visible

2021-07-24 08:45:01 - [MESSAGE][PASSED] - Object 'Object Repository/CreateNewProject/popup_frame_choose_ project_type_domain_or_youtube' is visible

2021-07-24 08:45:01 - [TEST_STEP][PASSED] - click(findTestObject("CreateNewProject/button_domain")): Object: 'Object Repository/CreateNewProject/button_domain' is clicked on

2021-07-24 08:45:02 - [MESSAGE][PASSED] - Object: 'Object Repository/CreateNewProject/button_domain' is clicked on

2021-07-24 08:45:02 - [TEST_STEP][PASSED] - waitForElementPresent(findTestObject("CreateNewProject/FormPage_1/input_domain_name"), Timeout): Object 'Object Repository/CreateNewProject/FormPage_1/input_domain_name' is present

2021-07-24 08:45:06 - [MESSAGE][PASSED] - Object 'Object Repository/CreateNewProject/FormPage_1/input_domain_name' is present

2021-07-24 08:45:06 - [TEST_STEP][PASSED] - setText(findTestObject("CreateNewProject/FormPage_1/input_domain_name"), DomainText1): Text 'goal.com' is set on object 'Object Repository/CreateNewProject/FormPage_1/input_domain_name'

2021-07-24 08:45:16 - [MESSAGE][PASSED] - Text 'goal.com' is set on object 'Object Repository/CreateNewProject/FormPage_1/input_domain_name'

2021-07-24 08:45:16 - [TEST_STEP][PASSED] - setText(findTestObject("CreateNewProject/FormPage_1/input_add_your_keyword"), AddYourKeywordText): Text 'player' is set on object 'Object Repository/CreateNewProject/FormPage_1/input_add_your_keyword'

2021-07-24 08:45:17 - [MESSAGE][PASSED] - Text 'player' is set on object 'Object Repository/CreateNewProject/FormPage_1/input_add_your_keyword'

2021-07-24 08:45:17 - [TEST_STEP][PASSED] - click(findTestObject("CreateNewProject/FormPage_1/button_next")): Object: 'Object Repository/CreateNewProject/FormPage_1/button_next' is clicked on

2021-07-24 08:45:18 - [MESSAGE][PASSED] - Object: 'Object Repository/CreateNewProject/FormPage_1/button_next' is clicked on

2021-07-24 08:45:18 - [TEST_STEP][PASSED] - waitForPageLoad(Timeout): Wait for page load successfully

2021-07-24 08:45:18 - [MESSAGE][PASSED] - Wait for page load successfully

2021-07-24 08:45:18 - [TEST_STEP][PASSED] - focus(findTestObject("CreateNewProject/FormPage_1/input_project_name")): Object: 'Object Repository/CreateNewProject/FormPage_1/input_project_name' is focused

2021-07-24 08:45:18 - [MESSAGE][PASSED] - Object: 'Object Repository/CreateNewProject/FormPage_1/input_project_name' is focused

2021-07-24 08:45:18 - [TEST_STEP][PASSED] - delay(3): Delayed 3 second(s)

2021-07-24 08:45:21 - [MESSAGE][PASSED] - Delayed 3 second(s)

2021-07-24 08:45:21 - [TEST_STEP][PASSED] - com.helper.browserhelper.CustomBrowser.closeBrowser(): com.helper.browserhelper.CustomBrowser.closeBrowser is PASSED

2021-07-24 08:45:24 - [MESSAGE][PASSED] - Browser is closed

2021-07-24 08:45:24 - [MESSAGE][PASSED] - com.helper.browserhelper.CustomBrowser.closeBrowser is PASSED]]></system-out>
         <system-err><![CDATA[]]></system-err>
      </testcase>
      <testcase name="Test Cases/Create Project/Negative/TS-CPR-25-CreateProjectWithoutFillingDomainFieldTestCase" time="55.876" classname="Test Cases/Create Project/Negative/TS-CPR-25-CreateProjectWithoutFillingDomainFieldTestCase" status="PASSED">
         <system-out><![CDATA[2021-07-24 08:45:24 - [TEST_CASE][PASSED] - Test Cases/Create Project/Negative/TS-CPR-25-CreateProjectWithoutFillingDomainFieldTestCase: Test Cases/Create Project/Negative/TS-CPR-25-CreateProjectWithoutFillingDomainFieldTestCase

2021-07-24 08:45:24 - [TEST_STEP][PASSED] - com.helper.browserhelper.CustomBrowser.login(): com.helper.browserhelper.CustomBrowser.login is PASSED

2021-07-24 08:45:24 - [MESSAGE][INFO] - Starting 'Firefox' driver

2021-07-24 08:45:24 - [MESSAGE][INFO] - Action delay is set to 0 milliseconds

2021-07-24 08:45:37 - [MESSAGE][PASSED] - Browser is opened with url: 'https://dev-v2.serpwatch.io/login'

2021-07-24 08:45:37 - [MESSAGE][PASSED] - Wait for page load successfully

2021-07-24 08:45:37 - [MESSAGE][PASSED] - Current window maximized

2021-07-24 08:45:37 - [MESSAGE][PASSED] - Wait for page load successfully

2021-07-24 08:45:38 - [MESSAGE][PASSED] - Keys 'ayatullah.arul@gmail.com' sent to object: 'Object Repository/LoginPage/input_sign in_email'

2021-07-24 08:45:38 - [MESSAGE][PASSED] - Keys 'aaa101' sent to object: 'Object Repository/LoginPage/input_sign in_password'

2021-07-24 08:45:46 - [MESSAGE][PASSED] - Object: 'Object Repository/LoginPage/button_login' is clicked on

2021-07-24 08:45:46 - [MESSAGE][PASSED] - Wait for page load successfully

2021-07-24 08:45:46 - [MESSAGE][PASSED] - com.helper.browserhelper.CustomBrowser.login is PASSED

2021-07-24 08:45:46 - [TEST_STEP][PASSED] - click(findTestObject("CreateNewProject/button_add_project")): Object: 'Object Repository/CreateNewProject/button_add_project' is clicked on

2021-07-24 08:45:58 - [MESSAGE][PASSED] - Object: 'Object Repository/CreateNewProject/button_add_project' is clicked on

2021-07-24 08:45:58 - [TEST_STEP][PASSED] - waitForElementVisible(findTestObject("CreateNewProject/popup_frame_choose_ project_type_domain_or_youtube"), Timeout): Object 'Object Repository/CreateNewProject/popup_frame_choose_ project_type_domain_or_youtube' is visible

2021-07-24 08:45:59 - [MESSAGE][PASSED] - Object 'Object Repository/CreateNewProject/popup_frame_choose_ project_type_domain_or_youtube' is visible

2021-07-24 08:45:59 - [TEST_STEP][PASSED] - click(findTestObject("CreateNewProject/button_domain")): Object: 'Object Repository/CreateNewProject/button_domain' is clicked on

2021-07-24 08:45:59 - [MESSAGE][PASSED] - Object: 'Object Repository/CreateNewProject/button_domain' is clicked on

2021-07-24 08:45:59 - [TEST_STEP][PASSED] - waitForElementPresent(findTestObject("CreateNewProject/FormPage_1/input_domain_name"), Timeout): Object 'Object Repository/CreateNewProject/FormPage_1/input_domain_name' is present

2021-07-24 08:46:02 - [MESSAGE][PASSED] - Object 'Object Repository/CreateNewProject/FormPage_1/input_domain_name' is present

2021-07-24 08:46:02 - [TEST_STEP][PASSED] - setText(findTestObject("CreateNewProject/FormPage_1/input_project_name"), ProjectNameText): Text 'Sample Project' is set on object 'Object Repository/CreateNewProject/FormPage_1/input_project_name'

2021-07-24 08:46:11 - [MESSAGE][PASSED] - Text 'Sample Project' is set on object 'Object Repository/CreateNewProject/FormPage_1/input_project_name'

2021-07-24 08:46:11 - [TEST_STEP][PASSED] - setText(findTestObject("CreateNewProject/FormPage_1/input_domain_name"), ""): Text '' is set on object 'Object Repository/CreateNewProject/FormPage_1/input_domain_name'

2021-07-24 08:46:12 - [MESSAGE][PASSED] - Text '' is set on object 'Object Repository/CreateNewProject/FormPage_1/input_domain_name'

2021-07-24 08:46:12 - [TEST_STEP][PASSED] - setText(findTestObject("CreateNewProject/FormPage_1/input_add_your_keyword"), AddYourKeywordText): Text 'player' is set on object 'Object Repository/CreateNewProject/FormPage_1/input_add_your_keyword'

2021-07-24 08:46:13 - [MESSAGE][PASSED] - Text 'player' is set on object 'Object Repository/CreateNewProject/FormPage_1/input_add_your_keyword'

2021-07-24 08:46:13 - [TEST_STEP][PASSED] - click(findTestObject("CreateNewProject/FormPage_1/button_next")): Object: 'Object Repository/CreateNewProject/FormPage_1/button_next' is clicked on

2021-07-24 08:46:13 - [MESSAGE][PASSED] - Object: 'Object Repository/CreateNewProject/FormPage_1/button_next' is clicked on

2021-07-24 08:46:13 - [TEST_STEP][PASSED] - waitForPageLoad(Timeout): Wait for page load successfully

2021-07-24 08:46:13 - [MESSAGE][PASSED] - Wait for page load successfully

2021-07-24 08:46:13 - [TEST_STEP][PASSED] - focus(findTestObject("CreateNewProject/FormPage_1/input_domain_name")): Object: 'Object Repository/CreateNewProject/FormPage_1/input_domain_name' is focused

2021-07-24 08:46:14 - [MESSAGE][PASSED] - Object: 'Object Repository/CreateNewProject/FormPage_1/input_domain_name' is focused

2021-07-24 08:46:14 - [TEST_STEP][PASSED] - delay(3): Delayed 3 second(s)

2021-07-24 08:46:17 - [MESSAGE][PASSED] - Delayed 3 second(s)

2021-07-24 08:46:17 - [TEST_STEP][PASSED] - com.helper.browserhelper.CustomBrowser.closeBrowser(): com.helper.browserhelper.CustomBrowser.closeBrowser is PASSED

2021-07-24 08:46:20 - [MESSAGE][PASSED] - Browser is closed

2021-07-24 08:46:20 - [MESSAGE][PASSED] - com.helper.browserhelper.CustomBrowser.closeBrowser is PASSED]]></system-out>
         <system-err><![CDATA[]]></system-err>
      </testcase>
      <testcase name="Test Cases/Create Project/Negative/TS-CPR-26-CreateProjectWithoutEnteringAnyKeywordsTestCase" time="65.57" classname="Test Cases/Create Project/Negative/TS-CPR-26-CreateProjectWithoutEnteringAnyKeywordsTestCase" status="PASSED">
         <system-out><![CDATA[2021-07-24 08:46:20 - [TEST_CASE][PASSED] - Test Cases/Create Project/Negative/TS-CPR-26-CreateProjectWithoutEnteringAnyKeywordsTestCase: Test Cases/Create Project/Negative/TS-CPR-26-CreateProjectWithoutEnteringAnyKeywordsTestCase

2021-07-24 08:46:20 - [TEST_STEP][PASSED] - com.helper.browserhelper.CustomBrowser.login(): com.helper.browserhelper.CustomBrowser.login is PASSED

2021-07-24 08:46:20 - [MESSAGE][INFO] - Starting 'Firefox' driver

2021-07-24 08:46:20 - [MESSAGE][INFO] - Action delay is set to 0 milliseconds

2021-07-24 08:46:37 - [MESSAGE][PASSED] - Browser is opened with url: 'https://dev-v2.serpwatch.io/login'

2021-07-24 08:46:37 - [MESSAGE][PASSED] - Wait for page load successfully

2021-07-24 08:46:37 - [MESSAGE][PASSED] - Current window maximized

2021-07-24 08:46:37 - [MESSAGE][PASSED] - Wait for page load successfully

2021-07-24 08:46:37 - [MESSAGE][PASSED] - Keys 'ayatullah.arul@gmail.com' sent to object: 'Object Repository/LoginPage/input_sign in_email'

2021-07-24 08:46:38 - [MESSAGE][PASSED] - Keys 'aaa101' sent to object: 'Object Repository/LoginPage/input_sign in_password'

2021-07-24 08:46:47 - [MESSAGE][PASSED] - Object: 'Object Repository/LoginPage/button_login' is clicked on

2021-07-24 08:46:47 - [MESSAGE][PASSED] - Wait for page load successfully

2021-07-24 08:46:47 - [MESSAGE][PASSED] - com.helper.browserhelper.CustomBrowser.login is PASSED

2021-07-24 08:46:47 - [TEST_STEP][PASSED] - click(findTestObject("CreateNewProject/button_add_project")): Object: 'Object Repository/CreateNewProject/button_add_project' is clicked on

2021-07-24 08:47:07 - [MESSAGE][PASSED] - Object: 'Object Repository/CreateNewProject/button_add_project' is clicked on

2021-07-24 08:47:07 - [TEST_STEP][PASSED] - waitForElementVisible(findTestObject("CreateNewProject/popup_frame_choose_ project_type_domain_or_youtube"), Timeout): Object 'Object Repository/CreateNewProject/popup_frame_choose_ project_type_domain_or_youtube' is visible

2021-07-24 08:47:08 - [MESSAGE][PASSED] - Object 'Object Repository/CreateNewProject/popup_frame_choose_ project_type_domain_or_youtube' is visible

2021-07-24 08:47:08 - [TEST_STEP][PASSED] - click(findTestObject("CreateNewProject/button_domain")): Object: 'Object Repository/CreateNewProject/button_domain' is clicked on

2021-07-24 08:47:09 - [MESSAGE][PASSED] - Object: 'Object Repository/CreateNewProject/button_domain' is clicked on

2021-07-24 08:47:09 - [TEST_STEP][PASSED] - waitForElementPresent(findTestObject("CreateNewProject/FormPage_1/button_next"), Timeout): Object 'Object Repository/CreateNewProject/FormPage_1/button_next' is present

2021-07-24 08:47:12 - [MESSAGE][PASSED] - Object 'Object Repository/CreateNewProject/FormPage_1/button_next' is present

2021-07-24 08:47:12 - [TEST_STEP][PASSED] - click(findTestObject("CreateNewProject/FormPage_1/button_next")): Object: 'Object Repository/CreateNewProject/FormPage_1/button_next' is clicked on

2021-07-24 08:47:19 - [MESSAGE][PASSED] - Object: 'Object Repository/CreateNewProject/FormPage_1/button_next' is clicked on

2021-07-24 08:47:19 - [TEST_STEP][PASSED] - waitForPageLoad(Timeout): Wait for page load successfully

2021-07-24 08:47:19 - [MESSAGE][PASSED] - Wait for page load successfully

2021-07-24 08:47:19 - [TEST_STEP][PASSED] - focus(findTestObject("CreateNewProject/FormPage_1/input_domain_name")): Object: 'Object Repository/CreateNewProject/FormPage_1/input_domain_name' is focused

2021-07-24 08:47:19 - [MESSAGE][PASSED] - Object: 'Object Repository/CreateNewProject/FormPage_1/input_domain_name' is focused

2021-07-24 08:47:19 - [TEST_STEP][PASSED] - delay(3): Delayed 3 second(s)

2021-07-24 08:47:22 - [MESSAGE][PASSED] - Delayed 3 second(s)

2021-07-24 08:47:22 - [TEST_STEP][PASSED] - com.helper.browserhelper.CustomBrowser.closeBrowser(): com.helper.browserhelper.CustomBrowser.closeBrowser is PASSED

2021-07-24 08:47:25 - [MESSAGE][PASSED] - Browser is closed

2021-07-24 08:47:25 - [MESSAGE][PASSED] - com.helper.browserhelper.CustomBrowser.closeBrowser is PASSED]]></system-out>
         <system-err><![CDATA[]]></system-err>
      </testcase>
      <testcase name="Test Cases/Create Project/Negative/TS-CPR-27-CreateProjectAndClickAddCompetitorButDoNotFillFieldTestCase" time="68.428" classname="Test Cases/Create Project/Negative/TS-CPR-27-CreateProjectAndClickAddCompetitorButDoNotFillFieldTestCase" status="PASSED">
         <system-out><![CDATA[2021-07-24 08:47:25 - [TEST_CASE][PASSED] - Test Cases/Create Project/Negative/TS-CPR-27-CreateProjectAndClickAddCompetitorButDoNotFillFieldTestCase: Test Cases/Create Project/Negative/TS-CPR-27-CreateProjectAndClickAddCompetitorButDoNotFillFieldTestCase

2021-07-24 08:47:25 - [TEST_STEP][PASSED] - com.helper.browserhelper.CustomBrowser.login(): com.helper.browserhelper.CustomBrowser.login is PASSED

2021-07-24 08:47:25 - [MESSAGE][INFO] - Starting 'Firefox' driver

2021-07-24 08:47:25 - [MESSAGE][INFO] - Action delay is set to 0 milliseconds

2021-07-24 08:47:40 - [MESSAGE][PASSED] - Browser is opened with url: 'https://dev-v2.serpwatch.io/login'

2021-07-24 08:47:40 - [MESSAGE][PASSED] - Wait for page load successfully

2021-07-24 08:47:40 - [MESSAGE][PASSED] - Current window maximized

2021-07-24 08:47:40 - [MESSAGE][PASSED] - Wait for page load successfully

2021-07-24 08:47:40 - [MESSAGE][PASSED] - Keys 'ayatullah.arul@gmail.com' sent to object: 'Object Repository/LoginPage/input_sign in_email'

2021-07-24 08:47:40 - [MESSAGE][PASSED] - Keys 'aaa101' sent to object: 'Object Repository/LoginPage/input_sign in_password'

2021-07-24 08:47:49 - [MESSAGE][PASSED] - Object: 'Object Repository/LoginPage/button_login' is clicked on

2021-07-24 08:47:49 - [MESSAGE][PASSED] - Wait for page load successfully

2021-07-24 08:47:49 - [MESSAGE][PASSED] - com.helper.browserhelper.CustomBrowser.login is PASSED

2021-07-24 08:47:49 - [TEST_STEP][PASSED] - click(findTestObject("CreateNewProject/button_add_project")): Object: 'Object Repository/CreateNewProject/button_add_project' is clicked on

2021-07-24 08:48:09 - [MESSAGE][PASSED] - Object: 'Object Repository/CreateNewProject/button_add_project' is clicked on

2021-07-24 08:48:09 - [TEST_STEP][PASSED] - waitForElementVisible(findTestObject("CreateNewProject/popup_frame_choose_ project_type_domain_or_youtube"), Timeout): Object 'Object Repository/CreateNewProject/popup_frame_choose_ project_type_domain_or_youtube' is visible

2021-07-24 08:48:09 - [MESSAGE][PASSED] - Object 'Object Repository/CreateNewProject/popup_frame_choose_ project_type_domain_or_youtube' is visible

2021-07-24 08:48:09 - [TEST_STEP][PASSED] - click(findTestObject("CreateNewProject/button_domain")): Object: 'Object Repository/CreateNewProject/button_domain' is clicked on

2021-07-24 08:48:10 - [MESSAGE][PASSED] - Object: 'Object Repository/CreateNewProject/button_domain' is clicked on

2021-07-24 08:48:10 - [TEST_STEP][PASSED] - waitForElementPresent(findTestObject("CreateNewProject/FormPage_1/input_project_name"), Timeout): Object 'Object Repository/CreateNewProject/FormPage_1/input_project_name' is present

2021-07-24 08:48:13 - [MESSAGE][PASSED] - Object 'Object Repository/CreateNewProject/FormPage_1/input_project_name' is present

2021-07-24 08:48:13 - [TEST_STEP][PASSED] - setText(findTestObject("CreateNewProject/FormPage_1/input_project_name"), ProjectNameText): Text 'Sample Project' is set on object 'Object Repository/CreateNewProject/FormPage_1/input_project_name'

2021-07-24 08:48:23 - [MESSAGE][PASSED] - Text 'Sample Project' is set on object 'Object Repository/CreateNewProject/FormPage_1/input_project_name'

2021-07-24 08:48:23 - [TEST_STEP][PASSED] - setText(findTestObject("CreateNewProject/FormPage_1/input_domain_name"), DomainText1): Text 'goal.com' is set on object 'Object Repository/CreateNewProject/FormPage_1/input_domain_name'

2021-07-24 08:48:24 - [MESSAGE][PASSED] - Text 'goal.com' is set on object 'Object Repository/CreateNewProject/FormPage_1/input_domain_name'

2021-07-24 08:48:24 - [TEST_STEP][PASSED] - click(findTestObject("CreateNewProject/FormPage_1/button_add_competitor")): Object: 'Object Repository/CreateNewProject/FormPage_1/button_add_competitor' is clicked on

2021-07-24 08:48:25 - [MESSAGE][PASSED] - Object: 'Object Repository/CreateNewProject/FormPage_1/button_add_competitor' is clicked on

2021-07-24 08:48:25 - [TEST_STEP][PASSED] - setText(findTestObject("CreateNewProject/FormPage_1/input_add_your_keyword"), AddYourKeywordText): Text 'player' is set on object 'Object Repository/CreateNewProject/FormPage_1/input_add_your_keyword'

2021-07-24 08:48:25 - [MESSAGE][PASSED] - Text 'player' is set on object 'Object Repository/CreateNewProject/FormPage_1/input_add_your_keyword'

2021-07-24 08:48:25 - [TEST_STEP][PASSED] - click(findTestObject("CreateNewProject/FormPage_1/button_next")): Object: 'Object Repository/CreateNewProject/FormPage_1/button_next' is clicked on

2021-07-24 08:48:26 - [MESSAGE][PASSED] - Object: 'Object Repository/CreateNewProject/FormPage_1/button_next' is clicked on

2021-07-24 08:48:26 - [TEST_STEP][PASSED] - waitForPageLoad(Timeout): Wait for page load successfully

2021-07-24 08:48:26 - [MESSAGE][PASSED] - Wait for page load successfully

2021-07-24 08:48:26 - [TEST_STEP][PASSED] - focus(findTestObject("CreateNewProject/FormPage_1/input_domain_competitors")): Object: 'Object Repository/CreateNewProject/FormPage_1/input_domain_competitors' is focused

2021-07-24 08:48:28 - [MESSAGE][PASSED] - Object: 'Object Repository/CreateNewProject/FormPage_1/input_domain_competitors' is focused

2021-07-24 08:48:28 - [TEST_STEP][PASSED] - delay(3): Delayed 3 second(s)

2021-07-24 08:48:31 - [MESSAGE][PASSED] - Delayed 3 second(s)

2021-07-24 08:48:31 - [TEST_STEP][PASSED] - com.helper.browserhelper.CustomBrowser.closeBrowser(): com.helper.browserhelper.CustomBrowser.closeBrowser is PASSED

2021-07-24 08:48:34 - [MESSAGE][PASSED] - Browser is closed

2021-07-24 08:48:34 - [MESSAGE][PASSED] - com.helper.browserhelper.CustomBrowser.closeBrowser is PASSED]]></system-out>
         <system-err><![CDATA[]]></system-err>
      </testcase>
      <testcase name="Test Cases/Create Project/Negative/TS-CPR-28-CreateProjectWithoutAnyEnginesOrDevicesSelectedTestCase" time="53.386" classname="Test Cases/Create Project/Negative/TS-CPR-28-CreateProjectWithoutAnyEnginesOrDevicesSelectedTestCase" status="PASSED">
         <system-out><![CDATA[2021-07-24 08:48:34 - [TEST_CASE][PASSED] - Test Cases/Create Project/Negative/TS-CPR-28-CreateProjectWithoutAnyEnginesOrDevicesSelectedTestCase: Test Cases/Create Project/Negative/TS-CPR-28-CreateProjectWithoutAnyEnginesOrDevicesSelectedTestCase

2021-07-24 08:48:34 - [TEST_STEP][PASSED] - com.helper.browserhelper.CustomBrowser.login(): com.helper.browserhelper.CustomBrowser.login is PASSED

2021-07-24 08:48:34 - [MESSAGE][INFO] - Starting 'Firefox' driver

2021-07-24 08:48:34 - [MESSAGE][INFO] - Action delay is set to 0 milliseconds

2021-07-24 08:48:48 - [MESSAGE][PASSED] - Browser is opened with url: 'https://dev-v2.serpwatch.io/login'

2021-07-24 08:48:48 - [MESSAGE][PASSED] - Wait for page load successfully

2021-07-24 08:48:48 - [MESSAGE][PASSED] - Current window maximized

2021-07-24 08:48:48 - [MESSAGE][PASSED] - Wait for page load successfully

2021-07-24 08:48:49 - [MESSAGE][PASSED] - Keys 'ayatullah.arul@gmail.com' sent to object: 'Object Repository/LoginPage/input_sign in_email'

2021-07-24 08:48:49 - [MESSAGE][PASSED] - Keys 'aaa101' sent to object: 'Object Repository/LoginPage/input_sign in_password'

2021-07-24 08:48:57 - [MESSAGE][PASSED] - Object: 'Object Repository/LoginPage/button_login' is clicked on

2021-07-24 08:48:57 - [MESSAGE][PASSED] - Wait for page load successfully

2021-07-24 08:48:57 - [MESSAGE][PASSED] - com.helper.browserhelper.CustomBrowser.login is PASSED

2021-07-24 08:48:57 - [TEST_STEP][PASSED] - click(findTestObject("CreateNewProject/button_add_project")): Object: 'Object Repository/CreateNewProject/button_add_project' is clicked on

2021-07-24 08:49:10 - [MESSAGE][PASSED] - Object: 'Object Repository/CreateNewProject/button_add_project' is clicked on

2021-07-24 08:49:10 - [TEST_STEP][PASSED] - waitForElementVisible(findTestObject("CreateNewProject/popup_frame_choose_ project_type_domain_or_youtube"), Timeout): Object 'Object Repository/CreateNewProject/popup_frame_choose_ project_type_domain_or_youtube' is visible

2021-07-24 08:49:11 - [MESSAGE][PASSED] - Object 'Object Repository/CreateNewProject/popup_frame_choose_ project_type_domain_or_youtube' is visible

2021-07-24 08:49:11 - [TEST_STEP][PASSED] - click(findTestObject("CreateNewProject/button_domain")): Object: 'Object Repository/CreateNewProject/button_domain' is clicked on

2021-07-24 08:49:11 - [MESSAGE][PASSED] - Object: 'Object Repository/CreateNewProject/button_domain' is clicked on

2021-07-24 08:49:11 - [TEST_STEP][PASSED] - waitForElementPresent(findTestObject("CreateNewProject/popup_window_creating_project"), Timeout): Object 'Object Repository/CreateNewProject/popup_window_creating_project' is present

2021-07-24 08:49:13 - [MESSAGE][PASSED] - Object 'Object Repository/CreateNewProject/popup_window_creating_project' is present

2021-07-24 08:49:13 - [TEST_STEP][PASSED] - setText(findTestObject("CreateNewProject/FormPage_1/input_project_name"), ProjectNameText): Text 'Sample Project' is set on object 'Object Repository/CreateNewProject/FormPage_1/input_project_name'

2021-07-24 08:49:23 - [MESSAGE][PASSED] - Text 'Sample Project' is set on object 'Object Repository/CreateNewProject/FormPage_1/input_project_name'

2021-07-24 08:49:23 - [TEST_STEP][PASSED] - setText(findTestObject("CreateNewProject/FormPage_1/input_domain_name"), DomainText1): Text 'goal.com' is set on object 'Object Repository/CreateNewProject/FormPage_1/input_domain_name'

2021-07-24 08:49:24 - [MESSAGE][PASSED] - Text 'goal.com' is set on object 'Object Repository/CreateNewProject/FormPage_1/input_domain_name'

2021-07-24 08:49:24 - [TEST_STEP][PASSED] - waitForElementVisible(findTestObject("CreateNewProject/FormPage_1/input_add_your_keyword"), Timeout): Object 'Object Repository/CreateNewProject/FormPage_1/input_add_your_keyword' is visible

2021-07-24 08:49:25 - [MESSAGE][PASSED] - Object 'Object Repository/CreateNewProject/FormPage_1/input_add_your_keyword' is visible

2021-07-24 08:49:25 - [TEST_STEP][PASSED] - setText(findTestObject("CreateNewProject/FormPage_1/input_add_your_keyword"), AddYourKeywordText): Text 'player' is set on object 'Object Repository/CreateNewProject/FormPage_1/input_add_your_keyword'

2021-07-24 08:49:25 - [MESSAGE][PASSED] - Text 'player' is set on object 'Object Repository/CreateNewProject/FormPage_1/input_add_your_keyword'

2021-07-24 08:49:25 - [TEST_STEP][PASSED] - click(findTestObject("CreateNewProject/FormPage_1/button_next")): Object: 'Object Repository/CreateNewProject/FormPage_1/button_next' is clicked on

2021-07-24 08:49:26 - [MESSAGE][PASSED] - Object: 'Object Repository/CreateNewProject/FormPage_1/button_next' is clicked on

2021-07-24 08:49:26 - [TEST_STEP][PASSED] - uncheck(findTestObject("CreateNewProject/FormPage_2/checkbox_engine_google_desktop")): Object 'Object Repository/CreateNewProject/FormPage_2/checkbox_engine_google_desktop' is un-checked

2021-07-24 08:49:27 - [MESSAGE][PASSED] - Object 'Object Repository/CreateNewProject/FormPage_2/checkbox_engine_google_desktop' is un-checked

2021-07-24 08:49:27 - [TEST_STEP][PASSED] - uncheck(findTestObject("CreateNewProject/FormPage_2/checkbox_engine_google_mobile")): Object 'Object Repository/CreateNewProject/FormPage_2/checkbox_engine_google_mobile' is un-checked

2021-07-24 08:49:27 - [MESSAGE][PASSED] - Object 'Object Repository/CreateNewProject/FormPage_2/checkbox_engine_google_mobile' is un-checked

2021-07-24 08:49:27 - [TEST_STEP][PASSED] - waitForPageLoad(Timeout): Wait for page load successfully

2021-07-24 08:49:27 - [MESSAGE][PASSED] - Wait for page load successfully]]></system-out>
         <system-err><![CDATA[]]></system-err>
      </testcase>
      <testcase name="Test Cases/Create Project/Negative/TS-CPR-29-CreateProjectWithNameFieldWithLessThan2CharactersTestCase" time="74.879" classname="Test Cases/Create Project/Negative/TS-CPR-29-CreateProjectWithNameFieldWithLessThan2CharactersTestCase" status="PASSED">
         <system-out><![CDATA[2021-07-24 08:49:27 - [TEST_CASE][PASSED] - Test Cases/Create Project/Negative/TS-CPR-29-CreateProjectWithNameFieldWithLessThan2CharactersTestCase: Test Cases/Create Project/Negative/TS-CPR-29-CreateProjectWithNameFieldWithLessThan2CharactersTestCase

2021-07-24 08:49:27 - [TEST_STEP][PASSED] - com.helper.browserhelper.CustomBrowser.login(): com.helper.browserhelper.CustomBrowser.login is PASSED

2021-07-24 08:49:27 - [MESSAGE][WARNING] - A browser is already opened. Closing browser and opening a new one

2021-07-24 08:49:29 - [MESSAGE][INFO] - Starting 'Firefox' driver

2021-07-24 08:49:29 - [MESSAGE][INFO] - Action delay is set to 0 milliseconds

2021-07-24 08:49:43 - [MESSAGE][PASSED] - Browser is opened with url: 'https://dev-v2.serpwatch.io/login'

2021-07-24 08:49:43 - [MESSAGE][PASSED] - Wait for page load successfully

2021-07-24 08:49:43 - [MESSAGE][PASSED] - Current window maximized

2021-07-24 08:49:43 - [MESSAGE][PASSED] - Wait for page load successfully

2021-07-24 08:49:44 - [MESSAGE][PASSED] - Keys 'ayatullah.arul@gmail.com' sent to object: 'Object Repository/LoginPage/input_sign in_email'

2021-07-24 08:49:44 - [MESSAGE][PASSED] - Keys 'aaa101' sent to object: 'Object Repository/LoginPage/input_sign in_password'

2021-07-24 08:49:52 - [MESSAGE][PASSED] - Object: 'Object Repository/LoginPage/button_login' is clicked on

2021-07-24 08:49:52 - [MESSAGE][PASSED] - Wait for page load successfully

2021-07-24 08:49:52 - [MESSAGE][PASSED] - com.helper.browserhelper.CustomBrowser.login is PASSED

2021-07-24 08:49:52 - [TEST_STEP][PASSED] - click(findTestObject("CreateNewProject/button_add_project")): Object: 'Object Repository/CreateNewProject/button_add_project' is clicked on

2021-07-24 08:50:19 - [MESSAGE][PASSED] - Object: 'Object Repository/CreateNewProject/button_add_project' is clicked on

2021-07-24 08:50:19 - [TEST_STEP][PASSED] - waitForElementVisible(findTestObject("CreateNewProject/popup_frame_choose_ project_type_domain_or_youtube"), Timeout): Object 'Object Repository/CreateNewProject/popup_frame_choose_ project_type_domain_or_youtube' is visible

2021-07-24 08:50:20 - [MESSAGE][PASSED] - Object 'Object Repository/CreateNewProject/popup_frame_choose_ project_type_domain_or_youtube' is visible

2021-07-24 08:50:20 - [TEST_STEP][PASSED] - click(findTestObject("CreateNewProject/button_domain")): Object: 'Object Repository/CreateNewProject/button_domain' is clicked on

2021-07-24 08:50:21 - [MESSAGE][PASSED] - Object: 'Object Repository/CreateNewProject/button_domain' is clicked on

2021-07-24 08:50:21 - [TEST_STEP][PASSED] - waitForElementPresent(findTestObject("CreateNewProject/FormPage_1/input_project_name"), Timeout): Object 'Object Repository/CreateNewProject/FormPage_1/input_project_name' is present

2021-07-24 08:50:23 - [MESSAGE][PASSED] - Object 'Object Repository/CreateNewProject/FormPage_1/input_project_name' is present

2021-07-24 08:50:23 - [TEST_STEP][PASSED] - setText(findTestObject("CreateNewProject/FormPage_1/input_project_name"), "S"): Text 'S' is set on object 'Object Repository/CreateNewProject/FormPage_1/input_project_name'

2021-07-24 08:50:32 - [MESSAGE][PASSED] - Text 'S' is set on object 'Object Repository/CreateNewProject/FormPage_1/input_project_name'

2021-07-24 08:50:32 - [TEST_STEP][PASSED] - setText(findTestObject("CreateNewProject/FormPage_1/input_domain_name"), DomainText1): Text 'goal.com' is set on object 'Object Repository/CreateNewProject/FormPage_1/input_domain_name'

2021-07-24 08:50:33 - [MESSAGE][PASSED] - Text 'goal.com' is set on object 'Object Repository/CreateNewProject/FormPage_1/input_domain_name'

2021-07-24 08:50:33 - [TEST_STEP][PASSED] - setText(findTestObject("CreateNewProject/FormPage_1/input_add_your_keyword"), AddYourKeywordText): Text 'player' is set on object 'Object Repository/CreateNewProject/FormPage_1/input_add_your_keyword'

2021-07-24 08:50:33 - [MESSAGE][PASSED] - Text 'player' is set on object 'Object Repository/CreateNewProject/FormPage_1/input_add_your_keyword'

2021-07-24 08:50:33 - [TEST_STEP][PASSED] - click(findTestObject("CreateNewProject/FormPage_1/button_next")): Object: 'Object Repository/CreateNewProject/FormPage_1/button_next' is clicked on

2021-07-24 08:50:34 - [MESSAGE][PASSED] - Object: 'Object Repository/CreateNewProject/FormPage_1/button_next' is clicked on

2021-07-24 08:50:34 - [TEST_STEP][PASSED] - waitForPageLoad(Timeout): Wait for page load successfully

2021-07-24 08:50:34 - [MESSAGE][PASSED] - Wait for page load successfully

2021-07-24 08:50:34 - [TEST_STEP][PASSED] - focus(findTestObject("CreateNewProject/FormPage_1/input_project_name")): Object: 'Object Repository/CreateNewProject/FormPage_1/input_project_name' is focused

2021-07-24 08:50:36 - [MESSAGE][PASSED] - Object: 'Object Repository/CreateNewProject/FormPage_1/input_project_name' is focused

2021-07-24 08:50:36 - [TEST_STEP][PASSED] - delay(3): Delayed 3 second(s)

2021-07-24 08:50:39 - [MESSAGE][PASSED] - Delayed 3 second(s)

2021-07-24 08:50:39 - [TEST_STEP][PASSED] - com.helper.browserhelper.CustomBrowser.closeBrowser(): com.helper.browserhelper.CustomBrowser.closeBrowser is PASSED

2021-07-24 08:50:42 - [MESSAGE][PASSED] - Browser is closed

2021-07-24 08:50:42 - [MESSAGE][PASSED] - com.helper.browserhelper.CustomBrowser.closeBrowser is PASSED]]></system-out>
         <system-err><![CDATA[]]></system-err>
      </testcase>
      <testcase name="Test Cases/Create Project/Negative/TS-CPR-30-CreateProjectUsingInvalidDomainFormatInDomainFieldTestCase" time="50.991" classname="Test Cases/Create Project/Negative/TS-CPR-30-CreateProjectUsingInvalidDomainFormatInDomainFieldTestCase" status="PASSED">
         <system-out><![CDATA[2021-07-24 08:50:42 - [TEST_CASE][PASSED] - Test Cases/Create Project/Negative/TS-CPR-30-CreateProjectUsingInvalidDomainFormatInDomainFieldTestCase: Test Cases/Create Project/Negative/TS-CPR-30-CreateProjectUsingInvalidDomainFormatInDomainFieldTestCase

2021-07-24 08:50:42 - [TEST_STEP][PASSED] - com.helper.browserhelper.CustomBrowser.login(): com.helper.browserhelper.CustomBrowser.login is PASSED

2021-07-24 08:50:42 - [MESSAGE][INFO] - Starting 'Firefox' driver

2021-07-24 08:50:42 - [MESSAGE][INFO] - Action delay is set to 0 milliseconds

2021-07-24 08:50:58 - [MESSAGE][PASSED] - Browser is opened with url: 'https://dev-v2.serpwatch.io/login'

2021-07-24 08:50:58 - [MESSAGE][PASSED] - Wait for page load successfully

2021-07-24 08:50:58 - [MESSAGE][PASSED] - Current window maximized

2021-07-24 08:50:58 - [MESSAGE][PASSED] - Wait for page load successfully

2021-07-24 08:50:58 - [MESSAGE][PASSED] - Keys 'ayatullah.arul@gmail.com' sent to object: 'Object Repository/LoginPage/input_sign in_email'

2021-07-24 08:50:59 - [MESSAGE][PASSED] - Keys 'aaa101' sent to object: 'Object Repository/LoginPage/input_sign in_password'

2021-07-24 08:51:08 - [MESSAGE][PASSED] - Object: 'Object Repository/LoginPage/button_login' is clicked on

2021-07-24 08:51:08 - [MESSAGE][PASSED] - Wait for page load successfully

2021-07-24 08:51:08 - [MESSAGE][PASSED] - com.helper.browserhelper.CustomBrowser.login is PASSED

2021-07-24 08:51:08 - [TEST_STEP][PASSED] - click(findTestObject("CreateNewProject/button_add_project")): Object: 'Object Repository/CreateNewProject/button_add_project' is clicked on

2021-07-24 08:51:09 - [MESSAGE][PASSED] - Object: 'Object Repository/CreateNewProject/button_add_project' is clicked on

2021-07-24 08:51:09 - [TEST_STEP][PASSED] - waitForElementVisible(findTestObject("CreateNewProject/popup_frame_choose_ project_type_domain_or_youtube"), Timeout): Object 'Object Repository/CreateNewProject/popup_frame_choose_ project_type_domain_or_youtube' is visible

2021-07-24 08:51:10 - [MESSAGE][PASSED] - Object 'Object Repository/CreateNewProject/popup_frame_choose_ project_type_domain_or_youtube' is visible

2021-07-24 08:51:10 - [TEST_STEP][PASSED] - click(findTestObject("CreateNewProject/button_domain")): Object: 'Object Repository/CreateNewProject/button_domain' is clicked on

2021-07-24 08:51:10 - [MESSAGE][PASSED] - Object: 'Object Repository/CreateNewProject/button_domain' is clicked on

2021-07-24 08:51:10 - [TEST_STEP][PASSED] - waitForElementPresent(findTestObject("CreateNewProject/popup_window_creating_project"), Timeout): Object 'Object Repository/CreateNewProject/popup_window_creating_project' is present

2021-07-24 08:51:14 - [MESSAGE][PASSED] - Object 'Object Repository/CreateNewProject/popup_window_creating_project' is present

2021-07-24 08:51:14 - [TEST_STEP][PASSED] - setText(findTestObject("CreateNewProject/FormPage_1/input_project_name"), ProjectNameText): Text 'Sample Project' is set on object 'Object Repository/CreateNewProject/FormPage_1/input_project_name'

2021-07-24 08:51:23 - [MESSAGE][PASSED] - Text 'Sample Project' is set on object 'Object Repository/CreateNewProject/FormPage_1/input_project_name'

2021-07-24 08:51:23 - [TEST_STEP][PASSED] - setText(findTestObject("CreateNewProject/FormPage_1/input_domain_name"), "2341sf"): Text '2341sf' is set on object 'Object Repository/CreateNewProject/FormPage_1/input_domain_name'

2021-07-24 08:51:23 - [MESSAGE][PASSED] - Text '2341sf' is set on object 'Object Repository/CreateNewProject/FormPage_1/input_domain_name'

2021-07-24 08:51:23 - [TEST_STEP][PASSED] - waitForElementVisible(findTestObject("CreateNewProject/FormPage_1/input_add_your_keyword"), Timeout): Object 'Object Repository/CreateNewProject/FormPage_1/input_add_your_keyword' is visible

2021-07-24 08:51:24 - [MESSAGE][PASSED] - Object 'Object Repository/CreateNewProject/FormPage_1/input_add_your_keyword' is visible

2021-07-24 08:51:24 - [TEST_STEP][PASSED] - setText(findTestObject("CreateNewProject/FormPage_1/input_add_your_keyword"), AddYourKeywordText): Text 'player' is set on object 'Object Repository/CreateNewProject/FormPage_1/input_add_your_keyword'

2021-07-24 08:51:26 - [MESSAGE][PASSED] - Text 'player' is set on object 'Object Repository/CreateNewProject/FormPage_1/input_add_your_keyword'

2021-07-24 08:51:26 - [TEST_STEP][PASSED] - click(findTestObject("CreateNewProject/FormPage_1/button_next")): Object: 'Object Repository/CreateNewProject/FormPage_1/button_next' is clicked on

2021-07-24 08:51:27 - [MESSAGE][PASSED] - Object: 'Object Repository/CreateNewProject/FormPage_1/button_next' is clicked on

2021-07-24 08:51:27 - [TEST_STEP][PASSED] - focus(findTestObject("CreateNewProject/FormPage_1/input_domain_name")): Object: 'Object Repository/CreateNewProject/FormPage_1/input_domain_name' is focused

2021-07-24 08:51:27 - [MESSAGE][PASSED] - Object: 'Object Repository/CreateNewProject/FormPage_1/input_domain_name' is focused

2021-07-24 08:51:27 - [TEST_STEP][PASSED] - delay(3): Delayed 3 second(s)

2021-07-24 08:51:30 - [MESSAGE][PASSED] - Delayed 3 second(s)

2021-07-24 08:51:30 - [TEST_STEP][PASSED] - com.helper.browserhelper.CustomBrowser.closeBrowser(): com.helper.browserhelper.CustomBrowser.closeBrowser is PASSED

2021-07-24 08:51:33 - [MESSAGE][PASSED] - Browser is closed

2021-07-24 08:51:33 - [MESSAGE][PASSED] - com.helper.browserhelper.CustomBrowser.closeBrowser is PASSED]]></system-out>
         <system-err><![CDATA[]]></system-err>
      </testcase>
      <testcase name="Test Cases/Create Project/Negative/TS-CPR-31-CreateProjectWithKeywordLessThan2CharactersTestCase" time="79.807" classname="Test Cases/Create Project/Negative/TS-CPR-31-CreateProjectWithKeywordLessThan2CharactersTestCase" status="PASSED">
         <system-out><![CDATA[2021-07-24 08:51:33 - [TEST_CASE][PASSED] - Test Cases/Create Project/Negative/TS-CPR-31-CreateProjectWithKeywordLessThan2CharactersTestCase: Test Cases/Create Project/Negative/TS-CPR-31-CreateProjectWithKeywordLessThan2CharactersTestCase

2021-07-24 08:51:33 - [TEST_STEP][PASSED] - com.helper.browserhelper.CustomBrowser.login(): com.helper.browserhelper.CustomBrowser.login is PASSED

2021-07-24 08:51:33 - [MESSAGE][INFO] - Starting 'Firefox' driver

2021-07-24 08:51:33 - [MESSAGE][INFO] - Action delay is set to 0 milliseconds

2021-07-24 08:51:51 - [MESSAGE][PASSED] - Browser is opened with url: 'https://dev-v2.serpwatch.io/login'

2021-07-24 08:51:51 - [MESSAGE][PASSED] - Wait for page load successfully

2021-07-24 08:51:51 - [MESSAGE][PASSED] - Current window maximized

2021-07-24 08:51:51 - [MESSAGE][PASSED] - Wait for page load successfully

2021-07-24 08:51:52 - [MESSAGE][PASSED] - Keys 'ayatullah.arul@gmail.com' sent to object: 'Object Repository/LoginPage/input_sign in_email'

2021-07-24 08:51:52 - [MESSAGE][PASSED] - Keys 'aaa101' sent to object: 'Object Repository/LoginPage/input_sign in_password'

2021-07-24 08:52:00 - [MESSAGE][PASSED] - Object: 'Object Repository/LoginPage/button_login' is clicked on

2021-07-24 08:52:01 - [MESSAGE][PASSED] - Wait for page load successfully

2021-07-24 08:52:01 - [MESSAGE][PASSED] - com.helper.browserhelper.CustomBrowser.login is PASSED

2021-07-24 08:52:01 - [TEST_STEP][PASSED] - click(findTestObject("CreateNewProject/button_add_project")): Object: 'Object Repository/CreateNewProject/button_add_project' is clicked on

2021-07-24 08:52:30 - [MESSAGE][PASSED] - Object: 'Object Repository/CreateNewProject/button_add_project' is clicked on

2021-07-24 08:52:30 - [TEST_STEP][PASSED] - waitForElementVisible(findTestObject("CreateNewProject/popup_frame_choose_ project_type_domain_or_youtube"), Timeout): Object 'Object Repository/CreateNewProject/popup_frame_choose_ project_type_domain_or_youtube' is visible

2021-07-24 08:52:30 - [MESSAGE][PASSED] - Object 'Object Repository/CreateNewProject/popup_frame_choose_ project_type_domain_or_youtube' is visible

2021-07-24 08:52:30 - [TEST_STEP][PASSED] - click(findTestObject("CreateNewProject/button_domain")): Object: 'Object Repository/CreateNewProject/button_domain' is clicked on

2021-07-24 08:52:31 - [MESSAGE][PASSED] - Object: 'Object Repository/CreateNewProject/button_domain' is clicked on

2021-07-24 08:52:31 - [TEST_STEP][PASSED] - waitForElementPresent(findTestObject("CreateNewProject/popup_window_creating_project"), Timeout): Object 'Object Repository/CreateNewProject/popup_window_creating_project' is present

2021-07-24 08:52:33 - [MESSAGE][PASSED] - Object 'Object Repository/CreateNewProject/popup_window_creating_project' is present

2021-07-24 08:52:33 - [TEST_STEP][PASSED] - setText(findTestObject("CreateNewProject/FormPage_1/input_domain_name"), DomainText1): Text 'goal.com' is set on object 'Object Repository/CreateNewProject/FormPage_1/input_domain_name'

2021-07-24 08:52:42 - [MESSAGE][PASSED] - Text 'goal.com' is set on object 'Object Repository/CreateNewProject/FormPage_1/input_domain_name'

2021-07-24 08:52:42 - [TEST_STEP][PASSED] - waitForElementVisible(findTestObject("CreateNewProject/FormPage_1/input_add_your_keyword"), Timeout): Object 'Object Repository/CreateNewProject/FormPage_1/input_add_your_keyword' is visible

2021-07-24 08:52:43 - [MESSAGE][PASSED] - Object 'Object Repository/CreateNewProject/FormPage_1/input_add_your_keyword' is visible

2021-07-24 08:52:43 - [TEST_STEP][PASSED] - setText(findTestObject("CreateNewProject/FormPage_1/input_add_your_keyword"), "q"): Text 'q' is set on object 'Object Repository/CreateNewProject/FormPage_1/input_add_your_keyword'

2021-07-24 08:52:44 - [MESSAGE][PASSED] - Text 'q' is set on object 'Object Repository/CreateNewProject/FormPage_1/input_add_your_keyword'

2021-07-24 08:52:44 - [TEST_STEP][PASSED] - click(findTestObject("CreateNewProject/FormPage_1/button_next")): Object: 'Object Repository/CreateNewProject/FormPage_1/button_next' is clicked on

2021-07-24 08:52:46 - [MESSAGE][PASSED] - Object: 'Object Repository/CreateNewProject/FormPage_1/button_next' is clicked on

2021-07-24 08:52:46 - [TEST_STEP][PASSED] - focus(findTestObject("CreateNewProject/FormPage_1/input_add_your_keyword")): Object: 'Object Repository/CreateNewProject/FormPage_1/input_add_your_keyword' is focused

2021-07-24 08:52:47 - [MESSAGE][PASSED] - Object: 'Object Repository/CreateNewProject/FormPage_1/input_add_your_keyword' is focused

2021-07-24 08:52:47 - [TEST_STEP][PASSED] - delay(3): Delayed 3 second(s)

2021-07-24 08:52:50 - [MESSAGE][PASSED] - Delayed 3 second(s)

2021-07-24 08:52:50 - [TEST_STEP][PASSED] - com.helper.browserhelper.CustomBrowser.closeBrowser(): com.helper.browserhelper.CustomBrowser.closeBrowser is PASSED

2021-07-24 08:52:53 - [MESSAGE][PASSED] - Browser is closed

2021-07-24 08:52:53 - [MESSAGE][PASSED] - com.helper.browserhelper.CustomBrowser.closeBrowser is PASSED]]></system-out>
         <system-err><![CDATA[]]></system-err>
      </testcase>
      <testcase name="Test Cases/Create Project/Negative/TS-CPR-32-UploadCsvWithoutSelectingAnyKeywordsTestCase" time="48.073" classname="Test Cases/Create Project/Negative/TS-CPR-32-UploadCsvWithoutSelectingAnyKeywordsTestCase" status="PASSED">
         <system-out><![CDATA[2021-07-24 08:52:53 - [TEST_CASE][PASSED] - Test Cases/Create Project/Negative/TS-CPR-32-UploadCsvWithoutSelectingAnyKeywordsTestCase: Test Cases/Create Project/Negative/TS-CPR-32-UploadCsvWithoutSelectingAnyKeywordsTestCase

2021-07-24 08:52:53 - [TEST_STEP][PASSED] - com.helper.browserhelper.CustomBrowser.login(): com.helper.browserhelper.CustomBrowser.login is PASSED

2021-07-24 08:52:53 - [MESSAGE][INFO] - Starting 'Firefox' driver

2021-07-24 08:52:53 - [MESSAGE][INFO] - Action delay is set to 0 milliseconds

2021-07-24 08:53:11 - [MESSAGE][PASSED] - Browser is opened with url: 'https://dev-v2.serpwatch.io/login'

2021-07-24 08:53:11 - [MESSAGE][PASSED] - Wait for page load successfully

2021-07-24 08:53:11 - [MESSAGE][PASSED] - Current window maximized

2021-07-24 08:53:11 - [MESSAGE][PASSED] - Wait for page load successfully

2021-07-24 08:53:11 - [MESSAGE][PASSED] - Keys 'ayatullah.arul@gmail.com' sent to object: 'Object Repository/LoginPage/input_sign in_email'

2021-07-24 08:53:11 - [MESSAGE][PASSED] - Keys 'aaa101' sent to object: 'Object Repository/LoginPage/input_sign in_password'

2021-07-24 08:53:19 - [MESSAGE][PASSED] - Object: 'Object Repository/LoginPage/button_login' is clicked on

2021-07-24 08:53:19 - [MESSAGE][PASSED] - Wait for page load successfully

2021-07-24 08:53:19 - [MESSAGE][PASSED] - com.helper.browserhelper.CustomBrowser.login is PASSED

2021-07-24 08:53:19 - [TEST_STEP][PASSED] - click(findTestObject("CreateNewProject/button_add_project")): Object: 'Object Repository/CreateNewProject/button_add_project' is clicked on

2021-07-24 08:53:20 - [MESSAGE][PASSED] - Object: 'Object Repository/CreateNewProject/button_add_project' is clicked on

2021-07-24 08:53:20 - [TEST_STEP][PASSED] - waitForElementVisible(findTestObject("CreateNewProject/popup_frame_choose_ project_type_domain_or_youtube"), Timeout): Object 'Object Repository/CreateNewProject/popup_frame_choose_ project_type_domain_or_youtube' is visible

2021-07-24 08:53:21 - [MESSAGE][PASSED] - Object 'Object Repository/CreateNewProject/popup_frame_choose_ project_type_domain_or_youtube' is visible

2021-07-24 08:53:21 - [TEST_STEP][PASSED] - click(findTestObject("CreateNewProject/button_domain")): Object: 'Object Repository/CreateNewProject/button_domain' is clicked on

2021-07-24 08:53:22 - [MESSAGE][PASSED] - Object: 'Object Repository/CreateNewProject/button_domain' is clicked on

2021-07-24 08:53:22 - [TEST_STEP][PASSED] - waitForElementPresent(findTestObject("CreateNewProject/popup_window_creating_project"), Timeout): Object 'Object Repository/CreateNewProject/popup_window_creating_project' is present

2021-07-24 08:53:25 - [MESSAGE][PASSED] - Object 'Object Repository/CreateNewProject/popup_window_creating_project' is present

2021-07-24 08:53:25 - [TEST_STEP][PASSED] - setText(findTestObject("CreateNewProject/FormPage_1/input_domain_name"), "detik.com"): Text 'detik.com' is set on object 'Object Repository/CreateNewProject/FormPage_1/input_domain_name'

2021-07-24 08:53:33 - [MESSAGE][PASSED] - Text 'detik.com' is set on object 'Object Repository/CreateNewProject/FormPage_1/input_domain_name'

2021-07-24 08:53:33 - [TEST_STEP][PASSED] - waitForElementVisible(findTestObject("CreateNewProject/FormPage_1/input_add_your_keyword"), Timeout): Object 'Object Repository/CreateNewProject/FormPage_1/input_add_your_keyword' is visible

2021-07-24 08:53:33 - [MESSAGE][PASSED] - Object 'Object Repository/CreateNewProject/FormPage_1/input_add_your_keyword' is visible

2021-07-24 08:53:33 - [TEST_STEP][PASSED] - setText(findTestObject("CreateNewProject/FormPage_1/input_add_your_keyword"), "politik"): Text 'politik' is set on object 'Object Repository/CreateNewProject/FormPage_1/input_add_your_keyword'

2021-07-24 08:53:34 - [MESSAGE][PASSED] - Text 'politik' is set on object 'Object Repository/CreateNewProject/FormPage_1/input_add_your_keyword'

2021-07-24 08:53:34 - [TEST_STEP][PASSED] - setText(findTestObject("CreateNewProject/FormPage_1/input_keyword_suggestions"), "partai"): Text 'partai' is set on object 'Object Repository/CreateNewProject/FormPage_1/input_keyword_suggestions'

2021-07-24 08:53:35 - [MESSAGE][PASSED] - Text 'partai' is set on object 'Object Repository/CreateNewProject/FormPage_1/input_keyword_suggestions'

2021-07-24 08:53:35 - [TEST_STEP][PASSED] - click(findTestObject("CreateNewProject/FormPage_1/button_next")): Object: 'Object Repository/CreateNewProject/FormPage_1/button_next' is clicked on

2021-07-24 08:53:35 - [MESSAGE][PASSED] - Object: 'Object Repository/CreateNewProject/FormPage_1/button_next' is clicked on

2021-07-24 08:53:35 - [TEST_STEP][PASSED] - delay(3): Delayed 3 second(s)

2021-07-24 08:53:38 - [MESSAGE][PASSED] - Delayed 3 second(s)

2021-07-24 08:53:38 - [TEST_STEP][PASSED] - com.helper.browserhelper.CustomBrowser.closeBrowser(): com.helper.browserhelper.CustomBrowser.closeBrowser is PASSED

2021-07-24 08:53:41 - [MESSAGE][PASSED] - Browser is closed

2021-07-24 08:53:41 - [MESSAGE][PASSED] - com.helper.browserhelper.CustomBrowser.closeBrowser is PASSED]]></system-out>
         <system-err><![CDATA[]]></system-err>
      </testcase>
      <testcase name="Test Cases/Create Project/Negative/TS-CPR-33-CreateProjectThatIsGoingOverTheChecksLimitOfTheUsersPlanTestCase" time="45.737" classname="Test Cases/Create Project/Negative/TS-CPR-33-CreateProjectThatIsGoingOverTheChecksLimitOfTheUsersPlanTestCase" status="PASSED">
         <system-out><![CDATA[2021-07-24 08:53:41 - [TEST_CASE][PASSED] - Test Cases/Create Project/Negative/TS-CPR-33-CreateProjectThatIsGoingOverTheChecksLimitOfTheUsersPlanTestCase: Test Cases/Create Project/Negative/TS-CPR-33-CreateProjectThatIsGoingOverTheChecksLimitOfTheUsersPlanTestCase

2021-07-24 08:53:41 - [TEST_STEP][PASSED] - com.helper.browserhelper.CustomBrowser.login(): com.helper.browserhelper.CustomBrowser.login is PASSED

2021-07-24 08:53:41 - [MESSAGE][INFO] - Starting 'Firefox' driver

2021-07-24 08:53:41 - [MESSAGE][INFO] - Action delay is set to 0 milliseconds

2021-07-24 08:53:54 - [MESSAGE][PASSED] - Browser is opened with url: 'https://dev-v2.serpwatch.io/login'

2021-07-24 08:53:54 - [MESSAGE][PASSED] - Wait for page load successfully

2021-07-24 08:53:54 - [MESSAGE][PASSED] - Current window maximized

2021-07-24 08:53:54 - [MESSAGE][PASSED] - Wait for page load successfully

2021-07-24 08:53:55 - [MESSAGE][PASSED] - Keys 'ayatullah.arul@gmail.com' sent to object: 'Object Repository/LoginPage/input_sign in_email'

2021-07-24 08:53:55 - [MESSAGE][PASSED] - Keys 'aaa101' sent to object: 'Object Repository/LoginPage/input_sign in_password'

2021-07-24 08:54:02 - [MESSAGE][PASSED] - Object: 'Object Repository/LoginPage/button_login' is clicked on

2021-07-24 08:54:02 - [MESSAGE][PASSED] - Wait for page load successfully

2021-07-24 08:54:02 - [MESSAGE][PASSED] - com.helper.browserhelper.CustomBrowser.login is PASSED

2021-07-24 08:54:02 - [TEST_STEP][PASSED] - click(findTestObject("CreateNewProject/button_add_project")): Object: 'Object Repository/CreateNewProject/button_add_project' is clicked on

2021-07-24 08:54:03 - [MESSAGE][PASSED] - Object: 'Object Repository/CreateNewProject/button_add_project' is clicked on

2021-07-24 08:54:03 - [TEST_STEP][PASSED] - waitForElementVisible(findTestObject("CreateNewProject/popup_frame_choose_ project_type_domain_or_youtube"), Timeout): Object 'Object Repository/CreateNewProject/popup_frame_choose_ project_type_domain_or_youtube' is visible

2021-07-24 08:54:04 - [MESSAGE][PASSED] - Object 'Object Repository/CreateNewProject/popup_frame_choose_ project_type_domain_or_youtube' is visible

2021-07-24 08:54:04 - [TEST_STEP][PASSED] - click(findTestObject("CreateNewProject/button_domain")): Object: 'Object Repository/CreateNewProject/button_domain' is clicked on

2021-07-24 08:54:05 - [MESSAGE][PASSED] - Object: 'Object Repository/CreateNewProject/button_domain' is clicked on

2021-07-24 08:54:05 - [TEST_STEP][PASSED] - waitForElementPresent(findTestObject("CreateNewProject/popup_window_creating_project"), Timeout): Object 'Object Repository/CreateNewProject/popup_window_creating_project' is present

2021-07-24 08:54:08 - [MESSAGE][PASSED] - Object 'Object Repository/CreateNewProject/popup_window_creating_project' is present

2021-07-24 08:54:08 - [TEST_STEP][PASSED] - setText(findTestObject("CreateNewProject/FormPage_1/input_domain_name"), "detik.com"): Text 'detik.com' is set on object 'Object Repository/CreateNewProject/FormPage_1/input_domain_name'

2021-07-24 08:54:17 - [MESSAGE][PASSED] - Text 'detik.com' is set on object 'Object Repository/CreateNewProject/FormPage_1/input_domain_name'

2021-07-24 08:54:17 - [TEST_STEP][PASSED] - waitForElementVisible(findTestObject("CreateNewProject/FormPage_1/input_add_your_keyword"), Timeout): Object 'Object Repository/CreateNewProject/FormPage_1/input_add_your_keyword' is visible

2021-07-24 08:54:17 - [MESSAGE][PASSED] - Object 'Object Repository/CreateNewProject/FormPage_1/input_add_your_keyword' is visible

2021-07-24 08:54:17 - [TEST_STEP][PASSED] - setText(findTestObject("CreateNewProject/FormPage_1/input_add_your_keyword"), "politik"): Text 'politik' is set on object 'Object Repository/CreateNewProject/FormPage_1/input_add_your_keyword'

2021-07-24 08:54:18 - [MESSAGE][PASSED] - Text 'politik' is set on object 'Object Repository/CreateNewProject/FormPage_1/input_add_your_keyword'

2021-07-24 08:54:18 - [TEST_STEP][PASSED] - setText(findTestObject("CreateNewProject/FormPage_1/input_keyword_suggestions"), "partai"): Text 'partai' is set on object 'Object Repository/CreateNewProject/FormPage_1/input_keyword_suggestions'

2021-07-24 08:54:19 - [MESSAGE][PASSED] - Text 'partai' is set on object 'Object Repository/CreateNewProject/FormPage_1/input_keyword_suggestions'

2021-07-24 08:54:19 - [TEST_STEP][PASSED] - click(findTestObject("CreateNewProject/FormPage_1/button_next")): Object: 'Object Repository/CreateNewProject/FormPage_1/button_next' is clicked on

2021-07-24 08:54:20 - [MESSAGE][PASSED] - Object: 'Object Repository/CreateNewProject/FormPage_1/button_next' is clicked on

2021-07-24 08:54:20 - [TEST_STEP][PASSED] - delay(3): Delayed 3 second(s)

2021-07-24 08:54:23 - [MESSAGE][PASSED] - Delayed 3 second(s)

2021-07-24 08:54:23 - [TEST_STEP][PASSED] - com.helper.browserhelper.CustomBrowser.closeBrowser(): com.helper.browserhelper.CustomBrowser.closeBrowser is PASSED

2021-07-24 08:54:26 - [MESSAGE][PASSED] - Browser is closed

2021-07-24 08:54:26 - [MESSAGE][PASSED] - com.helper.browserhelper.CustomBrowser.closeBrowser is PASSED]]></system-out>
         <system-err><![CDATA[]]></system-err>
      </testcase>
      <system-out><![CDATA[2021-07-24 08:10:36 - [TEST_SUITE][FAILED] - RunAllTestCasesTestSuite: Test Cases/RegisterAndLogin/Negative/TS-LGN-12-RegisterWithWrongEmailFormatTestCase FAILED.
Reason:
com.kms.katalon.core.exception.StepFailedException: Unable to open browser with url: 'https://dev-v2.serpwatch.io/login'
	at com.kms.katalon.core.webui.keyword.internal.WebUIKeywordMain.stepFailed(WebUIKeywordMain.groovy:64)
	at com.kms.katalon.core.webui.keyword.internal.WebUIKeywordMain.runKeyword(WebUIKeywordMain.groovy:26)
	at com.kms.katalon.core.webui.keyword.builtin.OpenBrowserKeyword.openBrowser(OpenBrowserKeyword.groovy:81)
	at com.kms.katalon.core.webui.keyword.builtin.OpenBrowserKeyword.execute(OpenBrowserKeyword.groovy:67)
	at com.kms.katalon.core.keyword.internal.KeywordExecutor.executeKeywordForPlatform(KeywordExecutor.groovy:73)
	at com.kms.katalon.core.webui.keyword.WebUiBuiltInKeywords.openBrowser(WebUiBuiltInKeywords.groovy:64)
	at com.kms.katalon.core.webui.keyword.WebUiBuiltInKeywords$openBrowser.call(Unknown Source)
	at com.helper.browserhelper.CustomBrowser.openRegisterPage(CustomBrowser.groovy:35)
	at com.helper.browserhelper.CustomBrowser.invokeMethod(CustomBrowser.groovy)
	at com.kms.katalon.core.main.CustomKeywordDelegatingMetaClass.invokeStaticMethod(CustomKeywordDelegatingMetaClass.java:50)
	at TS-LGN-12-RegisterWithWrongEmailFormatTestCase.run(TS-LGN-12-RegisterWithWrongEmailFormatTestCase:20)
	at com.kms.katalon.core.main.ScriptEngine.run(ScriptEngine.java:194)
	at com.kms.katalon.core.main.ScriptEngine.runScriptAsRawText(ScriptEngine.java:119)
	at com.kms.katalon.core.main.TestCaseExecutor.runScript(TestCaseExecutor.java:369)
	at com.kms.katalon.core.main.TestCaseExecutor.doExecute(TestCaseExecutor.java:360)
	at com.kms.katalon.core.main.TestCaseExecutor.processExecutionPhase(TestCaseExecutor.java:339)
	at com.kms.katalon.core.main.TestCaseExecutor.accessMainPhase(TestCaseExecutor.java:331)
	at com.kms.katalon.core.main.TestCaseExecutor.execute(TestCaseExecutor.java:248)
	at com.kms.katalon.core.main.TestSuiteExecutor.accessTestCaseMainPhase(TestSuiteExecutor.java:191)
	at com.kms.katalon.core.main.TestSuiteExecutor.accessTestSuiteMainPhase(TestSuiteExecutor.java:140)
	at com.kms.katalon.core.main.TestSuiteExecutor.execute(TestSuiteExecutor.java:89)
	at com.kms.katalon.core.main.TestCaseMain.startTestSuite(TestCaseMain.java:185)
	at com.kms.katalon.core.main.TestCaseMain$startTestSuite$0.call(Unknown Source)
	at TempTestSuite1627089024543.run(TempTestSuite1627089024543.groovy:39)
Caused by: org.openqa.selenium.WebDriverException: connection refused
Build info: version: '3.141.59', revision: 'e82be7d358', time: '2018-11-14T08:25:53'
System info: host: 'DESKTOP-UGHKVCC', ip: '192.168.0.106', os.name: 'Windows 10', os.arch: 'amd64', os.version: '10.0', java.version: '1.8.0_282'
Driver info: driver.version: CGeckoDriver
remote stacktrace: 
	at org.openqa.selenium.remote.W3CHandshakeResponse.lambda$errorHandler$0(W3CHandshakeResponse.java:62)
	at org.openqa.selenium.remote.HandshakeResponse.lambda$getResponseFunction$0(HandshakeResponse.java:30)
	at org.openqa.selenium.remote.ProtocolHandshake.lambda$createSession$0(ProtocolHandshake.java:126)
	at org.openqa.selenium.remote.ProtocolHandshake.createSession(ProtocolHandshake.java:128)
	at org.openqa.selenium.remote.ProtocolHandshake.createSession(ProtocolHandshake.java:74)
	at org.openqa.selenium.remote.HttpCommandExecutor.execute(HttpCommandExecutor.java:136)
	at org.openqa.selenium.remote.service.DriverCommandExecutor.execute(DriverCommandExecutor.java:83)
	at org.openqa.selenium.remote.RemoteWebDriver.execute(RemoteWebDriver.java:552)
	at com.kms.katalon.selenium.driver.CFirefoxDriver.execute(CFirefoxDriver.java:27)
	at org.openqa.selenium.remote.RemoteWebDriver.startSession(RemoteWebDriver.java:213)
	at org.openqa.selenium.remote.RemoteWebDriver.<init>(RemoteWebDriver.java:131)
	at org.openqa.selenium.firefox.FirefoxDriver.<init>(FirefoxDriver.java:147)
	at com.kms.katalon.selenium.driver.CFirefoxDriver.<init>(CFirefoxDriver.java:21)
	at com.kms.katalon.core.webui.driver.firefox.CGeckoDriver.<init>(CGeckoDriver.java:12)
	at com.kms.katalon.core.webui.driver.firefox.CGeckoDriver.from(CGeckoDriver.java:17)
	at com.kms.katalon.core.webui.driver.DriverFactory.createNewFirefoxDriver(DriverFactory.java:677)
	at com.kms.katalon.core.webui.driver.DriverFactory.startNewBrowser(DriverFactory.java:349)
	at com.kms.katalon.core.webui.driver.DriverFactory.openWebDriver(DriverFactory.java:245)
	at com.kms.katalon.core.webui.keyword.builtin.OpenBrowserKeyword$_openBrowser_closure1.doCall(OpenBrowserKeyword.groovy:74)
	at com.kms.katalon.core.webui.keyword.builtin.OpenBrowserKeyword$_openBrowser_closure1.call(OpenBrowserKeyword.groovy)
	at com.kms.katalon.core.webui.keyword.internal.WebUIKeywordMain.runKeyword(WebUIKeywordMain.groovy:20)
	... 22 more]]></system-out>
      <system-err><![CDATA[2021-07-24 08:10:36 - [TEST_SUITE][FAILED] - RunAllTestCasesTestSuite: Test Cases/RegisterAndLogin/Negative/TS-LGN-12-RegisterWithWrongEmailFormatTestCase FAILED.
Reason:
com.kms.katalon.core.exception.StepFailedException: Unable to open browser with url: 'https://dev-v2.serpwatch.io/login'
	at com.kms.katalon.core.webui.keyword.internal.WebUIKeywordMain.stepFailed(WebUIKeywordMain.groovy:64)
	at com.kms.katalon.core.webui.keyword.internal.WebUIKeywordMain.runKeyword(WebUIKeywordMain.groovy:26)
	at com.kms.katalon.core.webui.keyword.builtin.OpenBrowserKeyword.openBrowser(OpenBrowserKeyword.groovy:81)
	at com.kms.katalon.core.webui.keyword.builtin.OpenBrowserKeyword.execute(OpenBrowserKeyword.groovy:67)
	at com.kms.katalon.core.keyword.internal.KeywordExecutor.executeKeywordForPlatform(KeywordExecutor.groovy:73)
	at com.kms.katalon.core.webui.keyword.WebUiBuiltInKeywords.openBrowser(WebUiBuiltInKeywords.groovy:64)
	at com.kms.katalon.core.webui.keyword.WebUiBuiltInKeywords$openBrowser.call(Unknown Source)
	at com.helper.browserhelper.CustomBrowser.openRegisterPage(CustomBrowser.groovy:35)
	at com.helper.browserhelper.CustomBrowser.invokeMethod(CustomBrowser.groovy)
	at com.kms.katalon.core.main.CustomKeywordDelegatingMetaClass.invokeStaticMethod(CustomKeywordDelegatingMetaClass.java:50)
	at TS-LGN-12-RegisterWithWrongEmailFormatTestCase.run(TS-LGN-12-RegisterWithWrongEmailFormatTestCase:20)
	at com.kms.katalon.core.main.ScriptEngine.run(ScriptEngine.java:194)
	at com.kms.katalon.core.main.ScriptEngine.runScriptAsRawText(ScriptEngine.java:119)
	at com.kms.katalon.core.main.TestCaseExecutor.runScript(TestCaseExecutor.java:369)
	at com.kms.katalon.core.main.TestCaseExecutor.doExecute(TestCaseExecutor.java:360)
	at com.kms.katalon.core.main.TestCaseExecutor.processExecutionPhase(TestCaseExecutor.java:339)
	at com.kms.katalon.core.main.TestCaseExecutor.accessMainPhase(TestCaseExecutor.java:331)
	at com.kms.katalon.core.main.TestCaseExecutor.execute(TestCaseExecutor.java:248)
	at com.kms.katalon.core.main.TestSuiteExecutor.accessTestCaseMainPhase(TestSuiteExecutor.java:191)
	at com.kms.katalon.core.main.TestSuiteExecutor.accessTestSuiteMainPhase(TestSuiteExecutor.java:140)
	at com.kms.katalon.core.main.TestSuiteExecutor.execute(TestSuiteExecutor.java:89)
	at com.kms.katalon.core.main.TestCaseMain.startTestSuite(TestCaseMain.java:185)
	at com.kms.katalon.core.main.TestCaseMain$startTestSuite$0.call(Unknown Source)
	at TempTestSuite1627089024543.run(TempTestSuite1627089024543.groovy:39)
Caused by: org.openqa.selenium.WebDriverException: connection refused
Build info: version: '3.141.59', revision: 'e82be7d358', time: '2018-11-14T08:25:53'
System info: host: 'DESKTOP-UGHKVCC', ip: '192.168.0.106', os.name: 'Windows 10', os.arch: 'amd64', os.version: '10.0', java.version: '1.8.0_282'
Driver info: driver.version: CGeckoDriver
remote stacktrace: 
	at org.openqa.selenium.remote.W3CHandshakeResponse.lambda$errorHandler$0(W3CHandshakeResponse.java:62)
	at org.openqa.selenium.remote.HandshakeResponse.lambda$getResponseFunction$0(HandshakeResponse.java:30)
	at org.openqa.selenium.remote.ProtocolHandshake.lambda$createSession$0(ProtocolHandshake.java:126)
	at org.openqa.selenium.remote.ProtocolHandshake.createSession(ProtocolHandshake.java:128)
	at org.openqa.selenium.remote.ProtocolHandshake.createSession(ProtocolHandshake.java:74)
	at org.openqa.selenium.remote.HttpCommandExecutor.execute(HttpCommandExecutor.java:136)
	at org.openqa.selenium.remote.service.DriverCommandExecutor.execute(DriverCommandExecutor.java:83)
	at org.openqa.selenium.remote.RemoteWebDriver.execute(RemoteWebDriver.java:552)
	at com.kms.katalon.selenium.driver.CFirefoxDriver.execute(CFirefoxDriver.java:27)
	at org.openqa.selenium.remote.RemoteWebDriver.startSession(RemoteWebDriver.java:213)
	at org.openqa.selenium.remote.RemoteWebDriver.<init>(RemoteWebDriver.java:131)
	at org.openqa.selenium.firefox.FirefoxDriver.<init>(FirefoxDriver.java:147)
	at com.kms.katalon.selenium.driver.CFirefoxDriver.<init>(CFirefoxDriver.java:21)
	at com.kms.katalon.core.webui.driver.firefox.CGeckoDriver.<init>(CGeckoDriver.java:12)
	at com.kms.katalon.core.webui.driver.firefox.CGeckoDriver.from(CGeckoDriver.java:17)
	at com.kms.katalon.core.webui.driver.DriverFactory.createNewFirefoxDriver(DriverFactory.java:677)
	at com.kms.katalon.core.webui.driver.DriverFactory.startNewBrowser(DriverFactory.java:349)
	at com.kms.katalon.core.webui.driver.DriverFactory.openWebDriver(DriverFactory.java:245)
	at com.kms.katalon.core.webui.keyword.builtin.OpenBrowserKeyword$_openBrowser_closure1.doCall(OpenBrowserKeyword.groovy:74)
	at com.kms.katalon.core.webui.keyword.builtin.OpenBrowserKeyword$_openBrowser_closure1.call(OpenBrowserKeyword.groovy)
	at com.kms.katalon.core.webui.keyword.internal.WebUIKeywordMain.runKeyword(WebUIKeywordMain.groovy:20)
	... 22 more]]></system-err>
   </testsuite>
</testsuites>
