<?xml version="1.0" encoding="UTF-8"?>
<testsuites name="RunAllTestCasesTestSuite" time="1646.693" tests="23" failures="0" errors="0">
   <testsuite name="RunAllTestCasesTestSuite" tests="23" failures="0" errors="0" time="1646.693" skipped="0" timestamp="2021-07-18 21:15:57" hostname="arul - 192.168.0.107" id="Test Suites/AllTestSuites/RunAllTestCasesTestSuite">
      <properties>
         <property name="deviceName" value=""/>
         <property name="devicePlatform" value=""/>
         <property name="logFolder" value="D:\\NICHE STACK\\SERPWATCH TEAM\\QA Automation\\Katalon\\Dev Server Version 2\\TestAutomationSerpwatchDevVer2\\Reports\\20210718_211553\\AllTestSuites\\RunAllTestCasesTestSuite\\20210718_211553"/>
         <property name="logFiles" value="D:\\NICHE STACK\\SERPWATCH TEAM\\QA Automation\\Katalon\\Dev Server Version 2\\TestAutomationSerpwatchDevVer2\\Reports\\20210718_211553\\AllTestSuites\\RunAllTestCasesTestSuite\\20210718_211553\\execution0.log"/>
         <property name="attachments" value=""/>
         <property name="hostName" value="arul - 192.168.0.107"/>
         <property name="os" value="Windows 10 64bit"/>
         <property name="katalonVersion" value="8.0.5.208"/>
         <property name="browser" value="Chrome 91.0.4472.124"/>
         <property name="hostAddress" value="192.168.0.107"/>
         <property name="sessionId" value="5781843b2c3960a4b12a72b57137883a"/>
         <property name="seleniumVersion" value="3.141.59"/>
         <property name="proxyInformation" value="ProxyInformation { proxyOption=NO_PROXY, proxyServerType=HTTP, username=, password=********, proxyServerAddress=, proxyServerPort=0, executionList=&quot;&quot;, isApplyToDesiredCapabilities=true }"/>
         <property name="platform" value="Windows 10"/>
      </properties>
      <testcase name="Test Cases/Login/Negative/LoginWithUnregisteredEmailTestCase" time="51.317" classname="Test Cases/Login/Negative/LoginWithUnregisteredEmailTestCase" status="PASSED">
         <system-out><![CDATA[2021-07-18 21:15:58 - [TEST_CASE][PASSED] - Test Cases/Login/Negative/LoginWithUnregisteredEmailTestCase: Test Cases/Login/Negative/LoginWithUnregisteredEmailTestCase

2021-07-18 21:15:58 - [TEST_STEP][PASSED] - com.helper.browserhelper.CustomBrowser.openBrowser(): com.helper.browserhelper.CustomBrowser.openBrowser is PASSED

2021-07-18 21:15:59 - [MESSAGE][INFO] - Starting 'Chrome' driver

2021-07-18 21:15:59 - [MESSAGE][INFO] - Action delay is set to 0 milliseconds

2021-07-18 21:16:35 - [MESSAGE][PASSED] - Browser is opened with url: 'https://dev-v2.serpwatch.io/login'

2021-07-18 21:16:35 - [MESSAGE][PASSED] - Wait for page load successfully

2021-07-18 21:16:35 - [MESSAGE][PASSED] - Current window maximized

2021-07-18 21:16:35 - [MESSAGE][PASSED] - com.helper.browserhelper.CustomBrowser.openBrowser is PASSED

2021-07-18 21:16:35 - [TEST_STEP][PASSED] - setText(findTestObject("LoginPage_SerpWatch/input_sign in_email"), "aaa@gmail.com"): Text 'aaa@gmail.com' is set on object 'Object Repository/LoginPage_SerpWatch/input_sign in_email'

2021-07-18 21:16:36 - [MESSAGE][PASSED] - Text 'aaa@gmail.com' is set on object 'Object Repository/LoginPage_SerpWatch/input_sign in_email'

2021-07-18 21:16:36 - [TEST_STEP][PASSED] - setText(findTestObject("LoginPage_SerpWatch/input_sign in_password"), "abc"): Text 'abc' is set on object 'Object Repository/LoginPage_SerpWatch/input_sign in_password'

2021-07-18 21:16:37 - [MESSAGE][PASSED] - Text 'abc' is set on object 'Object Repository/LoginPage_SerpWatch/input_sign in_password'

2021-07-18 21:16:37 - [TEST_STEP][PASSED] - click(findTestObject("LoginPage_SerpWatch/button_login")): Object: 'Object Repository/LoginPage_SerpWatch/button_login' is clicked on

2021-07-18 21:16:48 - [MESSAGE][PASSED] - Object: 'Object Repository/LoginPage_SerpWatch/button_login' is clicked on

2021-07-18 21:16:48 - [TEST_STEP][PASSED] - waitForPageLoad(Timeout): Wait for page load successfully

2021-07-18 21:16:48 - [MESSAGE][PASSED] - Wait for page load successfully

2021-07-18 21:16:48 - [TEST_STEP][PASSED] - com.helper.browserhelper.CustomBrowser.closeBrowser(): com.helper.browserhelper.CustomBrowser.closeBrowser is PASSED

2021-07-18 21:16:49 - [MESSAGE][PASSED] - Browser is closed

2021-07-18 21:16:49 - [MESSAGE][PASSED] - com.helper.browserhelper.CustomBrowser.closeBrowser is PASSED]]></system-out>
         <system-err><![CDATA[]]></system-err>
      </testcase>
      <testcase name="Test Cases/Login/Negative/LoginWithWrongPasswordTestCase" time="24.196" classname="Test Cases/Login/Negative/LoginWithWrongPasswordTestCase" status="PASSED">
         <system-out><![CDATA[2021-07-18 21:16:49 - [TEST_CASE][PASSED] - Test Cases/Login/Negative/LoginWithWrongPasswordTestCase: Test Cases/Login/Negative/LoginWithWrongPasswordTestCase

2021-07-18 21:16:50 - [TEST_STEP][PASSED] - com.helper.browserhelper.CustomBrowser.openBrowser(): com.helper.browserhelper.CustomBrowser.openBrowser is PASSED

2021-07-18 21:16:50 - [MESSAGE][INFO] - Starting 'Chrome' driver

2021-07-18 21:16:50 - [MESSAGE][INFO] - Action delay is set to 0 milliseconds

2021-07-18 21:17:04 - [MESSAGE][PASSED] - Browser is opened with url: 'https://dev-v2.serpwatch.io/login'

2021-07-18 21:17:04 - [MESSAGE][PASSED] - Wait for page load successfully

2021-07-18 21:17:04 - [MESSAGE][PASSED] - Current window maximized

2021-07-18 21:17:04 - [MESSAGE][PASSED] - com.helper.browserhelper.CustomBrowser.openBrowser is PASSED

2021-07-18 21:17:04 - [TEST_STEP][PASSED] - setText(findTestObject("LoginPage_SerpWatch/input_sign in_email"), LoginUsername): Text 'ayatullah.arul@gmail.com' is set on object 'Object Repository/LoginPage_SerpWatch/input_sign in_email'

2021-07-18 21:17:05 - [MESSAGE][PASSED] - Text 'ayatullah.arul@gmail.com' is set on object 'Object Repository/LoginPage_SerpWatch/input_sign in_email'

2021-07-18 21:17:05 - [TEST_STEP][PASSED] - setText(findTestObject("LoginPage_SerpWatch/input_sign in_password"), "abc"): Text 'abc' is set on object 'Object Repository/LoginPage_SerpWatch/input_sign in_password'

2021-07-18 21:17:06 - [MESSAGE][PASSED] - Text 'abc' is set on object 'Object Repository/LoginPage_SerpWatch/input_sign in_password'

2021-07-18 21:17:06 - [TEST_STEP][PASSED] - click(findTestObject("LoginPage_SerpWatch/button_login")): Object: 'Object Repository/LoginPage_SerpWatch/button_login' is clicked on

2021-07-18 21:17:12 - [MESSAGE][PASSED] - Object: 'Object Repository/LoginPage_SerpWatch/button_login' is clicked on

2021-07-18 21:17:12 - [TEST_STEP][PASSED] - waitForPageLoad(Timeout): Wait for page load successfully

2021-07-18 21:17:12 - [MESSAGE][PASSED] - Wait for page load successfully

2021-07-18 21:17:12 - [TEST_STEP][PASSED] - com.helper.browserhelper.CustomBrowser.closeBrowser(): com.helper.browserhelper.CustomBrowser.closeBrowser is PASSED

2021-07-18 21:17:13 - [MESSAGE][PASSED] - Browser is closed

2021-07-18 21:17:13 - [MESSAGE][PASSED] - com.helper.browserhelper.CustomBrowser.closeBrowser is PASSED]]></system-out>
         <system-err><![CDATA[]]></system-err>
      </testcase>
      <testcase name="Test Cases/Login/Positive/LoginByEmailTestCase" time="56.289" classname="Test Cases/Login/Positive/LoginByEmailTestCase" status="PASSED">
         <system-out><![CDATA[2021-07-18 21:17:13 - [TEST_CASE][PASSED] - Test Cases/Login/Positive/LoginByEmailTestCase: Test Cases/Login/Positive/LoginByEmailTestCase

2021-07-18 21:17:14 - [TEST_STEP][PASSED] - openBrowser(LoginUrl): Browser is opened with url: 'https://dev-v2.serpwatch.io/login'

2021-07-18 21:17:14 - [MESSAGE][INFO] - Starting 'Chrome' driver

2021-07-18 21:17:14 - [MESSAGE][INFO] - Action delay is set to 0 milliseconds

2021-07-18 21:17:28 - [MESSAGE][PASSED] - Browser is opened with url: 'https://dev-v2.serpwatch.io/login'

2021-07-18 21:17:28 - [TEST_STEP][PASSED] - waitForPageLoad(Timeout): Wait for page load successfully

2021-07-18 21:17:28 - [MESSAGE][PASSED] - Wait for page load successfully

2021-07-18 21:17:28 - [TEST_STEP][PASSED] - maximizeWindow(): Current window maximized

2021-07-18 21:17:29 - [MESSAGE][PASSED] - Current window maximized

2021-07-18 21:17:29 - [TEST_STEP][PASSED] - waitForPageLoad(Timeout): Wait for page load successfully

2021-07-18 21:17:29 - [MESSAGE][PASSED] - Wait for page load successfully

2021-07-18 21:17:29 - [TEST_STEP][PASSED] - sendKeys(findTestObject("LoginPage_SerpWatch/input_sign in_email"), LoginUsername): Keys 'ayatullah.arul@gmail.com' sent to object: 'Object Repository/LoginPage_SerpWatch/input_sign in_email'

2021-07-18 21:17:29 - [MESSAGE][PASSED] - Keys 'ayatullah.arul@gmail.com' sent to object: 'Object Repository/LoginPage_SerpWatch/input_sign in_email'

2021-07-18 21:17:29 - [TEST_STEP][PASSED] - sendKeys(findTestObject("LoginPage_SerpWatch/input_sign in_password"), LoginPassword): Keys 'aaa101' sent to object: 'Object Repository/LoginPage_SerpWatch/input_sign in_password'

2021-07-18 21:17:30 - [MESSAGE][PASSED] - Keys 'aaa101' sent to object: 'Object Repository/LoginPage_SerpWatch/input_sign in_password'

2021-07-18 21:17:30 - [TEST_STEP][PASSED] - click(findTestObject("LoginPage_SerpWatch/button_login")): Object: 'Object Repository/LoginPage_SerpWatch/button_login' is clicked on

2021-07-18 21:18:08 - [MESSAGE][PASSED] - Object: 'Object Repository/LoginPage_SerpWatch/button_login' is clicked on

2021-07-18 21:18:08 - [TEST_STEP][PASSED] - waitForPageLoad(Timeout): Wait for page load successfully

2021-07-18 21:18:08 - [MESSAGE][PASSED] - Wait for page load successfully

2021-07-18 21:18:08 - [TEST_STEP][PASSED] - closeBrowser(): Browser is closed

2021-07-18 21:18:10 - [MESSAGE][PASSED] - Browser is closed]]></system-out>
         <system-err><![CDATA[]]></system-err>
      </testcase>
      <testcase name="Test Cases/Register/Negative/RegisterWithEmailFieldEmptyTestCase" time="74.504" classname="Test Cases/Register/Negative/RegisterWithEmailFieldEmptyTestCase" status="PASSED">
         <system-out><![CDATA[2021-07-18 21:18:10 - [TEST_CASE][PASSED] - Test Cases/Register/Negative/RegisterWithEmailFieldEmptyTestCase: Test Cases/Register/Negative/RegisterWithEmailFieldEmptyTestCase

2021-07-18 21:18:10 - [TEST_STEP][PASSED] - com.helper.browserhelper.CustomBrowser.openRegisterPage(): com.helper.browserhelper.CustomBrowser.openRegisterPage is PASSED

2021-07-18 21:18:10 - [MESSAGE][INFO] - Starting 'Chrome' driver

2021-07-18 21:18:10 - [MESSAGE][INFO] - Action delay is set to 0 milliseconds

2021-07-18 21:18:28 - [MESSAGE][PASSED] - Browser is opened with url: 'https://dev-v2.serpwatch.io/login'

2021-07-18 21:18:28 - [MESSAGE][PASSED] - Current window maximized

2021-07-18 21:19:08 - [MESSAGE][PASSED] - Object: 'Object Repository/LoginPage_SerpWatch/button_get_started' is clicked on

2021-07-18 21:19:08 - [MESSAGE][PASSED] - com.helper.browserhelper.CustomBrowser.openRegisterPage is PASSED

2021-07-18 21:19:08 - [TEST_STEP][PASSED] - waitForPageLoad(Timeout): Wait for page load successfully

2021-07-18 21:19:08 - [MESSAGE][PASSED] - Wait for page load successfully

2021-07-18 21:19:08 - [TEST_STEP][PASSED] - setText(findTestObject("RegisterPage/input_signup_name"), "aaa"): Text 'aaa' is set on object 'Object Repository/RegisterPage/input_signup_name'

2021-07-18 21:19:08 - [MESSAGE][PASSED] - Text 'aaa' is set on object 'Object Repository/RegisterPage/input_signup_name'

2021-07-18 21:19:08 - [TEST_STEP][PASSED] - setText(findTestObject("RegisterPage/input_signup_email"), ""): Text '' is set on object 'Object Repository/RegisterPage/input_signup_email'

2021-07-18 21:19:09 - [MESSAGE][PASSED] - Text '' is set on object 'Object Repository/RegisterPage/input_signup_email'

2021-07-18 21:19:09 - [TEST_STEP][PASSED] - setText(findTestObject("RegisterPage/input_signup_password"), "aaaaaa"): Text 'aaaaaa' is set on object 'Object Repository/RegisterPage/input_signup_password'

2021-07-18 21:19:10 - [MESSAGE][PASSED] - Text 'aaaaaa' is set on object 'Object Repository/RegisterPage/input_signup_password'

2021-07-18 21:19:10 - [TEST_STEP][PASSED] - setText(findTestObject("RegisterPage/input_signup_password_confirmation"), "aaaaaa"): Text 'aaaaaa' is set on object 'Object Repository/RegisterPage/input_signup_password_confirmation'

2021-07-18 21:19:11 - [MESSAGE][PASSED] - Text 'aaaaaa' is set on object 'Object Repository/RegisterPage/input_signup_password_confirmation'

2021-07-18 21:19:11 - [TEST_STEP][PASSED] - check(findTestObject("RegisterPage/checkbox_agreement")): Object 'Object Repository/RegisterPage/checkbox_agreement' is checked

2021-07-18 21:19:11 - [MESSAGE][PASSED] - Object 'Object Repository/RegisterPage/checkbox_agreement' is checked

2021-07-18 21:19:11 - [TEST_STEP][PASSED] - click(findTestObject("RegisterPage/button_register")): Object: 'Object Repository/RegisterPage/button_register' is clicked on

2021-07-18 21:19:12 - [MESSAGE][PASSED] - Object: 'Object Repository/RegisterPage/button_register' is clicked on

2021-07-18 21:19:12 - [TEST_STEP][PASSED] - waitForPageLoad(Timeout): Wait for page load successfully

2021-07-18 21:19:12 - [MESSAGE][PASSED] - Wait for page load successfully

2021-07-18 21:19:12 - [TEST_STEP][PASSED] - delay(3): Delayed 3 second(s)

2021-07-18 21:19:15 - [MESSAGE][PASSED] - Delayed 3 second(s)

2021-07-18 21:19:15 - [TEST_STEP][PASSED] - com.helper.browserhelper.CustomBrowser.closeBrowser(): com.helper.browserhelper.CustomBrowser.closeBrowser is PASSED

2021-07-18 21:19:24 - [MESSAGE][PASSED] - Browser is closed

2021-07-18 21:19:24 - [MESSAGE][PASSED] - com.helper.browserhelper.CustomBrowser.closeBrowser is PASSED]]></system-out>
         <system-err><![CDATA[]]></system-err>
      </testcase>
      <testcase name="Test Cases/Register/Negative/RegisterWithInvalidNameFormatTestCase" time="77.942" classname="Test Cases/Register/Negative/RegisterWithInvalidNameFormatTestCase" status="PASSED">
         <system-out><![CDATA[2021-07-18 21:19:24 - [TEST_CASE][PASSED] - Test Cases/Register/Negative/RegisterWithInvalidNameFormatTestCase: Test Cases/Register/Negative/RegisterWithInvalidNameFormatTestCase

2021-07-18 21:19:25 - [TEST_STEP][PASSED] - com.helper.browserhelper.CustomBrowser.openRegisterPage(): com.helper.browserhelper.CustomBrowser.openRegisterPage is PASSED

2021-07-18 21:19:25 - [MESSAGE][INFO] - Starting 'Chrome' driver

2021-07-18 21:19:25 - [MESSAGE][INFO] - Action delay is set to 0 milliseconds

2021-07-18 21:19:55 - [MESSAGE][PASSED] - Browser is opened with url: 'https://dev-v2.serpwatch.io/login'

2021-07-18 21:19:55 - [MESSAGE][PASSED] - Current window maximized

2021-07-18 21:20:24 - [MESSAGE][PASSED] - Object: 'Object Repository/LoginPage_SerpWatch/button_get_started' is clicked on

2021-07-18 21:20:24 - [MESSAGE][PASSED] - com.helper.browserhelper.CustomBrowser.openRegisterPage is PASSED

2021-07-18 21:20:24 - [TEST_STEP][PASSED] - waitForPageLoad(Timeout): Wait for page load successfully

2021-07-18 21:20:24 - [MESSAGE][PASSED] - Wait for page load successfully

2021-07-18 21:20:24 - [TEST_STEP][PASSED] - setText(findTestObject("RegisterPage/input_signup_name"), "@#$@#$"): Text '@#$@#$' is set on object 'Object Repository/RegisterPage/input_signup_name'

2021-07-18 21:20:24 - [MESSAGE][PASSED] - Text '@#$@#$' is set on object 'Object Repository/RegisterPage/input_signup_name'

2021-07-18 21:20:24 - [TEST_STEP][PASSED] - setText(findTestObject("RegisterPage/input_signup_email"), "aaa@gmail.com"): Text 'aaa@gmail.com' is set on object 'Object Repository/RegisterPage/input_signup_email'

2021-07-18 21:20:25 - [MESSAGE][PASSED] - Text 'aaa@gmail.com' is set on object 'Object Repository/RegisterPage/input_signup_email'

2021-07-18 21:20:25 - [TEST_STEP][PASSED] - setText(findTestObject("RegisterPage/input_signup_password"), "aaaaaa"): Text 'aaaaaa' is set on object 'Object Repository/RegisterPage/input_signup_password'

2021-07-18 21:20:26 - [MESSAGE][PASSED] - Text 'aaaaaa' is set on object 'Object Repository/RegisterPage/input_signup_password'

2021-07-18 21:20:26 - [TEST_STEP][PASSED] - setText(findTestObject("RegisterPage/input_signup_password_confirmation"), "aaaaaa"): Text 'aaaaaa' is set on object 'Object Repository/RegisterPage/input_signup_password_confirmation'

2021-07-18 21:20:27 - [MESSAGE][PASSED] - Text 'aaaaaa' is set on object 'Object Repository/RegisterPage/input_signup_password_confirmation'

2021-07-18 21:20:27 - [TEST_STEP][PASSED] - check(findTestObject("RegisterPage/checkbox_agreement")): Object 'Object Repository/RegisterPage/checkbox_agreement' is checked

2021-07-18 21:20:27 - [MESSAGE][PASSED] - Object 'Object Repository/RegisterPage/checkbox_agreement' is checked

2021-07-18 21:20:27 - [TEST_STEP][PASSED] - click(findTestObject("RegisterPage/button_register")): Object: 'Object Repository/RegisterPage/button_register' is clicked on

2021-07-18 21:20:38 - [MESSAGE][PASSED] - Object: 'Object Repository/RegisterPage/button_register' is clicked on

2021-07-18 21:20:38 - [TEST_STEP][PASSED] - waitForPageLoad(Timeout): Wait for page load successfully

2021-07-18 21:20:38 - [MESSAGE][PASSED] - Wait for page load successfully

2021-07-18 21:20:38 - [TEST_STEP][PASSED] - delay(3): Delayed 3 second(s)

2021-07-18 21:20:41 - [MESSAGE][PASSED] - Delayed 3 second(s)

2021-07-18 21:20:41 - [TEST_STEP][PASSED] - com.helper.browserhelper.CustomBrowser.closeBrowser(): com.helper.browserhelper.CustomBrowser.closeBrowser is PASSED

2021-07-18 21:20:42 - [MESSAGE][PASSED] - Browser is closed

2021-07-18 21:20:42 - [MESSAGE][PASSED] - com.helper.browserhelper.CustomBrowser.closeBrowser is PASSED]]></system-out>
         <system-err><![CDATA[]]></system-err>
      </testcase>
      <testcase name="Test Cases/Register/Negative/RegisterWithNameFieldEmptyTestCase" time="62.105" classname="Test Cases/Register/Negative/RegisterWithNameFieldEmptyTestCase" status="PASSED">
         <system-out><![CDATA[2021-07-18 21:20:42 - [TEST_CASE][PASSED] - Test Cases/Register/Negative/RegisterWithNameFieldEmptyTestCase: Test Cases/Register/Negative/RegisterWithNameFieldEmptyTestCase

2021-07-18 21:20:43 - [TEST_STEP][PASSED] - com.helper.browserhelper.CustomBrowser.openRegisterPage(): com.helper.browserhelper.CustomBrowser.openRegisterPage is PASSED

2021-07-18 21:20:43 - [MESSAGE][INFO] - Starting 'Chrome' driver

2021-07-18 21:20:43 - [MESSAGE][INFO] - Action delay is set to 0 milliseconds

2021-07-18 21:20:59 - [MESSAGE][PASSED] - Browser is opened with url: 'https://dev-v2.serpwatch.io/login'

2021-07-18 21:20:59 - [MESSAGE][PASSED] - Current window maximized

2021-07-18 21:21:36 - [MESSAGE][PASSED] - Object: 'Object Repository/LoginPage_SerpWatch/button_get_started' is clicked on

2021-07-18 21:21:36 - [MESSAGE][PASSED] - com.helper.browserhelper.CustomBrowser.openRegisterPage is PASSED

2021-07-18 21:21:36 - [TEST_STEP][PASSED] - waitForPageLoad(Timeout): Wait for page load successfully

2021-07-18 21:21:36 - [MESSAGE][PASSED] - Wait for page load successfully

2021-07-18 21:21:36 - [TEST_STEP][PASSED] - setText(findTestObject("RegisterPage/input_signup_name"), ""): Text '' is set on object 'Object Repository/RegisterPage/input_signup_name'

2021-07-18 21:21:37 - [MESSAGE][PASSED] - Text '' is set on object 'Object Repository/RegisterPage/input_signup_name'

2021-07-18 21:21:37 - [TEST_STEP][PASSED] - setText(findTestObject("RegisterPage/input_signup_email"), "aaa@gmail.com"): Text 'aaa@gmail.com' is set on object 'Object Repository/RegisterPage/input_signup_email'

2021-07-18 21:21:37 - [MESSAGE][PASSED] - Text 'aaa@gmail.com' is set on object 'Object Repository/RegisterPage/input_signup_email'

2021-07-18 21:21:37 - [TEST_STEP][PASSED] - setText(findTestObject("RegisterPage/input_signup_password"), "aaaaaa"): Text 'aaaaaa' is set on object 'Object Repository/RegisterPage/input_signup_password'

2021-07-18 21:21:38 - [MESSAGE][PASSED] - Text 'aaaaaa' is set on object 'Object Repository/RegisterPage/input_signup_password'

2021-07-18 21:21:38 - [TEST_STEP][PASSED] - setText(findTestObject("RegisterPage/input_signup_password_confirmation"), "aaaaaa"): Text 'aaaaaa' is set on object 'Object Repository/RegisterPage/input_signup_password_confirmation'

2021-07-18 21:21:39 - [MESSAGE][PASSED] - Text 'aaaaaa' is set on object 'Object Repository/RegisterPage/input_signup_password_confirmation'

2021-07-18 21:21:39 - [TEST_STEP][PASSED] - check(findTestObject("RegisterPage/checkbox_agreement")): Object 'Object Repository/RegisterPage/checkbox_agreement' is checked

2021-07-18 21:21:40 - [MESSAGE][PASSED] - Object 'Object Repository/RegisterPage/checkbox_agreement' is checked

2021-07-18 21:21:40 - [TEST_STEP][PASSED] - click(findTestObject("RegisterPage/button_register")): Object: 'Object Repository/RegisterPage/button_register' is clicked on

2021-07-18 21:21:40 - [MESSAGE][PASSED] - Object: 'Object Repository/RegisterPage/button_register' is clicked on

2021-07-18 21:21:40 - [TEST_STEP][PASSED] - waitForPageLoad(Timeout): Wait for page load successfully

2021-07-18 21:21:40 - [MESSAGE][PASSED] - Wait for page load successfully

2021-07-18 21:21:40 - [TEST_STEP][PASSED] - delay(3): Delayed 3 second(s)

2021-07-18 21:21:43 - [MESSAGE][PASSED] - Delayed 3 second(s)

2021-07-18 21:21:43 - [TEST_STEP][PASSED] - com.helper.browserhelper.CustomBrowser.closeBrowser(): com.helper.browserhelper.CustomBrowser.closeBrowser is PASSED

2021-07-18 21:21:44 - [MESSAGE][PASSED] - Browser is closed

2021-07-18 21:21:44 - [MESSAGE][PASSED] - com.helper.browserhelper.CustomBrowser.closeBrowser is PASSED]]></system-out>
         <system-err><![CDATA[]]></system-err>
      </testcase>
      <testcase name="Test Cases/Register/Negative/RegisterWithNameUnder3CharactersTestCase" time="73.274" classname="Test Cases/Register/Negative/RegisterWithNameUnder3CharactersTestCase" status="PASSED">
         <system-out><![CDATA[2021-07-18 21:21:44 - [TEST_CASE][PASSED] - Test Cases/Register/Negative/RegisterWithNameUnder3CharactersTestCase: Test Cases/Register/Negative/RegisterWithNameUnder3CharactersTestCase

2021-07-18 21:21:45 - [TEST_STEP][PASSED] - com.helper.browserhelper.CustomBrowser.openRegisterPage(): com.helper.browserhelper.CustomBrowser.openRegisterPage is PASSED

2021-07-18 21:21:45 - [MESSAGE][INFO] - Starting 'Chrome' driver

2021-07-18 21:21:45 - [MESSAGE][INFO] - Action delay is set to 0 milliseconds

2021-07-18 21:21:57 - [MESSAGE][PASSED] - Browser is opened with url: 'https://dev-v2.serpwatch.io/login'

2021-07-18 21:21:57 - [MESSAGE][PASSED] - Current window maximized

2021-07-18 21:22:38 - [MESSAGE][PASSED] - Object: 'Object Repository/LoginPage_SerpWatch/button_get_started' is clicked on

2021-07-18 21:22:38 - [MESSAGE][PASSED] - com.helper.browserhelper.CustomBrowser.openRegisterPage is PASSED

2021-07-18 21:22:38 - [TEST_STEP][PASSED] - waitForPageLoad(Timeout): Wait for page load successfully

2021-07-18 21:22:38 - [MESSAGE][PASSED] - Wait for page load successfully

2021-07-18 21:22:38 - [TEST_STEP][PASSED] - setText(findTestObject("RegisterPage/input_signup_name"), "aa"): Text 'aa' is set on object 'Object Repository/RegisterPage/input_signup_name'

2021-07-18 21:22:39 - [MESSAGE][PASSED] - Text 'aa' is set on object 'Object Repository/RegisterPage/input_signup_name'

2021-07-18 21:22:39 - [TEST_STEP][PASSED] - setText(findTestObject("RegisterPage/input_signup_email"), "aaa@gmail.com"): Text 'aaa@gmail.com' is set on object 'Object Repository/RegisterPage/input_signup_email'

2021-07-18 21:22:40 - [MESSAGE][PASSED] - Text 'aaa@gmail.com' is set on object 'Object Repository/RegisterPage/input_signup_email'

2021-07-18 21:22:40 - [TEST_STEP][PASSED] - setText(findTestObject("RegisterPage/input_signup_password"), "aaaaaa"): Text 'aaaaaa' is set on object 'Object Repository/RegisterPage/input_signup_password'

2021-07-18 21:22:40 - [MESSAGE][PASSED] - Text 'aaaaaa' is set on object 'Object Repository/RegisterPage/input_signup_password'

2021-07-18 21:22:40 - [TEST_STEP][PASSED] - setText(findTestObject("RegisterPage/input_signup_password_confirmation"), "aaaaaa"): Text 'aaaaaa' is set on object 'Object Repository/RegisterPage/input_signup_password_confirmation'

2021-07-18 21:22:41 - [MESSAGE][PASSED] - Text 'aaaaaa' is set on object 'Object Repository/RegisterPage/input_signup_password_confirmation'

2021-07-18 21:22:41 - [TEST_STEP][PASSED] - check(findTestObject("RegisterPage/checkbox_agreement")): Object 'Object Repository/RegisterPage/checkbox_agreement' is checked

2021-07-18 21:22:42 - [MESSAGE][PASSED] - Object 'Object Repository/RegisterPage/checkbox_agreement' is checked

2021-07-18 21:22:42 - [TEST_STEP][PASSED] - click(findTestObject("RegisterPage/button_register")): Object: 'Object Repository/RegisterPage/button_register' is clicked on

2021-07-18 21:22:53 - [MESSAGE][PASSED] - Object: 'Object Repository/RegisterPage/button_register' is clicked on

2021-07-18 21:22:53 - [TEST_STEP][PASSED] - waitForPageLoad(Timeout): Wait for page load successfully

2021-07-18 21:22:53 - [MESSAGE][PASSED] - Wait for page load successfully

2021-07-18 21:22:53 - [TEST_STEP][PASSED] - delay(3): Delayed 3 second(s)

2021-07-18 21:22:56 - [MESSAGE][PASSED] - Delayed 3 second(s)

2021-07-18 21:22:56 - [TEST_STEP][PASSED] - com.helper.browserhelper.CustomBrowser.closeBrowser(): com.helper.browserhelper.CustomBrowser.closeBrowser is PASSED

2021-07-18 21:22:57 - [MESSAGE][PASSED] - Browser is closed

2021-07-18 21:22:57 - [MESSAGE][PASSED] - com.helper.browserhelper.CustomBrowser.closeBrowser is PASSED]]></system-out>
         <system-err><![CDATA[]]></system-err>
      </testcase>
      <testcase name="Test Cases/Register/Negative/RegisterWithNotMatchingPasswordConfirmTestCase" time="76.825" classname="Test Cases/Register/Negative/RegisterWithNotMatchingPasswordConfirmTestCase" status="PASSED">
         <system-out><![CDATA[2021-07-18 21:22:58 - [TEST_CASE][PASSED] - Test Cases/Register/Negative/RegisterWithNotMatchingPasswordConfirmTestCase: Test Cases/Register/Negative/RegisterWithNotMatchingPasswordConfirmTestCase

2021-07-18 21:22:58 - [TEST_STEP][PASSED] - com.helper.browserhelper.CustomBrowser.openRegisterPage(): com.helper.browserhelper.CustomBrowser.openRegisterPage is PASSED

2021-07-18 21:22:58 - [MESSAGE][INFO] - Starting 'Chrome' driver

2021-07-18 21:22:58 - [MESSAGE][INFO] - Action delay is set to 0 milliseconds

2021-07-18 21:23:14 - [MESSAGE][PASSED] - Browser is opened with url: 'https://dev-v2.serpwatch.io/login'

2021-07-18 21:23:15 - [MESSAGE][PASSED] - Current window maximized

2021-07-18 21:23:54 - [MESSAGE][PASSED] - Object: 'Object Repository/LoginPage_SerpWatch/button_get_started' is clicked on

2021-07-18 21:23:54 - [MESSAGE][PASSED] - com.helper.browserhelper.CustomBrowser.openRegisterPage is PASSED

2021-07-18 21:23:54 - [TEST_STEP][PASSED] - waitForPageLoad(Timeout): Wait for page load successfully

2021-07-18 21:23:54 - [MESSAGE][PASSED] - Wait for page load successfully

2021-07-18 21:23:54 - [TEST_STEP][PASSED] - setText(findTestObject("RegisterPage/input_signup_name"), "aabbbccc"): Text 'aabbbccc' is set on object 'Object Repository/RegisterPage/input_signup_name'

2021-07-18 21:23:55 - [MESSAGE][PASSED] - Text 'aabbbccc' is set on object 'Object Repository/RegisterPage/input_signup_name'

2021-07-18 21:23:55 - [TEST_STEP][PASSED] - setText(findTestObject("RegisterPage/input_signup_email"), "aaa@gmail.com"): Text 'aaa@gmail.com' is set on object 'Object Repository/RegisterPage/input_signup_email'

2021-07-18 21:23:55 - [MESSAGE][PASSED] - Text 'aaa@gmail.com' is set on object 'Object Repository/RegisterPage/input_signup_email'

2021-07-18 21:23:55 - [TEST_STEP][PASSED] - setText(findTestObject("RegisterPage/input_signup_password"), "aaaaaa"): Text 'aaaaaa' is set on object 'Object Repository/RegisterPage/input_signup_password'

2021-07-18 21:23:56 - [MESSAGE][PASSED] - Text 'aaaaaa' is set on object 'Object Repository/RegisterPage/input_signup_password'

2021-07-18 21:23:56 - [TEST_STEP][PASSED] - setText(findTestObject("RegisterPage/input_signup_password_confirmation"), "aaabbb"): Text 'aaabbb' is set on object 'Object Repository/RegisterPage/input_signup_password_confirmation'

2021-07-18 21:23:57 - [MESSAGE][PASSED] - Text 'aaabbb' is set on object 'Object Repository/RegisterPage/input_signup_password_confirmation'

2021-07-18 21:23:57 - [TEST_STEP][PASSED] - check(findTestObject("RegisterPage/checkbox_agreement")): Object 'Object Repository/RegisterPage/checkbox_agreement' is checked

2021-07-18 21:23:57 - [MESSAGE][PASSED] - Object 'Object Repository/RegisterPage/checkbox_agreement' is checked

2021-07-18 21:23:57 - [TEST_STEP][PASSED] - click(findTestObject("RegisterPage/button_register")): Object: 'Object Repository/RegisterPage/button_register' is clicked on

2021-07-18 21:24:10 - [MESSAGE][PASSED] - Object: 'Object Repository/RegisterPage/button_register' is clicked on

2021-07-18 21:24:10 - [TEST_STEP][PASSED] - waitForPageLoad(Timeout): Wait for page load successfully

2021-07-18 21:24:10 - [MESSAGE][PASSED] - Wait for page load successfully

2021-07-18 21:24:10 - [TEST_STEP][PASSED] - delay(3): Delayed 3 second(s)

2021-07-18 21:24:13 - [MESSAGE][PASSED] - Delayed 3 second(s)

2021-07-18 21:24:13 - [TEST_STEP][PASSED] - com.helper.browserhelper.CustomBrowser.closeBrowser(): com.helper.browserhelper.CustomBrowser.closeBrowser is PASSED

2021-07-18 21:24:14 - [MESSAGE][PASSED] - Browser is closed

2021-07-18 21:24:14 - [MESSAGE][PASSED] - com.helper.browserhelper.CustomBrowser.closeBrowser is PASSED]]></system-out>
         <system-err><![CDATA[]]></system-err>
      </testcase>
      <testcase name="Test Cases/Register/Negative/RegisterWithoutAcceptingToSTestCase" time="68.449" classname="Test Cases/Register/Negative/RegisterWithoutAcceptingToSTestCase" status="PASSED">
         <system-out><![CDATA[2021-07-18 21:24:14 - [TEST_CASE][PASSED] - Test Cases/Register/Negative/RegisterWithoutAcceptingToSTestCase: Test Cases/Register/Negative/RegisterWithoutAcceptingToSTestCase

2021-07-18 21:24:15 - [TEST_STEP][PASSED] - com.helper.browserhelper.CustomBrowser.openRegisterPage(): com.helper.browserhelper.CustomBrowser.openRegisterPage is PASSED

2021-07-18 21:24:15 - [MESSAGE][INFO] - Starting 'Chrome' driver

2021-07-18 21:24:15 - [MESSAGE][INFO] - Action delay is set to 0 milliseconds

2021-07-18 21:24:29 - [MESSAGE][PASSED] - Browser is opened with url: 'https://dev-v2.serpwatch.io/login'

2021-07-18 21:24:29 - [MESSAGE][PASSED] - Current window maximized

2021-07-18 21:25:08 - [MESSAGE][PASSED] - Object: 'Object Repository/LoginPage_SerpWatch/button_get_started' is clicked on

2021-07-18 21:25:08 - [MESSAGE][PASSED] - com.helper.browserhelper.CustomBrowser.openRegisterPage is PASSED

2021-07-18 21:25:08 - [TEST_STEP][PASSED] - waitForPageLoad(Timeout): Wait for page load successfully

2021-07-18 21:25:08 - [MESSAGE][PASSED] - Wait for page load successfully

2021-07-18 21:25:08 - [TEST_STEP][PASSED] - setText(findTestObject("RegisterPage/input_signup_name"), "aabbbccc"): Text 'aabbbccc' is set on object 'Object Repository/RegisterPage/input_signup_name'

2021-07-18 21:25:09 - [MESSAGE][PASSED] - Text 'aabbbccc' is set on object 'Object Repository/RegisterPage/input_signup_name'

2021-07-18 21:25:09 - [TEST_STEP][PASSED] - setText(findTestObject("RegisterPage/input_signup_email"), "aaa@gmail.com"): Text 'aaa@gmail.com' is set on object 'Object Repository/RegisterPage/input_signup_email'

2021-07-18 21:25:09 - [MESSAGE][PASSED] - Text 'aaa@gmail.com' is set on object 'Object Repository/RegisterPage/input_signup_email'

2021-07-18 21:25:09 - [TEST_STEP][PASSED] - setText(findTestObject("RegisterPage/input_signup_password"), "aaaaaa"): Text 'aaaaaa' is set on object 'Object Repository/RegisterPage/input_signup_password'

2021-07-18 21:25:10 - [MESSAGE][PASSED] - Text 'aaaaaa' is set on object 'Object Repository/RegisterPage/input_signup_password'

2021-07-18 21:25:10 - [TEST_STEP][PASSED] - setText(findTestObject("RegisterPage/input_signup_password_confirmation"), "aaaaaa"): Text 'aaaaaa' is set on object 'Object Repository/RegisterPage/input_signup_password_confirmation'

2021-07-18 21:25:11 - [MESSAGE][PASSED] - Text 'aaaaaa' is set on object 'Object Repository/RegisterPage/input_signup_password_confirmation'

2021-07-18 21:25:11 - [TEST_STEP][PASSED] - click(findTestObject("RegisterPage/button_register")): Object: 'Object Repository/RegisterPage/button_register' is clicked on

2021-07-18 21:25:11 - [MESSAGE][PASSED] - Object: 'Object Repository/RegisterPage/button_register' is clicked on

2021-07-18 21:25:11 - [TEST_STEP][PASSED] - waitForPageLoad(Timeout): Wait for page load successfully

2021-07-18 21:25:11 - [MESSAGE][PASSED] - Wait for page load successfully

2021-07-18 21:25:11 - [TEST_STEP][PASSED] - delay(3): Delayed 3 second(s)

2021-07-18 21:25:14 - [MESSAGE][PASSED] - Delayed 3 second(s)

2021-07-18 21:25:14 - [TEST_STEP][PASSED] - com.helper.browserhelper.CustomBrowser.closeBrowser(): com.helper.browserhelper.CustomBrowser.closeBrowser is PASSED

2021-07-18 21:25:23 - [MESSAGE][PASSED] - Browser is closed

2021-07-18 21:25:23 - [MESSAGE][PASSED] - com.helper.browserhelper.CustomBrowser.closeBrowser is PASSED]]></system-out>
         <system-err><![CDATA[]]></system-err>
      </testcase>
      <testcase name="Test Cases/Register/Negative/RegisterWithoutFillingPasswordConfFieldTestCase" time="59.181" classname="Test Cases/Register/Negative/RegisterWithoutFillingPasswordConfFieldTestCase" status="PASSED">
         <system-out><![CDATA[2021-07-18 21:25:23 - [TEST_CASE][PASSED] - Test Cases/Register/Negative/RegisterWithoutFillingPasswordConfFieldTestCase: Test Cases/Register/Negative/RegisterWithoutFillingPasswordConfFieldTestCase

2021-07-18 21:25:23 - [TEST_STEP][PASSED] - com.helper.browserhelper.CustomBrowser.openRegisterPage(): com.helper.browserhelper.CustomBrowser.openRegisterPage is PASSED

2021-07-18 21:25:23 - [MESSAGE][INFO] - Starting 'Chrome' driver

2021-07-18 21:25:23 - [MESSAGE][INFO] - Action delay is set to 0 milliseconds

2021-07-18 21:25:37 - [MESSAGE][PASSED] - Browser is opened with url: 'https://dev-v2.serpwatch.io/login'

2021-07-18 21:25:37 - [MESSAGE][PASSED] - Current window maximized

2021-07-18 21:26:15 - [MESSAGE][PASSED] - Object: 'Object Repository/LoginPage_SerpWatch/button_get_started' is clicked on

2021-07-18 21:26:15 - [MESSAGE][PASSED] - com.helper.browserhelper.CustomBrowser.openRegisterPage is PASSED

2021-07-18 21:26:15 - [TEST_STEP][PASSED] - waitForPageLoad(Timeout): Wait for page load successfully

2021-07-18 21:26:15 - [MESSAGE][PASSED] - Wait for page load successfully

2021-07-18 21:26:15 - [TEST_STEP][PASSED] - setText(findTestObject("RegisterPage/input_signup_name"), "aabbbccc"): Text 'aabbbccc' is set on object 'Object Repository/RegisterPage/input_signup_name'

2021-07-18 21:26:15 - [MESSAGE][PASSED] - Text 'aabbbccc' is set on object 'Object Repository/RegisterPage/input_signup_name'

2021-07-18 21:26:15 - [TEST_STEP][PASSED] - setText(findTestObject("RegisterPage/input_signup_email"), "aaa@gmail.com"): Text 'aaa@gmail.com' is set on object 'Object Repository/RegisterPage/input_signup_email'

2021-07-18 21:26:16 - [MESSAGE][PASSED] - Text 'aaa@gmail.com' is set on object 'Object Repository/RegisterPage/input_signup_email'

2021-07-18 21:26:16 - [TEST_STEP][PASSED] - setText(findTestObject("RegisterPage/input_signup_password"), "aaaaaa"): Text 'aaaaaa' is set on object 'Object Repository/RegisterPage/input_signup_password'

2021-07-18 21:26:17 - [MESSAGE][PASSED] - Text 'aaaaaa' is set on object 'Object Repository/RegisterPage/input_signup_password'

2021-07-18 21:26:17 - [TEST_STEP][PASSED] - check(findTestObject("RegisterPage/checkbox_agreement")): Object 'Object Repository/RegisterPage/checkbox_agreement' is checked

2021-07-18 21:26:17 - [MESSAGE][PASSED] - Object 'Object Repository/RegisterPage/checkbox_agreement' is checked

2021-07-18 21:26:17 - [TEST_STEP][PASSED] - click(findTestObject("RegisterPage/button_register")): Object: 'Object Repository/RegisterPage/button_register' is clicked on

2021-07-18 21:26:18 - [MESSAGE][PASSED] - Object: 'Object Repository/RegisterPage/button_register' is clicked on

2021-07-18 21:26:18 - [TEST_STEP][PASSED] - waitForPageLoad(Timeout): Wait for page load successfully

2021-07-18 21:26:18 - [MESSAGE][PASSED] - Wait for page load successfully

2021-07-18 21:26:18 - [TEST_STEP][PASSED] - delay(3): Delayed 3 second(s)

2021-07-18 21:26:21 - [MESSAGE][PASSED] - Delayed 3 second(s)

2021-07-18 21:26:21 - [TEST_STEP][PASSED] - com.helper.browserhelper.CustomBrowser.closeBrowser(): com.helper.browserhelper.CustomBrowser.closeBrowser is PASSED

2021-07-18 21:26:22 - [MESSAGE][PASSED] - Browser is closed

2021-07-18 21:26:22 - [MESSAGE][PASSED] - com.helper.browserhelper.CustomBrowser.closeBrowser is PASSED]]></system-out>
         <system-err><![CDATA[]]></system-err>
      </testcase>
      <testcase name="Test Cases/Register/Negative/RegisterWithPasswordFieldEmptyTestCase" time="60.692" classname="Test Cases/Register/Negative/RegisterWithPasswordFieldEmptyTestCase" status="PASSED">
         <system-out><![CDATA[2021-07-18 21:26:22 - [TEST_CASE][PASSED] - Test Cases/Register/Negative/RegisterWithPasswordFieldEmptyTestCase: Test Cases/Register/Negative/RegisterWithPasswordFieldEmptyTestCase

2021-07-18 21:26:23 - [TEST_STEP][PASSED] - com.helper.browserhelper.CustomBrowser.openRegisterPage(): com.helper.browserhelper.CustomBrowser.openRegisterPage is PASSED

2021-07-18 21:26:23 - [MESSAGE][INFO] - Starting 'Chrome' driver

2021-07-18 21:26:23 - [MESSAGE][INFO] - Action delay is set to 0 milliseconds

2021-07-18 21:26:31 - [MESSAGE][PASSED] - Browser is opened with url: 'https://dev-v2.serpwatch.io/login'

2021-07-18 21:26:31 - [MESSAGE][PASSED] - Current window maximized

2021-07-18 21:27:15 - [MESSAGE][PASSED] - Object: 'Object Repository/LoginPage_SerpWatch/button_get_started' is clicked on

2021-07-18 21:27:15 - [MESSAGE][PASSED] - com.helper.browserhelper.CustomBrowser.openRegisterPage is PASSED

2021-07-18 21:27:15 - [TEST_STEP][PASSED] - waitForPageLoad(Timeout): Wait for page load successfully

2021-07-18 21:27:15 - [MESSAGE][PASSED] - Wait for page load successfully

2021-07-18 21:27:15 - [TEST_STEP][PASSED] - setText(findTestObject("RegisterPage/input_signup_name"), "aabbbccc"): Text 'aabbbccc' is set on object 'Object Repository/RegisterPage/input_signup_name'

2021-07-18 21:27:16 - [MESSAGE][PASSED] - Text 'aabbbccc' is set on object 'Object Repository/RegisterPage/input_signup_name'

2021-07-18 21:27:16 - [TEST_STEP][PASSED] - setText(findTestObject("RegisterPage/input_signup_email"), "aaa@gmail.com"): Text 'aaa@gmail.com' is set on object 'Object Repository/RegisterPage/input_signup_email'

2021-07-18 21:27:16 - [MESSAGE][PASSED] - Text 'aaa@gmail.com' is set on object 'Object Repository/RegisterPage/input_signup_email'

2021-07-18 21:27:16 - [TEST_STEP][PASSED] - setText(findTestObject("RegisterPage/input_signup_password_confirmation"), "aaaaaa"): Text 'aaaaaa' is set on object 'Object Repository/RegisterPage/input_signup_password_confirmation'

2021-07-18 21:27:17 - [MESSAGE][PASSED] - Text 'aaaaaa' is set on object 'Object Repository/RegisterPage/input_signup_password_confirmation'

2021-07-18 21:27:17 - [TEST_STEP][PASSED] - check(findTestObject("RegisterPage/checkbox_agreement")): Object 'Object Repository/RegisterPage/checkbox_agreement' is checked

2021-07-18 21:27:18 - [MESSAGE][PASSED] - Object 'Object Repository/RegisterPage/checkbox_agreement' is checked

2021-07-18 21:27:18 - [TEST_STEP][PASSED] - click(findTestObject("RegisterPage/button_register")): Object: 'Object Repository/RegisterPage/button_register' is clicked on

2021-07-18 21:27:18 - [MESSAGE][PASSED] - Object: 'Object Repository/RegisterPage/button_register' is clicked on

2021-07-18 21:27:18 - [TEST_STEP][PASSED] - waitForPageLoad(Timeout): Wait for page load successfully

2021-07-18 21:27:18 - [MESSAGE][PASSED] - Wait for page load successfully

2021-07-18 21:27:18 - [TEST_STEP][PASSED] - delay(3): Delayed 3 second(s)

2021-07-18 21:27:21 - [MESSAGE][PASSED] - Delayed 3 second(s)

2021-07-18 21:27:21 - [TEST_STEP][PASSED] - com.helper.browserhelper.CustomBrowser.closeBrowser(): com.helper.browserhelper.CustomBrowser.closeBrowser is PASSED

2021-07-18 21:27:23 - [MESSAGE][PASSED] - Browser is closed

2021-07-18 21:27:23 - [MESSAGE][PASSED] - com.helper.browserhelper.CustomBrowser.closeBrowser is PASSED]]></system-out>
         <system-err><![CDATA[]]></system-err>
      </testcase>
      <testcase name="Test Cases/Register/Negative/RegisterWithPasswordUnder6CharactersTestCase" time="74.067" classname="Test Cases/Register/Negative/RegisterWithPasswordUnder6CharactersTestCase" status="PASSED">
         <system-out><![CDATA[2021-07-18 21:27:23 - [TEST_CASE][PASSED] - Test Cases/Register/Negative/RegisterWithPasswordUnder6CharactersTestCase: Test Cases/Register/Negative/RegisterWithPasswordUnder6CharactersTestCase

2021-07-18 21:27:23 - [TEST_STEP][PASSED] - com.helper.browserhelper.CustomBrowser.openRegisterPage(): com.helper.browserhelper.CustomBrowser.openRegisterPage is PASSED

2021-07-18 21:27:23 - [MESSAGE][INFO] - Starting 'Chrome' driver

2021-07-18 21:27:23 - [MESSAGE][INFO] - Action delay is set to 0 milliseconds

2021-07-18 21:27:36 - [MESSAGE][PASSED] - Browser is opened with url: 'https://dev-v2.serpwatch.io/login'

2021-07-18 21:27:36 - [MESSAGE][PASSED] - Current window maximized

2021-07-18 21:28:17 - [MESSAGE][PASSED] - Object: 'Object Repository/LoginPage_SerpWatch/button_get_started' is clicked on

2021-07-18 21:28:17 - [MESSAGE][PASSED] - com.helper.browserhelper.CustomBrowser.openRegisterPage is PASSED

2021-07-18 21:28:17 - [TEST_STEP][PASSED] - waitForPageLoad(Timeout): Wait for page load successfully

2021-07-18 21:28:17 - [MESSAGE][PASSED] - Wait for page load successfully

2021-07-18 21:28:17 - [TEST_STEP][PASSED] - setText(findTestObject("RegisterPage/input_signup_name"), "aabbbccc"): Text 'aabbbccc' is set on object 'Object Repository/RegisterPage/input_signup_name'

2021-07-18 21:28:18 - [MESSAGE][PASSED] - Text 'aabbbccc' is set on object 'Object Repository/RegisterPage/input_signup_name'

2021-07-18 21:28:18 - [TEST_STEP][PASSED] - setText(findTestObject("RegisterPage/input_signup_email"), "aaa@gmail.com"): Text 'aaa@gmail.com' is set on object 'Object Repository/RegisterPage/input_signup_email'

2021-07-18 21:28:18 - [MESSAGE][PASSED] - Text 'aaa@gmail.com' is set on object 'Object Repository/RegisterPage/input_signup_email'

2021-07-18 21:28:18 - [TEST_STEP][PASSED] - setText(findTestObject("RegisterPage/input_signup_password"), "aaa"): Text 'aaa' is set on object 'Object Repository/RegisterPage/input_signup_password'

2021-07-18 21:28:19 - [MESSAGE][PASSED] - Text 'aaa' is set on object 'Object Repository/RegisterPage/input_signup_password'

2021-07-18 21:28:19 - [TEST_STEP][PASSED] - setText(findTestObject("RegisterPage/input_signup_password_confirmation"), "aaa"): Text 'aaa' is set on object 'Object Repository/RegisterPage/input_signup_password_confirmation'

2021-07-18 21:28:20 - [MESSAGE][PASSED] - Text 'aaa' is set on object 'Object Repository/RegisterPage/input_signup_password_confirmation'

2021-07-18 21:28:20 - [TEST_STEP][PASSED] - check(findTestObject("RegisterPage/checkbox_agreement")): Object 'Object Repository/RegisterPage/checkbox_agreement' is checked

2021-07-18 21:28:20 - [MESSAGE][PASSED] - Object 'Object Repository/RegisterPage/checkbox_agreement' is checked

2021-07-18 21:28:20 - [TEST_STEP][PASSED] - click(findTestObject("RegisterPage/button_register")): Object: 'Object Repository/RegisterPage/button_register' is clicked on

2021-07-18 21:28:33 - [MESSAGE][PASSED] - Object: 'Object Repository/RegisterPage/button_register' is clicked on

2021-07-18 21:28:33 - [TEST_STEP][PASSED] - waitForPageLoad(Timeout): Wait for page load successfully

2021-07-18 21:28:33 - [MESSAGE][PASSED] - Wait for page load successfully

2021-07-18 21:28:33 - [TEST_STEP][PASSED] - delay(3): Delayed 3 second(s)

2021-07-18 21:28:36 - [MESSAGE][PASSED] - Delayed 3 second(s)

2021-07-18 21:28:36 - [TEST_STEP][PASSED] - com.helper.browserhelper.CustomBrowser.closeBrowser(): com.helper.browserhelper.CustomBrowser.closeBrowser is PASSED

2021-07-18 21:28:37 - [MESSAGE][PASSED] - Browser is closed

2021-07-18 21:28:37 - [MESSAGE][PASSED] - com.helper.browserhelper.CustomBrowser.closeBrowser is PASSED]]></system-out>
         <system-err><![CDATA[]]></system-err>
      </testcase>
      <testcase name="Test Cases/Register/Negative/RegisterWithWrongEmailFormatTestCase" time="61.588" classname="Test Cases/Register/Negative/RegisterWithWrongEmailFormatTestCase" status="PASSED">
         <system-out><![CDATA[2021-07-18 21:28:37 - [TEST_CASE][PASSED] - Test Cases/Register/Negative/RegisterWithWrongEmailFormatTestCase: Test Cases/Register/Negative/RegisterWithWrongEmailFormatTestCase

2021-07-18 21:28:37 - [TEST_STEP][PASSED] - com.helper.browserhelper.CustomBrowser.openRegisterPage(): com.helper.browserhelper.CustomBrowser.openRegisterPage is PASSED

2021-07-18 21:28:37 - [MESSAGE][INFO] - Starting 'Chrome' driver

2021-07-18 21:28:37 - [MESSAGE][INFO] - Action delay is set to 0 milliseconds

2021-07-18 21:28:50 - [MESSAGE][PASSED] - Browser is opened with url: 'https://dev-v2.serpwatch.io/login'

2021-07-18 21:28:50 - [MESSAGE][PASSED] - Current window maximized

2021-07-18 21:29:29 - [MESSAGE][PASSED] - Object: 'Object Repository/LoginPage_SerpWatch/button_get_started' is clicked on

2021-07-18 21:29:29 - [MESSAGE][PASSED] - com.helper.browserhelper.CustomBrowser.openRegisterPage is PASSED

2021-07-18 21:29:29 - [TEST_STEP][PASSED] - waitForPageLoad(Timeout): Wait for page load successfully

2021-07-18 21:29:29 - [MESSAGE][PASSED] - Wait for page load successfully

2021-07-18 21:29:29 - [TEST_STEP][PASSED] - setText(findTestObject("RegisterPage/input_signup_name"), "aabbbccc"): Text 'aabbbccc' is set on object 'Object Repository/RegisterPage/input_signup_name'

2021-07-18 21:29:30 - [MESSAGE][PASSED] - Text 'aabbbccc' is set on object 'Object Repository/RegisterPage/input_signup_name'

2021-07-18 21:29:30 - [TEST_STEP][PASSED] - setText(findTestObject("RegisterPage/input_signup_email"), "aaabc"): Text 'aaabc' is set on object 'Object Repository/RegisterPage/input_signup_email'

2021-07-18 21:29:31 - [MESSAGE][PASSED] - Text 'aaabc' is set on object 'Object Repository/RegisterPage/input_signup_email'

2021-07-18 21:29:31 - [TEST_STEP][PASSED] - setText(findTestObject("RegisterPage/input_signup_password"), "aaabbb"): Text 'aaabbb' is set on object 'Object Repository/RegisterPage/input_signup_password'

2021-07-18 21:29:32 - [MESSAGE][PASSED] - Text 'aaabbb' is set on object 'Object Repository/RegisterPage/input_signup_password'

2021-07-18 21:29:32 - [TEST_STEP][PASSED] - setText(findTestObject("RegisterPage/input_signup_password_confirmation"), "aaabbb"): Text 'aaabbb' is set on object 'Object Repository/RegisterPage/input_signup_password_confirmation'

2021-07-18 21:29:32 - [MESSAGE][PASSED] - Text 'aaabbb' is set on object 'Object Repository/RegisterPage/input_signup_password_confirmation'

2021-07-18 21:29:32 - [TEST_STEP][PASSED] - check(findTestObject("RegisterPage/checkbox_agreement")): Object 'Object Repository/RegisterPage/checkbox_agreement' is checked

2021-07-18 21:29:33 - [MESSAGE][PASSED] - Object 'Object Repository/RegisterPage/checkbox_agreement' is checked

2021-07-18 21:29:33 - [TEST_STEP][PASSED] - click(findTestObject("RegisterPage/button_register")): Object: 'Object Repository/RegisterPage/button_register' is clicked on

2021-07-18 21:29:33 - [MESSAGE][PASSED] - Object: 'Object Repository/RegisterPage/button_register' is clicked on

2021-07-18 21:29:33 - [TEST_STEP][PASSED] - waitForPageLoad(Timeout): Wait for page load successfully

2021-07-18 21:29:33 - [MESSAGE][PASSED] - Wait for page load successfully

2021-07-18 21:29:33 - [TEST_STEP][PASSED] - delay(3): Delayed 3 second(s)

2021-07-18 21:29:36 - [MESSAGE][PASSED] - Delayed 3 second(s)

2021-07-18 21:29:36 - [TEST_STEP][PASSED] - com.helper.browserhelper.CustomBrowser.closeBrowser(): com.helper.browserhelper.CustomBrowser.closeBrowser is PASSED

2021-07-18 21:29:38 - [MESSAGE][PASSED] - Browser is closed

2021-07-18 21:29:38 - [MESSAGE][PASSED] - com.helper.browserhelper.CustomBrowser.closeBrowser is PASSED]]></system-out>
         <system-err><![CDATA[]]></system-err>
      </testcase>
      <testcase name="Test Cases/Create Project/Negative/CreateProjectAndClickAddCompetitorButDoNotFillFieldTestCase" time="78.559" classname="Test Cases/Create Project/Negative/CreateProjectAndClickAddCompetitorButDoNotFillFieldTestCase" status="PASSED">
         <system-out><![CDATA[2021-07-18 21:29:38 - [TEST_CASE][PASSED] - Test Cases/Create Project/Negative/CreateProjectAndClickAddCompetitorButDoNotFillFieldTestCase: Test Cases/Create Project/Negative/CreateProjectAndClickAddCompetitorButDoNotFillFieldTestCase

2021-07-18 21:29:39 - [TEST_STEP][PASSED] - com.helper.browserhelper.CustomBrowser.login(): com.helper.browserhelper.CustomBrowser.login is PASSED

2021-07-18 21:29:39 - [MESSAGE][INFO] - Starting 'Chrome' driver

2021-07-18 21:29:39 - [MESSAGE][INFO] - Action delay is set to 0 milliseconds

2021-07-18 21:29:50 - [MESSAGE][PASSED] - Browser is opened with url: 'https://dev-v2.serpwatch.io/login'

2021-07-18 21:29:50 - [MESSAGE][PASSED] - Wait for page load successfully

2021-07-18 21:29:50 - [MESSAGE][PASSED] - Current window maximized

2021-07-18 21:29:50 - [MESSAGE][PASSED] - Wait for page load successfully

2021-07-18 21:29:51 - [MESSAGE][PASSED] - Keys 'ayatullah.arul@gmail.com' sent to object: 'Object Repository/LoginPage_SerpWatch/input_sign in_email'

2021-07-18 21:29:51 - [MESSAGE][PASSED] - Keys 'aaa101' sent to object: 'Object Repository/LoginPage_SerpWatch/input_sign in_password'

2021-07-18 21:30:29 - [MESSAGE][PASSED] - Object: 'Object Repository/LoginPage_SerpWatch/button_login' is clicked on

2021-07-18 21:30:29 - [MESSAGE][PASSED] - Wait for page load successfully

2021-07-18 21:30:29 - [MESSAGE][PASSED] - com.helper.browserhelper.CustomBrowser.login is PASSED

2021-07-18 21:30:29 - [TEST_STEP][PASSED] - click(findTestObject("CreateNewProject/button_add_project")): Object: 'Object Repository/CreateNewProject/button_add_project' is clicked on

2021-07-18 21:30:31 - [MESSAGE][PASSED] - Object: 'Object Repository/CreateNewProject/button_add_project' is clicked on

2021-07-18 21:30:31 - [TEST_STEP][PASSED] - waitForElementVisible(findTestObject("CreateNewProject/popup_frame_choose_ project_type_domain_or_youtube"), Timeout): Object 'Object Repository/CreateNewProject/popup_frame_choose_ project_type_domain_or_youtube' is visible

2021-07-18 21:30:33 - [MESSAGE][PASSED] - Object 'Object Repository/CreateNewProject/popup_frame_choose_ project_type_domain_or_youtube' is visible

2021-07-18 21:30:33 - [TEST_STEP][PASSED] - click(findTestObject("CreateNewProject/button_domain")): Object: 'Object Repository/CreateNewProject/button_domain' is clicked on

2021-07-18 21:30:33 - [MESSAGE][PASSED] - Object: 'Object Repository/CreateNewProject/button_domain' is clicked on

2021-07-18 21:30:33 - [TEST_STEP][PASSED] - waitForElementPresent(findTestObject("CreateNewProject/popup_window_creating_project"), Timeout): Object 'Object Repository/CreateNewProject/popup_window_creating_project' is present

2021-07-18 21:30:49 - [MESSAGE][PASSED] - Object 'Object Repository/CreateNewProject/popup_window_creating_project' is present

2021-07-18 21:30:49 - [TEST_STEP][PASSED] - setText(findTestObject("CreateNewProject/FormPage_1/input_domain_name"), "detik.com"): Text 'detik.com' is set on object 'Object Repository/CreateNewProject/FormPage_1/input_domain_name'

2021-07-18 21:30:50 - [MESSAGE][PASSED] - Text 'detik.com' is set on object 'Object Repository/CreateNewProject/FormPage_1/input_domain_name'

2021-07-18 21:30:50 - [TEST_STEP][PASSED] - waitForElementVisible(findTestObject("CreateNewProject/FormPage_1/input_add_your_keyword"), Timeout): Object 'Object Repository/CreateNewProject/FormPage_1/input_add_your_keyword' is visible

2021-07-18 21:30:50 - [MESSAGE][PASSED] - Object 'Object Repository/CreateNewProject/FormPage_1/input_add_your_keyword' is visible

2021-07-18 21:30:50 - [TEST_STEP][PASSED] - setText(findTestObject("CreateNewProject/FormPage_1/input_add_your_keyword"), "politik"): Text 'politik' is set on object 'Object Repository/CreateNewProject/FormPage_1/input_add_your_keyword'

2021-07-18 21:30:51 - [MESSAGE][PASSED] - Text 'politik' is set on object 'Object Repository/CreateNewProject/FormPage_1/input_add_your_keyword'

2021-07-18 21:30:51 - [TEST_STEP][PASSED] - setText(findTestObject("CreateNewProject/FormPage_1/input_keyword_suggestions"), "partai"): Text 'partai' is set on object 'Object Repository/CreateNewProject/FormPage_1/input_keyword_suggestions'

2021-07-18 21:30:52 - [MESSAGE][PASSED] - Text 'partai' is set on object 'Object Repository/CreateNewProject/FormPage_1/input_keyword_suggestions'

2021-07-18 21:30:52 - [TEST_STEP][PASSED] - click(findTestObject("CreateNewProject/FormPage_1/button_next")): Object: 'Object Repository/CreateNewProject/FormPage_1/button_next' is clicked on

2021-07-18 21:30:52 - [MESSAGE][PASSED] - Object: 'Object Repository/CreateNewProject/FormPage_1/button_next' is clicked on

2021-07-18 21:30:52 - [TEST_STEP][PASSED] - setText(findTestObject("CreateNewProject/FormPage_1/input_add_your_keyword"), "merdeka"): Text 'merdeka' is set on object 'Object Repository/CreateNewProject/FormPage_1/input_add_your_keyword'

2021-07-18 21:30:54 - [MESSAGE][PASSED] - Text 'merdeka' is set on object 'Object Repository/CreateNewProject/FormPage_1/input_add_your_keyword'

2021-07-18 21:30:54 - [TEST_STEP][PASSED] - delay(3): Delayed 3 second(s)

2021-07-18 21:30:57 - [MESSAGE][PASSED] - Delayed 3 second(s)]]></system-out>
         <system-err><![CDATA[]]></system-err>
      </testcase>
      <testcase name="Test Cases/Create Project/Negative/CreateProjectThatIsGoingOverTheChecksLimitOfTheUsersPlanTestCase" time="86.96" classname="Test Cases/Create Project/Negative/CreateProjectThatIsGoingOverTheChecksLimitOfTheUsersPlanTestCase" status="PASSED">
         <system-out><![CDATA[2021-07-18 21:30:57 - [TEST_CASE][PASSED] - Test Cases/Create Project/Negative/CreateProjectThatIsGoingOverTheChecksLimitOfTheUsersPlanTestCase: Test Cases/Create Project/Negative/CreateProjectThatIsGoingOverTheChecksLimitOfTheUsersPlanTestCase

2021-07-18 21:30:58 - [TEST_STEP][PASSED] - com.helper.browserhelper.CustomBrowser.login(): com.helper.browserhelper.CustomBrowser.login is PASSED

2021-07-18 21:30:58 - [MESSAGE][WARNING] - A browser is already opened. Closing browser and opening a new one

2021-07-18 21:31:00 - [MESSAGE][INFO] - Starting 'Chrome' driver

2021-07-18 21:31:00 - [MESSAGE][INFO] - Action delay is set to 0 milliseconds

2021-07-18 21:31:15 - [MESSAGE][PASSED] - Browser is opened with url: 'https://dev-v2.serpwatch.io/login'

2021-07-18 21:31:15 - [MESSAGE][PASSED] - Wait for page load successfully

2021-07-18 21:31:15 - [MESSAGE][PASSED] - Current window maximized

2021-07-18 21:31:15 - [MESSAGE][PASSED] - Wait for page load successfully

2021-07-18 21:31:16 - [MESSAGE][PASSED] - Keys 'ayatullah.arul@gmail.com' sent to object: 'Object Repository/LoginPage_SerpWatch/input_sign in_email'

2021-07-18 21:31:16 - [MESSAGE][PASSED] - Keys 'aaa101' sent to object: 'Object Repository/LoginPage_SerpWatch/input_sign in_password'

2021-07-18 21:31:56 - [MESSAGE][PASSED] - Object: 'Object Repository/LoginPage_SerpWatch/button_login' is clicked on

2021-07-18 21:31:56 - [MESSAGE][PASSED] - Wait for page load successfully

2021-07-18 21:31:56 - [MESSAGE][PASSED] - com.helper.browserhelper.CustomBrowser.login is PASSED

2021-07-18 21:31:56 - [TEST_STEP][PASSED] - click(findTestObject("CreateNewProject/button_add_project")): Object: 'Object Repository/CreateNewProject/button_add_project' is clicked on

2021-07-18 21:31:57 - [MESSAGE][PASSED] - Object: 'Object Repository/CreateNewProject/button_add_project' is clicked on

2021-07-18 21:31:57 - [TEST_STEP][PASSED] - waitForElementVisible(findTestObject("CreateNewProject/popup_frame_choose_ project_type_domain_or_youtube"), Timeout): Object 'Object Repository/CreateNewProject/popup_frame_choose_ project_type_domain_or_youtube' is visible

2021-07-18 21:31:59 - [MESSAGE][PASSED] - Object 'Object Repository/CreateNewProject/popup_frame_choose_ project_type_domain_or_youtube' is visible

2021-07-18 21:31:59 - [TEST_STEP][PASSED] - click(findTestObject("CreateNewProject/button_domain")): Object: 'Object Repository/CreateNewProject/button_domain' is clicked on

2021-07-18 21:32:00 - [MESSAGE][PASSED] - Object: 'Object Repository/CreateNewProject/button_domain' is clicked on

2021-07-18 21:32:00 - [TEST_STEP][PASSED] - waitForElementPresent(findTestObject("CreateNewProject/popup_window_creating_project"), Timeout): Object 'Object Repository/CreateNewProject/popup_window_creating_project' is present

2021-07-18 21:32:14 - [MESSAGE][PASSED] - Object 'Object Repository/CreateNewProject/popup_window_creating_project' is present

2021-07-18 21:32:14 - [TEST_STEP][PASSED] - setText(findTestObject("CreateNewProject/FormPage_1/input_domain_name"), "detik.com"): Text 'detik.com' is set on object 'Object Repository/CreateNewProject/FormPage_1/input_domain_name'

2021-07-18 21:32:15 - [MESSAGE][PASSED] - Text 'detik.com' is set on object 'Object Repository/CreateNewProject/FormPage_1/input_domain_name'

2021-07-18 21:32:15 - [TEST_STEP][PASSED] - waitForElementVisible(findTestObject("CreateNewProject/FormPage_1/input_add_your_keyword"), Timeout): Object 'Object Repository/CreateNewProject/FormPage_1/input_add_your_keyword' is visible

2021-07-18 21:32:16 - [MESSAGE][PASSED] - Object 'Object Repository/CreateNewProject/FormPage_1/input_add_your_keyword' is visible

2021-07-18 21:32:16 - [TEST_STEP][PASSED] - setText(findTestObject("CreateNewProject/FormPage_1/input_add_your_keyword"), "politik"): Text 'politik' is set on object 'Object Repository/CreateNewProject/FormPage_1/input_add_your_keyword'

2021-07-18 21:32:16 - [MESSAGE][PASSED] - Text 'politik' is set on object 'Object Repository/CreateNewProject/FormPage_1/input_add_your_keyword'

2021-07-18 21:32:16 - [TEST_STEP][PASSED] - setText(findTestObject("CreateNewProject/FormPage_1/input_keyword_suggestions"), "partai"): Text 'partai' is set on object 'Object Repository/CreateNewProject/FormPage_1/input_keyword_suggestions'

2021-07-18 21:32:17 - [MESSAGE][PASSED] - Text 'partai' is set on object 'Object Repository/CreateNewProject/FormPage_1/input_keyword_suggestions'

2021-07-18 21:32:17 - [TEST_STEP][PASSED] - click(findTestObject("CreateNewProject/FormPage_1/button_next")): Object: 'Object Repository/CreateNewProject/FormPage_1/button_next' is clicked on

2021-07-18 21:32:18 - [MESSAGE][PASSED] - Object: 'Object Repository/CreateNewProject/FormPage_1/button_next' is clicked on

2021-07-18 21:32:18 - [TEST_STEP][PASSED] - delay(3): Delayed 3 second(s)

2021-07-18 21:32:21 - [MESSAGE][PASSED] - Delayed 3 second(s)

2021-07-18 21:32:21 - [TEST_STEP][PASSED] - com.helper.browserhelper.CustomBrowser.closeBrowser(): com.helper.browserhelper.CustomBrowser.closeBrowser is PASSED

2021-07-18 21:32:24 - [MESSAGE][PASSED] - Browser is closed

2021-07-18 21:32:24 - [MESSAGE][PASSED] - com.helper.browserhelper.CustomBrowser.closeBrowser is PASSED]]></system-out>
         <system-err><![CDATA[]]></system-err>
      </testcase>
      <testcase name="Test Cases/Create Project/Negative/CreateProjectUsingInvalidDomainFormatInDomainFieldTestCase" time="83.035" classname="Test Cases/Create Project/Negative/CreateProjectUsingInvalidDomainFormatInDomainFieldTestCase" status="PASSED">
         <system-out><![CDATA[2021-07-18 21:32:24 - [TEST_CASE][PASSED] - Test Cases/Create Project/Negative/CreateProjectUsingInvalidDomainFormatInDomainFieldTestCase: Test Cases/Create Project/Negative/CreateProjectUsingInvalidDomainFormatInDomainFieldTestCase

2021-07-18 21:32:24 - [TEST_STEP][PASSED] - com.helper.browserhelper.CustomBrowser.login(): com.helper.browserhelper.CustomBrowser.login is PASSED

2021-07-18 21:32:24 - [MESSAGE][INFO] - Starting 'Chrome' driver

2021-07-18 21:32:24 - [MESSAGE][INFO] - Action delay is set to 0 milliseconds

2021-07-18 21:32:38 - [MESSAGE][PASSED] - Browser is opened with url: 'https://dev-v2.serpwatch.io/login'

2021-07-18 21:32:38 - [MESSAGE][PASSED] - Wait for page load successfully

2021-07-18 21:32:38 - [MESSAGE][PASSED] - Current window maximized

2021-07-18 21:32:38 - [MESSAGE][PASSED] - Wait for page load successfully

2021-07-18 21:32:39 - [MESSAGE][PASSED] - Keys 'ayatullah.arul@gmail.com' sent to object: 'Object Repository/LoginPage_SerpWatch/input_sign in_email'

2021-07-18 21:32:39 - [MESSAGE][PASSED] - Keys 'aaa101' sent to object: 'Object Repository/LoginPage_SerpWatch/input_sign in_password'

2021-07-18 21:33:16 - [MESSAGE][PASSED] - Object: 'Object Repository/LoginPage_SerpWatch/button_login' is clicked on

2021-07-18 21:33:16 - [MESSAGE][PASSED] - Wait for page load successfully

2021-07-18 21:33:16 - [MESSAGE][PASSED] - com.helper.browserhelper.CustomBrowser.login is PASSED

2021-07-18 21:33:16 - [TEST_STEP][PASSED] - click(findTestObject("CreateNewProject/button_add_project")): Object: 'Object Repository/CreateNewProject/button_add_project' is clicked on

2021-07-18 21:33:17 - [MESSAGE][PASSED] - Object: 'Object Repository/CreateNewProject/button_add_project' is clicked on

2021-07-18 21:33:17 - [TEST_STEP][PASSED] - waitForElementVisible(findTestObject("CreateNewProject/popup_frame_choose_ project_type_domain_or_youtube"), Timeout): Object 'Object Repository/CreateNewProject/popup_frame_choose_ project_type_domain_or_youtube' is visible

2021-07-18 21:33:19 - [MESSAGE][PASSED] - Object 'Object Repository/CreateNewProject/popup_frame_choose_ project_type_domain_or_youtube' is visible

2021-07-18 21:33:19 - [TEST_STEP][PASSED] - click(findTestObject("CreateNewProject/button_domain")): Object: 'Object Repository/CreateNewProject/button_domain' is clicked on

2021-07-18 21:33:20 - [MESSAGE][PASSED] - Object: 'Object Repository/CreateNewProject/button_domain' is clicked on

2021-07-18 21:33:20 - [TEST_STEP][PASSED] - waitForElementPresent(findTestObject("CreateNewProject/popup_window_creating_project"), Timeout): Object 'Object Repository/CreateNewProject/popup_window_creating_project' is present

2021-07-18 21:33:32 - [MESSAGE][PASSED] - Object 'Object Repository/CreateNewProject/popup_window_creating_project' is present

2021-07-18 21:33:32 - [TEST_STEP][PASSED] - setText(findTestObject("CreateNewProject/FormPage_1/input_domain_name"), "detik.com"): Text 'detik.com' is set on object 'Object Repository/CreateNewProject/FormPage_1/input_domain_name'

2021-07-18 21:33:34 - [MESSAGE][PASSED] - Text 'detik.com' is set on object 'Object Repository/CreateNewProject/FormPage_1/input_domain_name'

2021-07-18 21:33:34 - [TEST_STEP][PASSED] - waitForElementVisible(findTestObject("CreateNewProject/FormPage_1/input_add_your_keyword"), Timeout): Object 'Object Repository/CreateNewProject/FormPage_1/input_add_your_keyword' is visible

2021-07-18 21:33:34 - [MESSAGE][PASSED] - Object 'Object Repository/CreateNewProject/FormPage_1/input_add_your_keyword' is visible

2021-07-18 21:33:34 - [TEST_STEP][PASSED] - setText(findTestObject("CreateNewProject/FormPage_1/input_add_your_keyword"), "politik"): Text 'politik' is set on object 'Object Repository/CreateNewProject/FormPage_1/input_add_your_keyword'

2021-07-18 21:33:35 - [MESSAGE][PASSED] - Text 'politik' is set on object 'Object Repository/CreateNewProject/FormPage_1/input_add_your_keyword'

2021-07-18 21:33:35 - [TEST_STEP][PASSED] - setText(findTestObject("CreateNewProject/FormPage_1/input_keyword_suggestions"), "partai"): Text 'partai' is set on object 'Object Repository/CreateNewProject/FormPage_1/input_keyword_suggestions'

2021-07-18 21:33:36 - [MESSAGE][PASSED] - Text 'partai' is set on object 'Object Repository/CreateNewProject/FormPage_1/input_keyword_suggestions'

2021-07-18 21:33:36 - [TEST_STEP][PASSED] - click(findTestObject("CreateNewProject/FormPage_1/button_next")): Object: 'Object Repository/CreateNewProject/FormPage_1/button_next' is clicked on

2021-07-18 21:33:36 - [MESSAGE][PASSED] - Object: 'Object Repository/CreateNewProject/FormPage_1/button_next' is clicked on

2021-07-18 21:33:36 - [TEST_STEP][PASSED] - delay(3): Delayed 3 second(s)

2021-07-18 21:33:39 - [MESSAGE][PASSED] - Delayed 3 second(s)

2021-07-18 21:33:39 - [TEST_STEP][PASSED] - com.helper.browserhelper.CustomBrowser.closeBrowser(): com.helper.browserhelper.CustomBrowser.closeBrowser is PASSED

2021-07-18 21:33:47 - [MESSAGE][PASSED] - Browser is closed

2021-07-18 21:33:47 - [MESSAGE][PASSED] - com.helper.browserhelper.CustomBrowser.closeBrowser is PASSED]]></system-out>
         <system-err><![CDATA[]]></system-err>
      </testcase>
      <testcase name="Test Cases/Create Project/Negative/CreateProjectWithKeywordLessThan2CharactersTestCase" time="79.804" classname="Test Cases/Create Project/Negative/CreateProjectWithKeywordLessThan2CharactersTestCase" status="PASSED">
         <system-out><![CDATA[2021-07-18 21:33:47 - [TEST_CASE][PASSED] - Test Cases/Create Project/Negative/CreateProjectWithKeywordLessThan2CharactersTestCase: Test Cases/Create Project/Negative/CreateProjectWithKeywordLessThan2CharactersTestCase

2021-07-18 21:33:47 - [TEST_STEP][PASSED] - com.helper.browserhelper.CustomBrowser.login(): com.helper.browserhelper.CustomBrowser.login is PASSED

2021-07-18 21:33:47 - [MESSAGE][INFO] - Starting 'Chrome' driver

2021-07-18 21:33:47 - [MESSAGE][INFO] - Action delay is set to 0 milliseconds

2021-07-18 21:34:01 - [MESSAGE][PASSED] - Browser is opened with url: 'https://dev-v2.serpwatch.io/login'

2021-07-18 21:34:01 - [MESSAGE][PASSED] - Wait for page load successfully

2021-07-18 21:34:01 - [MESSAGE][PASSED] - Current window maximized

2021-07-18 21:34:01 - [MESSAGE][PASSED] - Wait for page load successfully

2021-07-18 21:34:02 - [MESSAGE][PASSED] - Keys 'ayatullah.arul@gmail.com' sent to object: 'Object Repository/LoginPage_SerpWatch/input_sign in_email'

2021-07-18 21:34:02 - [MESSAGE][PASSED] - Keys 'aaa101' sent to object: 'Object Repository/LoginPage_SerpWatch/input_sign in_password'

2021-07-18 21:34:38 - [MESSAGE][PASSED] - Object: 'Object Repository/LoginPage_SerpWatch/button_login' is clicked on

2021-07-18 21:34:38 - [MESSAGE][PASSED] - Wait for page load successfully

2021-07-18 21:34:38 - [MESSAGE][PASSED] - com.helper.browserhelper.CustomBrowser.login is PASSED

2021-07-18 21:34:38 - [TEST_STEP][PASSED] - click(findTestObject("CreateNewProject/button_add_project")): Object: 'Object Repository/CreateNewProject/button_add_project' is clicked on

2021-07-18 21:34:40 - [MESSAGE][PASSED] - Object: 'Object Repository/CreateNewProject/button_add_project' is clicked on

2021-07-18 21:34:40 - [TEST_STEP][PASSED] - waitForElementVisible(findTestObject("CreateNewProject/popup_frame_choose_ project_type_domain_or_youtube"), Timeout): Object 'Object Repository/CreateNewProject/popup_frame_choose_ project_type_domain_or_youtube' is visible

2021-07-18 21:34:42 - [MESSAGE][PASSED] - Object 'Object Repository/CreateNewProject/popup_frame_choose_ project_type_domain_or_youtube' is visible

2021-07-18 21:34:42 - [TEST_STEP][PASSED] - click(findTestObject("CreateNewProject/button_domain")): Object: 'Object Repository/CreateNewProject/button_domain' is clicked on

2021-07-18 21:34:42 - [MESSAGE][PASSED] - Object: 'Object Repository/CreateNewProject/button_domain' is clicked on

2021-07-18 21:34:42 - [TEST_STEP][PASSED] - waitForElementPresent(findTestObject("CreateNewProject/popup_window_creating_project"), Timeout): Object 'Object Repository/CreateNewProject/popup_window_creating_project' is present

2021-07-18 21:34:59 - [MESSAGE][PASSED] - Object 'Object Repository/CreateNewProject/popup_window_creating_project' is present

2021-07-18 21:34:59 - [TEST_STEP][PASSED] - setText(findTestObject("CreateNewProject/FormPage_1/input_domain_name"), "detik.com"): Text 'detik.com' is set on object 'Object Repository/CreateNewProject/FormPage_1/input_domain_name'

2021-07-18 21:35:00 - [MESSAGE][PASSED] - Text 'detik.com' is set on object 'Object Repository/CreateNewProject/FormPage_1/input_domain_name'

2021-07-18 21:35:00 - [TEST_STEP][PASSED] - waitForElementVisible(findTestObject("CreateNewProject/FormPage_1/input_add_your_keyword"), Timeout): Object 'Object Repository/CreateNewProject/FormPage_1/input_add_your_keyword' is visible

2021-07-18 21:35:00 - [MESSAGE][PASSED] - Object 'Object Repository/CreateNewProject/FormPage_1/input_add_your_keyword' is visible

2021-07-18 21:35:00 - [TEST_STEP][PASSED] - setText(findTestObject("CreateNewProject/FormPage_1/input_add_your_keyword"), "politik"): Text 'politik' is set on object 'Object Repository/CreateNewProject/FormPage_1/input_add_your_keyword'

2021-07-18 21:35:01 - [MESSAGE][PASSED] - Text 'politik' is set on object 'Object Repository/CreateNewProject/FormPage_1/input_add_your_keyword'

2021-07-18 21:35:01 - [TEST_STEP][PASSED] - setText(findTestObject("CreateNewProject/FormPage_1/input_keyword_suggestions"), "partai"): Text 'partai' is set on object 'Object Repository/CreateNewProject/FormPage_1/input_keyword_suggestions'

2021-07-18 21:35:02 - [MESSAGE][PASSED] - Text 'partai' is set on object 'Object Repository/CreateNewProject/FormPage_1/input_keyword_suggestions'

2021-07-18 21:35:02 - [TEST_STEP][PASSED] - click(findTestObject("CreateNewProject/FormPage_1/button_next")): Object: 'Object Repository/CreateNewProject/FormPage_1/button_next' is clicked on

2021-07-18 21:35:02 - [MESSAGE][PASSED] - Object: 'Object Repository/CreateNewProject/FormPage_1/button_next' is clicked on

2021-07-18 21:35:02 - [TEST_STEP][PASSED] - delay(3): Delayed 3 second(s)

2021-07-18 21:35:05 - [MESSAGE][PASSED] - Delayed 3 second(s)

2021-07-18 21:35:05 - [TEST_STEP][PASSED] - com.helper.browserhelper.CustomBrowser.closeBrowser(): com.helper.browserhelper.CustomBrowser.closeBrowser is PASSED

2021-07-18 21:35:07 - [MESSAGE][PASSED] - Browser is closed

2021-07-18 21:35:07 - [MESSAGE][PASSED] - com.helper.browserhelper.CustomBrowser.closeBrowser is PASSED]]></system-out>
         <system-err><![CDATA[]]></system-err>
      </testcase>
      <testcase name="Test Cases/Create Project/Negative/CreateProjectWithNameFieldWithLessThan2CharactersTestCase" time="77.008" classname="Test Cases/Create Project/Negative/CreateProjectWithNameFieldWithLessThan2CharactersTestCase" status="PASSED">
         <system-out><![CDATA[2021-07-18 21:35:07 - [TEST_CASE][PASSED] - Test Cases/Create Project/Negative/CreateProjectWithNameFieldWithLessThan2CharactersTestCase: Test Cases/Create Project/Negative/CreateProjectWithNameFieldWithLessThan2CharactersTestCase

2021-07-18 21:35:07 - [TEST_STEP][PASSED] - com.helper.browserhelper.CustomBrowser.login(): com.helper.browserhelper.CustomBrowser.login is PASSED

2021-07-18 21:35:07 - [MESSAGE][INFO] - Starting 'Chrome' driver

2021-07-18 21:35:07 - [MESSAGE][INFO] - Action delay is set to 0 milliseconds

2021-07-18 21:35:22 - [MESSAGE][PASSED] - Browser is opened with url: 'https://dev-v2.serpwatch.io/login'

2021-07-18 21:35:22 - [MESSAGE][PASSED] - Wait for page load successfully

2021-07-18 21:35:22 - [MESSAGE][PASSED] - Current window maximized

2021-07-18 21:35:22 - [MESSAGE][PASSED] - Wait for page load successfully

2021-07-18 21:35:23 - [MESSAGE][PASSED] - Keys 'ayatullah.arul@gmail.com' sent to object: 'Object Repository/LoginPage_SerpWatch/input_sign in_email'

2021-07-18 21:35:23 - [MESSAGE][PASSED] - Keys 'aaa101' sent to object: 'Object Repository/LoginPage_SerpWatch/input_sign in_password'

2021-07-18 21:35:59 - [MESSAGE][PASSED] - Object: 'Object Repository/LoginPage_SerpWatch/button_login' is clicked on

2021-07-18 21:35:59 - [MESSAGE][PASSED] - Wait for page load successfully

2021-07-18 21:35:59 - [MESSAGE][PASSED] - com.helper.browserhelper.CustomBrowser.login is PASSED

2021-07-18 21:35:59 - [TEST_STEP][PASSED] - click(findTestObject("CreateNewProject/button_add_project")): Object: 'Object Repository/CreateNewProject/button_add_project' is clicked on

2021-07-18 21:36:00 - [MESSAGE][PASSED] - Object: 'Object Repository/CreateNewProject/button_add_project' is clicked on

2021-07-18 21:36:00 - [TEST_STEP][PASSED] - waitForElementVisible(findTestObject("CreateNewProject/popup_frame_choose_ project_type_domain_or_youtube"), Timeout): Object 'Object Repository/CreateNewProject/popup_frame_choose_ project_type_domain_or_youtube' is visible

2021-07-18 21:36:02 - [MESSAGE][PASSED] - Object 'Object Repository/CreateNewProject/popup_frame_choose_ project_type_domain_or_youtube' is visible

2021-07-18 21:36:02 - [TEST_STEP][PASSED] - click(findTestObject("CreateNewProject/button_domain")): Object: 'Object Repository/CreateNewProject/button_domain' is clicked on

2021-07-18 21:36:03 - [MESSAGE][PASSED] - Object: 'Object Repository/CreateNewProject/button_domain' is clicked on

2021-07-18 21:36:03 - [TEST_STEP][PASSED] - waitForElementPresent(findTestObject("CreateNewProject/popup_window_creating_project"), Timeout): Object 'Object Repository/CreateNewProject/popup_window_creating_project' is present

2021-07-18 21:36:13 - [MESSAGE][PASSED] - Object 'Object Repository/CreateNewProject/popup_window_creating_project' is present

2021-07-18 21:36:13 - [TEST_STEP][PASSED] - setText(findTestObject("CreateNewProject/FormPage_1/input_project_name"), "Sa"): Text 'Sa' is set on object 'Object Repository/CreateNewProject/FormPage_1/input_project_name'

2021-07-18 21:36:14 - [MESSAGE][PASSED] - Text 'Sa' is set on object 'Object Repository/CreateNewProject/FormPage_1/input_project_name'

2021-07-18 21:36:14 - [TEST_STEP][PASSED] - setText(findTestObject("CreateNewProject/FormPage_1/input_domain_name"), "detik.com"): Text 'detik.com' is set on object 'Object Repository/CreateNewProject/FormPage_1/input_domain_name'

2021-07-18 21:36:15 - [MESSAGE][PASSED] - Text 'detik.com' is set on object 'Object Repository/CreateNewProject/FormPage_1/input_domain_name'

2021-07-18 21:36:15 - [TEST_STEP][PASSED] - waitForElementVisible(findTestObject("CreateNewProject/FormPage_1/input_add_your_keyword"), Timeout): Object 'Object Repository/CreateNewProject/FormPage_1/input_add_your_keyword' is visible

2021-07-18 21:36:15 - [MESSAGE][PASSED] - Object 'Object Repository/CreateNewProject/FormPage_1/input_add_your_keyword' is visible

2021-07-18 21:36:15 - [TEST_STEP][PASSED] - setText(findTestObject("CreateNewProject/FormPage_1/input_add_your_keyword"), "politik"): Text 'politik' is set on object 'Object Repository/CreateNewProject/FormPage_1/input_add_your_keyword'

2021-07-18 21:36:16 - [MESSAGE][PASSED] - Text 'politik' is set on object 'Object Repository/CreateNewProject/FormPage_1/input_add_your_keyword'

2021-07-18 21:36:16 - [TEST_STEP][PASSED] - setText(findTestObject("CreateNewProject/FormPage_1/input_keyword_suggestions"), "partai"): Text 'partai' is set on object 'Object Repository/CreateNewProject/FormPage_1/input_keyword_suggestions'

2021-07-18 21:36:17 - [MESSAGE][PASSED] - Text 'partai' is set on object 'Object Repository/CreateNewProject/FormPage_1/input_keyword_suggestions'

2021-07-18 21:36:17 - [TEST_STEP][PASSED] - click(findTestObject("CreateNewProject/FormPage_1/button_next")): Object: 'Object Repository/CreateNewProject/FormPage_1/button_next' is clicked on

2021-07-18 21:36:17 - [MESSAGE][PASSED] - Object: 'Object Repository/CreateNewProject/FormPage_1/button_next' is clicked on

2021-07-18 21:36:17 - [TEST_STEP][PASSED] - delay(3): Delayed 3 second(s)

2021-07-18 21:36:20 - [MESSAGE][PASSED] - Delayed 3 second(s)

2021-07-18 21:36:20 - [TEST_STEP][PASSED] - com.helper.browserhelper.CustomBrowser.closeBrowser(): com.helper.browserhelper.CustomBrowser.closeBrowser is PASSED

2021-07-18 21:36:24 - [MESSAGE][PASSED] - Browser is closed

2021-07-18 21:36:24 - [MESSAGE][PASSED] - com.helper.browserhelper.CustomBrowser.closeBrowser is PASSED]]></system-out>
         <system-err><![CDATA[]]></system-err>
      </testcase>
      <testcase name="Test Cases/Create Project/Negative/CreateProjectWithoutAnyEnginesOrDevicesSelectedTestCase" time="89.79" classname="Test Cases/Create Project/Negative/CreateProjectWithoutAnyEnginesOrDevicesSelectedTestCase" status="PASSED">
         <system-out><![CDATA[2021-07-18 21:36:24 - [TEST_CASE][PASSED] - Test Cases/Create Project/Negative/CreateProjectWithoutAnyEnginesOrDevicesSelectedTestCase: Test Cases/Create Project/Negative/CreateProjectWithoutAnyEnginesOrDevicesSelectedTestCase

2021-07-18 21:36:24 - [TEST_STEP][PASSED] - com.helper.browserhelper.CustomBrowser.login(): com.helper.browserhelper.CustomBrowser.login is PASSED

2021-07-18 21:36:24 - [MESSAGE][INFO] - Starting 'Chrome' driver

2021-07-18 21:36:24 - [MESSAGE][INFO] - Action delay is set to 0 milliseconds

2021-07-18 21:36:36 - [MESSAGE][PASSED] - Browser is opened with url: 'https://dev-v2.serpwatch.io/login'

2021-07-18 21:36:36 - [MESSAGE][PASSED] - Wait for page load successfully

2021-07-18 21:36:36 - [MESSAGE][PASSED] - Current window maximized

2021-07-18 21:36:36 - [MESSAGE][PASSED] - Wait for page load successfully

2021-07-18 21:36:36 - [MESSAGE][PASSED] - Keys 'ayatullah.arul@gmail.com' sent to object: 'Object Repository/LoginPage_SerpWatch/input_sign in_email'

2021-07-18 21:36:37 - [MESSAGE][PASSED] - Keys 'aaa101' sent to object: 'Object Repository/LoginPage_SerpWatch/input_sign in_password'

2021-07-18 21:37:20 - [MESSAGE][PASSED] - Object: 'Object Repository/LoginPage_SerpWatch/button_login' is clicked on

2021-07-18 21:37:20 - [MESSAGE][PASSED] - Wait for page load successfully

2021-07-18 21:37:20 - [MESSAGE][PASSED] - com.helper.browserhelper.CustomBrowser.login is PASSED

2021-07-18 21:37:20 - [TEST_STEP][PASSED] - click(findTestObject("CreateNewProject/button_add_project")): Object: 'Object Repository/CreateNewProject/button_add_project' is clicked on

2021-07-18 21:37:21 - [MESSAGE][PASSED] - Object: 'Object Repository/CreateNewProject/button_add_project' is clicked on

2021-07-18 21:37:21 - [TEST_STEP][PASSED] - waitForElementVisible(findTestObject("CreateNewProject/popup_frame_choose_ project_type_domain_or_youtube"), Timeout): Object 'Object Repository/CreateNewProject/popup_frame_choose_ project_type_domain_or_youtube' is visible

2021-07-18 21:37:23 - [MESSAGE][PASSED] - Object 'Object Repository/CreateNewProject/popup_frame_choose_ project_type_domain_or_youtube' is visible

2021-07-18 21:37:23 - [TEST_STEP][PASSED] - click(findTestObject("CreateNewProject/button_domain")): Object: 'Object Repository/CreateNewProject/button_domain' is clicked on

2021-07-18 21:37:25 - [MESSAGE][PASSED] - Object: 'Object Repository/CreateNewProject/button_domain' is clicked on

2021-07-18 21:37:25 - [TEST_STEP][PASSED] - waitForElementPresent(findTestObject("CreateNewProject/popup_window_creating_project"), Timeout): Object 'Object Repository/CreateNewProject/popup_window_creating_project' is present

2021-07-18 21:37:43 - [MESSAGE][PASSED] - Object 'Object Repository/CreateNewProject/popup_window_creating_project' is present

2021-07-18 21:37:43 - [TEST_STEP][PASSED] - setText(findTestObject("CreateNewProject/FormPage_1/input_domain_name"), "detik.com"): Text 'detik.com' is set on object 'Object Repository/CreateNewProject/FormPage_1/input_domain_name'

2021-07-18 21:37:44 - [MESSAGE][PASSED] - Text 'detik.com' is set on object 'Object Repository/CreateNewProject/FormPage_1/input_domain_name'

2021-07-18 21:37:44 - [TEST_STEP][PASSED] - waitForElementVisible(findTestObject("CreateNewProject/FormPage_1/input_add_your_keyword"), Timeout): Object 'Object Repository/CreateNewProject/FormPage_1/input_add_your_keyword' is visible

2021-07-18 21:37:45 - [MESSAGE][PASSED] - Object 'Object Repository/CreateNewProject/FormPage_1/input_add_your_keyword' is visible

2021-07-18 21:37:45 - [TEST_STEP][PASSED] - setText(findTestObject("CreateNewProject/FormPage_1/input_add_your_keyword"), "politik"): Text 'politik' is set on object 'Object Repository/CreateNewProject/FormPage_1/input_add_your_keyword'

2021-07-18 21:37:46 - [MESSAGE][PASSED] - Text 'politik' is set on object 'Object Repository/CreateNewProject/FormPage_1/input_add_your_keyword'

2021-07-18 21:37:46 - [TEST_STEP][PASSED] - setText(findTestObject("CreateNewProject/FormPage_1/input_keyword_suggestions"), "partai"): Text 'partai' is set on object 'Object Repository/CreateNewProject/FormPage_1/input_keyword_suggestions'

2021-07-18 21:37:47 - [MESSAGE][PASSED] - Text 'partai' is set on object 'Object Repository/CreateNewProject/FormPage_1/input_keyword_suggestions'

2021-07-18 21:37:47 - [TEST_STEP][PASSED] - click(findTestObject("CreateNewProject/FormPage_1/button_next")): Object: 'Object Repository/CreateNewProject/FormPage_1/button_next' is clicked on

2021-07-18 21:37:48 - [MESSAGE][PASSED] - Object: 'Object Repository/CreateNewProject/FormPage_1/button_next' is clicked on

2021-07-18 21:37:48 - [TEST_STEP][PASSED] - delay(3): Delayed 3 second(s)

2021-07-18 21:37:51 - [MESSAGE][PASSED] - Delayed 3 second(s)

2021-07-18 21:37:51 - [TEST_STEP][PASSED] - com.helper.browserhelper.CustomBrowser.closeBrowser(): com.helper.browserhelper.CustomBrowser.closeBrowser is PASSED

2021-07-18 21:37:54 - [MESSAGE][PASSED] - Browser is closed

2021-07-18 21:37:54 - [MESSAGE][PASSED] - com.helper.browserhelper.CustomBrowser.closeBrowser is PASSED]]></system-out>
         <system-err><![CDATA[]]></system-err>
      </testcase>
      <testcase name="Test Cases/Create Project/Negative/CreateProjectWithoutEnteringAnyKeywordsTestCase" time="83.378" classname="Test Cases/Create Project/Negative/CreateProjectWithoutEnteringAnyKeywordsTestCase" status="PASSED">
         <system-out><![CDATA[2021-07-18 21:37:54 - [TEST_CASE][PASSED] - Test Cases/Create Project/Negative/CreateProjectWithoutEnteringAnyKeywordsTestCase: Test Cases/Create Project/Negative/CreateProjectWithoutEnteringAnyKeywordsTestCase

2021-07-18 21:37:54 - [TEST_STEP][PASSED] - com.helper.browserhelper.CustomBrowser.login(): com.helper.browserhelper.CustomBrowser.login is PASSED

2021-07-18 21:37:54 - [MESSAGE][INFO] - Starting 'Chrome' driver

2021-07-18 21:37:54 - [MESSAGE][INFO] - Action delay is set to 0 milliseconds

2021-07-18 21:38:06 - [MESSAGE][PASSED] - Browser is opened with url: 'https://dev-v2.serpwatch.io/login'

2021-07-18 21:38:06 - [MESSAGE][PASSED] - Wait for page load successfully

2021-07-18 21:38:06 - [MESSAGE][PASSED] - Current window maximized

2021-07-18 21:38:06 - [MESSAGE][PASSED] - Wait for page load successfully

2021-07-18 21:38:07 - [MESSAGE][PASSED] - Keys 'ayatullah.arul@gmail.com' sent to object: 'Object Repository/LoginPage_SerpWatch/input_sign in_email'

2021-07-18 21:38:07 - [MESSAGE][PASSED] - Keys 'aaa101' sent to object: 'Object Repository/LoginPage_SerpWatch/input_sign in_password'

2021-07-18 21:38:48 - [MESSAGE][PASSED] - Object: 'Object Repository/LoginPage_SerpWatch/button_login' is clicked on

2021-07-18 21:38:48 - [MESSAGE][PASSED] - Wait for page load successfully

2021-07-18 21:38:48 - [MESSAGE][PASSED] - com.helper.browserhelper.CustomBrowser.login is PASSED

2021-07-18 21:38:48 - [TEST_STEP][PASSED] - click(findTestObject("CreateNewProject/button_add_project")): Object: 'Object Repository/CreateNewProject/button_add_project' is clicked on

2021-07-18 21:38:50 - [MESSAGE][PASSED] - Object: 'Object Repository/CreateNewProject/button_add_project' is clicked on

2021-07-18 21:38:50 - [TEST_STEP][PASSED] - waitForElementVisible(findTestObject("CreateNewProject/popup_frame_choose_ project_type_domain_or_youtube"), Timeout): Object 'Object Repository/CreateNewProject/popup_frame_choose_ project_type_domain_or_youtube' is visible

2021-07-18 21:38:51 - [MESSAGE][PASSED] - Object 'Object Repository/CreateNewProject/popup_frame_choose_ project_type_domain_or_youtube' is visible

2021-07-18 21:38:51 - [TEST_STEP][PASSED] - click(findTestObject("CreateNewProject/button_domain")): Object: 'Object Repository/CreateNewProject/button_domain' is clicked on

2021-07-18 21:38:52 - [MESSAGE][PASSED] - Object: 'Object Repository/CreateNewProject/button_domain' is clicked on

2021-07-18 21:38:52 - [TEST_STEP][PASSED] - waitForElementPresent(findTestObject("CreateNewProject/popup_window_creating_project"), Timeout): Object 'Object Repository/CreateNewProject/popup_window_creating_project' is present

2021-07-18 21:39:03 - [MESSAGE][PASSED] - Object 'Object Repository/CreateNewProject/popup_window_creating_project' is present

2021-07-18 21:39:03 - [TEST_STEP][PASSED] - setText(findTestObject("CreateNewProject/FormPage_1/input_domain_name"), ""): Text '' is set on object 'Object Repository/CreateNewProject/FormPage_1/input_domain_name'

2021-07-18 21:39:03 - [MESSAGE][PASSED] - Text '' is set on object 'Object Repository/CreateNewProject/FormPage_1/input_domain_name'

2021-07-18 21:39:03 - [TEST_STEP][PASSED] - waitForElementVisible(findTestObject("CreateNewProject/FormPage_1/input_add_your_keyword"), Timeout): Object 'Object Repository/CreateNewProject/FormPage_1/input_add_your_keyword' is visible

2021-07-18 21:39:06 - [MESSAGE][PASSED] - Object 'Object Repository/CreateNewProject/FormPage_1/input_add_your_keyword' is visible

2021-07-18 21:39:06 - [TEST_STEP][PASSED] - setText(findTestObject("CreateNewProject/FormPage_1/input_add_your_keyword"), ""): Text '' is set on object 'Object Repository/CreateNewProject/FormPage_1/input_add_your_keyword'

2021-07-18 21:39:07 - [MESSAGE][PASSED] - Text '' is set on object 'Object Repository/CreateNewProject/FormPage_1/input_add_your_keyword'

2021-07-18 21:39:07 - [TEST_STEP][PASSED] - setText(findTestObject("CreateNewProject/FormPage_1/input_keyword_suggestions"), ""): Text '' is set on object 'Object Repository/CreateNewProject/FormPage_1/input_keyword_suggestions'

2021-07-18 21:39:08 - [MESSAGE][PASSED] - Text '' is set on object 'Object Repository/CreateNewProject/FormPage_1/input_keyword_suggestions'

2021-07-18 21:39:08 - [TEST_STEP][PASSED] - click(findTestObject("CreateNewProject/FormPage_1/button_next")): Object: 'Object Repository/CreateNewProject/FormPage_1/button_next' is clicked on

2021-07-18 21:39:08 - [MESSAGE][PASSED] - Object: 'Object Repository/CreateNewProject/FormPage_1/button_next' is clicked on

2021-07-18 21:39:08 - [TEST_STEP][PASSED] - delay(3): Delayed 3 second(s)

2021-07-18 21:39:11 - [MESSAGE][PASSED] - Delayed 3 second(s)

2021-07-18 21:39:11 - [TEST_STEP][PASSED] - com.helper.browserhelper.CustomBrowser.closeBrowser(): com.helper.browserhelper.CustomBrowser.closeBrowser is PASSED

2021-07-18 21:39:17 - [MESSAGE][PASSED] - Browser is closed

2021-07-18 21:39:17 - [MESSAGE][PASSED] - com.helper.browserhelper.CustomBrowser.closeBrowser is PASSED]]></system-out>
         <system-err><![CDATA[]]></system-err>
      </testcase>
      <testcase name="Test Cases/Create Project/Negative/CreateProjectWithoutFillingDomainFieldTestCase" time="82.538" classname="Test Cases/Create Project/Negative/CreateProjectWithoutFillingDomainFieldTestCase" status="PASSED">
         <system-out><![CDATA[2021-07-18 21:39:17 - [TEST_CASE][PASSED] - Test Cases/Create Project/Negative/CreateProjectWithoutFillingDomainFieldTestCase: Test Cases/Create Project/Negative/CreateProjectWithoutFillingDomainFieldTestCase

2021-07-18 21:39:17 - [TEST_STEP][PASSED] - com.helper.browserhelper.CustomBrowser.login(): com.helper.browserhelper.CustomBrowser.login is PASSED

2021-07-18 21:39:17 - [MESSAGE][INFO] - Starting 'Chrome' driver

2021-07-18 21:39:17 - [MESSAGE][INFO] - Action delay is set to 0 milliseconds

2021-07-18 21:39:27 - [MESSAGE][PASSED] - Browser is opened with url: 'https://dev-v2.serpwatch.io/login'

2021-07-18 21:39:28 - [MESSAGE][PASSED] - Wait for page load successfully

2021-07-18 21:39:28 - [MESSAGE][PASSED] - Current window maximized

2021-07-18 21:39:28 - [MESSAGE][PASSED] - Wait for page load successfully

2021-07-18 21:39:28 - [MESSAGE][PASSED] - Keys 'ayatullah.arul@gmail.com' sent to object: 'Object Repository/LoginPage_SerpWatch/input_sign in_email'

2021-07-18 21:39:29 - [MESSAGE][PASSED] - Keys 'aaa101' sent to object: 'Object Repository/LoginPage_SerpWatch/input_sign in_password'

2021-07-18 21:40:11 - [MESSAGE][PASSED] - Object: 'Object Repository/LoginPage_SerpWatch/button_login' is clicked on

2021-07-18 21:40:11 - [MESSAGE][PASSED] - Wait for page load successfully

2021-07-18 21:40:11 - [MESSAGE][PASSED] - com.helper.browserhelper.CustomBrowser.login is PASSED

2021-07-18 21:40:11 - [TEST_STEP][PASSED] - click(findTestObject("CreateNewProject/button_add_project")): Object: 'Object Repository/CreateNewProject/button_add_project' is clicked on

2021-07-18 21:40:12 - [MESSAGE][PASSED] - Object: 'Object Repository/CreateNewProject/button_add_project' is clicked on

2021-07-18 21:40:12 - [TEST_STEP][PASSED] - waitForElementVisible(findTestObject("CreateNewProject/popup_frame_choose_ project_type_domain_or_youtube"), Timeout): Object 'Object Repository/CreateNewProject/popup_frame_choose_ project_type_domain_or_youtube' is visible

2021-07-18 21:40:14 - [MESSAGE][PASSED] - Object 'Object Repository/CreateNewProject/popup_frame_choose_ project_type_domain_or_youtube' is visible

2021-07-18 21:40:14 - [TEST_STEP][PASSED] - click(findTestObject("CreateNewProject/button_domain")): Object: 'Object Repository/CreateNewProject/button_domain' is clicked on

2021-07-18 21:40:15 - [MESSAGE][PASSED] - Object: 'Object Repository/CreateNewProject/button_domain' is clicked on

2021-07-18 21:40:15 - [TEST_STEP][PASSED] - waitForElementPresent(findTestObject("CreateNewProject/popup_window_creating_project"), Timeout): Object 'Object Repository/CreateNewProject/popup_window_creating_project' is present

2021-07-18 21:40:31 - [MESSAGE][PASSED] - Object 'Object Repository/CreateNewProject/popup_window_creating_project' is present

2021-07-18 21:40:31 - [TEST_STEP][PASSED] - setText(findTestObject("CreateNewProject/FormPage_1/input_project_name"), "Sample"): Text 'Sample' is set on object 'Object Repository/CreateNewProject/FormPage_1/input_project_name'

2021-07-18 21:40:32 - [MESSAGE][PASSED] - Text 'Sample' is set on object 'Object Repository/CreateNewProject/FormPage_1/input_project_name'

2021-07-18 21:40:32 - [TEST_STEP][PASSED] - setText(findTestObject("CreateNewProject/FormPage_1/input_domain_name"), ""): Text '' is set on object 'Object Repository/CreateNewProject/FormPage_1/input_domain_name'

2021-07-18 21:40:32 - [MESSAGE][PASSED] - Text '' is set on object 'Object Repository/CreateNewProject/FormPage_1/input_domain_name'

2021-07-18 21:40:32 - [TEST_STEP][PASSED] - waitForElementVisible(findTestObject("CreateNewProject/FormPage_1/input_add_your_keyword"), Timeout): Object 'Object Repository/CreateNewProject/FormPage_1/input_add_your_keyword' is visible

2021-07-18 21:40:33 - [MESSAGE][PASSED] - Object 'Object Repository/CreateNewProject/FormPage_1/input_add_your_keyword' is visible

2021-07-18 21:40:33 - [TEST_STEP][PASSED] - setText(findTestObject("CreateNewProject/FormPage_1/input_add_your_keyword"), "politik"): Text 'politik' is set on object 'Object Repository/CreateNewProject/FormPage_1/input_add_your_keyword'

2021-07-18 21:40:34 - [MESSAGE][PASSED] - Text 'politik' is set on object 'Object Repository/CreateNewProject/FormPage_1/input_add_your_keyword'

2021-07-18 21:40:34 - [TEST_STEP][PASSED] - setText(findTestObject("CreateNewProject/FormPage_1/input_keyword_suggestions"), "partai"): Text 'partai' is set on object 'Object Repository/CreateNewProject/FormPage_1/input_keyword_suggestions'

2021-07-18 21:40:34 - [MESSAGE][PASSED] - Text 'partai' is set on object 'Object Repository/CreateNewProject/FormPage_1/input_keyword_suggestions'

2021-07-18 21:40:34 - [TEST_STEP][PASSED] - click(findTestObject("CreateNewProject/FormPage_1/button_next")): Object: 'Object Repository/CreateNewProject/FormPage_1/button_next' is clicked on

2021-07-18 21:40:35 - [MESSAGE][PASSED] - Object: 'Object Repository/CreateNewProject/FormPage_1/button_next' is clicked on

2021-07-18 21:40:35 - [TEST_STEP][PASSED] - delay(3): Delayed 3 second(s)

2021-07-18 21:40:38 - [MESSAGE][PASSED] - Delayed 3 second(s)

2021-07-18 21:40:38 - [TEST_STEP][PASSED] - com.helper.browserhelper.CustomBrowser.closeBrowser(): com.helper.browserhelper.CustomBrowser.closeBrowser is PASSED

2021-07-18 21:40:40 - [MESSAGE][PASSED] - Browser is closed

2021-07-18 21:40:40 - [MESSAGE][PASSED] - com.helper.browserhelper.CustomBrowser.closeBrowser is PASSED]]></system-out>
         <system-err><![CDATA[]]></system-err>
      </testcase>
      <testcase name="Test Cases/Create Project/Negative/CreateProjectWithoutFillingNameFieldTestCase" time="82.08" classname="Test Cases/Create Project/Negative/CreateProjectWithoutFillingNameFieldTestCase" status="PASSED">
         <system-out><![CDATA[2021-07-18 21:40:40 - [TEST_CASE][PASSED] - Test Cases/Create Project/Negative/CreateProjectWithoutFillingNameFieldTestCase: Test Cases/Create Project/Negative/CreateProjectWithoutFillingNameFieldTestCase

2021-07-18 21:40:40 - [TEST_STEP][PASSED] - com.helper.browserhelper.CustomBrowser.login(): com.helper.browserhelper.CustomBrowser.login is PASSED

2021-07-18 21:40:40 - [MESSAGE][INFO] - Starting 'Chrome' driver

2021-07-18 21:40:40 - [MESSAGE][INFO] - Action delay is set to 0 milliseconds

2021-07-18 21:40:54 - [MESSAGE][PASSED] - Browser is opened with url: 'https://dev-v2.serpwatch.io/login'

2021-07-18 21:40:54 - [MESSAGE][PASSED] - Wait for page load successfully

2021-07-18 21:40:54 - [MESSAGE][PASSED] - Current window maximized

2021-07-18 21:40:54 - [MESSAGE][PASSED] - Wait for page load successfully

2021-07-18 21:40:54 - [MESSAGE][PASSED] - Keys 'ayatullah.arul@gmail.com' sent to object: 'Object Repository/LoginPage_SerpWatch/input_sign in_email'

2021-07-18 21:40:55 - [MESSAGE][PASSED] - Keys 'aaa101' sent to object: 'Object Repository/LoginPage_SerpWatch/input_sign in_password'

2021-07-18 21:41:33 - [MESSAGE][PASSED] - Object: 'Object Repository/LoginPage_SerpWatch/button_login' is clicked on

2021-07-18 21:41:33 - [MESSAGE][PASSED] - Wait for page load successfully

2021-07-18 21:41:33 - [MESSAGE][PASSED] - com.helper.browserhelper.CustomBrowser.login is PASSED

2021-07-18 21:41:33 - [TEST_STEP][PASSED] - click(findTestObject("CreateNewProject/button_add_project")): Object: 'Object Repository/CreateNewProject/button_add_project' is clicked on

2021-07-18 21:41:34 - [MESSAGE][PASSED] - Object: 'Object Repository/CreateNewProject/button_add_project' is clicked on

2021-07-18 21:41:34 - [TEST_STEP][PASSED] - waitForElementVisible(findTestObject("CreateNewProject/popup_frame_choose_ project_type_domain_or_youtube"), Timeout): Object 'Object Repository/CreateNewProject/popup_frame_choose_ project_type_domain_or_youtube' is visible

2021-07-18 21:41:37 - [MESSAGE][PASSED] - Object 'Object Repository/CreateNewProject/popup_frame_choose_ project_type_domain_or_youtube' is visible

2021-07-18 21:41:37 - [TEST_STEP][PASSED] - click(findTestObject("CreateNewProject/button_domain")): Object: 'Object Repository/CreateNewProject/button_domain' is clicked on

2021-07-18 21:41:37 - [MESSAGE][PASSED] - Object: 'Object Repository/CreateNewProject/button_domain' is clicked on

2021-07-18 21:41:37 - [TEST_STEP][PASSED] - waitForElementPresent(findTestObject("CreateNewProject/popup_window_creating_project"), Timeout): Object 'Object Repository/CreateNewProject/popup_window_creating_project' is present

2021-07-18 21:41:48 - [MESSAGE][PASSED] - Object 'Object Repository/CreateNewProject/popup_window_creating_project' is present

2021-07-18 21:41:48 - [TEST_STEP][PASSED] - setText(findTestObject("CreateNewProject/FormPage_1/input_domain_name"), "detik.com"): Text 'detik.com' is set on object 'Object Repository/CreateNewProject/FormPage_1/input_domain_name'

2021-07-18 21:41:49 - [MESSAGE][PASSED] - Text 'detik.com' is set on object 'Object Repository/CreateNewProject/FormPage_1/input_domain_name'

2021-07-18 21:41:49 - [TEST_STEP][PASSED] - waitForElementVisible(findTestObject("CreateNewProject/FormPage_1/input_add_your_keyword"), Timeout): Object 'Object Repository/CreateNewProject/FormPage_1/input_add_your_keyword' is visible

2021-07-18 21:41:49 - [MESSAGE][PASSED] - Object 'Object Repository/CreateNewProject/FormPage_1/input_add_your_keyword' is visible

2021-07-18 21:41:49 - [TEST_STEP][PASSED] - setText(findTestObject("CreateNewProject/FormPage_1/input_add_your_keyword"), "politik"): Text 'politik' is set on object 'Object Repository/CreateNewProject/FormPage_1/input_add_your_keyword'

2021-07-18 21:41:50 - [MESSAGE][PASSED] - Text 'politik' is set on object 'Object Repository/CreateNewProject/FormPage_1/input_add_your_keyword'

2021-07-18 21:41:50 - [TEST_STEP][PASSED] - setText(findTestObject("CreateNewProject/FormPage_1/input_keyword_suggestions"), "partai"): Text 'partai' is set on object 'Object Repository/CreateNewProject/FormPage_1/input_keyword_suggestions'

2021-07-18 21:41:51 - [MESSAGE][PASSED] - Text 'partai' is set on object 'Object Repository/CreateNewProject/FormPage_1/input_keyword_suggestions'

2021-07-18 21:41:51 - [TEST_STEP][PASSED] - click(findTestObject("CreateNewProject/FormPage_1/button_next")): Object: 'Object Repository/CreateNewProject/FormPage_1/button_next' is clicked on

2021-07-18 21:41:51 - [MESSAGE][PASSED] - Object: 'Object Repository/CreateNewProject/FormPage_1/button_next' is clicked on

2021-07-18 21:41:51 - [TEST_STEP][PASSED] - delay(3): Delayed 3 second(s)

2021-07-18 21:41:54 - [MESSAGE][PASSED] - Delayed 3 second(s)

2021-07-18 21:41:54 - [TEST_STEP][PASSED] - com.helper.browserhelper.CustomBrowser.closeBrowser(): com.helper.browserhelper.CustomBrowser.closeBrowser is PASSED

2021-07-18 21:42:02 - [MESSAGE][PASSED] - Browser is closed

2021-07-18 21:42:02 - [MESSAGE][PASSED] - com.helper.browserhelper.CustomBrowser.closeBrowser is PASSED]]></system-out>
         <system-err><![CDATA[]]></system-err>
      </testcase>
      <testcase name="Test Cases/Create Project/Negative/UploadCsvWithoutSelectingAnyKeywordsTestCase" time="78.861" classname="Test Cases/Create Project/Negative/UploadCsvWithoutSelectingAnyKeywordsTestCase" status="PASSED">
         <system-out><![CDATA[2021-07-18 21:42:02 - [TEST_CASE][PASSED] - Test Cases/Create Project/Negative/UploadCsvWithoutSelectingAnyKeywordsTestCase: Test Cases/Create Project/Negative/UploadCsvWithoutSelectingAnyKeywordsTestCase

2021-07-18 21:42:02 - [TEST_STEP][PASSED] - com.helper.browserhelper.CustomBrowser.login(): com.helper.browserhelper.CustomBrowser.login is PASSED

2021-07-18 21:42:02 - [MESSAGE][INFO] - Starting 'Chrome' driver

2021-07-18 21:42:02 - [MESSAGE][INFO] - Action delay is set to 0 milliseconds

2021-07-18 21:42:14 - [MESSAGE][PASSED] - Browser is opened with url: 'https://dev-v2.serpwatch.io/login'

2021-07-18 21:42:14 - [MESSAGE][PASSED] - Wait for page load successfully

2021-07-18 21:42:14 - [MESSAGE][PASSED] - Current window maximized

2021-07-18 21:42:14 - [MESSAGE][PASSED] - Wait for page load successfully

2021-07-18 21:42:15 - [MESSAGE][PASSED] - Keys 'ayatullah.arul@gmail.com' sent to object: 'Object Repository/LoginPage_SerpWatch/input_sign in_email'

2021-07-18 21:42:15 - [MESSAGE][PASSED] - Keys 'aaa101' sent to object: 'Object Repository/LoginPage_SerpWatch/input_sign in_password'

2021-07-18 21:42:53 - [MESSAGE][PASSED] - Object: 'Object Repository/LoginPage_SerpWatch/button_login' is clicked on

2021-07-18 21:42:53 - [MESSAGE][PASSED] - Wait for page load successfully

2021-07-18 21:42:53 - [MESSAGE][PASSED] - com.helper.browserhelper.CustomBrowser.login is PASSED

2021-07-18 21:42:53 - [TEST_STEP][PASSED] - click(findTestObject("CreateNewProject/button_add_project")): Object: 'Object Repository/CreateNewProject/button_add_project' is clicked on

2021-07-18 21:42:55 - [MESSAGE][PASSED] - Object: 'Object Repository/CreateNewProject/button_add_project' is clicked on

2021-07-18 21:42:55 - [TEST_STEP][PASSED] - waitForElementVisible(findTestObject("CreateNewProject/popup_frame_choose_ project_type_domain_or_youtube"), Timeout): Object 'Object Repository/CreateNewProject/popup_frame_choose_ project_type_domain_or_youtube' is visible

2021-07-18 21:42:57 - [MESSAGE][PASSED] - Object 'Object Repository/CreateNewProject/popup_frame_choose_ project_type_domain_or_youtube' is visible

2021-07-18 21:42:57 - [TEST_STEP][PASSED] - click(findTestObject("CreateNewProject/button_domain")): Object: 'Object Repository/CreateNewProject/button_domain' is clicked on

2021-07-18 21:42:57 - [MESSAGE][PASSED] - Object: 'Object Repository/CreateNewProject/button_domain' is clicked on

2021-07-18 21:42:57 - [TEST_STEP][PASSED] - waitForElementPresent(findTestObject("CreateNewProject/popup_window_creating_project"), Timeout): Object 'Object Repository/CreateNewProject/popup_window_creating_project' is present

2021-07-18 21:43:13 - [MESSAGE][PASSED] - Object 'Object Repository/CreateNewProject/popup_window_creating_project' is present

2021-07-18 21:43:13 - [TEST_STEP][PASSED] - setText(findTestObject("CreateNewProject/FormPage_1/input_domain_name"), "detik.com"): Text 'detik.com' is set on object 'Object Repository/CreateNewProject/FormPage_1/input_domain_name'

2021-07-18 21:43:14 - [MESSAGE][PASSED] - Text 'detik.com' is set on object 'Object Repository/CreateNewProject/FormPage_1/input_domain_name'

2021-07-18 21:43:14 - [TEST_STEP][PASSED] - waitForElementVisible(findTestObject("CreateNewProject/FormPage_1/input_add_your_keyword"), Timeout): Object 'Object Repository/CreateNewProject/FormPage_1/input_add_your_keyword' is visible

2021-07-18 21:43:14 - [MESSAGE][PASSED] - Object 'Object Repository/CreateNewProject/FormPage_1/input_add_your_keyword' is visible

2021-07-18 21:43:14 - [TEST_STEP][PASSED] - setText(findTestObject("CreateNewProject/FormPage_1/input_add_your_keyword"), "politik"): Text 'politik' is set on object 'Object Repository/CreateNewProject/FormPage_1/input_add_your_keyword'

2021-07-18 21:43:15 - [MESSAGE][PASSED] - Text 'politik' is set on object 'Object Repository/CreateNewProject/FormPage_1/input_add_your_keyword'

2021-07-18 21:43:15 - [TEST_STEP][PASSED] - setText(findTestObject("CreateNewProject/FormPage_1/input_keyword_suggestions"), "partai"): Text 'partai' is set on object 'Object Repository/CreateNewProject/FormPage_1/input_keyword_suggestions'

2021-07-18 21:43:16 - [MESSAGE][PASSED] - Text 'partai' is set on object 'Object Repository/CreateNewProject/FormPage_1/input_keyword_suggestions'

2021-07-18 21:43:16 - [TEST_STEP][PASSED] - click(findTestObject("CreateNewProject/FormPage_1/button_next")): Object: 'Object Repository/CreateNewProject/FormPage_1/button_next' is clicked on

2021-07-18 21:43:16 - [MESSAGE][PASSED] - Object: 'Object Repository/CreateNewProject/FormPage_1/button_next' is clicked on

2021-07-18 21:43:16 - [TEST_STEP][PASSED] - delay(3): Delayed 3 second(s)

2021-07-18 21:43:19 - [MESSAGE][PASSED] - Delayed 3 second(s)

2021-07-18 21:43:19 - [TEST_STEP][PASSED] - com.helper.browserhelper.CustomBrowser.closeBrowser(): com.helper.browserhelper.CustomBrowser.closeBrowser is PASSED

2021-07-18 21:43:21 - [MESSAGE][PASSED] - Browser is closed

2021-07-18 21:43:21 - [MESSAGE][PASSED] - com.helper.browserhelper.CustomBrowser.closeBrowser is PASSED]]></system-out>
         <system-err><![CDATA[]]></system-err>
      </testcase>
      <system-out><![CDATA[2021-07-18 21:15:57 - [TEST_SUITE][PASSED] - RunAllTestCasesTestSuite: Test Cases/Create Project/Negative/UploadCsvWithoutSelectingAnyKeywordsTestCase]]></system-out>
      <system-err><![CDATA[]]></system-err>
   </testsuite>
</testsuites>
